Starting simulations Wed Jul 16 09:35:33 AM PDT 2025
Starting run for scenario: S0 at Wed Jul 16 09:35:33 AM PDT 2025
Scenario S0 runtime: 0h 18m 56s
Scenario S0 completed successfully at Wed Jul 16 09:54:29 AM PDT 2025
All scenario runs completed at Wed Jul 16 09:54:29 AM PDT 2025
Starting run for scenario: SSP1_2030 at Wed Jul 16 09:54:29 AM PDT 2025
Scenario SSP1_2030 runtime: 0h 19m 12s
Scenario SSP1_2030 completed successfully at Wed Jul 16 10:13:41 AM PDT 2025
All scenario runs completed at Wed Jul 16 10:13:41 AM PDT 2025
Starting run for scenario: SSP1_2050 at Wed Jul 16 10:13:41 AM PDT 2025
Scenario SSP1_2050 runtime: 0h 24m 28s
Scenario SSP1_2050 completed successfully at Wed Jul 16 10:38:09 AM PDT 2025
All scenario runs completed at Wed Jul 16 10:38:09 AM PDT 2025
Starting run for scenario: SSP1_2070 at Wed Jul 16 10:38:09 AM PDT 2025
Scenario SSP1_2070 runtime: 0h 18m 41s
Scenario SSP1_2070 completed successfully at Wed Jul 16 10:56:50 AM PDT 2025
All scenario runs completed at Wed Jul 16 10:56:50 AM PDT 2025
Starting run for scenario: SSP1_2100 at Wed Jul 16 10:56:50 AM PDT 2025
Scenario SSP1_2100 runtime: 0h 18m 36s
Scenario SSP1_2100 completed successfully at Wed Jul 16 11:15:26 AM PDT 2025
All scenario runs completed at Wed Jul 16 11:15:26 AM PDT 2025
Starting run for scenario: SSP2_2030 at Wed Jul 16 11:15:26 AM PDT 2025
Scenario SSP2_2030 runtime: 0h 29m 10s
Scenario SSP2_2030 completed successfully at Wed Jul 16 11:44:36 AM PDT 2025
All scenario runs completed at Wed Jul 16 11:44:36 AM PDT 2025
Starting run for scenario: SSP2_2050 at Wed Jul 16 11:44:36 AM PDT 2025
Scenario SSP2_2050 runtime: 0h 29m 6s
Scenario SSP2_2050 completed successfully at Wed Jul 16 12:13:42 PM PDT 2025
All scenario runs completed at Wed Jul 16 12:13:42 PM PDT 2025
Starting run for scenario: SSP2_2070 at Wed Jul 16 12:13:42 PM PDT 2025
Scenario SSP2_2070 runtime: 0h 18m 5s
Scenario SSP2_2070 completed successfully at Wed Jul 16 12:31:47 PM PDT 2025
All scenario runs completed at Wed Jul 16 12:31:47 PM PDT 2025
Starting run for scenario: SSP2_2100 at Wed Jul 16 12:31:47 PM PDT 2025
Scenario SSP2_2100 runtime: 0h 18m 31s
Scenario SSP2_2100 completed successfully at Wed Jul 16 12:50:18 PM PDT 2025
All scenario runs completed at Wed Jul 16 12:50:18 PM PDT 2025
Starting run for scenario: SSP3_2030 at Wed Jul 16 12:50:18 PM PDT 2025
Scenario SSP3_2030 runtime: 0h 18m 24s
Scenario SSP3_2030 completed successfully at Wed Jul 16 01:08:42 PM PDT 2025
All scenario runs completed at Wed Jul 16 01:08:42 PM PDT 2025
Starting run for scenario: SSP3_2050 at Wed Jul 16 01:08:42 PM PDT 2025
Scenario SSP3_2050 runtime: 0h 18m 22s
Scenario SSP3_2050 completed successfully at Wed Jul 16 01:27:04 PM PDT 2025
All scenario runs completed at Wed Jul 16 01:27:04 PM PDT 2025
Starting run for scenario: SSP3_2070 at Wed Jul 16 01:27:04 PM PDT 2025
Scenario SSP3_2070 runtime: 0h 18m 17s
Scenario SSP3_2070 completed successfully at Wed Jul 16 01:45:21 PM PDT 2025
All scenario runs completed at Wed Jul 16 01:45:21 PM PDT 2025
Starting run for scenario: SSP3_2100 at Wed Jul 16 01:45:21 PM PDT 2025
Scenario SSP3_2100 runtime: 0h 18m 6s
Scenario SSP3_2100 completed successfully at Wed Jul 16 02:03:27 PM PDT 2025
All scenario runs completed at Wed Jul 16 02:03:27 PM PDT 2025
Starting run for scenario: SSP5_2030 at Wed Jul 16 02:03:27 PM PDT 2025
Scenario SSP5_2030 runtime: 0h 18m 10s
Scenario SSP5_2030 completed successfully at Wed Jul 16 02:21:37 PM PDT 2025
All scenario runs completed at Wed Jul 16 02:21:37 PM PDT 2025
Starting run for scenario: SSP5_2050 at Wed Jul 16 02:21:37 PM PDT 2025
Scenario SSP5_2050 runtime: 0h 18m 20s
Scenario SSP5_2050 completed successfully at Wed Jul 16 02:39:57 PM PDT 2025
All scenario runs completed at Wed Jul 16 02:39:57 PM PDT 2025
Starting run for scenario: SSP5_2070 at Wed Jul 16 02:39:57 PM PDT 2025
Scenario SSP5_2070 runtime: 0h 18m 0s
Scenario SSP5_2070 completed successfully at Wed Jul 16 02:57:57 PM PDT 2025
All scenario runs completed at Wed Jul 16 02:57:57 PM PDT 2025
Starting run for scenario: SSP5_2100 at Wed Jul 16 02:57:57 PM PDT 2025
Scenario SSP5_2100 runtime: 0h 18m 18s
Scenario SSP5_2100 completed successfully at Wed Jul 16 03:16:15 PM PDT 2025
All scenario runs completed at Wed Jul 16 03:16:15 PM PDT 2025
