Starting run for scenario: SSP1_2050 at Mon May 12 11:41:26 PM PDT 2025
Scenario SSP1_2050 runtime: 0h 0m 0s
Scenario SSP1_2050 completed successfully at Mon May 12 11:41:26 PM PDT 2025
All scenario runs completed at Mon May 12 11:41:26 PM PDT 2025
Starting run for scenario: SSP1_2050 at Tue May 13 11:22:19 PM PDT 2025
Scenario SSP1_2050 runtime: 0h 0m 0s
Scenario SSP1_2050 completed successfully at Tue May 13 11:22:19 PM PDT 2025
All scenario runs completed at Tue May 13 11:22:19 PM PDT 2025
Starting run for scenario: SSP4_2030 at Wed May 14 01:26:53 PM PDT 2025
Scenario SSP4_2030 runtime: 0h 0m 0s
Scenario SSP4_2030 completed successfully at Wed May 14 01:26:53 PM PDT 2025
All scenario runs completed at Wed May 14 01:26:53 PM PDT 2025
Starting run for scenario: S0 at Thu May 29 06:41:54 PM PDT 2025
Scenario S0 runtime: 0h 0m 0s
Scenario S0 completed successfully at Thu May 29 06:41:54 PM PDT 2025
All scenario runs completed at Thu May 29 06:41:54 PM PDT 2025
Starting run for scenario: S0 at Thu May 29 06:43:42 PM PDT 2025
Scenario S0 runtime: 0h 0m 0s
Scenario S0 completed successfully at Thu May 29 06:43:42 PM PDT 2025
All scenario runs completed at Thu May 29 06:43:42 PM PDT 2025
Starting run for retreats: r2 at Thu May 29 09:23:33 PM PDT 2025..............
Starting run for retreats: r3 at Thu May 29 11:40:00 PM PDT 2025..............
