Starting run for scenario: S0 at Thu May 29 06:48:40 PM PDT 2025
Scenario S0 runtime: 0h 0m 0s
Scenario S0 completed successfully at Thu May 29 06:48:40 PM PDT 2025
All scenario runs completed at Thu May 29 06:48:40 PM PDT 2025
Starting run for scenario: SSP2_2030 at Thu May 29 06:48:40 PM PDT 2025
Scenario SSP2_2030 runtime: 0h 34m 32s
Scenario SSP2_2030 completed successfully at Thu May 29 07:23:12 PM PDT 2025
All scenario runs completed at Thu May 29 07:23:12 PM PDT 2025
Starting run for scenario: SSP2_2100 at Thu May 29 07:23:12 PM PDT 2025
Scenario SSP2_2100 runtime: 0h 37m 6s
Scenario SSP2_2100 completed successfully at Thu May 29 08:00:18 PM PDT 2025
All scenario runs completed at Thu May 29 08:00:18 PM PDT 2025
Starting run for scenario: SSP5_2030 at Thu May 29 08:00:18 PM PDT 2025
Scenario SSP5_2030 runtime: 0h 48m 19s
Scenario SSP5_2030 completed successfully at Thu May 29 08:48:37 PM PDT 2025
All scenario runs completed at Thu May 29 08:48:37 PM PDT 2025
Starting run for scenario: SSP5_2100 at Thu May 29 08:48:37 PM PDT 2025
Scenario SSP5_2100 runtime: 0h 34m 56s
Scenario SSP5_2100 completed successfully at Thu May 29 09:23:33 PM PDT 2025
All scenario runs completed at Thu May 29 09:23:33 PM PDT 2025
