Starting run for scenario: S0 at Sun Jul 27 12:08:51 PM PDT 2025
Scenario S0 runtime: 0h 5m 58s
Scenario S0 completed successfully at Sun Jul 27 12:14:49 PM PDT 2025
All scenario runs completed at Sun Jul 27 12:14:49 PM PDT 2025
Starting run for scenario: SSP1_2030 at Sun Jul 27 12:14:49 PM PDT 2025
Scenario SSP1_2030 runtime: 0h 5m 43s
Scenario SSP1_2030 completed successfully at Sun Jul 27 12:20:32 PM PDT 2025
All scenario runs completed at Sun Jul 27 12:20:32 PM PDT 2025
Starting run for scenario: SSP1_2050 at Sun Jul 27 12:20:32 PM PDT 2025
Scenario SSP1_2050 runtime: 0h 5m 40s
Scenario SSP1_2050 completed successfully at Sun Jul 27 12:26:12 PM PDT 2025
All scenario runs completed at Sun Jul 27 12:26:12 PM PDT 2025
Starting run for scenario: SSP1_2070 at Sun Jul 27 12:26:12 PM PDT 2025
Scenario SSP1_2070 runtime: 0h 6m 1s
Scenario SSP1_2070 completed successfully at Sun Jul 27 12:32:13 PM PDT 2025
All scenario runs completed at Sun Jul 27 12:32:13 PM PDT 2025
Starting run for scenario: SSP1_2100 at Sun Jul 27 12:32:13 PM PDT 2025
Scenario SSP1_2100 runtime: 0h 5m 41s
Scenario SSP1_2100 completed successfully at Sun Jul 27 12:37:54 PM PDT 2025
All scenario runs completed at Sun Jul 27 12:37:54 PM PDT 2025
Starting run for scenario: SSP2_2030 at Sun Jul 27 12:37:54 PM PDT 2025
Scenario SSP2_2030 runtime: 0h 0m 4s
Scenario SSP2_2030 completed successfully at Sun Jul 27 12:37:58 PM PDT 2025
All scenario runs completed at Sun Jul 27 12:37:58 PM PDT 2025
Starting run for scenario: SSP2_2050 at Sun Jul 27 12:37:58 PM PDT 2025
Starting run for scenario: SSP2_2030 at Sun Jul 27 12:38:41 PM PDT 2025
Starting run for scenario: SSP3_2070 at Sun Jul 27 12:39:18 PM PDT 2025
Scenario SSP2_2030 runtime: 0h 9m 55s
Scenario SSP2_2030 completed successfully at Sun Jul 27 12:48:36 PM PDT 2025
All scenario runs completed at Sun Jul 27 12:48:36 PM PDT 2025
Starting run for scenario: SSP2_2050 at Sun Jul 27 12:48:36 PM PDT 2025
Scenario SSP3_2070 runtime: 0h 10m 36s
Scenario SSP3_2070 completed successfully at Sun Jul 27 12:49:54 PM PDT 2025
All scenario runs completed at Sun Jul 27 12:49:54 PM PDT 2025
Starting run for scenario: SSP3_2100 at Sun Jul 27 12:49:54 PM PDT 2025
Scenario SSP2_2050 runtime: 0h 11m 21s
Scenario SSP2_2050 completed successfully at Sun Jul 27 12:59:57 PM PDT 2025
All scenario runs completed at Sun Jul 27 12:59:57 PM PDT 2025
Starting run for scenario: SSP2_2070 at Sun Jul 27 12:59:57 PM PDT 2025
Scenario SSP3_2100 runtime: 0h 10m 58s
Scenario SSP3_2100 completed successfully at Sun Jul 27 01:00:52 PM PDT 2025
All scenario runs completed at Sun Jul 27 01:00:52 PM PDT 2025
Starting run for scenario: SSP5_2030 at Sun Jul 27 01:00:52 PM PDT 2025
Scenario SSP2_2070 runtime: 0h 12m 16s
Scenario SSP2_2070 completed successfully at Sun Jul 27 01:12:13 PM PDT 2025
All scenario runs completed at Sun Jul 27 01:12:13 PM PDT 2025
Starting run for scenario: SSP2_2100 at Sun Jul 27 01:12:13 PM PDT 2025
Scenario SSP5_2030 runtime: 0h 12m 23s
Scenario SSP5_2030 completed successfully at Sun Jul 27 01:13:15 PM PDT 2025
All scenario runs completed at Sun Jul 27 01:13:15 PM PDT 2025
Starting run for scenario: SSP5_2050 at Sun Jul 27 01:13:15 PM PDT 2025
Scenario SSP2_2100 runtime: 0h 11m 25s
Scenario SSP2_2100 completed successfully at Sun Jul 27 01:23:38 PM PDT 2025
All scenario runs completed at Sun Jul 27 01:23:38 PM PDT 2025
Starting run for scenario: SSP3_2030 at Sun Jul 27 01:23:38 PM PDT 2025
Scenario SSP5_2050 runtime: 0h 10m 50s
Scenario SSP5_2050 completed successfully at Sun Jul 27 01:24:05 PM PDT 2025
All scenario runs completed at Sun Jul 27 01:24:05 PM PDT 2025
Starting run for scenario: SSP5_2070 at Sun Jul 27 01:24:05 PM PDT 2025
Scenario SSP3_2030 runtime: 0h 12m 25s
Scenario SSP3_2030 completed successfully at Sun Jul 27 01:36:03 PM PDT 2025
All scenario runs completed at Sun Jul 27 01:36:03 PM PDT 2025
Starting run for scenario: SSP3_2050 at Sun Jul 27 01:36:03 PM PDT 2025
Scenario SSP5_2070 runtime: 0h 12m 21s
Scenario SSP5_2070 completed successfully at Sun Jul 27 01:36:26 PM PDT 2025
All scenario runs completed at Sun Jul 27 01:36:26 PM PDT 2025
Starting run for scenario: SSP5_2100 at Sun Jul 27 01:36:26 PM PDT 2025
Scenario SSP3_2050 runtime: 0h 14m 25s
Scenario SSP3_2050 completed successfully at Sun Jul 27 01:50:28 PM PDT 2025
All scenario runs completed at Sun Jul 27 01:50:28 PM PDT 2025
Scenario SSP5_2100 runtime: 0h 14m 6s
Scenario SSP5_2100 completed successfully at Sun Jul 27 01:50:32 PM PDT 2025
All scenario runs completed at Sun Jul 27 01:50:32 PM PDT 2025
Starting run for scenario: SSP1_2030 at Sun Jul 27 03:15:03 PM PDT 2025
Starting run for scenario: SSP3_2030 at Sun Jul 27 03:15:37 PM PDT 2025
Scenario SSP1_2030 runtime: 0h 21m 6s
Scenario SSP1_2030 completed successfully at Sun Jul 27 03:36:09 PM PDT 2025
All scenario runs completed at Sun Jul 27 03:36:09 PM PDT 2025
Starting run for scenario: SSP1_2050 at Sun Jul 27 03:36:09 PM PDT 2025
Scenario SSP3_2030 runtime: 0h 21m 15s
Scenario SSP3_2030 completed successfully at Sun Jul 27 03:36:52 PM PDT 2025
All scenario runs completed at Sun Jul 27 03:36:52 PM PDT 2025
Starting run for scenario: SSP3_2050 at Sun Jul 27 03:36:52 PM PDT 2025
Scenario SSP1_2050 runtime: 0h 18m 13s
Scenario SSP1_2050 completed successfully at Sun Jul 27 03:54:22 PM PDT 2025
All scenario runs completed at Sun Jul 27 03:54:22 PM PDT 2025
Starting run for scenario: SSP1_2070 at Sun Jul 27 03:54:22 PM PDT 2025
Scenario SSP3_2050 runtime: 0h 18m 16s
Scenario SSP3_2050 completed successfully at Sun Jul 27 03:55:08 PM PDT 2025
All scenario runs completed at Sun Jul 27 03:55:08 PM PDT 2025
Starting run for scenario: SSP3_2070 at Sun Jul 27 03:55:08 PM PDT 2025
Scenario SSP1_2070 runtime: 0h 18m 11s
Scenario SSP1_2070 completed successfully at Sun Jul 27 04:12:33 PM PDT 2025
All scenario runs completed at Sun Jul 27 04:12:33 PM PDT 2025
Starting run for scenario: SSP1_2100 at Sun Jul 27 04:12:33 PM PDT 2025
Scenario SSP3_2070 runtime: 0h 18m 15s
Scenario SSP3_2070 completed successfully at Sun Jul 27 04:13:23 PM PDT 2025
All scenario runs completed at Sun Jul 27 04:13:23 PM PDT 2025
Starting run for scenario: SSP3_2100 at Sun Jul 27 04:13:23 PM PDT 2025
Scenario SSP1_2100 runtime: 0h 18m 7s
Scenario SSP1_2100 completed successfully at Sun Jul 27 04:30:40 PM PDT 2025
All scenario runs completed at Sun Jul 27 04:30:40 PM PDT 2025
Starting run for scenario: SSP2_2030 at Sun Jul 27 04:30:40 PM PDT 2025
Scenario SSP3_2100 runtime: 0h 18m 12s
Scenario SSP3_2100 completed successfully at Sun Jul 27 04:31:35 PM PDT 2025
All scenario runs completed at Sun Jul 27 04:31:35 PM PDT 2025
Starting run for scenario: SSP5_2030 at Sun Jul 27 04:31:35 PM PDT 2025
Scenario SSP2_2030 runtime: 0h 18m 5s
Scenario SSP2_2030 completed successfully at Sun Jul 27 04:48:45 PM PDT 2025
All scenario runs completed at Sun Jul 27 04:48:45 PM PDT 2025
Starting run for scenario: SSP2_2050 at Sun Jul 27 04:48:45 PM PDT 2025
Scenario SSP5_2030 runtime: 0h 18m 2s
Scenario SSP5_2030 completed successfully at Sun Jul 27 04:49:37 PM PDT 2025
All scenario runs completed at Sun Jul 27 04:49:37 PM PDT 2025
Starting run for scenario: SSP5_2050 at Sun Jul 27 04:49:37 PM PDT 2025
Scenario SSP2_2050 runtime: 0h 18m 5s
Scenario SSP2_2050 completed successfully at Sun Jul 27 05:06:50 PM PDT 2025
All scenario runs completed at Sun Jul 27 05:06:50 PM PDT 2025
Starting run for scenario: SSP2_2070 at Sun Jul 27 05:06:50 PM PDT 2025
Scenario SSP5_2050 runtime: 0h 18m 1s
Scenario SSP5_2050 completed successfully at Sun Jul 27 05:07:38 PM PDT 2025
All scenario runs completed at Sun Jul 27 05:07:38 PM PDT 2025
Starting run for scenario: SSP5_2070 at Sun Jul 27 05:07:38 PM PDT 2025
Scenario SSP2_2070 runtime: 0h 18m 14s
Scenario SSP2_2070 completed successfully at Sun Jul 27 05:25:04 PM PDT 2025
All scenario runs completed at Sun Jul 27 05:25:04 PM PDT 2025
Starting run for scenario: SSP2_2100 at Sun Jul 27 05:25:04 PM PDT 2025
Scenario SSP5_2070 runtime: 0h 18m 3s
Scenario SSP5_2070 completed successfully at Sun Jul 27 05:25:41 PM PDT 2025
All scenario runs completed at Sun Jul 27 05:25:41 PM PDT 2025
Starting run for scenario: SSP5_2100 at Sun Jul 27 05:25:41 PM PDT 2025
Scenario SSP2_2100 runtime: 0h 19m 56s
Scenario SSP2_2100 completed successfully at Sun Jul 27 05:45:00 PM PDT 2025
All scenario runs completed at Sun Jul 27 05:45:00 PM PDT 2025
Scenario SSP5_2100 runtime: 0h 19m 46s
Scenario SSP5_2100 completed successfully at Sun Jul 27 05:45:27 PM PDT 2025
All scenario runs completed at Sun Jul 27 05:45:27 PM PDT 2025
