Starting simulations Sat Jun 21 10:06:39 AM PDT 2025
Starting run for scenario: S0 at Sat Jun 21 10:06:39 AM PDT 2025
Scenario S0 runtime: 0h 11m 3s
Scenario S0 completed successfully at Sat Jun 21 10:17:42 AM PDT 2025
All scenario runs completed at Sat Jun 21 10:17:42 AM PDT 2025
Starting run for scenario: SSP1_2030 at Sat Jun 21 10:17:42 AM PDT 2025
Scenario SSP1_2030 runtime: 0h 11m 7s
Scenario SSP1_2030 completed successfully at Sat Jun 21 10:28:49 AM PDT 2025
All scenario runs completed at Sat Jun 21 10:28:49 AM PDT 2025
Starting run for scenario: SSP1_2100 at Sat Jun 21 10:28:49 AM PDT 2025
Scenario SSP1_2100 runtime: 0h 10m 43s
Scenario SSP1_2100 completed successfully at Sat Jun 21 10:39:32 AM PDT 2025
All scenario runs completed at Sat Jun 21 10:39:32 AM PDT 2025
Starting run for scenario: SSP5_2030 at Sat Jun 21 10:39:32 AM PDT 2025
Scenario SSP5_2030 runtime: 0h 10m 45s
Scenario SSP5_2030 completed successfully at Sat Jun 21 10:50:17 AM PDT 2025
All scenario runs completed at Sat Jun 21 10:50:17 AM PDT 2025
Starting run for scenario: SSP5_2100 at Sat Jun 21 10:50:17 AM PDT 2025
Scenario SSP5_2100 runtime: 0h 11m 9s
Scenario SSP5_2100 completed successfully at Sat Jun 21 11:01:26 AM PDT 2025
All scenario runs completed at Sat Jun 21 11:01:26 AM PDT 2025
