Starting simulations Wed Jul 16 09:37:41 AM PDT 2025
Starting run for scenario: S0 at Wed Jul 16 09:37:41 AM PDT 2025
Scenario S0 runtime: 0h 23m 1s
Scenario S0 completed successfully at Wed Jul 16 10:00:42 AM PDT 2025
All scenario runs completed at Wed Jul 16 10:00:42 AM PDT 2025
Starting run for scenario: SSP1_2030 at Wed Jul 16 10:00:42 AM PDT 2025
Scenario SSP1_2030 runtime: 0h 23m 7s
Scenario SSP1_2030 completed successfully at Wed Jul 16 10:23:49 AM PDT 2025
All scenario runs completed at Wed Jul 16 10:23:49 AM PDT 2025
Starting run for scenario: SSP1_2050 at Wed Jul 16 10:23:49 AM PDT 2025
Scenario SSP1_2050 runtime: 0h 20m 22s
Scenario SSP1_2050 completed successfully at Wed Jul 16 10:44:11 AM PDT 2025
All scenario runs completed at Wed Jul 16 10:44:11 AM PDT 2025
Starting run for scenario: SSP1_2070 at Wed Jul 16 10:44:11 AM PDT 2025
Scenario SSP1_2070 runtime: 0h 18m 50s
Scenario SSP1_2070 completed successfully at Wed Jul 16 11:03:01 AM PDT 2025
All scenario runs completed at Wed Jul 16 11:03:01 AM PDT 2025
Starting run for scenario: SSP1_2100 at Wed Jul 16 11:03:01 AM PDT 2025
Scenario SSP1_2100 runtime: 0h 18m 47s
Scenario SSP1_2100 completed successfully at Wed Jul 16 11:21:48 AM PDT 2025
All scenario runs completed at Wed Jul 16 11:21:48 AM PDT 2025
Starting run for scenario: SSP2_2030 at Wed Jul 16 11:21:48 AM PDT 2025
Scenario SSP2_2030 runtime: 0h 19m 16s
Scenario SSP2_2030 completed successfully at Wed Jul 16 11:41:04 AM PDT 2025
All scenario runs completed at Wed Jul 16 11:41:04 AM PDT 2025
Starting run for scenario: SSP2_2050 at Wed Jul 16 11:41:04 AM PDT 2025
Scenario SSP2_2050 runtime: 0h 18m 50s
Scenario SSP2_2050 completed successfully at Wed Jul 16 11:59:54 AM PDT 2025
All scenario runs completed at Wed Jul 16 11:59:54 AM PDT 2025
Starting run for scenario: SSP2_2070 at Wed Jul 16 11:59:54 AM PDT 2025
Scenario SSP2_2070 runtime: 0h 18m 39s
Scenario SSP2_2070 completed successfully at Wed Jul 16 12:18:33 PM PDT 2025
All scenario runs completed at Wed Jul 16 12:18:33 PM PDT 2025
Starting run for scenario: SSP2_2100 at Wed Jul 16 12:18:33 PM PDT 2025
Scenario SSP2_2100 runtime: 0h 18m 16s
Scenario SSP2_2100 completed successfully at Wed Jul 16 12:36:49 PM PDT 2025
All scenario runs completed at Wed Jul 16 12:36:49 PM PDT 2025
Starting run for scenario: SSP3_2030 at Wed Jul 16 12:36:49 PM PDT 2025
Scenario SSP3_2030 runtime: 0h 29m 6s
Scenario SSP3_2030 completed successfully at Wed Jul 16 01:05:55 PM PDT 2025
All scenario runs completed at Wed Jul 16 01:05:55 PM PDT 2025
Starting run for scenario: SSP3_2050 at Wed Jul 16 01:05:55 PM PDT 2025
Scenario SSP3_2050 runtime: 0h 28m 48s
Scenario SSP3_2050 completed successfully at Wed Jul 16 01:34:43 PM PDT 2025
All scenario runs completed at Wed Jul 16 01:34:43 PM PDT 2025
Starting run for scenario: SSP3_2070 at Wed Jul 16 01:34:43 PM PDT 2025
Scenario SSP3_2070 runtime: 0h 18m 17s
Scenario SSP3_2070 completed successfully at Wed Jul 16 01:53:00 PM PDT 2025
All scenario runs completed at Wed Jul 16 01:53:00 PM PDT 2025
Starting run for scenario: SSP3_2100 at Wed Jul 16 01:53:00 PM PDT 2025
Scenario SSP3_2100 runtime: 0h 18m 9s
Scenario SSP3_2100 completed successfully at Wed Jul 16 02:11:09 PM PDT 2025
All scenario runs completed at Wed Jul 16 02:11:09 PM PDT 2025
Starting run for scenario: SSP5_2030 at Wed Jul 16 02:11:09 PM PDT 2025
Scenario SSP5_2030 runtime: 0h 18m 20s
Scenario SSP5_2030 completed successfully at Wed Jul 16 02:29:29 PM PDT 2025
All scenario runs completed at Wed Jul 16 02:29:29 PM PDT 2025
Starting run for scenario: SSP5_2050 at Wed Jul 16 02:29:29 PM PDT 2025
Scenario SSP5_2050 runtime: 0h 18m 14s
Scenario SSP5_2050 completed successfully at Wed Jul 16 02:47:43 PM PDT 2025
All scenario runs completed at Wed Jul 16 02:47:43 PM PDT 2025
Starting run for scenario: SSP5_2070 at Wed Jul 16 02:47:43 PM PDT 2025
Scenario SSP5_2070 runtime: 0h 18m 3s
Scenario SSP5_2070 completed successfully at Wed Jul 16 03:05:46 PM PDT 2025
All scenario runs completed at Wed Jul 16 03:05:46 PM PDT 2025
Starting run for scenario: SSP5_2100 at Wed Jul 16 03:05:46 PM PDT 2025
Scenario SSP5_2100 runtime: 0h 14m 33s
Scenario SSP5_2100 completed successfully at Wed Jul 16 03:20:19 PM PDT 2025
All scenario runs completed at Wed Jul 16 03:20:19 PM PDT 2025
