 INFO: Searching for ADCIRC subdomain directories:
 INFO: Looking for './PE0000/fort.14' ...
 INFO: File './PE0000/fort.14' was found!
 INFO: The search for the subdomain directory was completed successfully.
 INFO: The ROOTDIR is  '.'.
 INFO: The INPUTDIR is './PE0000'.
 INFO: The GBLINPUTDIR is '.'.
 INFO: The GLOBALDIR is '.'.
 INFO: The LOCALDIR is './PE0000'.

 _______________________________________________________________________________


                   PROGRAM ADCIRC   VERSION v56.0.1-35-gd2a7c47

     AN ADVANCED CIRCULATION MODEL FOR SHELVES, COASTAL SEAS AND ESTUARIES


       -  DEVELOPED BY

          R.A. LUETTICH, JR
            UNIVERSITY OF NORTH CAROLINA AT CHAPEL HILL
            INSTITUTE OF MARINE SCIENCES

          J.J. WESTERINK 
            DEPARTMENT OF CIVIL ENGINEERING AND GEOLOGICAL SCIENCES
            UNIVERSITY OF NOTRE DAME


       -  THE ADCIRC SOURCE CODE IS COPYRIGHTED BY

          R.A. LUETTICH, JR. AND J.J. WESTERINK, 1994-2006

       NO PART OF THIS CODE MAY BE REPRODUCED OR REDISTRIBUTED
          WITHOUT THE WRITTEN PERMISSION OF THE AUTHORS



 _______________________________________________________________________________
INFO: initializeMesh: THE NEIGHBOR TABLE IS BEING COMPUTED.
INFO: initializeMesh: THE NEIGHBOR TABLE IS COMPLETED. THE MINIMUM NUMBER OF NEIGHBORS FOR ANY NODE = 4. 1+THE MAXIMUM NUMBER OF NEIGHBORS FOR ANY NODE = 9. THE PARAMETER MNEI CAN BE SET AS SMALL AS 9.
--------------------------------------------------------------------------
MPI_ABORT was invoked on rank 7 in communicator MPI COMMUNICATOR 3 DUP FROM 0
with errorcode 7.

NOTE: invoking MPI_ABORT causes Open MPI to kill all MPI processes.
You may or may not see output from other processes, depending on
exactly when Open MPI kills them.
--------------------------------------------------------------------------




 !!!!!!!!!!  WARNING - FATAL INPUT ERROR  !!!!!!!!!

 YOUR SELECTION OF NTIF AND NTIP (UNIT 15 INPUT PARAMETERS) IS INCONSISTENT
 PLEASE CHECK THESE VALUES

 !!!!!! EXECUTION WILL NOW BE TERMINATED !!!!!!


INFO: ADCIRC_Terminate: ADCIRC Terminating.
[pop-os:80606] 7 more processes have sent help message help-mpi-api.txt / mpi-abort
[pop-os:80606] Set MCA parameter "orte_base_help_aggregate" to 0 to see all help / error messages
 INFO: Searching for ADCIRC subdomain directories:
 INFO: Looking for './PE0000/fort.14' ...
 INFO: File './PE0000/fort.14' was found!
 INFO: The search for the subdomain directory was completed successfully.
 INFO: The ROOTDIR is  '.'.
 INFO: The INPUTDIR is './PE0000'.
 INFO: The GBLINPUTDIR is '.'.
 INFO: The GLOBALDIR is '.'.
 INFO: The LOCALDIR is './PE0000'.

 _______________________________________________________________________________


                   PROGRAM ADCIRC   VERSION v56.0.1-35-gd2a7c47

     AN ADVANCED CIRCULATION MODEL FOR SHELVES, COASTAL SEAS AND ESTUARIES


       -  DEVELOPED BY

          R.A. LUETTICH, JR
            UNIVERSITY OF NORTH CAROLINA AT CHAPEL HILL
            INSTITUTE OF MARINE SCIENCES

          J.J. WESTERINK 
            DEPARTMENT OF CIVIL ENGINEERING AND GEOLOGICAL SCIENCES
            UNIVERSITY OF NOTRE DAME


       -  THE ADCIRC SOURCE CODE IS COPYRIGHTED BY

          R.A. LUETTICH, JR. AND J.J. WESTERINK, 1994-2006

       NO PART OF THIS CODE MAY BE REPRODUCED OR REDISTRIBUTED
          WITHOUT THE WRITTEN PERMISSION OF THE AUTHORS



 _______________________________________________________________________________
INFO: initializeMesh: THE NEIGHBOR TABLE IS BEING COMPUTED.
INFO: initializeMesh: THE NEIGHBOR TABLE IS COMPLETED. THE MINIMUM NUMBER OF NEIGHBORS FOR ANY NODE = 4. 1+THE MAXIMUM NUMBER OF NEIGHBORS FOR ANY NODE = 9. THE PARAMETER MNEI CAN BE SET AS SMALL AS 9.




 !!!!!!!!!!  WARNING - FATAL INPUT ERROR  !!!!!!!!!

 YOUR SELECTION OF NTIF AND NTIP (UNIT 15 INPUT PARAMETERS) IS INCONSISTENT
 PLEASE CHECK THESE VALUES

 !!!!!! EXECUTION WILL NOW BE TERMINATED !!!!!!


INFO: ADCIRC_Terminate: ADCIRC Terminating.
--------------------------------------------------------------------------
MPI_ABORT was invoked on rank 2 in communicator MPI COMMUNICATOR 3 DUP FROM 0
with errorcode 2.

NOTE: invoking MPI_ABORT causes Open MPI to kill all MPI processes.
You may or may not see output from other processes, depending on
exactly when Open MPI kills them.
--------------------------------------------------------------------------
[pop-os:80663] 7 more processes have sent help message help-mpi-api.txt / mpi-abort
[pop-os:80663] Set MCA parameter "orte_base_help_aggregate" to 0 to see all help / error messages
