Starting run for scenario: S0 at Fri Jul 25 11:30:05 PM PDT 2025
Scenario S0 runtime: 0h 0m 2s
Scenario S0 completed successfully at Fri Jul 25 11:30:07 PM PDT 2025
All scenario runs completed at Fri Jul 25 11:30:07 PM PDT 2025
Starting run for scenario: SSP1_2030 at Fri Jul 25 11:30:07 PM PDT 2025
Scenario SSP1_2030 runtime: 0h 0m 1s
Scenario SSP1_2030 completed successfully at Fri Jul 25 11:30:08 PM PDT 2025
All scenario runs completed at Fri Jul 25 11:30:08 PM PDT 2025
Starting run for scenario: SSP1_2050 at Fri Jul 25 11:30:08 PM PDT 2025
Scenario SSP1_2050 runtime: 0h 0m 2s
Scenario SSP1_2050 completed successfully at Fri Jul 25 11:30:10 PM PDT 2025
All scenario runs completed at Fri Jul 25 11:30:10 PM PDT 2025
Starting run for scenario: SSP1_2070 at Fri Jul 25 11:30:10 PM PDT 2025
Scenario SSP1_2070 runtime: 0h 0m 1s
Scenario SSP1_2070 completed successfully at Fri Jul 25 11:30:11 PM PDT 2025
All scenario runs completed at Fri Jul 25 11:30:11 PM PDT 2025
Starting run for scenario: SSP1_2100 at Fri Jul 25 11:30:11 PM PDT 2025
Scenario SSP1_2100 runtime: 0h 0m 1s
Scenario SSP1_2100 completed successfully at Fri Jul 25 11:30:12 PM PDT 2025
All scenario runs completed at Fri Jul 25 11:30:12 PM PDT 2025
Starting run for scenario: SSP2_2030 at Fri Jul 25 11:30:12 PM PDT 2025
Scenario SSP2_2030 runtime: 0h 0m 2s
Scenario SSP2_2030 completed successfully at Fri Jul 25 11:30:14 PM PDT 2025
All scenario runs completed at Fri Jul 25 11:30:14 PM PDT 2025
Starting run for scenario: SSP2_2050 at Fri Jul 25 11:30:14 PM PDT 2025
Scenario SSP2_2050 runtime: 0h 0m 1s
Scenario SSP2_2050 completed successfully at Fri Jul 25 11:30:15 PM PDT 2025
All scenario runs completed at Fri Jul 25 11:30:15 PM PDT 2025
Starting run for scenario: SSP2_2070 at Fri Jul 25 11:30:15 PM PDT 2025
Scenario SSP2_2070 runtime: 0h 0m 2s
Scenario SSP2_2070 completed successfully at Fri Jul 25 11:30:17 PM PDT 2025
All scenario runs completed at Fri Jul 25 11:30:17 PM PDT 2025
Starting run for scenario: SSP2_2100 at Fri Jul 25 11:30:17 PM PDT 2025
Scenario SSP2_2100 runtime: 0h 0m 1s
Scenario SSP2_2100 completed successfully at Fri Jul 25 11:30:18 PM PDT 2025
All scenario runs completed at Fri Jul 25 11:30:18 PM PDT 2025
Starting run for scenario: SSP3_2030 at Fri Jul 25 11:30:18 PM PDT 2025
Scenario SSP3_2030 runtime: 0h 0m 1s
Scenario SSP3_2030 completed successfully at Fri Jul 25 11:30:19 PM PDT 2025
All scenario runs completed at Fri Jul 25 11:30:19 PM PDT 2025
Starting run for scenario: SSP3_2050 at Fri Jul 25 11:30:19 PM PDT 2025
Scenario SSP3_2050 runtime: 0h 0m 2s
Scenario SSP3_2050 completed successfully at Fri Jul 25 11:30:21 PM PDT 2025
All scenario runs completed at Fri Jul 25 11:30:21 PM PDT 2025
Starting run for scenario: SSP3_2070 at Fri Jul 25 11:30:21 PM PDT 2025
Scenario SSP3_2070 runtime: 0h 0m 1s
Scenario SSP3_2070 completed successfully at Fri Jul 25 11:30:22 PM PDT 2025
All scenario runs completed at Fri Jul 25 11:30:22 PM PDT 2025
Starting run for scenario: SSP3_2100 at Fri Jul 25 11:30:22 PM PDT 2025
Scenario SSP3_2100 runtime: 0h 0m 1s
Scenario SSP3_2100 completed successfully at Fri Jul 25 11:30:23 PM PDT 2025
All scenario runs completed at Fri Jul 25 11:30:23 PM PDT 2025
Starting run for scenario: SSP5_2030 at Fri Jul 25 11:30:23 PM PDT 2025
Scenario SSP5_2030 runtime: 0h 0m 2s
Scenario SSP5_2030 completed successfully at Fri Jul 25 11:30:25 PM PDT 2025
All scenario runs completed at Fri Jul 25 11:30:25 PM PDT 2025
Starting run for scenario: SSP5_2050 at Fri Jul 25 11:30:25 PM PDT 2025
Scenario SSP5_2050 runtime: 0h 0m 1s
Scenario SSP5_2050 completed successfully at Fri Jul 25 11:30:26 PM PDT 2025
All scenario runs completed at Fri Jul 25 11:30:26 PM PDT 2025
Starting run for scenario: SSP5_2070 at Fri Jul 25 11:30:26 PM PDT 2025
Scenario SSP5_2070 runtime: 0h 0m 2s
Scenario SSP5_2070 completed successfully at Fri Jul 25 11:30:28 PM PDT 2025
All scenario runs completed at Fri Jul 25 11:30:28 PM PDT 2025
Starting run for scenario: SSP5_2100 at Fri Jul 25 11:30:28 PM PDT 2025
Scenario SSP5_2100 runtime: 0h 0m 1s
Scenario SSP5_2100 completed successfully at Fri Jul 25 11:30:29 PM PDT 2025
All scenario runs completed at Fri Jul 25 11:30:29 PM PDT 2025
