Cold start spinup run with tides ................ 
 INFO: Processing --np
 INFO: Processing --partmesh
 File                                                      fort.14
 WAS FOUND!  Opening & Processing file

 from alloc_main1: 
  
 memory currently allocated =              16927096  bytes
 memory high water mark     =              33028024  bytes
  
  
 memory currently allocated =              19087456  bytes
 memory high water mark     =              33028024  bytes
  
 Global Grid file read successfully.
INFO: This mesh has 0 weir node pairs.
INFO: Maximum number of duals for any weir node is 0.
 maximum co-nodes for any node =           18
 edge count =        89861
 
 Grid Partition Data
 METIS 4.0 will require approximately       139668051749272  bytes
 Total Edges Cut =         7862
INFO: Writing mesh partition to partmesh.txt.
 INFO: METIS has partitioned nodes successfully.
  
 memory currently allocated =              19087456  bytes
 memory high water mark     =              33028024  bytes
  
 INFO: Processing --np
 INFO: Processing --prepall
 File                                                      fort.14
 WAS FOUND!  Opening & Processing file

 File fort.15                                                     
 WAS FOUND!  Opening & Processing file

 INFO: The metControl namelist was not found.
 Elevation Station Locations contained in fort.15
 Velocity Station Locations Contained in fort.15
 NHSTAR =            5
 *****************************************************
 *   Based on input and information extracted from   *
 *   the ADCIRC UNIT 14 and 15 (grid and horiz run   *
 *   info) files the following paramter values will  *
 *   be set:                                         *
 *                                                   *
 *       MNPROC =     6                             *
 *       MNE =    58369      MNP =    31435          *
 *       MNEI =      10                               *
 *       MNOPE =      1      MNETA =    103          *
 *       MNBOU =     59      MNVEL =   4573          *
 *       MNTIF =      8      MNBFR =      8          *
 *       MNSTAE =     1      MNSTAV =     1          *
 *       MNSTAC =     1      MNSTAM =     1          *
 *       MNWP =       1                               *
 *       MNWLAT =     1      MNWLON =     1          *
 *       MNFFR =      1                              *
 *                                                   *
 *   Also, NO wind forcing will be used,             *
 *   means and variance calculation will NOT be made,*
 *   the GWCE matrix will be left in consistent form *
 *   and an iterative solver will be used            *
 *****************************************************

 from alloc_main1: 
  
 memory currently allocated =              16992552  bytes
 memory high water mark     =              33158936  bytes
  
  
 memory currently allocated =              19152912  bytes
 memory high water mark     =              33158936  bytes
  
 Global Grid file read successfully.
 INFO: Opening file partmesh.txt
 INFO: Closed partmesh.txt file.
 INFO: Start reading in fort.15.
 nstae=           0
 Elevation Station Locations contained in fort.15
 Velocity Station Locations Contained in fort.15
  
 memory currently allocated =              19152920  bytes
 memory high water mark     =              33158936  bytes
  
 INFO: Fulldomain fort.15 file read successfully.
 INFO: Initializing the netCDF output files.
  
 Determine the parameters MNPP and MNEP
  Setting MNPP =         5580
  Setting MNEP =        10055
 Allocate arrays dimensioned by MNPP and MNEP
 from alloc_main2: 
  
 memory currently allocated =              20262175  bytes
 memory high water mark     =              33158936  bytes
  
  
 Decomposition of grid begins
 Decomposition Data
 DOMAIN  RES_NODES  GHOST_NODES  TOT_NODES  ELEMENTS
 ------  ---------  -----------  ---------  --------
 GLOBAL                             31435      58369
 PE0000      5336         98         5434      10055
 PE0001      5162        158         5320       9850
 PE0002      5522         58         5580       9947
 PE0003      5246        107         5353      10029
 PE0004      5103         61         5164       9496
 PE0005      5066        182         5248       9638
 Decomposition successful
 Writing Local UNIT 14 (Grid) File for each PE
  
 Boundary Node Decomposition Data
 DOMAIN      NOPE    NETA    NBOU  NVEL    NWEIR
 GLOBAL       1     103      59    4514       0
 PE0000       1      42      21     734       0
 PE0001       0       0       6     649       0
 PE0002       0       0      10    1182       0
 PE0003       0       0      16     615       0
 PE0004       1      52       5     732       0
 PE0005       1      13      13     701       0
 Writing Local UNIT 15 (Run Info) File for each PE
  
 Station Data
 DOMAIN      NSTAE   NSTAV    NSTAC    NSTAM
 GLOBAL       0       0       0       0
 PE0000       0       0       0       0
 PE0001       0       0       0       0
 PE0002       0       0       0       0
 PE0003       0       0       0       0
 PE0004       0       0       0       0
 PE0005       0       0       0       0
 Writing Message-Passing Info Files for each PE
  
 Communication Data
 DOMAIN  COMM_PE  %(SURF/VOL)
 ------  -------  -----------
 PE0000        2      1.84
 PE0001        3      3.06
 PE0002        1      1.05
 PE0003        2      2.04
 PE0004        1      1.20
 PE0005        3      3.59
  
 memory currently allocated =              20262175  bytes
 memory high water mark     =              33158936  bytes
  


 Writing subdomain Nodal Attributes (unit 13)
 file for each PE.
File fort.13 
 WAS FOUND!  Opening & Processing file.

     Finished processing primitive_weighting_in_continuity_equation                                      
 for processor range            1  to            6
     Finished processing mannings_n_at_sea_floor                                                         
 for processor range            1  to            6
  
 memory currently allocated =              20262167  bytes
 memory high water mark     =              33158936  bytes
  
 Writing domain-decomposition file for post-processor
 
 INFO: Finished pre-processing input files.
  
 memory currently allocated =              20262167  bytes
 memory high water mark     =              33158936  bytes
  
 INFO: Searching for ADCIRC subdomain directories:
 INFO: Looking for './PE0000/fort.14' ...
 INFO: File './PE0000/fort.14' was found!
 INFO: The search for the subdomain directory was completed successfully.
 INFO: The ROOTDIR is  '.'.
 INFO: The INPUTDIR is './PE0000'.
 INFO: The GBLINPUTDIR is '.'.
 INFO: The GLOBALDIR is '.'.
 INFO: The LOCALDIR is './PE0000'.
WARNING: read14FindDims: Number of land boundary nodes was set to 734 but 714 were found.

 _______________________________________________________________________________


                   PROGRAM ADCIRC   VERSION v56.0.1-10-g4b5be3a

     AN ADVANCED CIRCULATION MODEL FOR SHELVES, COASTAL SEAS AND ESTUARIES


       -  DEVELOPED BY

          R.A. LUETTICH, JR
            UNIVERSITY OF NORTH CAROLINA AT CHAPEL HILL
            INSTITUTE OF MARINE SCIENCES

          J.J. WESTERINK 
            DEPARTMENT OF CIVIL ENGINEERING AND GEOLOGICAL SCIENCES
            UNIVERSITY OF NOTRE DAME


       -  THE ADCIRC SOURCE CODE IS COPYRIGHTED BY

          R.A. LUETTICH, JR. AND J.J. WESTERINK, 1994-2006

       NO PART OF THIS CODE MAY BE REPRODUCED OR REDISTRIBUTED
          WITHOUT THE WRITTEN PERMISSION OF THE AUTHORS



 _______________________________________________________________________________
INFO: initializeMesh: THE NEIGHBOR TABLE IS BEING COMPUTED.
INFO: initializeMesh: THE NEIGHBOR TABLE IS COMPLETED. THE MINIMUM NUMBER OF NEIGHBORS FOR ANY NODE = 3. 1+THE MAXIMUM NUMBER OF NEIGHBORS FOR ANY NODE = 9. THE PARAMETER MNEI CAN BE SET AS SMALL AS 9.
ADCIRC Version is v56.0.1-10-g4b5be3a                                                             
ADCIRC Commit hash is 4b5be3a451a9867f9a1595e0dcea2b59b553337e                                        

 _______________________________________________________________________________


 LIMITED RUNTIME INFORMATION SECTION 


INFO: ADCIRC_Run: Begin timestepping.
 TIME STEP =     100   0.62% COMPLETE     ITERATIONS =   23     TIME =  0.80142686E+04
  ELMAX = -5.0937E-003 AT NODE     5384  SPEEDMAX =  5.6253E-003 AT NODE     5384  ON MYPROC =    0
 TIME STEP =     200   1.24% COMPLETE     ITERATIONS =   21     TIME =  0.16028537E+05
  ELMAX = -9.4796E-003 AT NODE     5424  SPEEDMAX =  1.0698E-002 AT NODE     5223  ON MYPROC =    0
 TIME STEP =     300   1.86% COMPLETE     ITERATIONS =   23     TIME =  0.24042806E+05
  ELMAX =  2.2230E-002 AT NODE     5359  SPEEDMAX =  2.5295E-002 AT NODE     5224  ON MYPROC =    0
 TIME STEP =     400   2.47% COMPLETE     ITERATIONS =   22     TIME =  0.32057074E+05
  ELMAX =  5.4670E-002 AT NODE     5432  SPEEDMAX =  3.7083E-002 AT NODE     5221  ON MYPROC =    0
 TIME STEP =     500   3.09% COMPLETE     ITERATIONS =   23     TIME =  0.40071343E+05
  ELMAX =  6.0763E-002 AT NODE     5434  SPEEDMAX =  7.2177E-002 AT NODE     5187  ON MYPROC =    0
 TIME STEP =     600   3.71% COMPLETE     ITERATIONS =   23     TIME =  0.48085612E+05
  ELMAX = -7.7544E-002 AT NODE     5432  SPEEDMAX =  6.5044E-002 AT NODE     5424  ON MYPROC =    0
 TIME STEP =     700   4.33% COMPLETE     ITERATIONS =   21     TIME =  0.56099880E+05
  ELMAX = -1.6109E-001 AT NODE     5434  SPEEDMAX =  7.4695E-002 AT NODE     5227  ON MYPROC =    0
 TIME STEP =     800   4.95% COMPLETE     ITERATIONS =   23     TIME =  0.64114149E+05
  ELMAX =  6.3919E-002 AT NODE     5368  SPEEDMAX =  1.1839E-001 AT NODE     5401  ON MYPROC =    0
 TIME STEP =     900   5.57% COMPLETE     ITERATIONS =   22     TIME =  0.72128417E+05
  ELMAX =  2.3377E-001 AT NODE     5432  SPEEDMAX =  8.4334E-002 AT NODE     5262  ON MYPROC =    0
 TIME STEP =    1000   6.18% COMPLETE     ITERATIONS =   22     TIME =  0.80142686E+05
  ELMAX =  2.4133E-001 AT NODE     5434  SPEEDMAX =  1.3557E-001 AT NODE     5187  ON MYPROC =    0
 TIME STEP =    1100   6.80% COMPLETE     ITERATIONS =   23     TIME =  0.88156955E+05
  ELMAX = -1.3829E-001 AT NODE     5424  SPEEDMAX =  1.7490E-001 AT NODE     5401  ON MYPROC =    0
 TIME STEP =    1200   7.42% COMPLETE     ITERATIONS =   21     TIME =  0.96171223E+05
  ELMAX = -3.6715E-001 AT NODE     5432  SPEEDMAX =  1.0811E-001 AT NODE     3973  ON MYPROC =    0
 TIME STEP =    1300   8.04% COMPLETE     ITERATIONS =   23     TIME =  0.10418549E+06
  ELMAX = -2.3388E-001 AT NODE     5434  SPEEDMAX =  2.1299E-001 AT NODE     5227  ON MYPROC =    0
 TIME STEP =    1400   8.66% COMPLETE     ITERATIONS =   22     TIME =  0.11219976E+06
  ELMAX =  2.7864E-001 AT NODE     5432  SPEEDMAX =  1.8520E-001 AT NODE     5424  ON MYPROC =    0
 TIME STEP =    1500   9.28% COMPLETE     ITERATIONS =   21     TIME =  0.12021403E+06
  ELMAX =  4.6277E-001 AT NODE     5434  SPEEDMAX =  1.2912E-001 AT NODE     5399  ON MYPROC =    0
 TIME STEP =    1600   9.89% COMPLETE     ITERATIONS =   23     TIME =  0.12822830E+06
  ELMAX =  1.3740E-001 AT NODE     5182  SPEEDMAX =  2.6267E-001 AT NODE     5401  ON MYPROC =    0
 TIME STEP =    1700  10.51% COMPLETE     ITERATIONS =   22     TIME =  0.13624257E+06
  ELMAX = -3.9431E-001 AT NODE     5432  SPEEDMAX =  1.8754E-001 AT NODE     5332  ON MYPROC =    0
 TIME STEP =    1800  11.13% COMPLETE     ITERATIONS =   22     TIME =  0.14425683E+06
  ELMAX = -5.1519E-001 AT NODE     5434  SPEEDMAX =  2.0535E-001 AT NODE     5227  ON MYPROC =    0
 TIME STEP =    1900  11.75% COMPLETE     ITERATIONS =   23     TIME =  0.15227110E+06
  ELMAX =  1.8163E-001 AT NODE     5269  SPEEDMAX =  2.8898E-001 AT NODE     5401  ON MYPROC =    0
 TIME STEP =    2000  12.37% COMPLETE     ITERATIONS =   21     TIME =  0.16028537E+06
  ELMAX =  5.3890E-001 AT NODE     5432  SPEEDMAX =  1.9573E-001 AT NODE     5262  ON MYPROC =    0
 TIME STEP =    2100  12.99% COMPLETE     ITERATIONS =   22     TIME =  0.16829964E+06
  ELMAX =  4.6034E-001 AT NODE     5434  SPEEDMAX =  2.7613E-001 AT NODE     5187  ON MYPROC =    0
 TIME STEP =    2200  13.60% COMPLETE     ITERATIONS =   23     TIME =  0.17631391E+06
  ELMAX = -2.5554E-001 AT NODE     5424  SPEEDMAX =  3.0131E-001 AT NODE     5387  ON MYPROC =    0
 TIME STEP =    2300  14.22% COMPLETE     ITERATIONS =   21     TIME =  0.18432818E+06
  ELMAX = -6.0888E-001 AT NODE     5432  SPEEDMAX =  1.8478E-001 AT NODE     3973  ON MYPROC =    0
 TIME STEP =    2400  14.84% COMPLETE     ITERATIONS =   23     TIME =  0.19234245E+06
  ELMAX = -4.2137E-001 AT NODE     5434  SPEEDMAX =  3.2937E-001 AT NODE     5227  ON MYPROC =    0
 TIME STEP =    2500  15.46% COMPLETE     ITERATIONS =   22     TIME =  0.20035671E+06
  ELMAX =  3.8789E-001 AT NODE     5432  SPEEDMAX =  2.9472E-001 AT NODE     5332  ON MYPROC =    0
 TIME STEP =    2600  16.08% COMPLETE     ITERATIONS =   21     TIME =  0.20837098E+06
  ELMAX =  7.1573E-001 AT NODE     5434  SPEEDMAX =  2.0093E-001 AT NODE     3973  ON MYPROC =    0
 TIME STEP =    2700  16.70% COMPLETE     ITERATIONS =   23     TIME =  0.21638525E+06
  ELMAX =  2.7972E-001 AT NODE     5182  SPEEDMAX =  3.8658E-001 AT NODE     5385  ON MYPROC =    0
 TIME STEP =    2800  17.31% COMPLETE     ITERATIONS =   22     TIME =  0.22439952E+06
  ELMAX = -4.9059E-001 AT NODE     5432  SPEEDMAX =  2.7955E-001 AT NODE     5332  ON MYPROC =    0
 TIME STEP =    2900  17.93% COMPLETE     ITERATIONS =   21     TIME =  0.23241379E+06
  ELMAX = -7.5993E-001 AT NODE     5434  SPEEDMAX =  2.4625E-001 AT NODE     5227  ON MYPROC =    0
 TIME STEP =    3000  18.55% COMPLETE     ITERATIONS =   23     TIME =  0.24042806E+06
  ELMAX =  2.5710E-001 AT NODE     5368  SPEEDMAX =  3.9852E-001 AT NODE     5387  ON MYPROC =    0
 TIME STEP =    3100  19.17% COMPLETE     ITERATIONS =   21     TIME =  0.24844233E+06
  ELMAX =  6.6701E-001 AT NODE     5432  SPEEDMAX =  2.8139E-001 AT NODE     5262  ON MYPROC =    0
 TIME STEP =    3200  19.79% COMPLETE     ITERATIONS =   22     TIME =  0.25645660E+06
  ELMAX =  6.9781E-001 AT NODE     5434  SPEEDMAX =  3.2815E-001 AT NODE     5187  ON MYPROC =    0
 TIME STEP =    3300  20.41% COMPLETE     ITERATIONS =   22     TIME =  0.26447086E+06
  ELMAX = -3.3962E-001 AT NODE     5368  SPEEDMAX =  4.1018E-001 AT NODE     5387  ON MYPROC =    0
 TIME STEP =    3400  21.03% COMPLETE     ITERATIONS =   21     TIME =  0.27248513E+06
  ELMAX = -7.1891E-001 AT NODE     5432  SPEEDMAX =  2.6210E-001 AT NODE     3973  ON MYPROC =    0
 TIME STEP =    3500  21.64% COMPLETE     ITERATIONS =   23     TIME =  0.28049940E+06
  ELMAX = -6.6647E-001 AT NODE     5434  SPEEDMAX =  3.9583E-001 AT NODE     5385  ON MYPROC =    0
 TIME STEP =    3600  22.26% COMPLETE     ITERATIONS =   22     TIME =  0.28851367E+06
  ELMAX =  4.1504E-001 AT NODE     5424  SPEEDMAX =  3.8249E-001 AT NODE     5424  ON MYPROC =    0
 TIME STEP =    3700  22.88% COMPLETE     ITERATIONS =   21     TIME =  0.29652794E+06
  ELMAX =  8.9615E-001 AT NODE     5434  SPEEDMAX =  2.7278E-001 AT NODE     3973  ON MYPROC =    0
 TIME STEP =    3800  23.50% COMPLETE     ITERATIONS =   23     TIME =  0.30454221E+06
  ELMAX =  3.8473E-001 AT NODE     5182  SPEEDMAX =  4.7210E-001 AT NODE     5385  ON MYPROC =    0
 TIME STEP =    3900  24.12% COMPLETE     ITERATIONS =   22     TIME =  0.31255648E+06
  ELMAX = -5.6038E-001 AT NODE     5424  SPEEDMAX =  3.4355E-001 AT NODE     5230  ON MYPROC =    0
 TIME STEP =    4000  24.74% COMPLETE     ITERATIONS =   22     TIME =  0.32057074E+06
  ELMAX = -9.1761E-001 AT NODE     5434  SPEEDMAX =  2.6187E-001 AT NODE     5122  ON MYPROC =    0
 TIME STEP =    4100  25.35% COMPLETE     ITERATIONS =   23     TIME =  0.32858501E+06
  ELMAX = -3.6360E-001 AT NODE     5226  SPEEDMAX =  4.7177E-001 AT NODE     5387  ON MYPROC =    0
 TIME STEP =    4200  25.97% COMPLETE     ITERATIONS =   21     TIME =  0.33659928E+06
  ELMAX =  7.1336E-001 AT NODE     5432  SPEEDMAX =  3.3442E-001 AT NODE     5262  ON MYPROC =    0
 TIME STEP =    4300  26.59% COMPLETE     ITERATIONS =   22     TIME =  0.34461355E+06
  ELMAX =  8.6729E-001 AT NODE     5434  SPEEDMAX =  3.5046E-001 AT NODE     5187  ON MYPROC =    0
 TIME STEP =    4400  27.21% COMPLETE     ITERATIONS =   22     TIME =  0.35262782E+06
  ELMAX = -3.9546E-001 AT NODE     5368  SPEEDMAX =  4.7922E-001 AT NODE     5387  ON MYPROC =    0
 TIME STEP =    4500  27.83% COMPLETE     ITERATIONS =   21     TIME =  0.36064209E+06
  ELMAX = -7.6447E-001 AT NODE     5432  SPEEDMAX =  3.1376E-001 AT NODE     3973  ON MYPROC =    0
 TIME STEP =    4600  28.45% COMPLETE     ITERATIONS =   23     TIME =  0.36865636E+06
  ELMAX = -8.2157E-001 AT NODE     5434  SPEEDMAX =  4.4130E-001 AT NODE     5385  ON MYPROC =    0
 TIME STEP =    4700  29.06% COMPLETE     ITERATIONS =   22     TIME =  0.37667062E+06
  ELMAX =  4.7288E-001 AT NODE     5390  SPEEDMAX =  4.4366E-001 AT NODE     5424  ON MYPROC =    0
 TIME STEP =    4800  29.68% COMPLETE     ITERATIONS =   21     TIME =  0.38468489E+06
  ELMAX =  1.0092E+000 AT NODE     5432  SPEEDMAX =  3.1498E-001 AT NODE     3596  ON MYPROC =    0
 TIME STEP =    4900  30.30% COMPLETE     ITERATIONS =   22     TIME =  0.39269916E+06
  ELMAX =  4.5630E-001 AT NODE     5434  SPEEDMAX =  5.2629E-001 AT NODE     5385  ON MYPROC =    0
 TIME STEP =    5000  30.92% COMPLETE     ITERATIONS =   22     TIME =  0.40071343E+06
  ELMAX = -6.0172E-001 AT NODE     5424  SPEEDMAX =  3.9509E-001 AT NODE     5404  ON MYPROC =    0
 TIME STEP =    5100  31.54% COMPLETE     ITERATIONS =   21     TIME =  0.40872770E+06
  ELMAX = -1.0028E+000 AT NODE     5434  SPEEDMAX =  2.9671E-001 AT NODE     5122  ON MYPROC =    0
 TIME STEP =    5200  32.16% COMPLETE     ITERATIONS =   23     TIME =  0.41674197E+06
  ELMAX = -4.4025E-001 AT NODE     5226  SPEEDMAX =  5.1382E-001 AT NODE     5387  ON MYPROC =    0
 TIME STEP =    5300  32.77% COMPLETE     ITERATIONS =   22     TIME =  0.42475624E+06
  ELMAX =  7.2403E-001 AT NODE     5432  SPEEDMAX =  3.6281E-001 AT NODE     5262  ON MYPROC =    0
 TIME STEP =    5400  33.39% COMPLETE     ITERATIONS =   22     TIME =  0.43277050E+06
  ELMAX =  9.6050E-001 AT NODE     5434  SPEEDMAX =  3.5993E-001 AT NODE     5187  ON MYPROC =    0
 TIME STEP =    5500  34.01% COMPLETE     ITERATIONS =   23     TIME =  0.44078477E+06
  ELMAX = -4.2229E-001 AT NODE     5368  SPEEDMAX =  5.1318E-001 AT NODE     5387  ON MYPROC =    0
 TIME STEP =    5600  34.63% COMPLETE     ITERATIONS =   21     TIME =  0.44879904E+06
  ELMAX = -7.8088E-001 AT NODE     5432  SPEEDMAX =  3.6078E-001 AT NODE     3596  ON MYPROC =    0
 TIME STEP =    5700  35.25% COMPLETE     ITERATIONS =   22     TIME =  0.45681331E+06
  ELMAX = -8.9063E-001 AT NODE     5434  SPEEDMAX =  4.6680E-001 AT NODE     5385  ON MYPROC =    0
 TIME STEP =    5800  35.87% COMPLETE     ITERATIONS =   22     TIME =  0.46482758E+06
  ELMAX =  5.2050E-001 AT NODE     5390  SPEEDMAX =  4.7389E-001 AT NODE     5424  ON MYPROC =    0
 TIME STEP =    5900  36.49% COMPLETE     ITERATIONS =   20     TIME =  0.47284185E+06
  ELMAX =  1.0777E+000 AT NODE     5432  SPEEDMAX =  3.5019E-001 AT NODE     3596  ON MYPROC =    0
 TIME STEP =    6000  37.10% COMPLETE     ITERATIONS =   23     TIME =  0.48085612E+06
  ELMAX =  4.9868E-001 AT NODE     5434  SPEEDMAX =  5.5679E-001 AT NODE     5385  ON MYPROC =    0
 TIME STEP =    6100  37.72% COMPLETE     ITERATIONS =   22     TIME =  0.48887038E+06
  ELMAX = -6.2565E-001 AT NODE     5424  SPEEDMAX =  4.2261E-001 AT NODE     5404  ON MYPROC =    0
 TIME STEP =    6200  38.34% COMPLETE     ITERATIONS =   22     TIME =  0.49688465E+06
  ELMAX = -1.0457E+000 AT NODE     5434  SPEEDMAX =  3.0693E-001 AT NODE     5122  ON MYPROC =    0
 TIME STEP =    6300  38.96% COMPLETE     ITERATIONS =   23     TIME =  0.50489892E+06
  ELMAX = -4.8878E-001 AT NODE     5226  SPEEDMAX =  5.3155E-001 AT NODE     5387  ON MYPROC =    0
 TIME STEP =    6400  39.58% COMPLETE     ITERATIONS =   22     TIME =  0.51291319E+06
  ELMAX =  7.1399E-001 AT NODE     5432  SPEEDMAX =  3.9054E-001 AT NODE     5262  ON MYPROC =    0
 TIME STEP =    6500  40.20% COMPLETE     ITERATIONS =   22     TIME =  0.52092746E+06
  ELMAX =  9.9233E-001 AT NODE     5434  SPEEDMAX =  3.5459E-001 AT NODE     5187  ON MYPROC =    0
 TIME STEP =    6600  40.81% COMPLETE     ITERATIONS =   22     TIME =  0.52894173E+06
  ELMAX = -4.2127E-001 AT NODE     5368  SPEEDMAX =  5.2025E-001 AT NODE     5387  ON MYPROC =    0
 TIME STEP =    6700  41.43% COMPLETE     ITERATIONS =   21     TIME =  0.53695600E+06
  ELMAX = -7.7947E-001 AT NODE     5432  SPEEDMAX =  3.8171E-001 AT NODE     3596  ON MYPROC =    0
 TIME STEP =    6800  42.05% COMPLETE     ITERATIONS =   22     TIME =  0.54497026E+06
  ELMAX = -8.9465E-001 AT NODE     5434  SPEEDMAX =  4.7581E-001 AT NODE     5385  ON MYPROC =    0
 TIME STEP =    6900  42.67% COMPLETE     ITERATIONS =   22     TIME =  0.55298453E+06
  ELMAX =  5.4254E-001 AT NODE     5390  SPEEDMAX =  4.8103E-001 AT NODE     5424  ON MYPROC =    0
 TIME STEP =    7000  43.29% COMPLETE     ITERATIONS =   21     TIME =  0.56099880E+06
  ELMAX =  1.1056E+000 AT NODE     5432  SPEEDMAX =  3.6196E-001 AT NODE     3596  ON MYPROC =    0
 TIME STEP =    7100  43.91% COMPLETE     ITERATIONS =   23     TIME =  0.56901307E+06
  ELMAX =  5.0485E-001 AT NODE     5434  SPEEDMAX =  5.6709E-001 AT NODE     5385  ON MYPROC =    0
 TIME STEP =    7200  44.52% COMPLETE     ITERATIONS =   22     TIME =  0.57702734E+06
  ELMAX = -6.3292E-001 AT NODE     5424  SPEEDMAX =  4.2968E-001 AT NODE     5404  ON MYPROC =    0
 TIME STEP =    7300  45.14% COMPLETE     ITERATIONS =   21     TIME =  0.58504161E+06
  ELMAX = -1.0573E+000 AT NODE     5434  SPEEDMAX =  3.0061E-001 AT NODE     5122  ON MYPROC =    0
 TIME STEP =    7400  45.76% COMPLETE     ITERATIONS =   23     TIME =  0.59305588E+06
  ELMAX = -5.1138E-001 AT NODE     5226  SPEEDMAX =  5.2999E-001 AT NODE     5387  ON MYPROC =    0
 TIME STEP =    7500  46.38% COMPLETE     ITERATIONS =   22     TIME =  0.60107015E+06
  ELMAX =  6.8495E-001 AT NODE     5432  SPEEDMAX =  3.8170E-001 AT NODE     5262  ON MYPROC =    0
 TIME STEP =    7600  47.00% COMPLETE     ITERATIONS =   22     TIME =  0.60908441E+06
  ELMAX =  9.7963E-001 AT NODE     5434  SPEEDMAX =  3.3884E-001 AT NODE     5187  ON MYPROC =    0
 TIME STEP =    7700  47.62% COMPLETE     ITERATIONS =   22     TIME =  0.61709868E+06
  ELMAX = -3.9641E-001 AT NODE     5368  SPEEDMAX =  5.0673E-001 AT NODE     5387  ON MYPROC =    0
 TIME STEP =    7800  48.23% COMPLETE     ITERATIONS =   21     TIME =  0.62511295E+06
  ELMAX = -7.5825E-001 AT NODE     5432  SPEEDMAX =  3.9144E-001 AT NODE     3596  ON MYPROC =    0
 TIME STEP =    7900  48.85% COMPLETE     ITERATIONS =   22     TIME =  0.63312722E+06
  ELMAX = -8.6414E-001 AT NODE     5434  SPEEDMAX =  4.6503E-001 AT NODE     5385  ON MYPROC =    0
 TIME STEP =    8000  49.47% COMPLETE     ITERATIONS =   22     TIME =  0.64114149E+06
  ELMAX =  5.3800E-001 AT NODE     5390  SPEEDMAX =  4.7100E-001 AT NODE     5424  ON MYPROC =    0
 TIME STEP =    8100  50.09% COMPLETE     ITERATIONS =   21     TIME =  0.64915576E+06
  ELMAX =  1.0954E+000 AT NODE     5432  SPEEDMAX =  3.7583E-001 AT NODE     3596  ON MYPROC =    0
 TIME STEP =    8200  50.71% COMPLETE     ITERATIONS =   23     TIME =  0.65717003E+06
  ELMAX =  5.0324E-001 AT NODE     5182  SPEEDMAX =  5.5794E-001 AT NODE     5385  ON MYPROC =    0
 TIME STEP =    8300  51.33% COMPLETE     ITERATIONS =   22     TIME =  0.66518429E+06
  ELMAX = -6.1757E-001 AT NODE     5424  SPEEDMAX =  4.2696E-001 AT NODE     5230  ON MYPROC =    0
 TIME STEP =    8400  51.94% COMPLETE     ITERATIONS =   21     TIME =  0.67319856E+06
  ELMAX = -1.0390E+000 AT NODE     5434  SPEEDMAX =  2.8498E-001 AT NODE     5122  ON MYPROC =    0
 TIME STEP =    8500  52.56% COMPLETE     ITERATIONS =   23     TIME =  0.68121283E+06
  ELMAX = -5.1202E-001 AT NODE     5226  SPEEDMAX =  5.1170E-001 AT NODE     5387  ON MYPROC =    0
 TIME STEP =    8600  53.18% COMPLETE     ITERATIONS =   22     TIME =  0.68922710E+06
  ELMAX =  6.2937E-001 AT NODE     5432  SPEEDMAX =  3.7483E-001 AT NODE     5332  ON MYPROC =    0
 TIME STEP =    8700  53.80% COMPLETE     ITERATIONS =   22     TIME =  0.69724137E+06
  ELMAX =  9.3424E-001 AT NODE     5434  SPEEDMAX =  3.1262E-001 AT NODE     5187  ON MYPROC =    0
 TIME STEP =    8800  54.42% COMPLETE     ITERATIONS =   22     TIME =  0.70525564E+06
  ELMAX = -3.4578E-001 AT NODE     5368  SPEEDMAX =  4.8085E-001 AT NODE     5387  ON MYPROC =    0
 TIME STEP =    8900  55.04% COMPLETE     ITERATIONS =   21     TIME =  0.71326991E+06
  ELMAX = -7.1019E-001 AT NODE     5432  SPEEDMAX =  4.0036E-001 AT NODE     3596  ON MYPROC =    0
 TIME STEP =    9000  55.66% COMPLETE     ITERATIONS =   22     TIME =  0.72128417E+06
  ELMAX = -8.0990E-001 AT NODE     5434  SPEEDMAX =  4.3400E-001 AT NODE     5385  ON MYPROC =    0
 TIME STEP =    9100  56.27% COMPLETE     ITERATIONS =   22     TIME =  0.72929844E+06
  ELMAX =  5.0575E-001 AT NODE     5390  SPEEDMAX =  4.4967E-001 AT NODE     5424  ON MYPROC =    0
 TIME STEP =    9200  56.89% COMPLETE     ITERATIONS =   21     TIME =  0.73731271E+06
  ELMAX =  1.0426E+000 AT NODE     5432  SPEEDMAX =  3.8546E-001 AT NODE     3596  ON MYPROC =    0
 TIME STEP =    9300  57.51% COMPLETE     ITERATIONS =   22     TIME =  0.74532698E+06
  ELMAX =  5.1316E-001 AT NODE     5182  SPEEDMAX =  5.2820E-001 AT NODE     5385  ON MYPROC =    0
 TIME STEP =    9400  58.13% COMPLETE     ITERATIONS =   22     TIME =  0.75334125E+06
  ELMAX = -5.8248E-001 AT NODE     5187  SPEEDMAX =  4.1654E-001 AT NODE     5404  ON MYPROC =    0
 TIME STEP =    9500  58.75% COMPLETE     ITERATIONS =   21     TIME =  0.76135552E+06
  ELMAX = -9.8633E-001 AT NODE     5434  SPEEDMAX =  2.8822E-001 AT NODE     3973  ON MYPROC =    0
 TIME STEP =    9600  59.37% COMPLETE     ITERATIONS =   23     TIME =  0.76936979E+06
  ELMAX = -5.3300E-001 AT NODE     5226  SPEEDMAX =  4.7667E-001 AT NODE     5387  ON MYPROC =    0
 TIME STEP =    9700  59.98% COMPLETE     ITERATIONS =   22     TIME =  0.77738405E+06
  ELMAX =  5.3530E-001 AT NODE     5432  SPEEDMAX =  3.7287E-001 AT NODE     5332  ON MYPROC =    0
 TIME STEP =    9800  60.60% COMPLETE     ITERATIONS =   21     TIME =  0.78539832E+06
  ELMAX =  8.7123E-001 AT NODE     5434  SPEEDMAX =  2.6482E-001 AT NODE     5187  ON MYPROC =    0
 TIME STEP =    9900  61.22% COMPLETE     ITERATIONS =   22     TIME =  0.79341259E+06
  ELMAX = -2.6683E-001 AT NODE     5368  SPEEDMAX =  4.4421E-001 AT NODE     5387  ON MYPROC =    0
 TIME STEP =   10000  61.84% COMPLETE     ITERATIONS =   22     TIME =  0.80142686E+06
  ELMAX = -6.2385E-001 AT NODE     5432  SPEEDMAX =  3.9765E-001 AT NODE     3596  ON MYPROC =    0
 TIME STEP =   10100  62.46% COMPLETE     ITERATIONS =   22     TIME =  0.80944113E+06
  ELMAX = -7.5456E-001 AT NODE     5434  SPEEDMAX =  3.7493E-001 AT NODE     5385  ON MYPROC =    0
 TIME STEP =   10200  63.08% COMPLETE     ITERATIONS =   22     TIME =  0.81745540E+06
  ELMAX =  4.4448E-001 AT NODE     5269  SPEEDMAX =  4.2358E-001 AT NODE     5424  ON MYPROC =    0
 TIME STEP =   10300  63.69% COMPLETE     ITERATIONS =   21     TIME =  0.82546967E+06
  ELMAX =  9.4540E-001 AT NODE     5432  SPEEDMAX =  3.8251E-001 AT NODE     3596  ON MYPROC =    0
 TIME STEP =   10400  64.31% COMPLETE     ITERATIONS =   22     TIME =  0.83348393E+06
  ELMAX =  5.6363E-001 AT NODE     5434  SPEEDMAX =  4.7273E-001 AT NODE     5385  ON MYPROC =    0
 TIME STEP =   10500  64.93% COMPLETE     ITERATIONS =   22     TIME =  0.84149820E+06
  ELMAX = -5.8145E-001 AT NODE     5187  SPEEDMAX =  4.1401E-001 AT NODE     5404  ON MYPROC =    0
 TIME STEP =   10600  65.55% COMPLETE     ITERATIONS =   21     TIME =  0.84951247E+06
  ELMAX = -8.9986E-001 AT NODE     5432  SPEEDMAX =  2.9317E-001 AT NODE     3973  ON MYPROC =    0
 TIME STEP =   10700  66.17% COMPLETE     ITERATIONS =   22     TIME =  0.85752674E+06
  ELMAX = -6.3005E-001 AT NODE     5434  SPEEDMAX =  4.2529E-001 AT NODE     5385  ON MYPROC =    0
 TIME STEP =   10800  66.79% COMPLETE     ITERATIONS =   22     TIME =  0.86554101E+06
  ELMAX = -3.9146E-001 AT NODE     4900  SPEEDMAX =  3.7619E-001 AT NODE     5230  ON MYPROC =    0
 TIME STEP =   10900  67.40% COMPLETE     ITERATIONS =   21     TIME =  0.87355528E+06
  ELMAX =  7.9708E-001 AT NODE     5434  SPEEDMAX =  2.7879E-001 AT NODE     4178  ON MYPROC =    0
 TIME STEP =   11000  68.02% COMPLETE     ITERATIONS =   23     TIME =  0.88156955E+06
  ELMAX =  3.1891E-001 AT NODE     5182  SPEEDMAX =  3.9655E-001 AT NODE     5385  ON MYPROC =    0
 TIME STEP =   11100  68.64% COMPLETE     ITERATIONS =   22     TIME =  0.88958381E+06
  ELMAX = -4.8535E-001 AT NODE     5432  SPEEDMAX =  3.9113E-001 AT NODE     3596  ON MYPROC =    0
 TIME STEP =   11200  69.26% COMPLETE     ITERATIONS =   21     TIME =  0.89759808E+06
  ELMAX = -7.1176E-001 AT NODE     5434  SPEEDMAX =  3.3653E-001 AT NODE     4318  ON MYPROC =    0
 TIME STEP =   11300  69.88% COMPLETE     ITERATIONS =   22     TIME =  0.90561235E+06
  ELMAX =  3.5521E-001 AT NODE     5269  SPEEDMAX =  3.9724E-001 AT NODE     5424  ON MYPROC =    0
 TIME STEP =   11400  70.50% COMPLETE     ITERATIONS =   22     TIME =  0.91362662E+06
  ELMAX =  7.9469E-001 AT NODE     5432  SPEEDMAX =  3.8258E-001 AT NODE     3596  ON MYPROC =    0
 TIME STEP =   11500  71.11% COMPLETE     ITERATIONS =   22     TIME =  0.92164089E+06
  ELMAX =  6.9174E-001 AT NODE     5434  SPEEDMAX =  3.7836E-001 AT NODE     5187  ON MYPROC =    0
 TIME STEP =   11600  71.73% COMPLETE     ITERATIONS =   22     TIME =  0.92965516E+06
  ELMAX = -3.9229E-001 AT NODE     5387  SPEEDMAX =  4.3403E-001 AT NODE     5387  ON MYPROC =    0
 TIME STEP =   11700  72.35% COMPLETE     ITERATIONS =   21     TIME =  0.93766943E+06
  ELMAX = -7.7129E-001 AT NODE     5432  SPEEDMAX =  3.0974E-001 AT NODE     3973  ON MYPROC =    0
 TIME STEP =   11800  72.97% COMPLETE     ITERATIONS =   22     TIME =  0.94568369E+06
  ELMAX = -7.9368E-001 AT NODE     5434  SPEEDMAX =  3.4983E-001 AT NODE     5385  ON MYPROC =    0
 TIME STEP =   11900  73.59% COMPLETE     ITERATIONS =   23     TIME =  0.95369796E+06
  ELMAX = -4.3428E-001 AT NODE     4900  SPEEDMAX =  3.8770E-001 AT NODE     5404  ON MYPROC =    0
 TIME STEP =   12000  74.21% COMPLETE     ITERATIONS =   21     TIME =  0.96171223E+06
  ELMAX =  7.1115E-001 AT NODE     5432  SPEEDMAX =  3.1329E-001 AT NODE     4178  ON MYPROC =    0
 TIME STEP =   12100  74.83% COMPLETE     ITERATIONS =   22     TIME =  0.96972650E+06
  ELMAX =  5.1955E-001 AT NODE     5434  SPEEDMAX =  3.3188E-001 AT NODE     5385  ON MYPROC =    0
 TIME STEP =   12200  75.44% COMPLETE     ITERATIONS =   22     TIME =  0.97774077E+06
  ELMAX =  3.5641E-001 AT NODE     4900  SPEEDMAX =  3.6612E-001 AT NODE     3973  ON MYPROC =    0
 TIME STEP =   12300  76.06% COMPLETE     ITERATIONS =   21     TIME =  0.98575504E+06
  ELMAX = -6.6274E-001 AT NODE     5434  SPEEDMAX =  3.4400E-001 AT NODE     4318  ON MYPROC =    0
 TIME STEP =   12400  76.68% COMPLETE     ITERATIONS =   22     TIME =  0.99376931E+06
  ELMAX = -3.0026E-001 AT NODE     5434  SPEEDMAX =  3.8208E-001 AT NODE     5385  ON MYPROC =    0
 TIME STEP =   12500  77.30% COMPLETE     ITERATIONS =   22     TIME =  0.10017836E+07
  ELMAX =  5.8317E-001 AT NODE     5432  SPEEDMAX =  3.7038E-001 AT NODE     3596  ON MYPROC =    0
 TIME STEP =   12600  77.92% COMPLETE     ITERATIONS =   21     TIME =  0.10097978E+07
  ELMAX =  8.6152E-001 AT NODE     5434  SPEEDMAX =  3.0544E-001 AT NODE     3430  ON MYPROC =    0
 TIME STEP =   12700  78.54% COMPLETE     ITERATIONS =   23     TIME =  0.10178121E+07
  ELMAX = -3.2397E-001 AT NODE     5152  SPEEDMAX =  4.7106E-001 AT NODE     5387  ON MYPROC =    0
 TIME STEP =   12800  79.15% COMPLETE     ITERATIONS =   22     TIME =  0.10258264E+07
  ELMAX = -6.1872E-001 AT NODE     5424  SPEEDMAX =  3.5143E-001 AT NODE     5332  ON MYPROC =    0
 TIME STEP =   12900  79.77% COMPLETE     ITERATIONS =   22     TIME =  0.10338406E+07
  ELMAX = -9.2877E-001 AT NODE     5434  SPEEDMAX =  2.8301E-001 AT NODE     5181  ON MYPROC =    0
 TIME STEP =   13000  80.39% COMPLETE     ITERATIONS =   23     TIME =  0.10418549E+07
  ELMAX = -4.4666E-001 AT NODE     5226  SPEEDMAX =  4.5162E-001 AT NODE     5387  ON MYPROC =    0
 TIME STEP =   13100  81.01% COMPLETE     ITERATIONS =   21     TIME =  0.10498692E+07
  ELMAX =  5.7360E-001 AT NODE     5432  SPEEDMAX =  3.3980E-001 AT NODE     5230  ON MYPROC =    0
 TIME STEP =   13200  81.63% COMPLETE     ITERATIONS =   22     TIME =  0.10578835E+07
  ELMAX =  8.3336E-001 AT NODE     5434  SPEEDMAX =  2.8355E-001 AT NODE     5187  ON MYPROC =    0
 TIME STEP =   13300  82.25% COMPLETE     ITERATIONS =   23     TIME =  0.10658977E+07
  ELMAX =  3.7490E-001 AT NODE     4900  SPEEDMAX =  4.3767E-001 AT NODE     5387  ON MYPROC =    0
 TIME STEP =   13400  82.86% COMPLETE     ITERATIONS =   21     TIME =  0.10739120E+07
  ELMAX = -5.9342E-001 AT NODE     5432  SPEEDMAX =  3.7260E-001 AT NODE     3430  ON MYPROC =    0
 TIME STEP =   13500  83.48% COMPLETE     ITERATIONS =   22     TIME =  0.10819263E+07
  ELMAX = -7.7487E-001 AT NODE     5434  SPEEDMAX =  3.5907E-001 AT NODE     5227  ON MYPROC =    0
 TIME STEP =   13600  84.10% COMPLETE     ITERATIONS =   22     TIME =  0.10899405E+07
  ELMAX =  4.3362E-001 AT NODE     5368  SPEEDMAX =  4.3261E-001 AT NODE     5404  ON MYPROC =    0
 TIME STEP =   13700  84.72% COMPLETE     ITERATIONS =   21     TIME =  0.10979548E+07
  ELMAX =  9.2242E-001 AT NODE     5432  SPEEDMAX =  3.5526E-001 AT NODE     3596  ON MYPROC =    0
 TIME STEP =   13800  85.34% COMPLETE     ITERATIONS =   22     TIME =  0.11059691E+07
  ELMAX =  6.9057E-001 AT NODE     5434  SPEEDMAX =  4.7851E-001 AT NODE     5385  ON MYPROC =    0
 TIME STEP =   13900  85.96% COMPLETE     ITERATIONS =   22     TIME =  0.11139833E+07
  ELMAX = -6.4071E-001 AT NODE     5187  SPEEDMAX =  4.7838E-001 AT NODE     5404  ON MYPROC =    0
 TIME STEP =   14000  86.57% COMPLETE     ITERATIONS =   21     TIME =  0.11219976E+07
  ELMAX = -9.4807E-001 AT NODE     5432  SPEEDMAX =  2.8549E-001 AT NODE     4178  ON MYPROC =    0
 TIME STEP =   14100  87.19% COMPLETE     ITERATIONS =   23     TIME =  0.11300119E+07
  ELMAX = -8.8915E-001 AT NODE     5434  SPEEDMAX =  4.9623E-001 AT NODE     5385  ON MYPROC =    0
 TIME STEP =   14200  87.81% COMPLETE     ITERATIONS =   22     TIME =  0.11380261E+07
  ELMAX =  4.8075E-001 AT NODE     5306  SPEEDMAX =  4.6443E-001 AT NODE     5230  ON MYPROC =    0
 TIME STEP =   14300  88.43% COMPLETE     ITERATIONS =   22     TIME =  0.11460404E+07
  ELMAX =  1.0356E+000 AT NODE     5432  SPEEDMAX =  2.8608E-001 AT NODE     4920  ON MYPROC =    0
 TIME STEP =   14400  89.05% COMPLETE     ITERATIONS =   22     TIME =  0.11540547E+07
  ELMAX =  5.4532E-001 AT NODE     5434  SPEEDMAX =  5.2668E-001 AT NODE     5385  ON MYPROC =    0
 TIME STEP =   14500  89.67% COMPLETE     ITERATIONS =   22     TIME =  0.11620689E+07
  ELMAX = -5.5673E-001 AT NODE     5424  SPEEDMAX =  4.1982E-001 AT NODE     3596  ON MYPROC =    0
 TIME STEP =   14600  90.29% COMPLETE     ITERATIONS =   22     TIME =  0.11700832E+07
  ELMAX = -9.7302E-001 AT NODE     5434  SPEEDMAX =  3.4622E-001 AT NODE     5122  ON MYPROC =    0
 TIME STEP =   14700  90.90% COMPLETE     ITERATIONS =   23     TIME =  0.11780975E+07
  ELMAX =  4.4615E-001 AT NODE     5368  SPEEDMAX =  5.5080E-001 AT NODE     5387  ON MYPROC =    0
 TIME STEP =   14800  91.52% COMPLETE     ITERATIONS =   21     TIME =  0.11861118E+07
  ELMAX =  8.4718E-001 AT NODE     5432  SPEEDMAX =  4.0956E-001 AT NODE     3596  ON MYPROC =    0
 TIME STEP =   14900  92.14% COMPLETE     ITERATIONS =   22     TIME =  0.11941260E+07
  ELMAX =  1.1454E+000 AT NODE     5434  SPEEDMAX =  4.3665E-001 AT NODE     5187  ON MYPROC =    0
 TIME STEP =   15000  92.76% COMPLETE     ITERATIONS =   22     TIME =  0.12021403E+07
  ELMAX = -5.9293E-001 AT NODE     5368  SPEEDMAX =  6.3333E-001 AT NODE     5387  ON MYPROC =    0
 TIME STEP =   15100  93.38% COMPLETE     ITERATIONS =   20     TIME =  0.12101546E+07
  ELMAX = -9.1715E-001 AT NODE     5424  SPEEDMAX =  3.7896E-001 AT NODE     5332  ON MYPROC =    0
 TIME STEP =   15200  94.00% COMPLETE     ITERATIONS =   22     TIME =  0.12181688E+07
  ELMAX = -1.2297E+000 AT NODE     5434  SPEEDMAX =  5.1150E-001 AT NODE     5385  ON MYPROC =    0
 TIME STEP =   15300  94.61% COMPLETE     ITERATIONS =   22     TIME =  0.12261831E+07
  ELMAX =  5.8381E-001 AT NODE     5368  SPEEDMAX =  5.9211E-001 AT NODE     5404  ON MYPROC =    0
 TIME STEP =   15400  95.23% COMPLETE     ITERATIONS =   22     TIME =  0.12341974E+07
  ELMAX =  1.1100E+000 AT NODE     5432  SPEEDMAX =  3.8376E-001 AT NODE     5262  ON MYPROC =    0
 TIME STEP =   15500  95.85% COMPLETE     ITERATIONS =   22     TIME =  0.12422116E+07
  ELMAX =  9.6775E-001 AT NODE     5434  SPEEDMAX =  5.7726E-001 AT NODE     5385  ON MYPROC =    0
 TIME STEP =   15600  96.47% COMPLETE     ITERATIONS =   22     TIME =  0.12502259E+07
  ELMAX = -6.7464E-001 AT NODE     5387  SPEEDMAX =  5.7279E-001 AT NODE     5404  ON MYPROC =    0
 TIME STEP =   15700  97.09% COMPLETE     ITERATIONS =   22     TIME =  0.12582402E+07
  ELMAX = -1.0513E+000 AT NODE     5432  SPEEDMAX =  4.0204E-001 AT NODE     5122  ON MYPROC =    0
 TIME STEP =   15800  97.71% COMPLETE     ITERATIONS =   22     TIME =  0.12662544E+07
  ELMAX = -9.3007E-001 AT NODE     5434  SPEEDMAX =  6.3251E-001 AT NODE     5387  ON MYPROC =    0
 TIME STEP =   15900  98.32% COMPLETE     ITERATIONS =   22     TIME =  0.12742687E+07
  ELMAX =  7.7086E-001 AT NODE     5424  SPEEDMAX =  5.2794E-001 AT NODE     5424  ON MYPROC =    0
 TIME STEP =   16000  98.94% COMPLETE     ITERATIONS =   22     TIME =  0.12822830E+07
  ELMAX =  1.4022E+000 AT NODE     5433  SPEEDMAX =  4.2927E-001 AT NODE     5122  ON MYPROC =    0
 TIME STEP =   16100  99.56% COMPLETE     ITERATIONS =   23     TIME =  0.12902972E+07
  ELMAX = -5.9031E-001 AT NODE     5368  SPEEDMAX =  7.3160E-001 AT NODE     5387  ON MYPROC =    0
INFO: writeHotstart:  HOT START OUTPUT WRITTEN TO UNIT 67 AT TIME STEP =     16171 TIME =  0.12959874E+07
 MPI terminated with Status =            0
Hot start run with wind/hurricane forcing ................ 
 INFO: Processing --np
 INFO: Processing --partmesh
 File                                                      fort.14
 WAS FOUND!  Opening & Processing file

 from alloc_main1: 
  
 memory currently allocated =              16927096  bytes
 memory high water mark     =              33028024  bytes
  
  
 memory currently allocated =              19087456  bytes
 memory high water mark     =              33028024  bytes
  
 Global Grid file read successfully.
INFO: This mesh has 0 weir node pairs.
INFO: Maximum number of duals for any weir node is 0.
 maximum co-nodes for any node =           18
 edge count =        89861
 
 Grid Partition Data
 METIS 4.0 will require approximately       139668051749272  bytes
 Total Edges Cut =         7862
INFO: Writing mesh partition to partmesh.txt.
 INFO: METIS has partitioned nodes successfully.
  
 memory currently allocated =              19087456  bytes
 memory high water mark     =              33028024  bytes
  
 INFO: Processing --np
 INFO: Processing --prepall
 File                                                      fort.14
 WAS FOUND!  Opening & Processing file

 File fort.15                                                     
 WAS FOUND!  Opening & Processing file

 INFO: The metControl namelist was not found.
 Elevation Station Locations contained in fort.15
 Velocity Station Locations Contained in fort.15
 MET Station Locations Contained in fort.15
 NHSTAR =            0
 *****************************************************
 *   Based on input and information extracted from   *
 *   the ADCIRC UNIT 14 and 15 (grid and horiz run   *
 *   info) files the following paramter values will  *
 *   be set:                                         *
 *                                                   *
 *       MNPROC =     6                             *
 *       MNE =    58369      MNP =    31435          *
 *       MNEI =      10                               *
 *       MNOPE =      1      MNETA =    103          *
 *       MNBOU =     59      MNVEL =   4573          *
 *       MNTIF =      8      MNBFR =      8          *
 *       MNSTAE =     1      MNSTAV =     1          *
 *       MNSTAC =     1      MNSTAM =     1          *
 *       MNWP =   31435                               *
 *       MNWLAT =     1      MNWLON =     1          *
 *       MNFFR =      1                              *
 *                                                   *
 *   Also, NWS=+-20 Generalized Asym. Model is used  *
 *   means and variance calculation will NOT be made,*
 *   the GWCE matrix will be left in consistent form *
 *   and an iterative solver will be used            *
 *****************************************************

 from alloc_main1: 
  
 memory currently allocated =              16992552  bytes
 memory high water mark     =              33158936  bytes
  
  
 memory currently allocated =              19152912  bytes
 memory high water mark     =              33158936  bytes
  
 Global Grid file read successfully.
 INFO: Opening file partmesh.txt
 INFO: Closed partmesh.txt file.
 INFO: Start reading in fort.15.
 nstae=           0
 Elevation Station Locations contained in fort.15
 Velocity Station Locations Contained in fort.15
 MET Station Locations Contained in fort.15
  
 memory currently allocated =              19152920  bytes
 memory high water mark     =              33158936  bytes
  
 INFO: Fulldomain fort.15 file read successfully.
 INFO: Initializing the netCDF output files.
  
 Determine the parameters MNPP and MNEP
  Setting MNPP =         5580
  Setting MNEP =        10055
 Allocate arrays dimensioned by MNPP and MNEP
 from alloc_main2: 
  
 memory currently allocated =              20262175  bytes
 memory high water mark     =              33158936  bytes
  
  
 Decomposition of grid begins
 Decomposition Data
 DOMAIN  RES_NODES  GHOST_NODES  TOT_NODES  ELEMENTS
 ------  ---------  -----------  ---------  --------
 GLOBAL                             31435      58369
 PE0000      5336         98         5434      10055
 PE0001      5162        158         5320       9850
 PE0002      5522         58         5580       9947
 PE0003      5246        107         5353      10029
 PE0004      5103         61         5164       9496
 PE0005      5066        182         5248       9638
 Decomposition successful
 Writing Local UNIT 14 (Grid) File for each PE
  
 Boundary Node Decomposition Data
 DOMAIN      NOPE    NETA    NBOU  NVEL    NWEIR
 GLOBAL       1     103      59    4514       0
 PE0000       1      42      21     734       0
 PE0001       0       0       6     649       0
 PE0002       0       0      10    1182       0
 PE0003       0       0      16     615       0
 PE0004       1      52       5     732       0
 PE0005       1      13      13     701       0
 Writing Local UNIT 15 (Run Info) File for each PE
  
 Station Data
 DOMAIN      NSTAE   NSTAV    NSTAC    NSTAM
 GLOBAL       0       0       0       0
 PE0000       0       0       0       0
 PE0001       0       0       0       0
 PE0002       0       0       0       0
 PE0003       0       0       0       0
 PE0004       0       0       0       0
 PE0005       0       0       0       0
 Writing Message-Passing Info Files for each PE
  
 Communication Data
 DOMAIN  COMM_PE  %(SURF/VOL)
 ------  -------  -----------
 PE0000        2      1.84
 PE0001        3      3.06
 PE0002        1      1.05
 PE0003        2      2.04
 PE0004        1      1.20
 PE0005        3      3.59
  
 memory currently allocated =              20262175  bytes
 memory high water mark     =              33158936  bytes
  


 Writing subdomain Nodal Attributes (unit 13)
 file for each PE.
File fort.13 
 WAS FOUND!  Opening & Processing file.

     Finished processing primitive_weighting_in_continuity_equation                                      
 for processor range            1  to            6
     Finished processing mannings_n_at_sea_floor                                                         
 for processor range            1  to            6
  
 memory currently allocated =              20262167  bytes
 memory high water mark     =              33158936  bytes
  
 Writing domain-decomposition file for post-processor
 
 INFO: Finished pre-processing input files.
  
 memory currently allocated =              20262167  bytes
 memory high water mark     =              33158936  bytes
  
 INFO: Searching for ADCIRC subdomain directories:
 INFO: Looking for './PE0000/fort.14' ...
 INFO: File './PE0000/fort.14' was found!
 INFO: The search for the subdomain directory was completed successfully.
 INFO: The ROOTDIR is  '.'.
 INFO: The INPUTDIR is './PE0000'.
 INFO: The GBLINPUTDIR is '.'.
 INFO: The GLOBALDIR is '.'.
 INFO: The LOCALDIR is './PE0000'.
WARNING: read14FindDims: Number of land boundary nodes was set to 734 but 714 were found.

 _______________________________________________________________________________


                   PROGRAM ADCIRC   VERSION v56.0.1-10-g4b5be3a

     AN ADVANCED CIRCULATION MODEL FOR SHELVES, COASTAL SEAS AND ESTUARIES


       -  DEVELOPED BY

          R.A. LUETTICH, JR
            UNIVERSITY OF NORTH CAROLINA AT CHAPEL HILL
            INSTITUTE OF MARINE SCIENCES

          J.J. WESTERINK 
            DEPARTMENT OF CIVIL ENGINEERING AND GEOLOGICAL SCIENCES
            UNIVERSITY OF NOTRE DAME


       -  THE ADCIRC SOURCE CODE IS COPYRIGHTED BY

          R.A. LUETTICH, JR. AND J.J. WESTERINK, 1994-2006

       NO PART OF THIS CODE MAY BE REPRODUCED OR REDISTRIBUTED
          WITHOUT THE WRITTEN PERMISSION OF THE AUTHORS



 _______________________________________________________________________________
INFO: initializeMesh: THE NEIGHBOR TABLE IS BEING COMPUTED.
INFO: initializeMesh: THE NEIGHBOR TABLE IS COMPLETED. THE MINIMUM NUMBER OF NEIGHBORS FOR ANY NODE = 3. 1+THE MAXIMUM NUMBER OF NEIGHBORS FOR ANY NODE = 9. THE PARAMETER MNEI CAN BE SET AS SMALL AS 9.
ADCIRC Version is v56.0.1-10-g4b5be3a                                                             
ADCIRC Commit hash is 4b5be3a451a9867f9a1595e0dcea2b59b553337e                                        
INFO: openFileForRead: The file './maxele.63' was not found.
INFO: readAndMapToSubdomainMaxMin: Values from ./maxele.63 will not reflect the solution prior to this hotstart.
INFO: readAndMapToSubdomainMaxMinNetCDF: The file ./maxele.63.nccontains no data, so the min/max record will be started anew.
INFO: openFileForRead: The file './maxvel.63' was not found.
INFO: readAndMapToSubdomainMaxMin: Values from ./maxvel.63 will not reflect the solution prior to this hotstart.
INFO: readAndMapToSubdomainMaxMinNetCDF: The file ./maxvel.63.nccontains no data, so the min/max record will be started anew.
INFO: openFileForRead: The file './maxwvel.63' was not found.
INFO: readAndMapToSubdomainMaxMin: Values from ./maxwvel.63 will not reflect the solution prior to this hotstart.
INFO: readAndMapToSubdomainMaxMinNetCDF: The file ./maxwvel.63.nccontains no data, so the min/max record will be started anew.
INFO: openFileForRead: The file './minpr.63' was not found.
INFO: readAndMapToSubdomainMaxMin: Values from ./minpr.63 will not reflect the solution prior to this hotstart.
INFO: readAndMapToSubdomainMaxMinNetCDF: The file ./minpr.63.nccontains no data, so the min/max record will be started anew.

 _______________________________________________________________________________


 LIMITED RUNTIME INFORMATION SECTION 


INFO: ADCIRC_Run: Begin timestepping.
 TIME STEP =   16200   0.24% COMPLETE     ITERATIONS =   21     TIME =  0.12983115E+07
  ELMAX = -9.0282E-001 AT NODE     5424  SPEEDMAX =  4.7518E-001 AT NODE     5230  ON MYPROC =    0
 TIME STEP =   16300   1.09% COMPLETE     ITERATIONS =   23     TIME =  0.13063258E+07
  ELMAX = -1.3338E+000 AT NODE     5434  SPEEDMAX =  5.1038E-001 AT NODE     5181  ON MYPROC =    0
 TIME STEP =   16400   1.93% COMPLETE     ITERATIONS =   22     TIME =  0.13143401E+07
  ELMAX =  6.7288E-001 AT NODE     5368  SPEEDMAX =  6.8286E-001 AT NODE     5387  ON MYPROC =    0
 TIME STEP =   16500   2.77% COMPLETE     ITERATIONS =   21     TIME =  0.13223543E+07
  ELMAX =  1.0960E+000 AT NODE     5432  SPEEDMAX =  4.8645E-001 AT NODE     5262  ON MYPROC =    0
 TIME STEP =   16600   3.62% COMPLETE     ITERATIONS =   23     TIME =  0.13303686E+07
  ELMAX =  1.3204E+000 AT NODE     5434  SPEEDMAX =  6.0176E-001 AT NODE     5385  ON MYPROC =    0
 TIME STEP =   16700   4.46% COMPLETE     ITERATIONS =   22     TIME =  0.13383829E+07
  ELMAX = -8.1023E-001 AT NODE     5368  SPEEDMAX =  6.9667E-001 AT NODE     5387  ON MYPROC =    0
 TIME STEP =   16800   5.30% COMPLETE     ITERATIONS =   22     TIME =  0.13463971E+07
  ELMAX = -1.0816E+000 AT NODE     5424  SPEEDMAX =  4.3854E-001 AT NODE     5122  ON MYPROC =    0
 TIME STEP =   16900   6.15% COMPLETE     ITERATIONS =   23     TIME =  0.13544114E+07
  ELMAX = -1.3307E+000 AT NODE     5434  SPEEDMAX =  6.8461E-001 AT NODE     5385  ON MYPROC =    0
 TIME STEP =   17000   6.99% COMPLETE     ITERATIONS =   22     TIME =  0.13624257E+07
  ELMAX =  8.7324E-001 AT NODE     5306  SPEEDMAX =  6.5598E-001 AT NODE     5424  ON MYPROC =    0
 TIME STEP =   17100   7.83% COMPLETE     ITERATIONS =   22     TIME =  0.13704399E+07
  ELMAX =  1.5395E+000 AT NODE     5432  SPEEDMAX =  4.7982E-001 AT NODE     5122  ON MYPROC =    0
 TIME STEP =   17200   8.68% COMPLETE     ITERATIONS =   23     TIME =  0.13784542E+07
  ELMAX =  6.9797E-001 AT NODE     5434  SPEEDMAX =  7.8353E-001 AT NODE     5387  ON MYPROC =    0
 TIME STEP =   17300   9.52% COMPLETE     ITERATIONS =   22     TIME =  0.13864685E+07
  ELMAX = -9.4557E-001 AT NODE     5390  SPEEDMAX =  5.8166E-001 AT NODE     5404  ON MYPROC =    0
 TIME STEP =   17400  10.36% COMPLETE     ITERATIONS =   22     TIME =  0.13944827E+07
  ELMAX = -1.3505E+000 AT NODE     5432  SPEEDMAX =  5.1043E-001 AT NODE     5122  ON MYPROC =    0
 TIME STEP =   17500  11.21% COMPLETE     ITERATIONS =   23     TIME =  0.14024970E+07
  ELMAX =  7.3452E-001 AT NODE     5368  SPEEDMAX =  7.5365E-001 AT NODE     5387  ON MYPROC =    0
 TIME STEP =   17600  12.05% COMPLETE     ITERATIONS =   21     TIME =  0.14105113E+07
  ELMAX =  1.0791E+000 AT NODE     5424  SPEEDMAX =  5.6623E-001 AT NODE     5262  ON MYPROC =    0
 TIME STEP =   17700  12.89% COMPLETE     ITERATIONS =   23     TIME =  0.14185255E+07
  ELMAX =  1.5823E+000 AT NODE     5434  SPEEDMAX =  6.0681E-001 AT NODE     5385  ON MYPROC =    0
 TIME STEP =   17800  13.74% COMPLETE     ITERATIONS =   23     TIME =  0.14265398E+07
  ELMAX = -9.1536E-001 AT NODE     5368  SPEEDMAX =  7.9906E-001 AT NODE     5387  ON MYPROC =    0
 TIME STEP =   17900  14.58% COMPLETE     ITERATIONS =   22     TIME =  0.14345541E+07
  ELMAX = -1.1593E+000 AT NODE     5424  SPEEDMAX =  4.6781E-001 AT NODE     4318  ON MYPROC =    0
 TIME STEP =   18000  15.42% COMPLETE     ITERATIONS =   23     TIME =  0.14425683E+07
  ELMAX = -1.5282E+000 AT NODE     5434  SPEEDMAX =  7.1478E-001 AT NODE     5385  ON MYPROC =    0
 TIME STEP =   18100  16.27% COMPLETE     ITERATIONS =   23     TIME =  0.14505826E+07
  ELMAX =  9.4948E-001 AT NODE     5306  SPEEDMAX =  7.3560E-001 AT NODE     5424  ON MYPROC =    0
 TIME STEP =   18200  17.11% COMPLETE     ITERATIONS =   23     TIME =  0.14585969E+07
  ELMAX =  1.5582E+000 AT NODE     5432  SPEEDMAX =  5.1247E-001 AT NODE     5122  ON MYPROC =    0
 TIME STEP =   18300  17.95% COMPLETE     ITERATIONS =   23     TIME =  0.14666112E+07
  ELMAX =  1.0160E+000 AT NODE     5434  SPEEDMAX =  8.0203E-001 AT NODE     5387  ON MYPROC =    0
 TIME STEP =   18400  18.80% COMPLETE     ITERATIONS =   22     TIME =  0.14746254E+07
  ELMAX = -1.0068E+000 AT NODE     5390  SPEEDMAX =  6.7103E-001 AT NODE     5404  ON MYPROC =    0
 TIME STEP =   18500  19.64% COMPLETE     ITERATIONS =   23     TIME =  0.14826397E+07
  ELMAX = -1.3305E+000 AT NODE     5432  SPEEDMAX =  5.5061E-001 AT NODE     5122  ON MYPROC =    0
 TIME STEP =   18600  20.48% COMPLETE     ITERATIONS =   24     TIME =  0.14906540E+07
  ELMAX = -1.0068E+000 AT NODE     5434  SPEEDMAX =  7.9765E-001 AT NODE     5387  ON MYPROC =    0
 TIME STEP =   18700  21.33% COMPLETE     ITERATIONS =   22     TIME =  0.14986682E+07
  ELMAX =  1.0906E+000 AT NODE     5424  SPEEDMAX =  6.1443E-001 AT NODE     5262  ON MYPROC =    0
 TIME STEP =   18800  22.17% COMPLETE     ITERATIONS =   23     TIME =  0.15066825E+07
  ELMAX =  1.7447E+000 AT NODE     5434  SPEEDMAX =  5.9247E-001 AT NODE     5385  ON MYPROC =    0
 TIME STEP =   18900  23.01% COMPLETE     ITERATIONS =   23     TIME =  0.15146968E+07
  ELMAX = -9.6863E-001 AT NODE     5368  SPEEDMAX =  8.6969E-001 AT NODE     5387  ON MYPROC =    0
 TIME STEP =   19000  23.86% COMPLETE     ITERATIONS =   23     TIME =  0.15227110E+07
  ELMAX = -1.1815E+000 AT NODE     5424  SPEEDMAX =  5.2363E-001 AT NODE     5230  ON MYPROC =    0
 TIME STEP =   19100  24.70% COMPLETE     ITERATIONS =   23     TIME =  0.15307253E+07
  ELMAX = -1.6045E+000 AT NODE     5434  SPEEDMAX =  7.1648E-001 AT NODE     5385  ON MYPROC =    0
 TIME STEP =   19200  25.54% COMPLETE     ITERATIONS =   23     TIME =  0.15387396E+07
  ELMAX =  9.6691E-001 AT NODE     5306  SPEEDMAX =  7.7554E-001 AT NODE     5424  ON MYPROC =    0
 TIME STEP =   19300  26.39% COMPLETE     ITERATIONS =   22     TIME =  0.15467538E+07
  ELMAX =  1.4911E+000 AT NODE     5434  SPEEDMAX =  5.1792E-001 AT NODE     5080  ON MYPROC =    0
 TIME STEP =   19400  27.23% COMPLETE     ITERATIONS =   23     TIME =  0.15547681E+07
  ELMAX =  1.2901E+000 AT NODE     5434  SPEEDMAX =  7.8758E-001 AT NODE     5385  ON MYPROC =    0
 TIME STEP =   19500  28.07% COMPLETE     ITERATIONS =   22     TIME =  0.15627824E+07
  ELMAX = -1.0154E+000 AT NODE     5387  SPEEDMAX =  7.2655E-001 AT NODE     5404  ON MYPROC =    0
 TIME STEP =   19600  28.91% COMPLETE     ITERATIONS =   22     TIME =  0.15707966E+07
  ELMAX = -1.2764E+000 AT NODE     5432  SPEEDMAX =  5.7566E-001 AT NODE     5122  ON MYPROC =    0
 TIME STEP =   19700  29.76% COMPLETE     ITERATIONS =   23     TIME =  0.15788109E+07
  ELMAX = -1.2337E+000 AT NODE     5434  SPEEDMAX =  8.1685E-001 AT NODE     5387  ON MYPROC =    0
 TIME STEP =   19800  30.60% COMPLETE     ITERATIONS =   22     TIME =  0.15868252E+07
  ELMAX =  1.0707E+000 AT NODE     5424  SPEEDMAX =  6.5596E-001 AT NODE     5424  ON MYPROC =    0
 TIME STEP =   19900  31.44% COMPLETE     ITERATIONS =   22     TIME =  0.15948395E+07
  ELMAX =  1.8233E+000 AT NODE     5434  SPEEDMAX =  5.8906E-001 AT NODE     5241  ON MYPROC =    0
 TIME STEP =   20000  32.29% COMPLETE     ITERATIONS =   22     TIME =  0.16028537E+07
  ELMAX = -9.6463E-001 AT NODE     5368  SPEEDMAX =  9.0962E-001 AT NODE     5387  ON MYPROC =    0
 TIME STEP =   20100  33.13% COMPLETE     ITERATIONS =   22     TIME =  0.16108680E+07
  ELMAX = -1.1891E+000 AT NODE     5335  SPEEDMAX =  5.8053E-001 AT NODE     5230  ON MYPROC =    0
 TIME STEP =   20200  33.97% COMPLETE     ITERATIONS =   23     TIME =  0.16188823E+07
  ELMAX = -1.6128E+000 AT NODE     5434  SPEEDMAX =  6.8648E-001 AT NODE     5385  ON MYPROC =    0
 TIME STEP =   20300  34.82% COMPLETE     ITERATIONS =   23     TIME =  0.16268965E+07
  ELMAX =  9.3537E-001 AT NODE     5368  SPEEDMAX =  8.0071E-001 AT NODE     5404  ON MYPROC =    0
 TIME STEP =   20400  35.66% COMPLETE     ITERATIONS =   23     TIME =  0.16349108E+07
  ELMAX =  1.3448E+000 AT NODE     5434  SPEEDMAX =  5.6072E-001 AT NODE     5262  ON MYPROC =    0
 TIME STEP =   20500  36.50% COMPLETE     ITERATIONS =   23     TIME =  0.16429251E+07
  ELMAX =  1.4889E+000 AT NODE     5434  SPEEDMAX =  7.4641E-001 AT NODE     5385  ON MYPROC =    0
 TIME STEP =   20600  37.35% COMPLETE     ITERATIONS =   23     TIME =  0.16509393E+07
  ELMAX = -9.8498E-001 AT NODE     5387  SPEEDMAX =  7.5486E-001 AT NODE     5404  ON MYPROC =    0
 TIME STEP =   20700  38.19% COMPLETE     ITERATIONS =   22     TIME =  0.16589536E+07
  ELMAX = -1.1998E+000 AT NODE     5432  SPEEDMAX =  6.0477E-001 AT NODE     4318  ON MYPROC =    0
 TIME STEP =   20800  39.03% COMPLETE     ITERATIONS =   23     TIME =  0.16669679E+07
  ELMAX = -1.3492E+000 AT NODE     5434  SPEEDMAX =  8.0895E-001 AT NODE     5387  ON MYPROC =    0
 TIME STEP =   20900  39.88% COMPLETE     ITERATIONS =   23     TIME =  0.16749821E+07
  ELMAX =  1.0879E+000 AT NODE     5306  SPEEDMAX =  6.9001E-001 AT NODE     5424  ON MYPROC =    0
 TIME STEP =   21000  40.72% COMPLETE     ITERATIONS =   22     TIME =  0.16829964E+07
  ELMAX =  1.8409E+000 AT NODE     5433  SPEEDMAX =  5.8070E-001 AT NODE     5241  ON MYPROC =    0
 TIME STEP =   21100  41.56% COMPLETE     ITERATIONS =   23     TIME =  0.16910107E+07
  ELMAX = -8.9872E-001 AT NODE     5368  SPEEDMAX =  9.1841E-001 AT NODE     5387  ON MYPROC =    0
 TIME STEP =   21200  42.41% COMPLETE     ITERATIONS =   23     TIME =  0.16990249E+07
  ELMAX = -1.2162E+000 AT NODE     5335  SPEEDMAX =  6.1346E-001 AT NODE     5230  ON MYPROC =    0
 TIME STEP =   21300  43.25% COMPLETE     ITERATIONS =   22     TIME =  0.17070392E+07
  ELMAX = -1.5811E+000 AT NODE     5432  SPEEDMAX =  6.2681E-001 AT NODE     5385  ON MYPROC =    0
 TIME STEP =   21400  44.09% COMPLETE     ITERATIONS =   23     TIME =  0.17150535E+07
  ELMAX =  8.4903E-001 AT NODE     5368  SPEEDMAX =  8.0581E-001 AT NODE     5387  ON MYPROC =    0
 TIME STEP =   21500  44.94% COMPLETE     ITERATIONS =   22     TIME =  0.17230677E+07
  ELMAX =  1.1685E+000 AT NODE     5424  SPEEDMAX =  5.9019E-001 AT NODE     5262  ON MYPROC =    0
 TIME STEP =   21600  45.78% COMPLETE     ITERATIONS =   24     TIME =  0.17310820E+07
  ELMAX =  1.5885E+000 AT NODE     5434  SPEEDMAX =  6.7224E-001 AT NODE     5385  ON MYPROC =    0
 TIME STEP =   21700  46.62% COMPLETE     ITERATIONS =   23     TIME =  0.17390963E+07
  ELMAX = -9.0209E-001 AT NODE     5387  SPEEDMAX =  7.5610E-001 AT NODE     5404  ON MYPROC =    0
 TIME STEP =   21800  47.47% COMPLETE     ITERATIONS =   23     TIME =  0.17471106E+07
  ELMAX = -1.1318E+000 AT NODE     5424  SPEEDMAX =  6.5485E-001 AT NODE     4318  ON MYPROC =    0
 TIME STEP =   21900  48.31% COMPLETE     ITERATIONS =   23     TIME =  0.17551248E+07
  ELMAX = -1.3776E+000 AT NODE     5434  SPEEDMAX =  7.7327E-001 AT NODE     5387  ON MYPROC =    0
 TIME STEP =   22000  49.15% COMPLETE     ITERATIONS =   24     TIME =  0.17631391E+07
  ELMAX =  1.0705E+000 AT NODE     5306  SPEEDMAX =  6.9988E-001 AT NODE     5424  ON MYPROC =    0
 TIME STEP =   22100  50.00% COMPLETE     ITERATIONS =   23     TIME =  0.17711534E+07
  ELMAX =  1.7977E+000 AT NODE     5432  SPEEDMAX =  5.6165E-001 AT NODE     4318  ON MYPROC =    0
 TIME STEP =   22200  50.84% COMPLETE     ITERATIONS =   24     TIME =  0.17791676E+07
  ELMAX = -7.7767E-001 AT NODE     5368  SPEEDMAX =  8.9607E-001 AT NODE     5387  ON MYPROC =    0
 TIME STEP =   22300  51.68% COMPLETE     ITERATIONS =   23     TIME =  0.17871819E+07
  ELMAX = -1.1641E+000 AT NODE     5335  SPEEDMAX =  6.3162E-001 AT NODE     5230  ON MYPROC =    0
 TIME STEP =   22400  52.53% COMPLETE     ITERATIONS =   24     TIME =  0.17951962E+07
  ELMAX = -1.5206E+000 AT NODE     5432  SPEEDMAX =  6.3974E-001 AT NODE      633  ON MYPROC =    0
 TIME STEP =   22500  53.37% COMPLETE     ITERATIONS =   24     TIME =  0.18032104E+07
  ELMAX = -8.7029E-001 AT NODE     5434  SPEEDMAX =  7.9113E-001 AT NODE     5387  ON MYPROC =    0
 TIME STEP =   22600  54.21% COMPLETE     ITERATIONS =   23     TIME =  0.18112247E+07
  ELMAX =  1.0259E+000 AT NODE     5424  SPEEDMAX =  9.7382E-001 AT NODE      518  ON MYPROC =    0
 TIME STEP =   22700  55.06% COMPLETE     ITERATIONS =   24     TIME =  0.18192390E+07
  ELMAX =  1.5796E+000 AT NODE     5434  SPEEDMAX =  1.1500E+000 AT NODE      635  ON MYPROC =    0
 TIME STEP =   22800  55.90% COMPLETE     ITERATIONS =   24     TIME =  0.18272532E+07
  ELMAX =  9.2013E-001 AT NODE      165  SPEEDMAX =  7.9508E-001 AT NODE      518  ON MYPROC =    0
 TIME STEP =   22900  56.74% COMPLETE     ITERATIONS =   24     TIME =  0.18352675E+07
  ELMAX = -1.0418E+000 AT NODE     5424  SPEEDMAX =  6.6486E-001 AT NODE     4318  ON MYPROC =    0
 TIME STEP =   23000  57.58% COMPLETE     ITERATIONS =   25     TIME =  0.18432818E+07
  ELMAX = -1.3399E+000 AT NODE     5434  SPEEDMAX =  7.0984E-001 AT NODE     5385  ON MYPROC =    0
 TIME STEP =   23100  58.43% COMPLETE     ITERATIONS =   24     TIME =  0.18512960E+07
  ELMAX =  9.9445E-001 AT NODE     5306  SPEEDMAX =  6.8730E-001 AT NODE     5424  ON MYPROC =    0
 TIME STEP =   23200  59.27% COMPLETE     ITERATIONS =   24     TIME =  0.18593103E+07
  ELMAX =  1.6814E+000 AT NODE     5432  SPEEDMAX =  5.6174E-001 AT NODE     4318  ON MYPROC =    0
 TIME STEP =   23300  60.11% COMPLETE     ITERATIONS =   24     TIME =  0.18673246E+07
  ELMAX =  7.4594E-001 AT NODE     5433  SPEEDMAX =  8.3921E-001 AT NODE     5387  ON MYPROC =    0
 TIME STEP =   23400  60.96% COMPLETE     ITERATIONS =   24     TIME =  0.18753389E+07
  ELMAX = -1.0806E+000 AT NODE     5390  SPEEDMAX =  6.4243E-001 AT NODE     5404  ON MYPROC =    0
 TIME STEP =   23500  61.80% COMPLETE     ITERATIONS =   24     TIME =  0.18833531E+07
  ELMAX = -1.4193E+000 AT NODE     5432  SPEEDMAX =  4.8625E-001 AT NODE     5241  ON MYPROC =    0
 TIME STEP =   23600  62.64% COMPLETE     ITERATIONS =   24     TIME =  0.18913674E+07
  ELMAX = -1.0718E+000 AT NODE     5434  SPEEDMAX =  7.4868E-001 AT NODE     5387  ON MYPROC =    0
 TIME STEP =   23700  63.49% COMPLETE     ITERATIONS =   23     TIME =  0.18993817E+07
  ELMAX =  8.4676E-001 AT NODE     5424  SPEEDMAX =  5.6187E-001 AT NODE     5262  ON MYPROC =    0
 TIME STEP =   23800  64.33% COMPLETE     ITERATIONS =   24     TIME =  0.19073959E+07
  ELMAX =  1.4752E+000 AT NODE     5434  SPEEDMAX =  4.2391E-001 AT NODE     5385  ON MYPROC =    0
 TIME STEP =   23900  65.17% COMPLETE     ITERATIONS =   24     TIME =  0.19154102E+07
  ELMAX = -6.2181E-001 AT NODE     5368  SPEEDMAX =  7.0577E-001 AT NODE     5387  ON MYPROC =    0
 TIME STEP =   24000  66.02% COMPLETE     ITERATIONS =   23     TIME =  0.19234245E+07
  ELMAX = -9.1801E-001 AT NODE     5424  SPEEDMAX =  6.5387E-001 AT NODE     4318  ON MYPROC =    0
 TIME STEP =   24100  66.86% COMPLETE     ITERATIONS =   23     TIME =  0.19314387E+07
  ELMAX = -1.2576E+000 AT NODE     5434  SPEEDMAX =  6.1979E-001 AT NODE     5385  ON MYPROC =    0
 TIME STEP =   24200  67.70% COMPLETE     ITERATIONS =   23     TIME =  0.19394530E+07
  ELMAX =  8.5497E-001 AT NODE     5306  SPEEDMAX =  6.5484E-001 AT NODE     5424  ON MYPROC =    0
 TIME STEP =   24300  68.55% COMPLETE     ITERATIONS =   24     TIME =  0.19474673E+07
  ELMAX =  1.4903E+000 AT NODE     5432  SPEEDMAX =  5.3809E-001 AT NODE     4318  ON MYPROC =    0
 TIME STEP =   24400  69.39% COMPLETE     ITERATIONS =   24     TIME =  0.19554815E+07
  ELMAX =  8.8915E-001 AT NODE     5434  SPEEDMAX =  7.4798E-001 AT NODE     5387  ON MYPROC =    0
 TIME STEP =   24500  70.23% COMPLETE     ITERATIONS =   24     TIME =  0.19634958E+07
  ELMAX = -9.5211E-001 AT NODE     5187  SPEEDMAX =  6.3795E-001 AT NODE     5404  ON MYPROC =    0
 TIME STEP =   24600  71.08% COMPLETE     ITERATIONS =   24     TIME =  0.19715101E+07
  ELMAX = -1.2781E+000 AT NODE     5432  SPEEDMAX =  4.3109E-001 AT NODE     4318  ON MYPROC =    0
 TIME STEP =   24700  71.92% COMPLETE     ITERATIONS =   25     TIME =  0.19795243E+07
  ELMAX = -1.2000E+000 AT NODE     5434  SPEEDMAX =  6.7644E-001 AT NODE     5387  ON MYPROC =    0
 TIME STEP =   24800  72.76% COMPLETE     ITERATIONS =   24     TIME =  0.19875386E+07
  ELMAX =  6.5631E-001 AT NODE     5306  SPEEDMAX =  5.6327E-001 AT NODE     5424  ON MYPROC =    0
 TIME STEP =   24900  73.61% COMPLETE     ITERATIONS =   24     TIME =  0.19955529E+07
  ELMAX =  1.3124E+000 AT NODE     5433  SPEEDMAX =  4.0901E-001 AT NODE     4178  ON MYPROC =    0
 TIME STEP =   25000  74.45% COMPLETE     ITERATIONS =   24     TIME =  0.20035671E+07
  ELMAX =  4.4692E-001 AT NODE     5182  SPEEDMAX =  6.3998E-001 AT NODE     5387  ON MYPROC =    0
 TIME STEP =   25100  75.29% COMPLETE     ITERATIONS =   24     TIME =  0.20115814E+07
  ELMAX = -7.5422E-001 AT NODE     5424  SPEEDMAX =  5.9778E-001 AT NODE     3430  ON MYPROC =    0
 TIME STEP =   25200  76.14% COMPLETE     ITERATIONS =   23     TIME =  0.20195957E+07
  ELMAX = -1.1325E+000 AT NODE     5434  SPEEDMAX =  4.9096E-001 AT NODE     5385  ON MYPROC =    0
 TIME STEP =   25300  76.98% COMPLETE     ITERATIONS =   23     TIME =  0.20276100E+07
  ELMAX =  6.9318E-001 AT NODE     5368  SPEEDMAX =  6.0363E-001 AT NODE     5424  ON MYPROC =    0
 TIME STEP =   25400  77.82% COMPLETE     ITERATIONS =   22     TIME =  0.20356242E+07
  ELMAX =  1.2258E+000 AT NODE     5432  SPEEDMAX =  5.4842E-001 AT NODE     3596  ON MYPROC =    0
 TIME STEP =   25500  78.67% COMPLETE     ITERATIONS =   23     TIME =  0.20436385E+07
  ELMAX =  1.0383E+000 AT NODE     5434  SPEEDMAX =  6.2243E-001 AT NODE     5385  ON MYPROC =    0
 TIME STEP =   25600  79.51% COMPLETE     ITERATIONS =   23     TIME =  0.20516528E+07
  ELMAX = -7.6745E-001 AT NODE     5387  SPEEDMAX =  6.2336E-001 AT NODE     5404  ON MYPROC =    0
 TIME STEP =   25700  80.35% COMPLETE     ITERATIONS =   23     TIME =  0.20596670E+07
  ELMAX = -1.0920E+000 AT NODE     5432  SPEEDMAX =  4.2481E-001 AT NODE     3430  ON MYPROC =    0
 TIME STEP =   25800  81.20% COMPLETE     ITERATIONS =   23     TIME =  0.20676813E+07
  ELMAX = -1.2466E+000 AT NODE     5434  SPEEDMAX =  5.7654E-001 AT NODE     5385  ON MYPROC =    0
 TIME STEP =   25900  82.04% COMPLETE     ITERATIONS =   23     TIME =  0.20756956E+07
  ELMAX = -5.7422E-001 AT NODE     4900  SPEEDMAX =  5.5944E-001 AT NODE     5424  ON MYPROC =    0
 TIME STEP =   26000  82.88% COMPLETE     ITERATIONS =   22     TIME =  0.20837098E+07
  ELMAX =  1.1294E+000 AT NODE     5432  SPEEDMAX =  4.2718E-001 AT NODE     4178  ON MYPROC =    0
 TIME STEP =   26100  83.73% COMPLETE     ITERATIONS =   23     TIME =  0.20917241E+07
  ELMAX =  6.3807E-001 AT NODE     5434  SPEEDMAX =  5.4773E-001 AT NODE     5385  ON MYPROC =    0
 TIME STEP =   26200  84.57% COMPLETE     ITERATIONS =   23     TIME =  0.20997384E+07
  ELMAX = -5.4979E-001 AT NODE     5424  SPEEDMAX =  5.6860E-001 AT NODE     3596  ON MYPROC =    0
 TIME STEP =   26300  85.41% COMPLETE     ITERATIONS =   22     TIME =  0.21077526E+07
  ELMAX = -9.7810E-001 AT NODE     5434  SPEEDMAX =  5.0002E-001 AT NODE     4318  ON MYPROC =    0
 TIME STEP =   26400  86.26% COMPLETE     ITERATIONS =   23     TIME =  0.21157669E+07
  ELMAX =  4.9276E-001 AT NODE     5368  SPEEDMAX =  5.5480E-001 AT NODE     5387  ON MYPROC =    0
 TIME STEP =   26500  87.10% COMPLETE     ITERATIONS =   23     TIME =  0.21237812E+07
  ELMAX =  9.0973E-001 AT NODE     5432  SPEEDMAX =  5.4495E-001 AT NODE     3596  ON MYPROC =    0
 TIME STEP =   26600  87.94% COMPLETE     ITERATIONS =   22     TIME =  0.21317954E+07
  ELMAX =  1.1523E+000 AT NODE     5434  SPEEDMAX =  4.4419E-001 AT NODE     5187  ON MYPROC =    0
 TIME STEP =   26700  88.78% COMPLETE     ITERATIONS =   23     TIME =  0.21398097E+07
  ELMAX = -5.7468E-001 AT NODE     5368  SPEEDMAX =  6.2815E-001 AT NODE     5387  ON MYPROC =    0
 TIME STEP =   26800  89.63% COMPLETE     ITERATIONS =   22     TIME =  0.21478240E+07
  ELMAX = -9.0706E-001 AT NODE     5424  SPEEDMAX =  4.4971E-001 AT NODE     3596  ON MYPROC =    0
 TIME STEP =   26900  90.47% COMPLETE     ITERATIONS =   23     TIME =  0.21558383E+07
  ELMAX = -1.2184E+000 AT NODE     5434  SPEEDMAX =  4.5000E-001 AT NODE     5181  ON MYPROC =    0
 TIME STEP =   27000  91.31% COMPLETE     ITERATIONS =   23     TIME =  0.21638525E+07
  ELMAX = -5.6025E-001 AT NODE     4900  SPEEDMAX =  5.5504E-001 AT NODE     5404  ON MYPROC =    0
 TIME STEP =   27100  92.16% COMPLETE     ITERATIONS =   22     TIME =  0.21718668E+07
  ELMAX =  8.9379E-001 AT NODE     5432  SPEEDMAX =  4.2991E-001 AT NODE     4178  ON MYPROC =    0
 TIME STEP =   27200  93.00% COMPLETE     ITERATIONS =   23     TIME =  0.21798811E+07
  ELMAX =  9.3356E-001 AT NODE     5434  SPEEDMAX =  4.2330E-001 AT NODE     5385  ON MYPROC =    0
 TIME STEP =   27300  93.84% COMPLETE     ITERATIONS =   23     TIME =  0.21878953E+07
  ELMAX =  5.0337E-001 AT NODE     4900  SPEEDMAX =  5.1371E-001 AT NODE     3596  ON MYPROC =    0
 TIME STEP =   27400  94.69% COMPLETE     ITERATIONS =   22     TIME =  0.21959096E+07
  ELMAX = -8.2205E-001 AT NODE     5432  SPEEDMAX =  4.8702E-001 AT NODE     4318  ON MYPROC =    0
 TIME STEP =   27500  95.53% COMPLETE     ITERATIONS =   23     TIME =  0.22039239E+07
  ELMAX = -7.7340E-001 AT NODE     5434  SPEEDMAX =  4.9233E-001 AT NODE     5385  ON MYPROC =    0
 TIME STEP =   27600  96.37% COMPLETE     ITERATIONS =   23     TIME =  0.22119381E+07
  ELMAX =  5.8779E-001 AT NODE     5333  SPEEDMAX =  5.0507E-001 AT NODE     3596  ON MYPROC =    0
 TIME STEP =   27700  97.22% COMPLETE     ITERATIONS =   22     TIME =  0.22199524E+07
  ELMAX =  1.1457E+000 AT NODE     5433  SPEEDMAX =  3.8419E-001 AT NODE     4318  ON MYPROC =    0
 TIME STEP =   27800  98.06% COMPLETE     ITERATIONS =   23     TIME =  0.22279667E+07
  ELMAX =  4.5186E-001 AT NODE     5182  SPEEDMAX =  5.9801E-001 AT NODE     5387  ON MYPROC =    0
 TIME STEP =   27900  98.90% COMPLETE     ITERATIONS =   23     TIME =  0.22359809E+07
  ELMAX = -6.9960E-001 AT NODE     5424  SPEEDMAX =  4.6971E-001 AT NODE     3596  ON MYPROC =    0
 TIME STEP =   28000  99.75% COMPLETE     ITERATIONS =   24     TIME =  0.22439952E+07
  ELMAX = -1.1270E+000 AT NODE     5432  SPEEDMAX =  3.3795E-001 AT NODE     4178  ON MYPROC =    0
 MPI terminated with Status =            0
