Starting run for scenario: S0 at Thu May 29 09:23:33 PM PDT 2025
Scenario S0 runtime: 0h 32m 43s
Scenario S0 completed successfully at Thu May 29 09:56:16 PM PDT 2025
All scenario runs completed at Thu May 29 09:56:16 PM PDT 2025
Starting run for scenario: SSP2_2030 at Thu May 29 09:56:16 PM PDT 2025
Scenario SSP2_2030 runtime: 0h 35m 48s
Scenario SSP2_2030 completed successfully at Thu May 29 10:32:04 PM PDT 2025
All scenario runs completed at Thu May 29 10:32:04 PM PDT 2025
Starting run for scenario: SSP2_2100 at Thu May 29 10:32:04 PM PDT 2025
Scenario SSP2_2100 runtime: 0h 22m 42s
Scenario SSP2_2100 completed successfully at Thu May 29 10:54:46 PM PDT 2025
All scenario runs completed at Thu May 29 10:54:46 PM PDT 2025
Starting run for scenario: SSP5_2030 at Thu May 29 10:54:46 PM PDT 2025
Scenario SSP5_2030 runtime: 0h 22m 24s
Scenario SSP5_2030 completed successfully at Thu May 29 11:17:10 PM PDT 2025
All scenario runs completed at Thu May 29 11:17:10 PM PDT 2025
Starting run for scenario: SSP5_2100 at Thu May 29 11:17:10 PM PDT 2025
Scenario SSP5_2100 runtime: 0h 22m 50s
Scenario SSP5_2100 completed successfully at Thu May 29 11:40:00 PM PDT 2025
All scenario runs completed at Thu May 29 11:40:00 PM PDT 2025
Starting run for scenario: S0 at Wed Jun 25 06:58:40 PM PDT 2025
Scenario S0 runtime: 0h 26m 46s
Scenario S0 completed successfully at Wed Jun 25 07:25:26 PM PDT 2025
All scenario runs completed at Wed Jun 25 07:25:26 PM PDT 2025
Starting run for scenario: SSP2_2050 at Wed Jun 25 07:25:26 PM PDT 2025
Scenario SSP2_2050 runtime: 0h 7m 47s
Scenario SSP2_2050 completed successfully at Wed Jun 25 07:33:13 PM PDT 2025
All scenario runs completed at Wed Jun 25 07:33:13 PM PDT 2025
Starting run for scenario: SSP2_2070 at Wed Jun 25 07:33:13 PM PDT 2025
Scenario SSP2_2070 runtime: 0h 2m 30s
Scenario SSP2_2070 completed successfully at Wed Jun 25 07:35:43 PM PDT 2025
All scenario runs completed at Wed Jun 25 07:35:43 PM PDT 2025
Starting run for scenario: SSP5_2050 at Wed Jun 25 07:35:43 PM PDT 2025
Scenario SSP5_2050 runtime: 0h 11m 54s
Scenario SSP5_2050 completed successfully at Wed Jun 25 07:47:37 PM PDT 2025
All scenario runs completed at Wed Jun 25 07:47:37 PM PDT 2025
Starting run for scenario: SSP5_2070 at Wed Jun 25 07:47:37 PM PDT 2025
Scenario SSP5_2070 runtime: 0h 12m 14s
Scenario SSP5_2070 completed successfully at Wed Jun 25 07:59:51 PM PDT 2025
All scenario runs completed at Wed Jun 25 07:59:51 PM PDT 2025
Starting run for scenario: S0 at Tue Jul 22 03:53:00 PM PDT 2025
Scenario S0 runtime: 0h 22m 58s
Scenario S0 completed successfully at Tue Jul 22 04:15:58 PM PDT 2025
All scenario runs completed at Tue Jul 22 04:15:58 PM PDT 2025
Starting run for scenario: SSP2_2050 at Tue Jul 22 04:15:58 PM PDT 2025
Scenario SSP2_2050 runtime: 0h 22m 31s
Scenario SSP2_2050 completed successfully at Tue Jul 22 04:38:29 PM PDT 2025
All scenario runs completed at Tue Jul 22 04:38:29 PM PDT 2025
Starting run for scenario: SSP2_2070 at Tue Jul 22 04:38:29 PM PDT 2025
Scenario SSP2_2070 runtime: 0h 10m 41s
Scenario SSP2_2070 completed successfully at Tue Jul 22 04:49:10 PM PDT 2025
All scenario runs completed at Tue Jul 22 04:49:10 PM PDT 2025
Starting run for scenario: SSP5_2050 at Tue Jul 22 04:49:10 PM PDT 2025
Scenario SSP5_2050 runtime: 0h 10m 42s
Scenario SSP5_2050 completed successfully at Tue Jul 22 04:59:52 PM PDT 2025
All scenario runs completed at Tue Jul 22 04:59:52 PM PDT 2025
Starting run for scenario: SSP5_2070 at Tue Jul 22 04:59:52 PM PDT 2025
Scenario SSP5_2070 runtime: 0h 19m 33s
Scenario SSP5_2070 completed successfully at Tue Jul 22 05:19:25 PM PDT 2025
All scenario runs completed at Tue Jul 22 05:19:25 PM PDT 2025
Starting run for scenario: SSP1_2030 at Wed Jul 23 12:17:46 AM PDT 2025
Scenario SSP1_2030 runtime: 0h 10m 33s
Scenario SSP1_2030 completed successfully at Wed Jul 23 12:28:19 AM PDT 2025
All scenario runs completed at Wed Jul 23 12:28:19 AM PDT 2025
Starting run for scenario: SSP1_2050 at Wed Jul 23 12:28:19 AM PDT 2025
Scenario SSP1_2050 runtime: 0h 10m 34s
Scenario SSP1_2050 completed successfully at Wed Jul 23 12:38:53 AM PDT 2025
All scenario runs completed at Wed Jul 23 12:38:53 AM PDT 2025
Starting run for scenario: SSP1_2070 at Wed Jul 23 12:38:53 AM PDT 2025
Scenario SSP1_2070 runtime: 0h 10m 34s
Scenario SSP1_2070 completed successfully at Wed Jul 23 12:49:27 AM PDT 2025
All scenario runs completed at Wed Jul 23 12:49:27 AM PDT 2025
Starting run for scenario: SSP1_2100 at Wed Jul 23 12:49:27 AM PDT 2025
Scenario SSP1_2100 runtime: 0h 10m 31s
Scenario SSP1_2100 completed successfully at Wed Jul 23 12:59:58 AM PDT 2025
All scenario runs completed at Wed Jul 23 12:59:58 AM PDT 2025
Starting run for scenario: SSP2_2030 at Wed Jul 23 12:59:58 AM PDT 2025
Scenario SSP2_2030 runtime: 0h 10m 30s
Scenario SSP2_2030 completed successfully at Wed Jul 23 01:10:28 AM PDT 2025
All scenario runs completed at Wed Jul 23 01:10:28 AM PDT 2025
Starting run for scenario: SSP2_2100 at Wed Jul 23 01:10:28 AM PDT 2025
Scenario SSP2_2100 runtime: 0h 10m 32s
Scenario SSP2_2100 completed successfully at Wed Jul 23 01:21:00 AM PDT 2025
All scenario runs completed at Wed Jul 23 01:21:00 AM PDT 2025
Starting run for scenario: SSP3_2030 at Wed Jul 23 01:21:00 AM PDT 2025
Scenario SSP3_2030 runtime: 0h 10m 29s
Scenario SSP3_2030 completed successfully at Wed Jul 23 01:31:29 AM PDT 2025
All scenario runs completed at Wed Jul 23 01:31:29 AM PDT 2025
Starting run for scenario: SSP3_2050 at Wed Jul 23 01:31:29 AM PDT 2025
Scenario SSP3_2050 runtime: 0h 10m 31s
Scenario SSP3_2050 completed successfully at Wed Jul 23 01:42:00 AM PDT 2025
All scenario runs completed at Wed Jul 23 01:42:00 AM PDT 2025
Starting run for scenario: SSP3_2070 at Wed Jul 23 01:42:00 AM PDT 2025
Scenario SSP3_2070 runtime: 0h 10m 33s
Scenario SSP3_2070 completed successfully at Wed Jul 23 01:52:33 AM PDT 2025
All scenario runs completed at Wed Jul 23 01:52:33 AM PDT 2025
Starting run for scenario: SSP3_2100 at Wed Jul 23 01:52:33 AM PDT 2025
Scenario SSP3_2100 runtime: 0h 10m 29s
Scenario SSP3_2100 completed successfully at Wed Jul 23 02:03:02 AM PDT 2025
All scenario runs completed at Wed Jul 23 02:03:02 AM PDT 2025
Starting run for scenario: SSP5_2030 at Wed Jul 23 02:03:02 AM PDT 2025
Scenario SSP5_2030 runtime: 0h 10m 27s
Scenario SSP5_2030 completed successfully at Wed Jul 23 02:13:29 AM PDT 2025
All scenario runs completed at Wed Jul 23 02:13:29 AM PDT 2025
Starting run for scenario: SSP5_2100 at Wed Jul 23 02:13:29 AM PDT 2025
Scenario SSP5_2100 runtime: 0h 10m 31s
Scenario SSP5_2100 completed successfully at Wed Jul 23 02:24:00 AM PDT 2025
All scenario runs completed at Wed Jul 23 02:24:00 AM PDT 2025
