Starting run for scenario: S0 at Fri May 30 12:12:03 PM PDT 2025
Scenario S0 runtime: 0h 25m 44s
Scenario S0 completed successfully at Fri May 30 12:37:47 PM PDT 2025
All scenario runs completed at Fri May 30 12:37:47 PM PDT 2025
Starting run for scenario: SSP2_2030 at Fri May 30 12:37:47 PM PDT 2025
Scenario SSP2_2030 runtime: 0h 25m 27s
Scenario SSP2_2030 completed successfully at Fri May 30 01:03:14 PM PDT 2025
All scenario runs completed at Fri May 30 01:03:14 PM PDT 2025
Starting run for scenario: SSP2_2100 at Fri May 30 01:03:14 PM PDT 2025
Scenario SSP2_2100 runtime: 0h 24m 51s
Scenario SSP2_2100 completed successfully at Fri May 30 01:28:05 PM PDT 2025
All scenario runs completed at Fri May 30 01:28:05 PM PDT 2025
Starting run for scenario: SSP5_2030 at Fri May 30 01:28:05 PM PDT 2025
Scenario SSP5_2030 runtime: 0h 25m 2s
Scenario SSP5_2030 completed successfully at Fri May 30 01:53:07 PM PDT 2025
All scenario runs completed at Fri May 30 01:53:07 PM PDT 2025
Starting run for scenario: SSP5_2100 at Fri May 30 01:53:07 PM PDT 2025
Scenario SSP5_2100 runtime: 0h 24m 10s
Scenario SSP5_2100 completed successfully at Fri May 30 02:17:17 PM PDT 2025
All scenario runs completed at Fri May 30 02:17:17 PM PDT 2025
