Starting simulations Tue Jul 15 08:12:14 PM PDT 2025
Starting run for scenario: SSP1_2030 at Tue Jul 15 08:12:14 PM PDT 2025
Scenario SSP1_2030 runtime: 0h 23m 8s
Scenario SSP1_2030 completed successfully at Tue Jul 15 08:35:22 PM PDT 2025
All scenario runs completed at Tue Jul 15 08:35:22 PM PDT 2025
Starting run for scenario: SSP1_2050 at Tue Jul 15 08:35:22 PM PDT 2025
Scenario SSP1_2050 runtime: 0h 26m 33s
Scenario SSP1_2050 completed successfully at Tue Jul 15 09:01:55 PM PDT 2025
All scenario runs completed at Tue Jul 15 09:01:55 PM PDT 2025
Starting run for scenario: SSP1_2070 at Tue Jul 15 09:01:55 PM PDT 2025
Scenario SSP1_2070 runtime: 0h 30m 22s
Scenario SSP1_2070 completed successfully at Tue Jul 15 09:32:17 PM PDT 2025
All scenario runs completed at Tue Jul 15 09:32:17 PM PDT 2025
Starting run for scenario: SSP1_2100 at Tue Jul 15 09:32:17 PM PDT 2025
Scenario SSP1_2100 runtime: 0h 25m 0s
Scenario SSP1_2100 completed successfully at Tue Jul 15 09:57:17 PM PDT 2025
All scenario runs completed at Tue Jul 15 09:57:17 PM PDT 2025
Starting run for scenario: SSP2_2030 at Tue Jul 15 09:57:17 PM PDT 2025
Scenario SSP2_2030 runtime: 0h 31m 20s
Scenario SSP2_2030 completed successfully at Tue Jul 15 10:28:37 PM PDT 2025
All scenario runs completed at Tue Jul 15 10:28:37 PM PDT 2025
Starting run for scenario: SSP2_2050 at Tue Jul 15 10:28:37 PM PDT 2025
Scenario SSP2_2050 runtime: 0h 31m 17s
Scenario SSP2_2050 completed successfully at Tue Jul 15 10:59:54 PM PDT 2025
All scenario runs completed at Tue Jul 15 10:59:54 PM PDT 2025
Starting run for scenario: SSP2_2070 at Tue Jul 15 10:59:54 PM PDT 2025
Scenario SSP2_2070 runtime: 0h 20m 25s
Scenario SSP2_2070 completed successfully at Tue Jul 15 11:20:19 PM PDT 2025
All scenario runs completed at Tue Jul 15 11:20:19 PM PDT 2025
Starting run for scenario: SSP2_2100 at Tue Jul 15 11:20:19 PM PDT 2025
Scenario SSP2_2100 runtime: 0h 20m 9s
Scenario SSP2_2100 completed successfully at Tue Jul 15 11:40:28 PM PDT 2025
All scenario runs completed at Tue Jul 15 11:40:28 PM PDT 2025
Starting run for scenario: SSP3_2030 at Tue Jul 15 11:40:28 PM PDT 2025
Scenario SSP3_2030 runtime: 0h 20m 15s
Scenario SSP3_2030 completed successfully at Wed Jul 16 12:00:43 AM PDT 2025
All scenario runs completed at Wed Jul 16 12:00:43 AM PDT 2025
Starting run for scenario: SSP3_2050 at Wed Jul 16 12:00:43 AM PDT 2025
Scenario SSP3_2050 runtime: 0h 19m 45s
Scenario SSP3_2050 completed successfully at Wed Jul 16 12:20:28 AM PDT 2025
All scenario runs completed at Wed Jul 16 12:20:28 AM PDT 2025
Starting run for scenario: SSP3_2070 at Wed Jul 16 12:20:28 AM PDT 2025
Scenario SSP3_2070 runtime: 0h 19m 50s
Scenario SSP3_2070 completed successfully at Wed Jul 16 12:40:18 AM PDT 2025
All scenario runs completed at Wed Jul 16 12:40:18 AM PDT 2025
Starting run for scenario: SSP3_2100 at Wed Jul 16 12:40:18 AM PDT 2025
Scenario SSP3_2100 runtime: 0h 19m 58s
Scenario SSP3_2100 completed successfully at Wed Jul 16 01:00:16 AM PDT 2025
All scenario runs completed at Wed Jul 16 01:00:16 AM PDT 2025
Starting run for scenario: SSP5_2030 at Wed Jul 16 01:00:16 AM PDT 2025
Scenario SSP5_2030 runtime: 0h 19m 35s
Scenario SSP5_2030 completed successfully at Wed Jul 16 01:19:51 AM PDT 2025
All scenario runs completed at Wed Jul 16 01:19:51 AM PDT 2025
Starting run for scenario: SSP5_2050 at Wed Jul 16 01:19:51 AM PDT 2025
Scenario SSP5_2050 runtime: 0h 20m 2s
Scenario SSP5_2050 completed successfully at Wed Jul 16 01:39:53 AM PDT 2025
All scenario runs completed at Wed Jul 16 01:39:53 AM PDT 2025
Starting run for scenario: SSP5_2070 at Wed Jul 16 01:39:53 AM PDT 2025
Scenario SSP5_2070 runtime: 0h 16m 32s
Scenario SSP5_2070 completed successfully at Wed Jul 16 01:56:25 AM PDT 2025
All scenario runs completed at Wed Jul 16 01:56:25 AM PDT 2025
Starting run for scenario: SSP5_2100 at Wed Jul 16 01:56:25 AM PDT 2025
Scenario SSP5_2100 runtime: 0h 10m 3s
Scenario SSP5_2100 completed successfully at Wed Jul 16 02:06:28 AM PDT 2025
All scenario runs completed at Wed Jul 16 02:06:28 AM PDT 2025
