 INFO: Processing --np
 INFO: Processing --partmesh
 File                                                      fort.14
 WAS FOUND!  Opening & Processing file

 from alloc_main1: 
  
 memory currently allocated =              17604904  bytes
 memory high water mark     =              34383640  bytes
  
  
 memory currently allocated =              19765264  bytes
 memory high water mark     =              34383640  bytes
  
 Global Grid file read successfully.
INFO: This mesh has 0 weir node pairs.
INFO: Maximum number of duals for any weir node is 0.
 maximum co-nodes for any node =           18
 edge count =        89861
 
 Grid Partition Data
 METIS 4.0 will require approximately        22570063391128  bytes
 Total Edges Cut =        18931
INFO: Writing mesh partition to partmesh.txt.
 INFO: METIS has partitioned nodes successfully.
  
 memory currently allocated =              19765264  bytes
 memory high water mark     =              34383640  bytes
  
 INFO: Processing --np
 INFO: Processing --prepall
 File                                                      fort.14
 WAS FOUND!  Opening & Processing file

 File fort.15                                                     
 WAS FOUND!  Opening & Processing file

 INFO: The metControl namelist was not found.
 Elevation Station Locations contained in fort.15
 Velocity Station Locations Contained in fort.15
 NHSTAR =            5
 *****************************************************
 *   Based on input and information extracted from   *
 *   the ADCIRC UNIT 14 and 15 (grid and horiz run   *
 *   info) files the following paramter values will  *
 *   be set:                                         *
 *                                                   *
 *       MNPROC =    24                             *
 *       MNE =    58369      MNP =    31435          *
 *       MNEI =      10                               *
 *       MNOPE =      1      MNETA =    103          *
 *       MNBOU =     59      MNVEL =   4573          *
 *       MNTIF =      8      MNBFR =      8          *
 *       MNSTAE =     1      MNSTAV =     1          *
 *       MNSTAC =     1      MNSTAM =     1          *
 *       MNWP =       1                               *
 *       MNWLAT =     1      MNWLON =     1          *
 *       MNFFR =      1                              *
 *                                                   *
 *   Also, NO wind forcing will be used,             *
 *   means and variance calculation will NOT be made,*
 *   the GWCE matrix will be left in consistent form *
 *   and an iterative solver will be used            *
 *****************************************************

 from alloc_main1: 
  
 memory currently allocated =              17670648  bytes
 memory high water mark     =              34515128  bytes
  
  
 memory currently allocated =              19831008  bytes
 memory high water mark     =              34515128  bytes
  
 Global Grid file read successfully.
 INFO: Opening file partmesh.txt
 INFO: Closed partmesh.txt file.
 INFO: Start reading in fort.15.
 nstae=           0
 Elevation Station Locations contained in fort.15
 Velocity Station Locations Contained in fort.15
  
 memory currently allocated =              19831016  bytes
 memory high water mark     =              34515128  bytes
  
 INFO: Fulldomain fort.15 file read successfully.
 INFO: Initializing the netCDF output files.
  
 Determine the parameters MNPP and MNEP
  Setting MNPP =         1437
  Setting MNEP =         2590
 Allocate arrays dimensioned by MNPP and MNEP
 from alloc_main2: 
  
 memory currently allocated =              20966118  bytes
 memory high water mark     =              34515128  bytes
  
  
 Decomposition of grid begins
 Decomposition Data
 DOMAIN  RES_NODES  GHOST_NODES  TOT_NODES  ELEMENTS
 ------  ---------  -----------  ---------  --------
 GLOBAL                             31435      58369
 PE0000      1397         40         1437       2285
 PE0001      1261         71         1332       2442
 PE0002      1319         64         1383       2535
 PE0003      1358         41         1399       2454
 PE0004      1335         64         1399       2575
 PE0005      1309         89         1398       2590
 PE0006      1304         36         1340       2460
 PE0007      1269         62         1331       2430
 PE0008      1278         90         1368       2450
 PE0009      1265         73         1338       2446
 PE0010      1348         62         1410       2546
 PE0011      1282         64         1346       2453
 PE0012      1308        103         1411       2539
 PE0013      1353         74         1427       2562
 PE0014      1343         63         1406       2571
 PE0015      1345         38         1383       2535
 PE0016      1309         52         1361       2430
 PE0017      1303         58         1361       2510
 PE0018      1278        104         1382       2446
 PE0019      1313        106         1419       2584
 PE0020      1318         48         1366       2566
 PE0021      1309         59         1368       2548
 PE0022      1265         61         1326       2500
 PE0023      1266        111         1377       2469
 Decomposition successful
 Writing Local UNIT 14 (Grid) File for each PE
  
 Boundary Node Decomposition Data
 DOMAIN      NOPE    NETA    NBOU  NVEL    NWEIR
 GLOBAL       1     103      59    4514       0
 PE0000       0       0       5     561       0
 PE0001       0       0       2     154       0
 PE0002       0       0       5     179       0
 PE0003       0       0       6     318       0
 PE0004       0       0       1     159       0
 PE0005       0       0       1     117       0
 PE0006       1      22       1     163       0
 PE0007       0       0       1     170       0
 PE0008       0       0       4     205       0
 PE0009       0       0       2     160       0
 PE0010       0       0       6     228       0
 PE0011       0       0       3     181       0
 PE0012       0       0       1     180       0
 PE0013       0       0       4     227       0
 PE0014       0       0       1     180       0
 PE0015       1      37       1     157       0
 PE0016       0       0       2     243       0
 PE0017       0       0       2     157       0
 PE0018       0       0      12     248       0
 PE0019       1      26       8     146       0
 PE0020       1      24      17     145       0
 PE0021       0       0       1     129       0
 PE0022       0       0       3      97       0
 PE0023       0       0       9     198       0
 Writing Local UNIT 15 (Run Info) File for each PE
  
 Station Data
 DOMAIN      NSTAE   NSTAV    NSTAC    NSTAM
 GLOBAL       0       0       0       0
 PE0000       0       0       0       0
 PE0001       0       0       0       0
 PE0002       0       0       0       0
 PE0003       0       0       0       0
 PE0004       0       0       0       0
 PE0005       0       0       0       0
 PE0006       0       0       0       0
 PE0007       0       0       0       0
 PE0008       0       0       0       0
 PE0009       0       0       0       0
 PE0010       0       0       0       0
 PE0011       0       0       0       0
 PE0012       0       0       0       0
 PE0013       0       0       0       0
 PE0014       0       0       0       0
 PE0015       0       0       0       0
 PE0016       0       0       0       0
 PE0017       0       0       0       0
 PE0018       0       0       0       0
 PE0019       0       0       0       0
 PE0020       0       0       0       0
 PE0021       0       0       0       0
 PE0022       0       0       0       0
 PE0023       0       0       0       0
 Writing Message-Passing Info Files for each PE
  
 Communication Data
 DOMAIN  COMM_PE  %(SURF/VOL)
 ------  -------  -----------
 PE0000        2      2.86
 PE0001        5      5.63
 PE0002        5      4.85
 PE0003        3      3.02
 PE0004        3      4.79
 PE0005        5      6.80
 PE0006        2      2.76
 PE0007        3      4.89
 PE0008        5      7.04
 PE0009        3      5.77
 PE0010        5      4.60
 PE0011        4      4.99
 PE0012        6      7.87
 PE0013        6      5.47
 PE0014        2      4.69
 PE0015        3      2.83
 PE0016        3      3.97
 PE0017        2      4.45
 PE0018        4      8.14
 PE0019        6      8.07
 PE0020        3      3.64
 PE0021        3      4.51
 PE0022        2      4.82
 PE0023        5      8.77
  
 memory currently allocated =              20966118  bytes
 memory high water mark     =              34515128  bytes
  


 Writing subdomain Nodal Attributes (unit 13)
 file for each PE.
File fort.13 
 WAS FOUND!  Opening & Processing file.

     Finished processing primitive_weighting_in_continuity_equation                                      
 for processor range            1  to           24
     Finished processing mannings_n_at_sea_floor                                                         
 for processor range            1  to           24
  
 memory currently allocated =              20966110  bytes
 memory high water mark     =              34515128  bytes
  
 Writing domain-decomposition file for post-processor
 
 INFO: Finished pre-processing input files.
  
 memory currently allocated =              20966110  bytes
 memory high water mark     =              34515128  bytes
  
 INFO: Searching for ADCIRC subdomain directories:
 INFO: Looking for './PE0000/fort.14' ...
 INFO: File './PE0000/fort.14' was found!
 INFO: The search for the subdomain directory was completed successfully.
 INFO: The ROOTDIR is  '.'.
 INFO: The INPUTDIR is './PE0000'.
 INFO: The GBLINPUTDIR is '.'.
 INFO: The GLOBALDIR is '.'.
 INFO: The LOCALDIR is './PE0000'.
WARNING: read14FindDims: Number of land boundary nodes was set to 561 but 557 were found.

 _______________________________________________________________________________


                   PROGRAM ADCIRC   VERSION v56.0.1-8-g13aa6bf

     AN ADVANCED CIRCULATION MODEL FOR SHELVES, COASTAL SEAS AND ESTUARIES


       -  DEVELOPED BY

          R.A. LUETTICH, JR
            UNIVERSITY OF NORTH CAROLINA AT CHAPEL HILL
            INSTITUTE OF MARINE SCIENCES

          J.J. WESTERINK 
            DEPARTMENT OF CIVIL ENGINEERING AND GEOLOGICAL SCIENCES
            UNIVERSITY OF NOTRE DAME


       -  THE ADCIRC SOURCE CODE IS COPYRIGHTED BY

          R.A. LUETTICH, JR. AND J.J. WESTERINK, 1994-2006

       NO PART OF THIS CODE MAY BE REPRODUCED OR REDISTRIBUTED
          WITHOUT THE WRITTEN PERMISSION OF THE AUTHORS



 _______________________________________________________________________________
INFO: initializeMesh: THE NEIGHBOR TABLE IS BEING COMPUTED.
INFO: initializeMesh: THE NEIGHBOR TABLE IS COMPLETED. THE MINIMUM NUMBER OF NEIGHBORS FOR ANY NODE = 3. 1+THE MAXIMUM NUMBER OF NEIGHBORS FOR ANY NODE = 9. THE PARAMETER MNEI CAN BE SET AS SMALL AS 9.
ADCIRC Version is v56.0.1-8-g13aa6bf                                                              
ADCIRC Commit hash is 13aa6bfb926a7684309f0bb7de1ca93a17d34269                                        

 _______________________________________________________________________________


 LIMITED RUNTIME INFORMATION SECTION 


INFO: ADCIRC_Run: Begin timestepping.
 TIME STEP =     100   0.62% COMPLETE     ITERATIONS =   23     TIME =  0.80142686E+04
  ELMAX = -2.1535E-004 AT NODE       14  SPEEDMAX =  4.1457E-004 AT NODE      886  ON MYPROC =    0
 TIME STEP =     200   1.24% COMPLETE     ITERATIONS =   22     TIME =  0.16028537E+05
  ELMAX = -5.8253E-004 AT NODE     1051  SPEEDMAX =  2.3261E-003 AT NODE      886  ON MYPROC =    0
 TIME STEP =     300   1.86% COMPLETE     ITERATIONS =   23     TIME =  0.24042806E+05
  ELMAX =  2.3269E-003 AT NODE      593  SPEEDMAX =  1.7053E-002 AT NODE      886  ON MYPROC =    0
 TIME STEP =     400   2.47% COMPLETE     ITERATIONS =   22     TIME =  0.32057074E+05
  ELMAX =  4.1600E-003 AT NODE     1051  SPEEDMAX =  3.0506E-002 AT NODE      886  ON MYPROC =    0
 TIME STEP =     500   3.09% COMPLETE     ITERATIONS =   22     TIME =  0.40071343E+05
  ELMAX =  4.9724E-003 AT NODE     1433  SPEEDMAX =  1.5373E-002 AT NODE      845  ON MYPROC =    0
 TIME STEP =     600   3.71% COMPLETE     ITERATIONS =   23     TIME =  0.48085612E+05
  ELMAX =  4.3410E-003 AT NODE     1051  SPEEDMAX =  4.9975E-002 AT NODE      886  ON MYPROC =    0
 TIME STEP =     700   4.33% COMPLETE     ITERATIONS =   21     TIME =  0.56099880E+05
  ELMAX = -1.6387E-002 AT NODE     1051  SPEEDMAX =  7.3439E-002 AT NODE      886  ON MYPROC =    0
 TIME STEP =     800   4.95% COMPLETE     ITERATIONS =   23     TIME =  0.64114149E+05
  ELMAX =  1.3567E-002 AT NODE     1012  SPEEDMAX =  5.2030E-002 AT NODE      845  ON MYPROC =    0
 TIME STEP =     900   5.57% COMPLETE     ITERATIONS =   22     TIME =  0.72128417E+05
  ELMAX =  1.1631E-002 AT NODE     1355  SPEEDMAX =  1.2877E-001 AT NODE      886  ON MYPROC =    0
 TIME STEP =    1000   6.18% COMPLETE     ITERATIONS =   22     TIME =  0.80142686E+05
  ELMAX =  2.3256E-002 AT NODE     1434  SPEEDMAX =  9.1159E-002 AT NODE      889  ON MYPROC =    0
 TIME STEP =    1100   6.80% COMPLETE     ITERATIONS =   24     TIME =  0.88156955E+05
  ELMAX =  2.1903E-002 AT NODE     1390  SPEEDMAX =  1.1945E-001 AT NODE      845  ON MYPROC =    0
 TIME STEP =    1200   7.42% COMPLETE     ITERATIONS =   20     TIME =  0.96171223E+05
  ELMAX = -2.2236E-002 AT NODE     1375  SPEEDMAX =  1.9296E-001 AT NODE      856  ON MYPROC =    0
 TIME STEP =    1300   8.04% COMPLETE     ITERATIONS =   23     TIME =  0.10418549E+06
  ELMAX = -3.5960E-002 AT NODE     1433  SPEEDMAX =  1.3592E-001 AT NODE      889  ON MYPROC =    0
 TIME STEP =    1400   8.66% COMPLETE     ITERATIONS =   22     TIME =  0.11219976E+06
  ELMAX = -3.3617E-002 AT NODE     1390  SPEEDMAX =  1.5117E-001 AT NODE      845  ON MYPROC =    0
 TIME STEP =    1500   9.28% COMPLETE     ITERATIONS =   21     TIME =  0.12021403E+06
  ELMAX =  2.6438E-002 AT NODE     1436  SPEEDMAX =  2.2355E-001 AT NODE      856  ON MYPROC =    0
 TIME STEP =    1600   9.89% COMPLETE     ITERATIONS =   24     TIME =  0.12822830E+06
  ELMAX =  2.6099E-002 AT NODE     1388  SPEEDMAX =  1.0239E-001 AT NODE      889  ON MYPROC =    0
 TIME STEP =    1700  10.51% COMPLETE     ITERATIONS =   22     TIME =  0.13624257E+06
  ELMAX =  4.2342E-002 AT NODE      964  SPEEDMAX =  1.6564E-001 AT NODE      886  ON MYPROC =    0
 TIME STEP =    1800  11.13% COMPLETE     ITERATIONS =   22     TIME =  0.14425683E+06
  ELMAX =  3.6916E-002 AT NODE     1085  SPEEDMAX =  1.9829E-001 AT NODE      889  ON MYPROC =    0
 TIME STEP =    1900  11.75% COMPLETE     ITERATIONS =   23     TIME =  0.15227110E+06
  ELMAX = -3.2038E-002 AT NODE      389  SPEEDMAX =  1.7355E-001 AT NODE      845  ON MYPROC =    0
 TIME STEP =    2000  12.37% COMPLETE     ITERATIONS =   21     TIME =  0.16028537E+06
  ELMAX = -5.5285E-002 AT NODE      964  SPEEDMAX =  2.3915E-001 AT NODE      856  ON MYPROC =    0
 TIME STEP =    2100  12.99% COMPLETE     ITERATIONS =   22     TIME =  0.16829964E+06
  ELMAX =  4.0858E-002 AT NODE     1433  SPEEDMAX =  1.5960E-001 AT NODE      919  ON MYPROC =    0
 TIME STEP =    2200  13.60% COMPLETE     ITERATIONS =   23     TIME =  0.17631391E+06
  ELMAX =  5.8131E-002 AT NODE      389  SPEEDMAX =  1.8240E-001 AT NODE      845  ON MYPROC =    0
 TIME STEP =    2300  14.22% COMPLETE     ITERATIONS =   21     TIME =  0.18432818E+06
  ELMAX =  7.7990E-002 AT NODE      964  SPEEDMAX =  2.5076E-001 AT NODE      856  ON MYPROC =    0
 TIME STEP =    2400  14.84% COMPLETE     ITERATIONS =   22     TIME =  0.19234245E+06
  ELMAX =  3.2413E-002 AT NODE      969  SPEEDMAX =  1.4402E-001 AT NODE      579  ON MYPROC =    0
 TIME STEP =    2500  15.46% COMPLETE     ITERATIONS =   22     TIME =  0.20035671E+06
  ELMAX = -7.7237E-002 AT NODE      892  SPEEDMAX =  1.7147E-001 AT NODE      919  ON MYPROC =    0
 TIME STEP =    2600  16.08% COMPLETE     ITERATIONS =   21     TIME =  0.20837098E+06
  ELMAX = -7.9214E-002 AT NODE     1085  SPEEDMAX =  1.7952E-001 AT NODE      856  ON MYPROC =    0
 TIME STEP =    2700  16.70% COMPLETE     ITERATIONS =   23     TIME =  0.21638525E+06
  ELMAX =  4.0158E-002 AT NODE      259  SPEEDMAX =  1.9175E-001 AT NODE      845  ON MYPROC =    0
 TIME STEP =    2800  17.31% COMPLETE     ITERATIONS =   22     TIME =  0.22439952E+06
  ELMAX =  8.3005E-002 AT NODE      964  SPEEDMAX =  3.0026E-001 AT NODE      856  ON MYPROC =    0
 TIME STEP =    2900  17.93% COMPLETE     ITERATIONS =   21     TIME =  0.23241379E+06
  ELMAX = -5.8135E-002 AT NODE     1356  SPEEDMAX =  1.9527E-001 AT NODE      889  ON MYPROC =    0
 TIME STEP =    3000  18.55% COMPLETE     ITERATIONS =   23     TIME =  0.24042806E+06
  ELMAX = -9.1313E-002 AT NODE      577  SPEEDMAX =  1.8617E-001 AT NODE      845  ON MYPROC =    0
 TIME STEP =    3100  19.17% COMPLETE     ITERATIONS =   22     TIME =  0.24844233E+06
  ELMAX = -1.2214E-001 AT NODE      964  SPEEDMAX =  3.2467E-001 AT NODE      856  ON MYPROC =    0
 TIME STEP =    3200  19.79% COMPLETE     ITERATIONS =   22     TIME =  0.25645660E+06
  ELMAX = -6.3205E-002 AT NODE      969  SPEEDMAX =  2.2653E-001 AT NODE      856  ON MYPROC =    0
 TIME STEP =    3300  20.41% COMPLETE     ITERATIONS =   22     TIME =  0.26447086E+06
  ELMAX =  1.1041E-001 AT NODE      577  SPEEDMAX =  1.4368E-001 AT NODE      845  ON MYPROC =    0
 TIME STEP =    3400  21.03% COMPLETE     ITERATIONS =   21     TIME =  0.27248513E+06
  ELMAX =  1.3726E-001 AT NODE      964  SPEEDMAX =  1.7580E-001 AT NODE      855  ON MYPROC =    0
 TIME STEP =    3500  21.64% COMPLETE     ITERATIONS =   22     TIME =  0.28049940E+06
  ELMAX =  7.0536E-002 AT NODE     1047  SPEEDMAX =  1.8697E-001 AT NODE      579  ON MYPROC =    0
 TIME STEP =    3600  22.26% COMPLETE     ITERATIONS =   22     TIME =  0.28851367E+06
  ELMAX = -8.8703E-002 AT NODE      892  SPEEDMAX =  2.2863E-001 AT NODE      856  ON MYPROC =    0
 TIME STEP =    3700  22.88% COMPLETE     ITERATIONS =   21     TIME =  0.29652794E+06
  ELMAX = -7.8836E-002 AT NODE     1085  SPEEDMAX =  1.7827E-001 AT NODE      393  ON MYPROC =    0
 TIME STEP =    3800  23.50% COMPLETE     ITERATIONS =   23     TIME =  0.30454221E+06
  ELMAX =  7.7118E-002 AT NODE      389  SPEEDMAX =  3.0555E-001 AT NODE      845  ON MYPROC =    0
 TIME STEP =    3900  24.12% COMPLETE     ITERATIONS =   22     TIME =  0.31255648E+06
  ELMAX =  1.2314E-001 AT NODE      964  SPEEDMAX =  4.9059E-001 AT NODE      856  ON MYPROC =    0
 TIME STEP =    4000  24.74% COMPLETE     ITERATIONS =   21     TIME =  0.32057074E+06
  ELMAX = -9.5070E-002 AT NODE     1436  SPEEDMAX =  3.4222E-001 AT NODE      856  ON MYPROC =    0
 TIME STEP =    4100  25.35% COMPLETE     ITERATIONS =   22     TIME =  0.32858501E+06
  ELMAX = -1.6842E-001 AT NODE      577  SPEEDMAX =  1.7092E-001 AT NODE      845  ON MYPROC =    0
 TIME STEP =    4200  25.97% COMPLETE     ITERATIONS =   22     TIME =  0.33659928E+06
  ELMAX = -2.0286E-001 AT NODE      964  SPEEDMAX =  3.1422E-001 AT NODE      856  ON MYPROC =    0
 TIME STEP =    4300  26.59% COMPLETE     ITERATIONS =   22     TIME =  0.34461355E+06
  ELMAX = -1.2541E-001 AT NODE     1047  SPEEDMAX =  3.2888E-001 AT NODE      856  ON MYPROC =    0
 TIME STEP =    4400  27.21% COMPLETE     ITERATIONS =   22     TIME =  0.35262782E+06
  ELMAX =  1.3757E-001 AT NODE      577  SPEEDMAX =  1.9040E-001 AT NODE      892  ON MYPROC =    0
 TIME STEP =    4500  27.83% COMPLETE     ITERATIONS =   22     TIME =  0.36064209E+06
  ELMAX =  1.7135E-001 AT NODE      964  SPEEDMAX =  2.1737E-001 AT NODE      886  ON MYPROC =    0
 TIME STEP =    4600  28.45% COMPLETE     ITERATIONS =   22     TIME =  0.36865636E+06
  ELMAX =  1.0388E-001 AT NODE     1047  SPEEDMAX =  2.7596E-001 AT NODE      886  ON MYPROC =    0
 TIME STEP =    4700  29.06% COMPLETE     ITERATIONS =   22     TIME =  0.37667062E+06
  ELMAX =  1.0569E-001 AT NODE     1427  SPEEDMAX =  2.8428E-001 AT NODE      856  ON MYPROC =    0
 TIME STEP =    4800  29.68% COMPLETE     ITERATIONS =   21     TIME =  0.38468489E+06
  ELMAX =  1.1956E-001 AT NODE     1433  SPEEDMAX =  2.0579E-001 AT NODE      393  ON MYPROC =    0
 TIME STEP =    4900  30.30% COMPLETE     ITERATIONS =   23     TIME =  0.39269916E+06
  ELMAX =  1.2510E-001 AT NODE      389  SPEEDMAX =  3.9253E-001 AT NODE      856  ON MYPROC =    0
 TIME STEP =    5000  30.92% COMPLETE     ITERATIONS =   22     TIME =  0.40071343E+06
  ELMAX =  1.6648E-001 AT NODE      964  SPEEDMAX =  5.9879E-001 AT NODE      856  ON MYPROC =    0
 TIME STEP =    5100  31.54% COMPLETE     ITERATIONS =   22     TIME =  0.40872770E+06
  ELMAX = -1.1914E-001 AT NODE       84  SPEEDMAX =  4.7132E-001 AT NODE      856  ON MYPROC =    0
 TIME STEP =    5200  32.16% COMPLETE     ITERATIONS =   23     TIME =  0.41674197E+06
  ELMAX = -2.2346E-001 AT NODE      577  SPEEDMAX =  3.1014E-001 AT NODE      886  ON MYPROC =    0
 TIME STEP =    5300  32.77% COMPLETE     ITERATIONS =   22     TIME =  0.42475624E+06
  ELMAX = -2.5988E-001 AT NODE      964  SPEEDMAX =  2.3336E-001 AT NODE      393  ON MYPROC =    0
 TIME STEP =    5400  33.39% COMPLETE     ITERATIONS =   21     TIME =  0.43277050E+06
  ELMAX = -1.8013E-001 AT NODE     1047  SPEEDMAX =  3.0883E-001 AT NODE      856  ON MYPROC =    0
 TIME STEP =    5500  34.01% COMPLETE     ITERATIONS =   22     TIME =  0.44078477E+06
  ELMAX =  1.2727E-001 AT NODE      577  SPEEDMAX =  2.8294E-001 AT NODE      856  ON MYPROC =    0
 TIME STEP =    5600  34.63% COMPLETE     ITERATIONS =   22     TIME =  0.44879904E+06
  ELMAX =  1.6495E-001 AT NODE      964  SPEEDMAX =  3.3901E-001 AT NODE      886  ON MYPROC =    0
 TIME STEP =    5700  35.25% COMPLETE     ITERATIONS =   22     TIME =  0.45681331E+06
  ELMAX =  1.0833E-001 AT NODE      967  SPEEDMAX =  4.2054E-001 AT NODE      856  ON MYPROC =    0
 TIME STEP =    5800  35.87% COMPLETE     ITERATIONS =   22     TIME =  0.46482758E+06
  ELMAX =  1.3767E-001 AT NODE     1375  SPEEDMAX =  4.2039E-001 AT NODE      856  ON MYPROC =    0
 TIME STEP =    5900  36.49% COMPLETE     ITERATIONS =   21     TIME =  0.47284185E+06
  ELMAX =  1.6646E-001 AT NODE     1433  SPEEDMAX =  2.2011E-001 AT NODE      320  ON MYPROC =    0
 TIME STEP =    6000  37.10% COMPLETE     ITERATIONS =   23     TIME =  0.48085612E+06
  ELMAX =  1.7086E-001 AT NODE      389  SPEEDMAX =  3.9418E-001 AT NODE      856  ON MYPROC =    0
 TIME STEP =    6100  37.72% COMPLETE     ITERATIONS =   22     TIME =  0.48887038E+06
  ELMAX =  2.0250E-001 AT NODE      964  SPEEDMAX =  6.7916E-001 AT NODE      856  ON MYPROC =    0
 TIME STEP =    6200  38.34% COMPLETE     ITERATIONS =   22     TIME =  0.49688465E+06
  ELMAX = -1.3585E-001 AT NODE      111  SPEEDMAX =  5.8352E-001 AT NODE      856  ON MYPROC =    0
 TIME STEP =    6300  38.96% COMPLETE     ITERATIONS =   23     TIME =  0.50489892E+06
  ELMAX = -2.5592E-001 AT NODE      577  SPEEDMAX =  4.1898E-001 AT NODE      886  ON MYPROC =    0
 TIME STEP =    6400  39.58% COMPLETE     ITERATIONS =   22     TIME =  0.51291319E+06
  ELMAX = -2.9127E-001 AT NODE      964  SPEEDMAX =  2.4349E-001 AT NODE      393  ON MYPROC =    0
 TIME STEP =    6500  40.20% COMPLETE     ITERATIONS =   21     TIME =  0.52092746E+06
  ELMAX = -2.1380E-001 AT NODE     1047  SPEEDMAX =  2.6839E-001 AT NODE      579  ON MYPROC =    0
 TIME STEP =    6600  40.81% COMPLETE     ITERATIONS =   22     TIME =  0.52894173E+06
  ELMAX =  1.1671E-001 AT NODE      577  SPEEDMAX =  3.4667E-001 AT NODE      856  ON MYPROC =    0
 TIME STEP =    6700  41.43% COMPLETE     ITERATIONS =   22     TIME =  0.53695600E+06
  ELMAX =  1.5527E-001 AT NODE      964  SPEEDMAX =  4.2011E-001 AT NODE      856  ON MYPROC =    0
 TIME STEP =    6800  42.05% COMPLETE     ITERATIONS =   22     TIME =  0.54497026E+06
  ELMAX =  1.1695E-001 AT NODE      593  SPEEDMAX =  5.2608E-001 AT NODE      856  ON MYPROC =    0
 TIME STEP =    6900  42.67% COMPLETE     ITERATIONS =   22     TIME =  0.55298453E+06
  ELMAX =  1.5305E-001 AT NODE     1087  SPEEDMAX =  4.9786E-001 AT NODE      856  ON MYPROC =    0
 TIME STEP =    7000  43.29% COMPLETE     ITERATIONS =   21     TIME =  0.56099880E+06
  ELMAX =  1.8799E-001 AT NODE     1436  SPEEDMAX =  3.0243E-001 AT NODE      886  ON MYPROC =    0
 TIME STEP =    7100  43.91% COMPLETE     ITERATIONS =   23     TIME =  0.56901307E+06
  ELMAX =  1.9761E-001 AT NODE      577  SPEEDMAX =  3.9112E-001 AT NODE      845  ON MYPROC =    0
 TIME STEP =    7200  44.52% COMPLETE     ITERATIONS =   22     TIME =  0.57702734E+06
  ELMAX =  2.2126E-001 AT NODE      964  SPEEDMAX =  7.1121E-001 AT NODE      856  ON MYPROC =    0
 TIME STEP =    7300  45.14% COMPLETE     ITERATIONS =   22     TIME =  0.58504161E+06
  ELMAX = -1.4598E-001 AT NODE      111  SPEEDMAX =  6.5401E-001 AT NODE      856  ON MYPROC =    0
 TIME STEP =    7400  45.76% COMPLETE     ITERATIONS =   23     TIME =  0.59305588E+06
  ELMAX = -2.7380E-001 AT NODE      577  SPEEDMAX =  5.1368E-001 AT NODE      856  ON MYPROC =    0
 TIME STEP =    7500  46.38% COMPLETE     ITERATIONS =   22     TIME =  0.60107015E+06
  ELMAX = -3.1148E-001 AT NODE      964  SPEEDMAX =  3.1600E-001 AT NODE      886  ON MYPROC =    0
 TIME STEP =    7600  47.00% COMPLETE     ITERATIONS =   21     TIME =  0.60908441E+06
  ELMAX = -2.4121E-001 AT NODE      969  SPEEDMAX =  2.7018E-001 AT NODE      579  ON MYPROC =    0
 TIME STEP =    7700  47.62% COMPLETE     ITERATIONS =   22     TIME =  0.61709868E+06
  ELMAX = -1.1929E-001 AT NODE     1158  SPEEDMAX =  4.1563E-001 AT NODE      856  ON MYPROC =    0
 TIME STEP =    7800  48.23% COMPLETE     ITERATIONS =   22     TIME =  0.62511295E+06
  ELMAX =  1.4788E-001 AT NODE      964  SPEEDMAX =  5.3862E-001 AT NODE      856  ON MYPROC =    0
 TIME STEP =    7900  48.85% COMPLETE     ITERATIONS =   22     TIME =  0.63312722E+06
  ELMAX =  1.3863E-001 AT NODE      593  SPEEDMAX =  6.2067E-001 AT NODE      856  ON MYPROC =    0
 TIME STEP =    8000  49.47% COMPLETE     ITERATIONS =   22     TIME =  0.64114149E+06
  ELMAX =  1.7427E-001 AT NODE     1087  SPEEDMAX =  5.6062E-001 AT NODE      856  ON MYPROC =    0
 TIME STEP =    8100  50.09% COMPLETE     ITERATIONS =   21     TIME =  0.64915576E+06
  ELMAX =  2.0980E-001 AT NODE     1436  SPEEDMAX =  3.4834E-001 AT NODE      886  ON MYPROC =    0
 TIME STEP =    8200  50.71% COMPLETE     ITERATIONS =   22     TIME =  0.65717003E+06
  ELMAX =  2.0725E-001 AT NODE      577  SPEEDMAX =  4.0671E-001 AT NODE      845  ON MYPROC =    0
 TIME STEP =    8300  51.33% COMPLETE     ITERATIONS =   22     TIME =  0.66518429E+06
  ELMAX =  2.2227E-001 AT NODE      964  SPEEDMAX =  7.4527E-001 AT NODE      856  ON MYPROC =    0
 TIME STEP =    8400  51.94% COMPLETE     ITERATIONS =   21     TIME =  0.67319856E+06
  ELMAX = -1.5433E-001 AT NODE      111  SPEEDMAX =  7.2265E-001 AT NODE      856  ON MYPROC =    0
 TIME STEP =    8500  52.56% COMPLETE     ITERATIONS =   22     TIME =  0.68121283E+06
  ELMAX = -2.8413E-001 AT NODE      577  SPEEDMAX =  6.1433E-001 AT NODE      856  ON MYPROC =    0
 TIME STEP =    8600  53.18% COMPLETE     ITERATIONS =   22     TIME =  0.68922710E+06
  ELMAX = -3.2710E-001 AT NODE      964  SPEEDMAX =  3.9840E-001 AT NODE      886  ON MYPROC =    0
 TIME STEP =    8700  53.80% COMPLETE     ITERATIONS =   21     TIME =  0.69724137E+06
  ELMAX = -2.6934E-001 AT NODE      969  SPEEDMAX =  2.7028E-001 AT NODE      845  ON MYPROC =    0
 TIME STEP =    8800  54.42% COMPLETE     ITERATIONS =   22     TIME =  0.70525564E+06
  ELMAX = -1.4487E-001 AT NODE     1158  SPEEDMAX =  4.6817E-001 AT NODE      856  ON MYPROC =    0
 TIME STEP =    8900  55.04% COMPLETE     ITERATIONS =   22     TIME =  0.71326991E+06
  ELMAX =  1.3030E-001 AT NODE      964  SPEEDMAX =  6.3551E-001 AT NODE      856  ON MYPROC =    0
 TIME STEP =    9000  55.66% COMPLETE     ITERATIONS =   22     TIME =  0.72128417E+06
  ELMAX =  1.5352E-001 AT NODE      593  SPEEDMAX =  7.0222E-001 AT NODE      856  ON MYPROC =    0
 TIME STEP =    9100  56.27% COMPLETE     ITERATIONS =   22     TIME =  0.72929844E+06
  ELMAX =  1.9496E-001 AT NODE      974  SPEEDMAX =  6.3025E-001 AT NODE      856  ON MYPROC =    0
 TIME STEP =    9200  56.89% COMPLETE     ITERATIONS =   21     TIME =  0.73731271E+06
  ELMAX =  2.3221E-001 AT NODE     1436  SPEEDMAX =  4.1282E-001 AT NODE      886  ON MYPROC =    0
 TIME STEP =    9300  57.51% COMPLETE     ITERATIONS =   22     TIME =  0.74532698E+06
  ELMAX =  2.1063E-001 AT NODE      577  SPEEDMAX =  4.0084E-001 AT NODE      845  ON MYPROC =    0
 TIME STEP =    9400  58.13% COMPLETE     ITERATIONS =   22     TIME =  0.75334125E+06
  ELMAX =  2.2410E-001 AT NODE      964  SPEEDMAX =  7.5060E-001 AT NODE      856  ON MYPROC =    0
 TIME STEP =    9500  58.75% COMPLETE     ITERATIONS =   19     TIME =  0.76135552E+06
  ELMAX = -1.4592E-001 AT NODE       84  SPEEDMAX =  7.9026E-001 AT NODE      856  ON MYPROC =    0
 TIME STEP =    9600  59.37% COMPLETE     ITERATIONS =   23     TIME =  0.76936979E+06
  ELMAX = -2.7760E-001 AT NODE      389  SPEEDMAX =  7.2391E-001 AT NODE      856  ON MYPROC =    0
 TIME STEP =    9700  59.98% COMPLETE     ITERATIONS =   22     TIME =  0.77738405E+06
  ELMAX = -3.3239E-001 AT NODE      892  SPEEDMAX =  4.9998E-001 AT NODE      856  ON MYPROC =    0
 TIME STEP =    9800  60.60% COMPLETE     ITERATIONS =   21     TIME =  0.78539832E+06
  ELMAX = -2.9773E-001 AT NODE     1085  SPEEDMAX =  2.9388E-001 AT NODE      886  ON MYPROC =    0
 TIME STEP =    9900  61.22% COMPLETE     ITERATIONS =   22     TIME =  0.79341259E+06
  ELMAX = -1.7024E-001 AT NODE     1409  SPEEDMAX =  4.6539E-001 AT NODE      856  ON MYPROC =    0
 TIME STEP =   10000  61.84% COMPLETE     ITERATIONS =   22     TIME =  0.80142686E+06
  ELMAX = -1.1460E-001 AT NODE     1158  SPEEDMAX =  6.9817E-001 AT NODE      856  ON MYPROC =    0
 TIME STEP =   10100  62.46% COMPLETE     ITERATIONS =   21     TIME =  0.80944113E+06
  ELMAX =  1.5175E-001 AT NODE      593  SPEEDMAX =  7.5113E-001 AT NODE      856  ON MYPROC =    0
 TIME STEP =   10200  63.08% COMPLETE     ITERATIONS =   22     TIME =  0.81745540E+06
  ELMAX =  2.0361E-001 AT NODE     1011  SPEEDMAX =  6.7216E-001 AT NODE      856  ON MYPROC =    0
 TIME STEP =   10300  63.69% COMPLETE     ITERATIONS =   21     TIME =  0.82546967E+06
  ELMAX =  2.3833E-001 AT NODE     1436  SPEEDMAX =  4.6458E-001 AT NODE      886  ON MYPROC =    0
 TIME STEP =   10400  64.31% COMPLETE     ITERATIONS =   22     TIME =  0.83348393E+06
  ELMAX =  2.0976E-001 AT NODE     1390  SPEEDMAX =  3.6657E-001 AT NODE      845  ON MYPROC =    0
 TIME STEP =   10500  64.93% COMPLETE     ITERATIONS =   23     TIME =  0.84149820E+06
  ELMAX =  2.1115E-001 AT NODE      964  SPEEDMAX =  6.8942E-001 AT NODE      856  ON MYPROC =    0
 TIME STEP =   10600  65.55% COMPLETE     ITERATIONS =   20     TIME =  0.84951247E+06
  ELMAX = -1.1966E-001 AT NODE     1011  SPEEDMAX =  8.1142E-001 AT NODE      856  ON MYPROC =    0
 TIME STEP =   10700  66.17% COMPLETE     ITERATIONS =   22     TIME =  0.85752674E+06
  ELMAX = -2.4549E-001 AT NODE      209  SPEEDMAX =  7.8344E-001 AT NODE      856  ON MYPROC =    0
 TIME STEP =   10800  66.79% COMPLETE     ITERATIONS =   22     TIME =  0.86554101E+06
  ELMAX = -3.1464E-001 AT NODE      892  SPEEDMAX =  5.9845E-001 AT NODE      856  ON MYPROC =    0
 TIME STEP =   10900  67.40% COMPLETE     ITERATIONS =   21     TIME =  0.87355528E+06
  ELMAX = -3.1260E-001 AT NODE     1085  SPEEDMAX =  3.5438E-001 AT NODE      886  ON MYPROC =    0
 TIME STEP =   11000  68.02% COMPLETE     ITERATIONS =   22     TIME =  0.88156955E+06
  ELMAX = -1.9795E-001 AT NODE     1047  SPEEDMAX =  4.3437E-001 AT NODE      845  ON MYPROC =    0
 TIME STEP =   11100  68.64% COMPLETE     ITERATIONS =   22     TIME =  0.88958381E+06
  ELMAX = -1.3335E-001 AT NODE     1158  SPEEDMAX =  7.0490E-001 AT NODE      856  ON MYPROC =    0
 TIME STEP =   11200  69.26% COMPLETE     ITERATIONS =   21     TIME =  0.89759808E+06
  ELMAX =  1.4625E-001 AT NODE     1085  SPEEDMAX =  7.4568E-001 AT NODE      856  ON MYPROC =    0
 TIME STEP =   11300  69.88% COMPLETE     ITERATIONS =   22     TIME =  0.90561235E+06
  ELMAX =  1.9187E-001 AT NODE     1012  SPEEDMAX =  6.5840E-001 AT NODE      856  ON MYPROC =    0
 TIME STEP =   11400  70.50% COMPLETE     ITERATIONS =   22     TIME =  0.91362662E+06
  ELMAX =  2.2169E-001 AT NODE     1436  SPEEDMAX =  4.9270E-001 AT NODE      886  ON MYPROC =    0
 TIME STEP =   11500  71.11% COMPLETE     ITERATIONS =   22     TIME =  0.92164089E+06
  ELMAX =  2.0414E-001 AT NODE     1391  SPEEDMAX =  3.1217E-001 AT NODE      845  ON MYPROC =    0
 TIME STEP =   11600  71.73% COMPLETE     ITERATIONS =   23     TIME =  0.92965516E+06
  ELMAX =  1.7428E-001 AT NODE     1250  SPEEDMAX =  5.8388E-001 AT NODE      856  ON MYPROC =    0
 TIME STEP =   11700  72.35% COMPLETE     ITERATIONS =   21     TIME =  0.93766943E+06
  ELMAX = -1.1644E-001 AT NODE     1011  SPEEDMAX =  8.0883E-001 AT NODE      856  ON MYPROC =    0
 TIME STEP =   11800  72.97% COMPLETE     ITERATIONS =   22     TIME =  0.94568369E+06
  ELMAX = -2.0251E-001 AT NODE      111  SPEEDMAX =  8.0930E-001 AT NODE      856  ON MYPROC =    0
 TIME STEP =   11900  73.59% COMPLETE     ITERATIONS =   23     TIME =  0.95369796E+06
  ELMAX = -2.8837E-001 AT NODE      577  SPEEDMAX =  6.4761E-001 AT NODE      856  ON MYPROC =    0
 TIME STEP =   12000  74.21% COMPLETE     ITERATIONS =   21     TIME =  0.96171223E+06
  ELMAX = -3.1061E-001 AT NODE      964  SPEEDMAX =  3.7151E-001 AT NODE      886  ON MYPROC =    0
 TIME STEP =   12100  74.83% COMPLETE     ITERATIONS =   22     TIME =  0.96972650E+06
  ELMAX = -2.3966E-001 AT NODE     1047  SPEEDMAX =  4.4904E-001 AT NODE      845  ON MYPROC =    0
 TIME STEP =   12200  75.44% COMPLETE     ITERATIONS =   23     TIME =  0.97774077E+06
  ELMAX = -1.3272E-001 AT NODE     1158  SPEEDMAX =  6.7792E-001 AT NODE      856  ON MYPROC =    0
 TIME STEP =   12300  76.06% COMPLETE     ITERATIONS =   21     TIME =  0.98575504E+06
  ELMAX =  1.6289E-001 AT NODE      964  SPEEDMAX =  6.9107E-001 AT NODE      856  ON MYPROC =    0
 TIME STEP =   12400  76.68% COMPLETE     ITERATIONS =   22     TIME =  0.99376931E+06
  ELMAX =  1.9542E-001 AT NODE     1085  SPEEDMAX =  5.8587E-001 AT NODE      856  ON MYPROC =    0
 TIME STEP =   12500  77.30% COMPLETE     ITERATIONS =   22     TIME =  0.10017836E+07
  ELMAX =  1.8840E-001 AT NODE     1349  SPEEDMAX =  4.9559E-001 AT NODE      886  ON MYPROC =    0
 TIME STEP =   12600  77.92% COMPLETE     ITERATIONS =   21     TIME =  0.10097978E+07
  ELMAX =  1.9984E-001 AT NODE     1356  SPEEDMAX =  2.7704E-001 AT NODE      886  ON MYPROC =    0
 TIME STEP =   12700  78.54% COMPLETE     ITERATIONS =   22     TIME =  0.10178121E+07
  ELMAX =  1.7303E-001 AT NODE     1409  SPEEDMAX =  4.2677E-001 AT NODE      856  ON MYPROC =    0
 TIME STEP =   12800  79.15% COMPLETE     ITERATIONS =   22     TIME =  0.10258264E+07
  ELMAX =  1.2291E-001 AT NODE      964  SPEEDMAX =  7.8433E-001 AT NODE      856  ON MYPROC =    0
 TIME STEP =   12900  79.77% COMPLETE     ITERATIONS =   22     TIME =  0.10338406E+07
  ELMAX = -1.7149E-001 AT NODE      852  SPEEDMAX =  8.1355E-001 AT NODE      856  ON MYPROC =    0
 TIME STEP =   13000  80.39% COMPLETE     ITERATIONS =   22     TIME =  0.10418549E+07
  ELMAX = -2.6852E-001 AT NODE      209  SPEEDMAX =  6.7600E-001 AT NODE      856  ON MYPROC =    0
 TIME STEP =   13100  81.01% COMPLETE     ITERATIONS =   22     TIME =  0.10498692E+07
  ELMAX = -3.2522E-001 AT NODE      892  SPEEDMAX =  3.7804E-001 AT NODE      886  ON MYPROC =    0
 TIME STEP =   13200  81.63% COMPLETE     ITERATIONS =   22     TIME =  0.10578835E+07
  ELMAX = -2.8152E-001 AT NODE     1085  SPEEDMAX =  4.5458E-001 AT NODE      845  ON MYPROC =    0
 TIME STEP =   13300  82.25% COMPLETE     ITERATIONS =   22     TIME =  0.10658977E+07
  ELMAX = -1.4572E-001 AT NODE     1047  SPEEDMAX =  6.3254E-001 AT NODE      856  ON MYPROC =    0
 TIME STEP =   13400  82.86% COMPLETE     ITERATIONS =   21     TIME =  0.10739120E+07
  ELMAX =  1.8981E-001 AT NODE      577  SPEEDMAX =  6.0263E-001 AT NODE      856  ON MYPROC =    0
 TIME STEP =   13500  83.48% COMPLETE     ITERATIONS =   22     TIME =  0.10819263E+07
  ELMAX =  2.2477E-001 AT NODE     1085  SPEEDMAX =  4.9244E-001 AT NODE      856  ON MYPROC =    0
 TIME STEP =   13600  84.10% COMPLETE     ITERATIONS =   22     TIME =  0.10899405E+07
  ELMAX =  1.6546E-001 AT NODE     1049  SPEEDMAX =  4.7745E-001 AT NODE      886  ON MYPROC =    0
 TIME STEP =   13700  84.72% COMPLETE     ITERATIONS =   21     TIME =  0.10979548E+07
  ELMAX =  1.8780E-001 AT NODE     1436  SPEEDMAX =  3.2757E-001 AT NODE      886  ON MYPROC =    0
 TIME STEP =   13800  85.34% COMPLETE     ITERATIONS =   22     TIME =  0.11059691E+07
  ELMAX =  1.7238E-001 AT NODE     1409  SPEEDMAX =  2.8579E-001 AT NODE      845  ON MYPROC =    0
 TIME STEP =   13900  85.96% COMPLETE     ITERATIONS =   22     TIME =  0.11139833E+07
  ELMAX =  1.7242E-001 AT NODE      892  SPEEDMAX =  7.2191E-001 AT NODE      856  ON MYPROC =    0
 TIME STEP =   14000  86.57% COMPLETE     ITERATIONS =   21     TIME =  0.11219976E+07
  ELMAX = -1.4294E-001 AT NODE       14  SPEEDMAX =  8.0011E-001 AT NODE      856  ON MYPROC =    0
 TIME STEP =   14100  87.19% COMPLETE     ITERATIONS =   23     TIME =  0.11300119E+07
  ELMAX = -2.3911E-001 AT NODE      172  SPEEDMAX =  6.7703E-001 AT NODE      856  ON MYPROC =    0
 TIME STEP =   14200  87.81% COMPLETE     ITERATIONS =   23     TIME =  0.11380261E+07
  ELMAX = -3.1422E-001 AT NODE      577  SPEEDMAX =  3.6825E-001 AT NODE      886  ON MYPROC =    0
 TIME STEP =   14300  88.43% COMPLETE     ITERATIONS =   21     TIME =  0.11460404E+07
  ELMAX = -2.9810E-001 AT NODE     1085  SPEEDMAX =  4.3407E-001 AT NODE      845  ON MYPROC =    0
 TIME STEP =   14400  89.05% COMPLETE     ITERATIONS =   23     TIME =  0.11540547E+07
  ELMAX = -1.9202E-001 AT NODE     1047  SPEEDMAX =  5.5706E-001 AT NODE      856  ON MYPROC =    0
 TIME STEP =   14500  89.67% COMPLETE     ITERATIONS =   22     TIME =  0.11620689E+07
  ELMAX =  2.0497E-001 AT NODE      577  SPEEDMAX =  4.3282E-001 AT NODE      856  ON MYPROC =    0
 TIME STEP =   14600  90.29% COMPLETE     ITERATIONS =   22     TIME =  0.11700832E+07
  ELMAX =  2.2671E-001 AT NODE      964  SPEEDMAX =  3.4626E-001 AT NODE      886  ON MYPROC =    0
 TIME STEP =   14700  90.90% COMPLETE     ITERATIONS =   23     TIME =  0.11780975E+07
  ELMAX =  1.2415E-001 AT NODE      593  SPEEDMAX =  4.1539E-001 AT NODE      886  ON MYPROC =    0
 TIME STEP =   14800  91.52% COMPLETE     ITERATIONS =   21     TIME =  0.11861118E+07
  ELMAX =  1.8214E-001 AT NODE     1051  SPEEDMAX =  3.7698E-001 AT NODE      886  ON MYPROC =    0
 TIME STEP =   14900  92.14% COMPLETE     ITERATIONS =   22     TIME =  0.11941260E+07
  ELMAX =  1.6623E-001 AT NODE     1356  SPEEDMAX =  2.5894E-001 AT NODE      320  ON MYPROC =    0
 TIME STEP =   15000  92.76% COMPLETE     ITERATIONS =   22     TIME =  0.12021403E+07
  ELMAX =  2.1457E-001 AT NODE      577  SPEEDMAX =  5.4381E-001 AT NODE      856  ON MYPROC =    0
 TIME STEP =   15100  93.38% COMPLETE     ITERATIONS =   21     TIME =  0.12101546E+07
  ELMAX =  2.1661E-001 AT NODE      964  SPEEDMAX =  7.6640E-001 AT NODE      856  ON MYPROC =    0
 TIME STEP =   15200  94.00% COMPLETE     ITERATIONS =   22     TIME =  0.12181688E+07
  ELMAX = -1.9711E-001 AT NODE      139  SPEEDMAX =  6.4389E-001 AT NODE      856  ON MYPROC =    0
 TIME STEP =   15300  94.61% COMPLETE     ITERATIONS =   23     TIME =  0.12261831E+07
  ELMAX = -3.1321E-001 AT NODE      577  SPEEDMAX =  3.2428E-001 AT NODE      886  ON MYPROC =    0
 TIME STEP =   15400  95.23% COMPLETE     ITERATIONS =   21     TIME =  0.12341974E+07
  ELMAX = -3.0579E-001 AT NODE      964  SPEEDMAX =  3.8430E-001 AT NODE      845  ON MYPROC =    0
 TIME STEP =   15500  95.85% COMPLETE     ITERATIONS =   23     TIME =  0.12422116E+07
  ELMAX = -1.9580E-001 AT NODE     1047  SPEEDMAX =  4.5068E-001 AT NODE      856  ON MYPROC =    0
 TIME STEP =   15600  96.47% COMPLETE     ITERATIONS =   22     TIME =  0.12502259E+07
  ELMAX =  2.1333E-001 AT NODE      577  SPEEDMAX =  2.6514E-001 AT NODE      965  ON MYPROC =    0
 TIME STEP =   15700  97.09% COMPLETE     ITERATIONS =   22     TIME =  0.12582402E+07
  ELMAX =  2.1226E-001 AT NODE      964  SPEEDMAX =  3.1296E-001 AT NODE      319  ON MYPROC =    0
 TIME STEP =   15800  97.71% COMPLETE     ITERATIONS =   23     TIME =  0.12662544E+07
  ELMAX = -1.3173E-001 AT NODE      259  SPEEDMAX =  2.9267E-001 AT NODE      886  ON MYPROC =    0
 TIME STEP =   15900  98.32% COMPLETE     ITERATIONS =   22     TIME =  0.12742687E+07
  ELMAX = -1.8941E-001 AT NODE      892  SPEEDMAX =  5.0586E-001 AT NODE      856  ON MYPROC =    0
 TIME STEP =   16000  98.94% COMPLETE     ITERATIONS =   22     TIME =  0.12822830E+07
  ELMAX =  1.4668E-001 AT NODE     1436  SPEEDMAX =  4.1975E-001 AT NODE      856  ON MYPROC =    0
 TIME STEP =   16100  99.56% COMPLETE     ITERATIONS =   22     TIME =  0.12902972E+07
  ELMAX =  2.5946E-001 AT NODE      577  SPEEDMAX =  3.8806E-001 AT NODE      845  ON MYPROC =    0
INFO: writeHotstart:  HOT START OUTPUT WRITTEN TO UNIT 67 AT TIME STEP =     16171 TIME =  0.12959874E+07
 MPI terminated with Status =            0
