 INFO: Processing --np
 INFO: Processing --partmesh
 File                                                      fort.14
 WAS FOUND!  Opening & Processing file

 from alloc_main1: 
  
 memory currently allocated =              17604904  bytes
 memory high water mark     =              34383640  bytes
  
  
 memory currently allocated =              19765264  bytes
 memory high water mark     =              34383640  bytes
  
 Global Grid file read successfully.
INFO: This mesh has 0 weir node pairs.
INFO: Maximum number of duals for any weir node is 0.
 maximum co-nodes for any node =           18
 edge count =        89861
 
 Grid Partition Data
 METIS 4.0 will require approximately        22402559666584  bytes
 Total Edges Cut =        18931
INFO: Writing mesh partition to partmesh.txt.
 INFO: METIS has partitioned nodes successfully.
  
 memory currently allocated =              19765264  bytes
 memory high water mark     =              34383640  bytes
  
 INFO: Processing --np
 INFO: Processing --prepall
 File                                                      fort.14
 WAS FOUND!  Opening & Processing file

 File fort.15                                                     
 WAS FOUND!  Opening & Processing file

 INFO: The metControl namelist was not found.
 Elevation Station Locations contained in fort.15
 Velocity Station Locations Contained in fort.15
 NHSTAR =            5
 *****************************************************
 *   Based on input and information extracted from   *
 *   the ADCIRC UNIT 14 and 15 (grid and horiz run   *
 *   info) files the following paramter values will  *
 *   be set:                                         *
 *                                                   *
 *       MNPROC =    24                             *
 *       MNE =    58369      MNP =    31435          *
 *       MNEI =      10                               *
 *       MNOPE =      1      MNETA =    103          *
 *       MNBOU =     59      MNVEL =   4573          *
 *       MNTIF =      8      MNBFR =      8          *
 *       MNSTAE =     1      MNSTAV =     1          *
 *       MNSTAC =     1      MNSTAM =     1          *
 *       MNWP =       1                               *
 *       MNWLAT =     1      MNWLON =     1          *
 *       MNFFR =      1                              *
 *                                                   *
 *   Also, NO wind forcing will be used,             *
 *   means and variance calculation will NOT be made,*
 *   the GWCE matrix will be left in consistent form *
 *   and an iterative solver will be used            *
 *****************************************************

 from alloc_main1: 
  
 memory currently allocated =              17670648  bytes
 memory high water mark     =              34515128  bytes
  
  
 memory currently allocated =              19831008  bytes
 memory high water mark     =              34515128  bytes
  
 Global Grid file read successfully.
 INFO: Opening file partmesh.txt
 INFO: Closed partmesh.txt file.
 INFO: Start reading in fort.15.
 nstae=           0
 Elevation Station Locations contained in fort.15
 Velocity Station Locations Contained in fort.15
  
 memory currently allocated =              19831016  bytes
 memory high water mark     =              34515128  bytes
  
 INFO: Fulldomain fort.15 file read successfully.
 INFO: Initializing the netCDF output files.
  
 Determine the parameters MNPP and MNEP
  Setting MNPP =         1437
  Setting MNEP =         2590
 Allocate arrays dimensioned by MNPP and MNEP
 from alloc_main2: 
  
 memory currently allocated =              20966118  bytes
 memory high water mark     =              34515128  bytes
  
  
 Decomposition of grid begins
 Decomposition Data
 DOMAIN  RES_NODES  GHOST_NODES  TOT_NODES  ELEMENTS
 ------  ---------  -----------  ---------  --------
 GLOBAL                             31435      58369
 PE0000      1397         40         1437       2285
 PE0001      1261         71         1332       2442
 PE0002      1319         64         1383       2535
 PE0003      1358         41         1399       2454
 PE0004      1335         64         1399       2575
 PE0005      1309         89         1398       2590
 PE0006      1304         36         1340       2460
 PE0007      1269         62         1331       2430
 PE0008      1278         90         1368       2450
 PE0009      1265         73         1338       2446
 PE0010      1348         62         1410       2546
 PE0011      1282         64         1346       2453
 PE0012      1308        103         1411       2539
 PE0013      1353         74         1427       2562
 PE0014      1343         63         1406       2571
 PE0015      1345         38         1383       2535
 PE0016      1309         52         1361       2430
 PE0017      1303         58         1361       2510
 PE0018      1278        104         1382       2446
 PE0019      1313        106         1419       2584
 PE0020      1318         48         1366       2566
 PE0021      1309         59         1368       2548
 PE0022      1265         61         1326       2500
 PE0023      1266        111         1377       2469
 Decomposition successful
 Writing Local UNIT 14 (Grid) File for each PE
  
 Boundary Node Decomposition Data
 DOMAIN      NOPE    NETA    NBOU  NVEL    NWEIR
 GLOBAL       1     103      59    4514       0
 PE0000       0       0       5     561       0
 PE0001       0       0       2     154       0
 PE0002       0       0       5     179       0
 PE0003       0       0       6     318       0
 PE0004       0       0       1     159       0
 PE0005       0       0       1     117       0
 PE0006       1      22       1     163       0
 PE0007       0       0       1     170       0
 PE0008       0       0       4     205       0
 PE0009       0       0       2     160       0
 PE0010       0       0       6     228       0
 PE0011       0       0       3     181       0
 PE0012       0       0       1     180       0
 PE0013       0       0       4     227       0
 PE0014       0       0       1     180       0
 PE0015       1      37       1     157       0
 PE0016       0       0       2     243       0
 PE0017       0       0       2     157       0
 PE0018       0       0      12     248       0
 PE0019       1      26       8     146       0
 PE0020       1      24      17     145       0
 PE0021       0       0       1     129       0
 PE0022       0       0       3      97       0
 PE0023       0       0       9     198       0
 Writing Local UNIT 15 (Run Info) File for each PE
  
 Station Data
 DOMAIN      NSTAE   NSTAV    NSTAC    NSTAM
 GLOBAL       0       0       0       0
 PE0000       0       0       0       0
 PE0001       0       0       0       0
 PE0002       0       0       0       0
 PE0003       0       0       0       0
 PE0004       0       0       0       0
 PE0005       0       0       0       0
 PE0006       0       0       0       0
 PE0007       0       0       0       0
 PE0008       0       0       0       0
 PE0009       0       0       0       0
 PE0010       0       0       0       0
 PE0011       0       0       0       0
 PE0012       0       0       0       0
 PE0013       0       0       0       0
 PE0014       0       0       0       0
 PE0015       0       0       0       0
 PE0016       0       0       0       0
 PE0017       0       0       0       0
 PE0018       0       0       0       0
 PE0019       0       0       0       0
 PE0020       0       0       0       0
 PE0021       0       0       0       0
 PE0022       0       0       0       0
 PE0023       0       0       0       0
 Writing Message-Passing Info Files for each PE
  
 Communication Data
 DOMAIN  COMM_PE  %(SURF/VOL)
 ------  -------  -----------
 PE0000        2      2.86
 PE0001        5      5.63
 PE0002        5      4.85
 PE0003        3      3.02
 PE0004        3      4.79
 PE0005        5      6.80
 PE0006        2      2.76
 PE0007        3      4.89
 PE0008        5      7.04
 PE0009        3      5.77
 PE0010        5      4.60
 PE0011        4      4.99
 PE0012        6      7.87
 PE0013        6      5.47
 PE0014        2      4.69
 PE0015        3      2.83
 PE0016        3      3.97
 PE0017        2      4.45
 PE0018        4      8.14
 PE0019        6      8.07
 PE0020        3      3.64
 PE0021        3      4.51
 PE0022        2      4.82
 PE0023        5      8.77
  
 memory currently allocated =              20966118  bytes
 memory high water mark     =              34515128  bytes
  


 Writing subdomain Nodal Attributes (unit 13)
 file for each PE.
File fort.13 
 WAS FOUND!  Opening & Processing file.

     Finished processing primitive_weighting_in_continuity_equation                                      
 for processor range            1  to           24
     Finished processing mannings_n_at_sea_floor                                                         
 for processor range            1  to           24
  
 memory currently allocated =              20966110  bytes
 memory high water mark     =              34515128  bytes
  
 Writing domain-decomposition file for post-processor
 
 INFO: Finished pre-processing input files.
  
 memory currently allocated =              20966110  bytes
 memory high water mark     =              34515128  bytes
  
 INFO: Searching for ADCIRC subdomain directories:
 INFO: Looking for './PE0000/fort.14' ...
 INFO: File './PE0000/fort.14' was found!
 INFO: The search for the subdomain directory was completed successfully.
 INFO: The ROOTDIR is  '.'.
 INFO: The INPUTDIR is './PE0000'.
 INFO: The GBLINPUTDIR is '.'.
 INFO: The GLOBALDIR is '.'.
 INFO: The LOCALDIR is './PE0000'.
WARNING: read14FindDims: Number of land boundary nodes was set to 561 but 557 were found.

 _______________________________________________________________________________


                   PROGRAM ADCIRC   VERSION v56.0.1-8-g13aa6bf

     AN ADVANCED CIRCULATION MODEL FOR SHELVES, COASTAL SEAS AND ESTUARIES


       -  DEVELOPED BY

          R.A. LUETTICH, JR
            UNIVERSITY OF NORTH CAROLINA AT CHAPEL HILL
            INSTITUTE OF MARINE SCIENCES

          J.J. WESTERINK 
            DEPARTMENT OF CIVIL ENGINEERING AND GEOLOGICAL SCIENCES
            UNIVERSITY OF NOTRE DAME


       -  THE ADCIRC SOURCE CODE IS COPYRIGHTED BY

          R.A. LUETTICH, JR. AND J.J. WESTERINK, 1994-2006

       NO PART OF THIS CODE MAY BE REPRODUCED OR REDISTRIBUTED
          WITHOUT THE WRITTEN PERMISSION OF THE AUTHORS



 _______________________________________________________________________________
INFO: initializeMesh: THE NEIGHBOR TABLE IS BEING COMPUTED.
INFO: initializeMesh: THE NEIGHBOR TABLE IS COMPLETED. THE MINIMUM NUMBER OF NEIGHBORS FOR ANY NODE = 3. 1+THE MAXIMUM NUMBER OF NEIGHBORS FOR ANY NODE = 9. THE PARAMETER MNEI CAN BE SET AS SMALL AS 9.
ADCIRC Version is v56.0.1-8-g13aa6bf                                                              
ADCIRC Commit hash is 13aa6bfb926a7684309f0bb7de1ca93a17d34269                                        

 _______________________________________________________________________________


 LIMITED RUNTIME INFORMATION SECTION 


INFO: ADCIRC_Run: Begin timestepping.
 TIME STEP =     100   1.16% COMPLETE     ITERATIONS =   23     TIME =  0.80142686E+04
  ELMAX =  1.0407E-004 AT NODE      627  SPEEDMAX =  3.9510E-004 AT NODE      886  ON MYPROC =    0
 TIME STEP =     200   2.32% COMPLETE     ITERATIONS =   23     TIME =  0.16028537E+05
  ELMAX =  3.7922E-004 AT NODE     1051  SPEEDMAX =  2.2802E-003 AT NODE      886  ON MYPROC =    0
 TIME STEP =     300   3.48% COMPLETE     ITERATIONS =   22     TIME =  0.24042806E+05
  ELMAX = -7.9739E-004 AT NODE      128  SPEEDMAX =  5.3858E-003 AT NODE      886  ON MYPROC =    0
 TIME STEP =     400   4.64% COMPLETE     ITERATIONS =   23     TIME =  0.32057074E+05
  ELMAX = -2.7921E-003 AT NODE     1012  SPEEDMAX =  2.3110E-002 AT NODE      886  ON MYPROC =    0
 TIME STEP =     500   5.80% COMPLETE     ITERATIONS =   22     TIME =  0.40071343E+05
  ELMAX = -3.4365E-003 AT NODE     1433  SPEEDMAX =  8.0639E-003 AT NODE      724  ON MYPROC =    0
 TIME STEP =     600   6.96% COMPLETE     ITERATIONS =   22     TIME =  0.48085612E+05
  ELMAX = -1.0077E-002 AT NODE     1051  SPEEDMAX =  1.6945E-002 AT NODE      886  ON MYPROC =    0
 TIME STEP =     700   8.12% COMPLETE     ITERATIONS =   23     TIME =  0.56099880E+05
  ELMAX =  1.1382E-002 AT NODE     1009  SPEEDMAX =  5.7700E-002 AT NODE      886  ON MYPROC =    0
 TIME STEP =     800   9.28% COMPLETE     ITERATIONS =   21     TIME =  0.64114149E+05
  ELMAX =  1.2964E-002 AT NODE     1085  SPEEDMAX =  8.4416E-002 AT NODE      886  ON MYPROC =    0
 TIME STEP =     900  10.44% COMPLETE     ITERATIONS =   23     TIME =  0.72128417E+05
  ELMAX =  1.3589E-002 AT NODE     1433  SPEEDMAX =  4.6075E-002 AT NODE      845  ON MYPROC =    0
 TIME STEP =    1000  11.60% COMPLETE     ITERATIONS =   22     TIME =  0.80142686E+05
  ELMAX = -1.7074E-002 AT NODE      593  SPEEDMAX =  1.5842E-001 AT NODE      886  ON MYPROC =    0
 TIME STEP =    1100  12.76% COMPLETE     ITERATIONS =   21     TIME =  0.88156955E+05
  ELMAX = -3.5163E-002 AT NODE     1012  SPEEDMAX =  1.9143E-001 AT NODE      856  ON MYPROC =    0
 TIME STEP =    1200  13.91% COMPLETE     ITERATIONS =   23     TIME =  0.96171223E+05
  ELMAX = -4.5351E-002 AT NODE     1433  SPEEDMAX =  1.1358E-001 AT NODE      889  ON MYPROC =    0
 TIME STEP =    1300  15.07% COMPLETE     ITERATIONS =   21     TIME =  0.10418549E+06
  ELMAX = -4.4574E-002 AT NODE     1409  SPEEDMAX =  1.5828E-001 AT NODE      886  ON MYPROC =    0
 TIME STEP =    1400  16.23% COMPLETE     ITERATIONS =   22     TIME =  0.11219976E+06
  ELMAX =  3.3468E-002 AT NODE      906  SPEEDMAX =  2.6252E-001 AT NODE      856  ON MYPROC =    0
 TIME STEP =    1500  17.39% COMPLETE     ITERATIONS =   23     TIME =  0.12021403E+06
  ELMAX =  3.4947E-002 AT NODE      139  SPEEDMAX =  2.2223E-001 AT NODE      856  ON MYPROC =    0
 TIME STEP =    1600  18.55% COMPLETE     ITERATIONS =   21     TIME =  0.12822830E+06
  ELMAX =  6.2914E-002 AT NODE      964  SPEEDMAX =  1.5695E-001 AT NODE      886  ON MYPROC =    0
 TIME STEP =    1700  19.71% COMPLETE     ITERATIONS =   22     TIME =  0.13624257E+06
  ELMAX =  7.2741E-002 AT NODE      969  SPEEDMAX =  1.1462E-001 AT NODE      886  ON MYPROC =    0
 TIME STEP =    1800  20.87% COMPLETE     ITERATIONS =   22     TIME =  0.14425683E+06
  ELMAX =  5.3939E-002 AT NODE     1379  SPEEDMAX =  6.7162E-002 AT NODE      579  ON MYPROC =    0
 TIME STEP =    1900  22.03% COMPLETE     ITERATIONS =   21     TIME =  0.15227110E+06
  ELMAX =  6.0045E-002 AT NODE     1433  SPEEDMAX =  1.3776E-001 AT NODE      886  ON MYPROC =    0
 TIME STEP =    2000  23.19% COMPLETE     ITERATIONS =   22     TIME =  0.16028537E+06
  ELMAX =  3.7638E-002 AT NODE     1158  SPEEDMAX =  2.9594E-001 AT NODE      886  ON MYPROC =    0
 TIME STEP =    2100  24.35% COMPLETE     ITERATIONS =   23     TIME =  0.16829964E+06
  ELMAX = -6.3567E-002 AT NODE      885  SPEEDMAX =  4.0632E-001 AT NODE      856  ON MYPROC =    0
 TIME STEP =    2200  25.51% COMPLETE     ITERATIONS =   21     TIME =  0.17631391E+06
  ELMAX = -9.8486E-002 AT NODE      853  SPEEDMAX =  3.9765E-001 AT NODE      856  ON MYPROC =    0
 TIME STEP =    2300  26.67% COMPLETE     ITERATIONS =   23     TIME =  0.18432818E+06
  ELMAX = -1.2264E-001 AT NODE      172  SPEEDMAX =  2.7663E-001 AT NODE      886  ON MYPROC =    0
 TIME STEP =    2400  27.83% COMPLETE     ITERATIONS =   22     TIME =  0.19234245E+06
  ELMAX = -1.5894E-001 AT NODE      964  SPEEDMAX =  2.0027E-001 AT NODE      845  ON MYPROC =    0
 TIME STEP =    2500  28.99% COMPLETE     ITERATIONS =   21     TIME =  0.20035671E+06
  ELMAX = -1.3136E-001 AT NODE      969  SPEEDMAX =  4.0915E-001 AT NODE      856  ON MYPROC =    0
 TIME STEP =    2600  30.15% COMPLETE     ITERATIONS =   23     TIME =  0.20837098E+06
  ELMAX =  5.7073E-002 AT NODE      139  SPEEDMAX =  4.7583E-001 AT NODE      856  ON MYPROC =    0
 TIME STEP =    2700  31.31% COMPLETE     ITERATIONS =   22     TIME =  0.21638525E+06
  ELMAX =  1.2263E-001 AT NODE      577  SPEEDMAX =  4.5142E-001 AT NODE      856  ON MYPROC =    0
 TIME STEP =    2800  32.47% COMPLETE     ITERATIONS =   22     TIME =  0.22439952E+06
  ELMAX =  1.6328E-001 AT NODE     1085  SPEEDMAX =  4.1317E-001 AT NODE      886  ON MYPROC =    0
 TIME STEP =    2900  33.63% COMPLETE     ITERATIONS =   22     TIME =  0.23241379E+06
  ELMAX =  1.4533E-001 AT NODE     1401  SPEEDMAX =  3.6486E-001 AT NODE      886  ON MYPROC =    0
 TIME STEP =    3000  34.79% COMPLETE     ITERATIONS =   21     TIME =  0.24042806E+06
  ELMAX =  1.5581E-001 AT NODE     1388  SPEEDMAX =  1.6428E-001 AT NODE      886  ON MYPROC =    0
 TIME STEP =    3100  35.95% COMPLETE     ITERATIONS =   22     TIME =  0.24844233E+06
  ELMAX =  1.4323E-001 AT NODE     1158  SPEEDMAX =  4.1831E-001 AT NODE      856  ON MYPROC =    0
 TIME STEP =    3200  37.11% COMPLETE     ITERATIONS =   22     TIME =  0.25645660E+06
  ELMAX =  8.5950E-002 AT NODE     1158  SPEEDMAX =  6.8654E-001 AT NODE      856  ON MYPROC =    0
 TIME STEP =    3300  38.27% COMPLETE     ITERATIONS =   22     TIME =  0.26447086E+06
  ELMAX = -1.5716E-001 AT NODE      852  SPEEDMAX =  7.3270E-001 AT NODE      856  ON MYPROC =    0
 TIME STEP =    3400  39.42% COMPLETE     ITERATIONS =   22     TIME =  0.27248513E+06
  ELMAX = -2.1913E-001 AT NODE      139  SPEEDMAX =  6.2679E-001 AT NODE      856  ON MYPROC =    0
 TIME STEP =    3500  40.58% COMPLETE     ITERATIONS =   22     TIME =  0.28049940E+06
  ELMAX = -2.7818E-001 AT NODE      892  SPEEDMAX =  3.9229E-001 AT NODE      886  ON MYPROC =    0
 TIME STEP =    3600  41.74% COMPLETE     ITERATIONS =   21     TIME =  0.28851367E+06
  ELMAX = -2.6984E-001 AT NODE     1085  SPEEDMAX =  3.8509E-001 AT NODE      845  ON MYPROC =    0
 TIME STEP =    3700  42.90% COMPLETE     ITERATIONS =   23     TIME =  0.29652794E+06
  ELMAX = -1.6814E-001 AT NODE     1047  SPEEDMAX =  6.0418E-001 AT NODE      856  ON MYPROC =    0
 TIME STEP =    3800  44.06% COMPLETE     ITERATIONS =   22     TIME =  0.30454221E+06
  ELMAX =  1.4183E-001 AT NODE      577  SPEEDMAX =  6.6987E-001 AT NODE      856  ON MYPROC =    0
 TIME STEP =    3900  45.22% COMPLETE     ITERATIONS =   22     TIME =  0.31255648E+06
  ELMAX =  2.0491E-001 AT NODE      964  SPEEDMAX =  6.6312E-001 AT NODE      856  ON MYPROC =    0
 TIME STEP =    4000  46.38% COMPLETE     ITERATIONS =   23     TIME =  0.32057074E+06
  ELMAX =  2.1344E-001 AT NODE      900  SPEEDMAX =  6.2148E-001 AT NODE      856  ON MYPROC =    0
 TIME STEP =    4100  47.54% COMPLETE     ITERATIONS =   21     TIME =  0.32858501E+06
  ELMAX =  2.5196E-001 AT NODE     1436  SPEEDMAX =  4.5255E-001 AT NODE      886  ON MYPROC =    0
 TIME STEP =    4200  48.70% COMPLETE     ITERATIONS =   22     TIME =  0.33659928E+06
  ELMAX =  2.2534E-001 AT NODE     1409  SPEEDMAX =  4.0156E-001 AT NODE      845  ON MYPROC =    0
 TIME STEP =    4300  49.86% COMPLETE     ITERATIONS =   22     TIME =  0.34461355E+06
  ELMAX =  1.8209E-001 AT NODE     1158  SPEEDMAX =  7.7871E-001 AT NODE      856  ON MYPROC =    0
 TIME STEP =    4400  51.02% COMPLETE     ITERATIONS =   21     TIME =  0.35262782E+06
  ELMAX = -1.6895E-001 AT NODE     1011  SPEEDMAX =  9.1146E-001 AT NODE      856  ON MYPROC =    0
 TIME STEP =    4500  52.18% COMPLETE     ITERATIONS =   22     TIME =  0.36064209E+06
  ELMAX = -2.6039E-001 AT NODE      139  SPEEDMAX =  8.6080E-001 AT NODE      856  ON MYPROC =    0
 TIME STEP =    4600  53.34% COMPLETE     ITERATIONS =   22     TIME =  0.36865636E+06
  ELMAX = -3.4683E-001 AT NODE      577  SPEEDMAX =  6.1137E-001 AT NODE      856  ON MYPROC =    0
 TIME STEP =    4700  54.50% COMPLETE     ITERATIONS =   21     TIME =  0.37667062E+06
  ELMAX = -3.4898E-001 AT NODE      964  SPEEDMAX =  3.3539E-001 AT NODE      886  ON MYPROC =    0
 TIME STEP =    4800  55.66% COMPLETE     ITERATIONS =   22     TIME =  0.38468489E+06
  ELMAX = -2.7055E-001 AT NODE     1047  SPEEDMAX =  4.7500E-001 AT NODE      856  ON MYPROC =    0
 TIME STEP =    4900  56.82% COMPLETE     ITERATIONS =   22     TIME =  0.39269916E+06
  ELMAX = -1.3491E-001 AT NODE     1158  SPEEDMAX =  7.0531E-001 AT NODE      856  ON MYPROC =    0
 TIME STEP =    5000  57.98% COMPLETE     ITERATIONS =   22     TIME =  0.40071343E+06
  ELMAX =  1.9453E-001 AT NODE      964  SPEEDMAX =  7.7147E-001 AT NODE      856  ON MYPROC =    0
 TIME STEP =    5100  59.14% COMPLETE     ITERATIONS =   23     TIME =  0.40872770E+06
  ELMAX =  2.3129E-001 AT NODE      900  SPEEDMAX =  7.6752E-001 AT NODE      856  ON MYPROC =    0
 TIME STEP =    5200  60.30% COMPLETE     ITERATIONS =   22     TIME =  0.41674197E+06
  ELMAX =  2.7217E-001 AT NODE     1427  SPEEDMAX =  6.2538E-001 AT NODE      856  ON MYPROC =    0
 TIME STEP =    5300  61.46% COMPLETE     ITERATIONS =   22     TIME =  0.42475624E+06
  ELMAX =  2.6465E-001 AT NODE     1356  SPEEDMAX =  3.6263E-001 AT NODE      845  ON MYPROC =    0
 TIME STEP =    5400  62.62% COMPLETE     ITERATIONS =   22     TIME =  0.43277050E+06
  ELMAX =  2.2548E-001 AT NODE      892  SPEEDMAX =  7.0585E-001 AT NODE      856  ON MYPROC =    0
 TIME STEP =    5500  63.78% COMPLETE     ITERATIONS =   21     TIME =  0.44078477E+06
  ELMAX = -1.7463E-001 AT NODE     1012  SPEEDMAX =  9.6713E-001 AT NODE      856  ON MYPROC =    0
 TIME STEP =    5600  64.94% COMPLETE     ITERATIONS =   22     TIME =  0.44879904E+06
  ELMAX = -2.6628E-001 AT NODE      111  SPEEDMAX =  9.3109E-001 AT NODE      856  ON MYPROC =    0
 TIME STEP =    5700  66.09% COMPLETE     ITERATIONS =   22     TIME =  0.45681331E+06
  ELMAX = -3.7737E-001 AT NODE      577  SPEEDMAX =  7.0182E-001 AT NODE      856  ON MYPROC =    0
 TIME STEP =    5800  67.25% COMPLETE     ITERATIONS =   21     TIME =  0.46482758E+06
  ELMAX = -3.8331E-001 AT NODE      964  SPEEDMAX =  4.0421E-001 AT NODE      886  ON MYPROC =    0
 TIME STEP =    5900  68.41% COMPLETE     ITERATIONS =   22     TIME =  0.47284185E+06
  ELMAX = -3.0459E-001 AT NODE     1047  SPEEDMAX =  4.2021E-001 AT NODE      845  ON MYPROC =    0
 TIME STEP =    6000  69.57% COMPLETE     ITERATIONS =   22     TIME =  0.48085612E+06
  ELMAX = -1.5507E-001 AT NODE     1158  SPEEDMAX =  6.5783E-001 AT NODE      856  ON MYPROC =    0
 TIME STEP =    6100  70.73% COMPLETE     ITERATIONS =   21     TIME =  0.48887038E+06
  ELMAX =  1.8574E-001 AT NODE      964  SPEEDMAX =  7.6958E-001 AT NODE      856  ON MYPROC =    0
 TIME STEP =    6200  71.89% COMPLETE     ITERATIONS =   23     TIME =  0.49688465E+06
  ELMAX =  2.2217E-001 AT NODE      900  SPEEDMAX =  7.9050E-001 AT NODE      856  ON MYPROC =    0
 TIME STEP =    6300  73.05% COMPLETE     ITERATIONS =   22     TIME =  0.50489892E+06
  ELMAX =  2.8051E-001 AT NODE     1011  SPEEDMAX =  6.9425E-001 AT NODE      856  ON MYPROC =    0
 TIME STEP =    6400  74.21% COMPLETE     ITERATIONS =   22     TIME =  0.51291319E+06
  ELMAX =  2.8301E-001 AT NODE     1356  SPEEDMAX =  3.6583E-001 AT NODE      886  ON MYPROC =    0
 TIME STEP =    6500  75.37% COMPLETE     ITERATIONS =   23     TIME =  0.52092746E+06
  ELMAX =  2.5972E-001 AT NODE      892  SPEEDMAX =  6.3247E-001 AT NODE      856  ON MYPROC =    0
 TIME STEP =    6600  76.53% COMPLETE     ITERATIONS =   22     TIME =  0.52894173E+06
  ELMAX =  2.0488E-001 AT NODE     1085  SPEEDMAX =  9.8306E-001 AT NODE      856  ON MYPROC =    0
 TIME STEP =    6700  77.69% COMPLETE     ITERATIONS =   22     TIME =  0.53695600E+06
  ELMAX = -2.6952E-001 AT NODE      111  SPEEDMAX =  9.4314E-001 AT NODE      856  ON MYPROC =    0
 TIME STEP =    6800  78.85% COMPLETE     ITERATIONS =   23     TIME =  0.54497026E+06
  ELMAX = -3.9770E-001 AT NODE      577  SPEEDMAX =  7.2540E-001 AT NODE      856  ON MYPROC =    0
 TIME STEP =    6900  80.01% COMPLETE     ITERATIONS =   21     TIME =  0.55298453E+06
  ELMAX = -4.0051E-001 AT NODE      964  SPEEDMAX =  4.1336E-001 AT NODE      886  ON MYPROC =    0
 TIME STEP =    7000  81.17% COMPLETE     ITERATIONS =   22     TIME =  0.56099880E+06
  ELMAX = -3.1703E-001 AT NODE     1047  SPEEDMAX =  4.1137E-001 AT NODE      845  ON MYPROC =    0
 TIME STEP =    7100  82.33% COMPLETE     ITERATIONS =   22     TIME =  0.56901307E+06
  ELMAX = -1.5647E-001 AT NODE     1158  SPEEDMAX =  6.2774E-001 AT NODE      856  ON MYPROC =    0
 TIME STEP =    7200  83.49% COMPLETE     ITERATIONS =   21     TIME =  0.57702734E+06
  ELMAX =  1.8512E-001 AT NODE      964  SPEEDMAX =  7.5616E-001 AT NODE      856  ON MYPROC =    0
 TIME STEP =    7300  84.65% COMPLETE     ITERATIONS =   23     TIME =  0.58504161E+06
  ELMAX =  2.1255E-001 AT NODE      842  SPEEDMAX =  7.9074E-001 AT NODE      856  ON MYPROC =    0
 TIME STEP =    7400  85.81% COMPLETE     ITERATIONS =   22     TIME =  0.59305588E+06
  ELMAX =  2.7167E-001 AT NODE     1011  SPEEDMAX =  7.1579E-001 AT NODE      856  ON MYPROC =    0
 TIME STEP =    7500  86.97% COMPLETE     ITERATIONS =   22     TIME =  0.60107015E+06
  ELMAX =  2.8872E-001 AT NODE     1356  SPEEDMAX =  3.8727E-001 AT NODE      886  ON MYPROC =    0
 TIME STEP =    7600  88.13% COMPLETE     ITERATIONS =   23     TIME =  0.60908441E+06
  ELMAX =  2.7386E-001 AT NODE      892  SPEEDMAX =  5.7999E-001 AT NODE      845  ON MYPROC =    0
 TIME STEP =    7700  89.29% COMPLETE     ITERATIONS =   21     TIME =  0.61709868E+06
  ELMAX =  2.3156E-001 AT NODE     1085  SPEEDMAX =  9.7388E-001 AT NODE      856  ON MYPROC =    0
 TIME STEP =    7800  90.45% COMPLETE     ITERATIONS =   22     TIME =  0.62511295E+06
  ELMAX = -2.5595E-001 AT NODE      111  SPEEDMAX =  9.2101E-001 AT NODE      856  ON MYPROC =    0
 TIME STEP =    7900  91.60% COMPLETE     ITERATIONS =   22     TIME =  0.63312722E+06
  ELMAX = -3.9580E-001 AT NODE      577  SPEEDMAX =  7.2160E-001 AT NODE      856  ON MYPROC =    0
 TIME STEP =    8000  92.76% COMPLETE     ITERATIONS =   21     TIME =  0.64114149E+06
  ELMAX = -3.9809E-001 AT NODE      964  SPEEDMAX =  4.1863E-001 AT NODE      886  ON MYPROC =    0
 TIME STEP =    8100  93.92% COMPLETE     ITERATIONS =   22     TIME =  0.64915576E+06
  ELMAX = -3.1293E-001 AT NODE     1047  SPEEDMAX =  3.6946E-001 AT NODE      845  ON MYPROC =    0
 TIME STEP =    8200  95.08% COMPLETE     ITERATIONS =   22     TIME =  0.65717003E+06
  ELMAX = -1.5737E-001 AT NODE     1158  SPEEDMAX =  5.5673E-001 AT NODE      856  ON MYPROC =    0
 TIME STEP =    8300  96.24% COMPLETE     ITERATIONS =   21     TIME =  0.66518429E+06
  ELMAX =  1.7013E-001 AT NODE      964  SPEEDMAX =  7.0447E-001 AT NODE      856  ON MYPROC =    0
 TIME STEP =    8400  97.40% COMPLETE     ITERATIONS =   22     TIME =  0.67319856E+06
  ELMAX =  1.9499E-001 AT NODE     1011  SPEEDMAX =  7.6501E-001 AT NODE      856  ON MYPROC =    0
 TIME STEP =    8500  98.56% COMPLETE     ITERATIONS =   22     TIME =  0.68121283E+06
  ELMAX =  2.3920E-001 AT NODE     1011  SPEEDMAX =  7.1503E-001 AT NODE      856  ON MYPROC =    0
 TIME STEP =    8600  99.72% COMPLETE     ITERATIONS =   21     TIME =  0.68922710E+06
  ELMAX =  2.7435E-001 AT NODE     1356  SPEEDMAX =  4.1086E-001 AT NODE      886  ON MYPROC =    0
 MPI terminated with Status =            0
