Starting simulations Tue May 20 11:59:36 AM PDT 2025
Starting run for scenario: SSP1_2050 at Tue May 20 11:59:36 AM PDT 2025
Scenario SSP1_2050 runtime: 0h 23m 6s
Scenario SSP1_2050 completed successfully at Tue May 20 12:22:42 PM PDT 2025
All scenario runs completed at Tue May 20 12:22:42 PM PDT 2025
Starting run for scenario: SSP1_2070 at Tue May 20 12:22:42 PM PDT 2025
Scenario SSP1_2070 runtime: 0h 21m 47s
Scenario SSP1_2070 completed successfully at Tue May 20 12:44:29 PM PDT 2025
All scenario runs completed at Tue May 20 12:44:29 PM PDT 2025
Starting run for scenario: SSP1_2100 at Tue May 20 12:44:29 PM PDT 2025
Scenario SSP1_2100 runtime: 0h 23m 47s
Scenario SSP1_2100 completed successfully at Tue May 20 01:08:16 PM PDT 2025
All scenario runs completed at Tue May 20 01:08:16 PM PDT 2025
Starting run for scenario: SSP2_2030 at Tue May 20 01:08:16 PM PDT 2025
Scenario SSP2_2030 runtime: 0h 23m 46s
Scenario SSP2_2030 completed successfully at Tue May 20 01:32:02 PM PDT 2025
All scenario runs completed at Tue May 20 01:32:02 PM PDT 2025
Starting run for scenario: SSP2_2050 at Tue May 20 01:32:02 PM PDT 2025
Scenario SSP2_2050 runtime: 0h 21m 59s
Scenario SSP2_2050 completed successfully at Tue May 20 01:54:01 PM PDT 2025
All scenario runs completed at Tue May 20 01:54:01 PM PDT 2025
Starting run for scenario: SSP2_2070 at Tue May 20 01:54:01 PM PDT 2025
Scenario SSP2_2070 runtime: 0h 22m 4s
Scenario SSP2_2070 completed successfully at Tue May 20 02:16:05 PM PDT 2025
All scenario runs completed at Tue May 20 02:16:05 PM PDT 2025
Starting run for scenario: SSP2_2100 at Tue May 20 02:16:05 PM PDT 2025
Scenario SSP2_2100 runtime: 0h 22m 26s
Scenario SSP2_2100 completed successfully at Tue May 20 02:38:31 PM PDT 2025
All scenario runs completed at Tue May 20 02:38:31 PM PDT 2025
Starting run for scenario: SSP3_2030 at Tue May 20 02:38:31 PM PDT 2025
Scenario SSP3_2030 runtime: 0h 22m 5s
Scenario SSP3_2030 completed successfully at Tue May 20 03:00:36 PM PDT 2025
All scenario runs completed at Tue May 20 03:00:36 PM PDT 2025
Starting run for scenario: SSP3_2050 at Tue May 20 03:00:36 PM PDT 2025
Scenario SSP3_2050 runtime: 0h 22m 2s
Scenario SSP3_2050 completed successfully at Tue May 20 03:22:39 PM PDT 2025
All scenario runs completed at Tue May 20 03:22:39 PM PDT 2025
Starting run for scenario: SSP3_2070 at Tue May 20 03:22:39 PM PDT 2025
Scenario SSP3_2070 runtime: 0h 21m 52s
Scenario SSP3_2070 completed successfully at Tue May 20 03:44:31 PM PDT 2025
All scenario runs completed at Tue May 20 03:44:31 PM PDT 2025
Starting run for scenario: SSP3_2100 at Tue May 20 03:44:31 PM PDT 2025
Scenario SSP3_2100 runtime: 0h 22m 3s
Scenario SSP3_2100 completed successfully at Tue May 20 04:06:34 PM PDT 2025
All scenario runs completed at Tue May 20 04:06:34 PM PDT 2025
Starting run for scenario: SSP5_2050 at Tue May 20 04:06:34 PM PDT 2025
Scenario SSP5_2050 runtime: 0h 22m 15s
Scenario SSP5_2050 completed successfully at Tue May 20 04:28:49 PM PDT 2025
All scenario runs completed at Tue May 20 04:28:49 PM PDT 2025
Starting run for scenario: SSP5_2070 at Tue May 20 04:28:49 PM PDT 2025
Scenario SSP5_2070 runtime: 0h 22m 14s
Scenario SSP5_2070 completed successfully at Tue May 20 04:51:03 PM PDT 2025
All scenario runs completed at Tue May 20 04:51:03 PM PDT 2025
