 INFO: Processing --np
 INFO: Processing --partmesh
 File                                                      fort.14
 WAS FOUND!  Opening & Processing file

 from alloc_main1: 
  
 memory currently allocated =              16927096  bytes
 memory high water mark     =              33028024  bytes
  
  
 memory currently allocated =              19087456  bytes
 memory high water mark     =              33028024  bytes
  
 Global Grid file read successfully.
INFO: This mesh has 0 weir node pairs.
INFO: Maximum number of duals for any weir node is 0.
 maximum co-nodes for any node =           18
 edge count =        89861
 
 Grid Partition Data
 METIS 4.0 will require approximately       139711001422232  bytes
 Total Edges Cut =         7862
INFO: Writing mesh partition to partmesh.txt.
 INFO: METIS has partitioned nodes successfully.
  
 memory currently allocated =              19087456  bytes
 memory high water mark     =              33028024  bytes
  
 INFO: Processing --np
 INFO: Processing --prepall
 File                                                      fort.14
 WAS FOUND!  Opening & Processing file

 File fort.15                                                     
 WAS FOUND!  Opening & Processing file

 INFO: The metControl namelist was not found.
 Elevation Station Locations contained in fort.15
 Velocity Station Locations Contained in fort.15
 NHSTAR =            5
 *****************************************************
 *   Based on input and information extracted from   *
 *   the ADCIRC UNIT 14 and 15 (grid and horiz run   *
 *   info) files the following paramter values will  *
 *   be set:                                         *
 *                                                   *
 *       MNPROC =     6                             *
 *       MNE =    58369      MNP =    31435          *
 *       MNEI =      10                               *
 *       MNOPE =      1      MNETA =    103          *
 *       MNBOU =     59      MNVEL =   4573          *
 *       MNTIF =      8      MNBFR =      8          *
 *       MNSTAE =     1      MNSTAV =     1          *
 *       MNSTAC =     1      MNSTAM =     1          *
 *       MNWP =       1                               *
 *       MNWLAT =     1      MNWLON =     1          *
 *       MNFFR =      1                              *
 *                                                   *
 *   Also, NO wind forcing will be used,             *
 *   means and variance calculation will NOT be made,*
 *   the GWCE matrix will be left in consistent form *
 *   and an iterative solver will be used            *
 *****************************************************

 from alloc_main1: 
  
 memory currently allocated =              16992552  bytes
 memory high water mark     =              33158936  bytes
  
  
 memory currently allocated =              19152912  bytes
 memory high water mark     =              33158936  bytes
  
 Global Grid file read successfully.
 INFO: Opening file partmesh.txt
 INFO: Closed partmesh.txt file.
 INFO: Start reading in fort.15.
 nstae=           0
 Elevation Station Locations contained in fort.15
 Velocity Station Locations Contained in fort.15
  
 memory currently allocated =              19152920  bytes
 memory high water mark     =              33158936  bytes
  
 INFO: Fulldomain fort.15 file read successfully.
 INFO: Initializing the netCDF output files.
  
 Determine the parameters MNPP and MNEP
  Setting MNPP =         5580
  Setting MNEP =        10055
 Allocate arrays dimensioned by MNPP and MNEP
 from alloc_main2: 
  
 memory currently allocated =              20262175  bytes
 memory high water mark     =              33158936  bytes
  
  
 Decomposition of grid begins
 Decomposition Data
 DOMAIN  RES_NODES  GHOST_NODES  TOT_NODES  ELEMENTS
 ------  ---------  -----------  ---------  --------
 GLOBAL                             31435      58369
 PE0000      5336         98         5434      10055
 PE0001      5162        158         5320       9850
 PE0002      5522         58         5580       9947
 PE0003      5246        107         5353      10029
 PE0004      5103         61         5164       9496
 PE0005      5066        182         5248       9638
 Decomposition successful
 Writing Local UNIT 14 (Grid) File for each PE
  
 Boundary Node Decomposition Data
 DOMAIN      NOPE    NETA    NBOU  NVEL    NWEIR
 GLOBAL       1     103      59    4514       0
 PE0000       1      42      21     734       0
 PE0001       0       0       6     649       0
 PE0002       0       0      10    1182       0
 PE0003       0       0      16     615       0
 PE0004       1      52       5     732       0
 PE0005       1      13      13     701       0
 Writing Local UNIT 15 (Run Info) File for each PE
  
 Station Data
 DOMAIN      NSTAE   NSTAV    NSTAC    NSTAM
 GLOBAL       0       0       0       0
 PE0000       0       0       0       0
 PE0001       0       0       0       0
 PE0002       0       0       0       0
 PE0003       0       0       0       0
 PE0004       0       0       0       0
 PE0005       0       0       0       0
 Writing Message-Passing Info Files for each PE
  
 Communication Data
 DOMAIN  COMM_PE  %(SURF/VOL)
 ------  -------  -----------
 PE0000        2      1.84
 PE0001        3      3.06
 PE0002        1      1.05
 PE0003        2      2.04
 PE0004        1      1.20
 PE0005        3      3.59
  
 memory currently allocated =              20262175  bytes
 memory high water mark     =              33158936  bytes
  


 Writing subdomain Nodal Attributes (unit 13)
 file for each PE.
File fort.13 
 WAS FOUND!  Opening & Processing file.

     Finished processing primitive_weighting_in_continuity_equation                                      
 for processor range            1  to            6
     Finished processing mannings_n_at_sea_floor                                                         
 for processor range            1  to            6
  
 memory currently allocated =              20262167  bytes
 memory high water mark     =              33158936  bytes
  
 Writing domain-decomposition file for post-processor
 
 INFO: Finished pre-processing input files.
  
 memory currently allocated =              20262167  bytes
 memory high water mark     =              33158936  bytes
  
 INFO: Searching for ADCIRC subdomain directories:
 INFO: Looking for './PE0000/fort.14' ...
 INFO: File './PE0000/fort.14' was found!
 INFO: The search for the subdomain directory was completed successfully.
 INFO: The ROOTDIR is  '.'.
 INFO: The INPUTDIR is './PE0000'.
 INFO: The GBLINPUTDIR is '.'.
 INFO: The GLOBALDIR is '.'.
 INFO: The LOCALDIR is './PE0000'.
WARNING: read14FindDims: Number of land boundary nodes was set to 734 but 714 were found.

 _______________________________________________________________________________


                   PROGRAM ADCIRC   VERSION v56.0.1-10-g4b5be3a

     AN ADVANCED CIRCULATION MODEL FOR SHELVES, COASTAL SEAS AND ESTUARIES


       -  DEVELOPED BY

          R.A. LUETTICH, JR
            UNIVERSITY OF NORTH CAROLINA AT CHAPEL HILL
            INSTITUTE OF MARINE SCIENCES

          J.J. WESTERINK 
            DEPARTMENT OF CIVIL ENGINEERING AND GEOLOGICAL SCIENCES
            UNIVERSITY OF NOTRE DAME


       -  THE ADCIRC SOURCE CODE IS COPYRIGHTED BY

          R.A. LUETTICH, JR. AND J.J. WESTERINK, 1994-2006

       NO PART OF THIS CODE MAY BE REPRODUCED OR REDISTRIBUTED
          WITHOUT THE WRITTEN PERMISSION OF THE AUTHORS



 _______________________________________________________________________________
INFO: initializeMesh: THE NEIGHBOR TABLE IS BEING COMPUTED.
INFO: initializeMesh: THE NEIGHBOR TABLE IS COMPLETED. THE MINIMUM NUMBER OF NEIGHBORS FOR ANY NODE = 3. 1+THE MAXIMUM NUMBER OF NEIGHBORS FOR ANY NODE = 9. THE PARAMETER MNEI CAN BE SET AS SMALL AS 9.
ADCIRC Version is v56.0.1-10-g4b5be3a                                                             
ADCIRC Commit hash is 4b5be3a451a9867f9a1595e0dcea2b59b553337e                                        

 _______________________________________________________________________________


 LIMITED RUNTIME INFORMATION SECTION 


INFO: ADCIRC_Run: Begin timestepping.
 TIME STEP =     100   0.31% COMPLETE     ITERATIONS =   23     TIME =  0.80142686E+04
  ELMAX = -2.9967E-003 AT NODE     5338  SPEEDMAX =  1.7704E-003 AT NODE     5238  ON MYPROC =    0
 TIME STEP =     200   0.62% COMPLETE     ITERATIONS =   23     TIME =  0.16028537E+05
  ELMAX = -7.7301E-003 AT NODE     5359  SPEEDMAX =  8.2113E-003 AT NODE     3430  ON MYPROC =    0
 TIME STEP =     300   0.93% COMPLETE     ITERATIONS =   22     TIME =  0.24042806E+05
  ELMAX = -1.3580E-002 AT NODE     5432  SPEEDMAX =  1.5588E-002 AT NODE     3973  ON MYPROC =    0
 TIME STEP =     400   1.24% COMPLETE     ITERATIONS =   22     TIME =  0.32057074E+05
  ELMAX =  2.2584E-002 AT NODE     5338  SPEEDMAX =  3.6072E-002 AT NODE     5227  ON MYPROC =    0
 TIME STEP =     500   1.55% COMPLETE     ITERATIONS =   23     TIME =  0.40071343E+05
  ELMAX =  4.9967E-002 AT NODE     5432  SPEEDMAX =  3.8603E-002 AT NODE     5223  ON MYPROC =    0
 TIME STEP =     600   1.86% COMPLETE     ITERATIONS =   21     TIME =  0.48085612E+05
  ELMAX =  9.0039E-002 AT NODE     5434  SPEEDMAX =  6.0756E-002 AT NODE     5187  ON MYPROC =    0
 TIME STEP =     700   2.16% COMPLETE     ITERATIONS =   23     TIME =  0.56099880E+05
  ELMAX = -4.6505E-002 AT NODE     5187  SPEEDMAX =  8.4255E-002 AT NODE     5227  ON MYPROC =    0
 TIME STEP =     800   2.47% COMPLETE     ITERATIONS =   22     TIME =  0.64114149E+05
  ELMAX = -1.5554E-001 AT NODE     5432  SPEEDMAX =  5.5607E-002 AT NODE     5221  ON MYPROC =    0
 TIME STEP =     900   2.78% COMPLETE     ITERATIONS =   22     TIME =  0.72128417E+05
  ELMAX = -1.6845E-001 AT NODE     5434  SPEEDMAX =  1.0172E-001 AT NODE     5227  ON MYPROC =    0
 TIME STEP =    1000   3.09% COMPLETE     ITERATIONS =   23     TIME =  0.80142686E+05
  ELMAX =  8.2998E-002 AT NODE     5424  SPEEDMAX =  1.2150E-001 AT NODE     5401  ON MYPROC =    0
 TIME STEP =    1100   3.40% COMPLETE     ITERATIONS =   21     TIME =  0.88156955E+05
  ELMAX =  2.5366E-001 AT NODE     5432  SPEEDMAX =  7.6543E-002 AT NODE     5262  ON MYPROC =    0
 TIME STEP =    1200   3.71% COMPLETE     ITERATIONS =   23     TIME =  0.96171223E+05
  ELMAX =  1.5293E-001 AT NODE     5434  SPEEDMAX =  1.4905E-001 AT NODE     5187  ON MYPROC =    0
 TIME STEP =    1300   4.02% COMPLETE     ITERATIONS =   22     TIME =  0.10418549E+06
  ELMAX = -1.8485E-001 AT NODE     5432  SPEEDMAX =  1.4227E-001 AT NODE     5227  ON MYPROC =    0
 TIME STEP =    1400   4.33% COMPLETE     ITERATIONS =   22     TIME =  0.11219976E+06
  ELMAX = -3.2950E-001 AT NODE     5434  SPEEDMAX =  9.4298E-002 AT NODE     5399  ON MYPROC =    0
 TIME STEP =    1500   4.64% COMPLETE     ITERATIONS =   24     TIME =  0.12021403E+06
  ELMAX = -1.0191E-001 AT NODE     5226  SPEEDMAX =  2.0537E-001 AT NODE     5227  ON MYPROC =    0
 TIME STEP =    1600   4.95% COMPLETE     ITERATIONS =   22     TIME =  0.12822830E+06
  ELMAX =  3.3680E-001 AT NODE     5432  SPEEDMAX =  1.4513E-001 AT NODE     5262  ON MYPROC =    0
 TIME STEP =    1700   5.26% COMPLETE     ITERATIONS =   22     TIME =  0.13624257E+06
  ELMAX =  3.9188E-001 AT NODE     5434  SPEEDMAX =  1.8440E-001 AT NODE     5187  ON MYPROC =    0
 TIME STEP =    1800   5.57% COMPLETE     ITERATIONS =   23     TIME =  0.14425683E+06
  ELMAX = -1.4297E-001 AT NODE     5368  SPEEDMAX =  2.4429E-001 AT NODE     5387  ON MYPROC =    0
 TIME STEP =    1900   5.87% COMPLETE     ITERATIONS =   21     TIME =  0.15227110E+06
  ELMAX = -4.3041E-001 AT NODE     5432  SPEEDMAX =  1.6387E-001 AT NODE     5332  ON MYPROC =    0
 TIME STEP =    2000   6.18% COMPLETE     ITERATIONS =   22     TIME =  0.16028537E+06
  ELMAX = -4.4330E-001 AT NODE     5434  SPEEDMAX =  2.3966E-001 AT NODE     5227  ON MYPROC =    0
 TIME STEP =    2100   6.49% COMPLETE     ITERATIONS =   23     TIME =  0.16829964E+06
  ELMAX =  1.6578E-001 AT NODE     5368  SPEEDMAX =  2.5957E-001 AT NODE     5401  ON MYPROC =    0
 TIME STEP =    2200   6.80% COMPLETE     ITERATIONS =   21     TIME =  0.17631391E+06
  ELMAX =  5.0867E-001 AT NODE     5432  SPEEDMAX =  1.6820E-001 AT NODE     5262  ON MYPROC =    0
 TIME STEP =    2300   7.11% COMPLETE     ITERATIONS =   22     TIME =  0.18432818E+06
  ELMAX =  3.7058E-001 AT NODE     5434  SPEEDMAX =  2.6988E-001 AT NODE     5187  ON MYPROC =    0
 TIME STEP =    2400   7.42% COMPLETE     ITERATIONS =   23     TIME =  0.19234245E+06
  ELMAX = -2.6348E-001 AT NODE     5424  SPEEDMAX =  2.5806E-001 AT NODE     5404  ON MYPROC =    0
 TIME STEP =    2500   7.73% COMPLETE     ITERATIONS =   21     TIME =  0.20035671E+06
  ELMAX = -5.6893E-001 AT NODE     5434  SPEEDMAX =  1.8739E-001 AT NODE     3596  ON MYPROC =    0
 TIME STEP =    2600   8.04% COMPLETE     ITERATIONS =   23     TIME =  0.20837098E+06
  ELMAX = -2.9835E-001 AT NODE     5434  SPEEDMAX =  3.2124E-001 AT NODE     5227  ON MYPROC =    0
 TIME STEP =    2700   8.35% COMPLETE     ITERATIONS =   22     TIME =  0.21638525E+06
  ELMAX =  4.3140E-001 AT NODE     5432  SPEEDMAX =  2.6331E-001 AT NODE     5332  ON MYPROC =    0
 TIME STEP =    2800   8.66% COMPLETE     ITERATIONS =   21     TIME =  0.22439952E+06
  ELMAX =  6.8779E-001 AT NODE     5434  SPEEDMAX =  2.2166E-001 AT NODE     5187  ON MYPROC =    0
 TIME STEP =    2900   8.97% COMPLETE     ITERATIONS =   22     TIME =  0.23241379E+06
  ELMAX =  2.3975E-001 AT NODE     5182  SPEEDMAX =  3.7969E-001 AT NODE     5385  ON MYPROC =    0
 TIME STEP =    3000   9.28% COMPLETE     ITERATIONS =   22     TIME =  0.24042806E+06
  ELMAX = -5.1039E-001 AT NODE     5432  SPEEDMAX =  2.7085E-001 AT NODE     5332  ON MYPROC =    0
 TIME STEP =    3100   9.59% COMPLETE     ITERATIONS =   22     TIME =  0.24844233E+06
  ELMAX = -7.4901E-001 AT NODE     5434  SPEEDMAX =  2.6272E-001 AT NODE     5227  ON MYPROC =    0
 TIME STEP =    3200   9.89% COMPLETE     ITERATIONS =   23     TIME =  0.25645660E+06
  ELMAX = -2.4783E-001 AT NODE     5226  SPEEDMAX =  3.9183E-001 AT NODE     5387  ON MYPROC =    0
 TIME STEP =    3300  10.20% COMPLETE     ITERATIONS =   22     TIME =  0.26447086E+06
  ELMAX =  6.4954E-001 AT NODE     5432  SPEEDMAX =  2.6210E-001 AT NODE     5262  ON MYPROC =    0
 TIME STEP =    3400  10.51% COMPLETE     ITERATIONS =   22     TIME =  0.27248513E+06
  ELMAX =  6.8115E-001 AT NODE     5434  SPEEDMAX =  3.2494E-001 AT NODE     5187  ON MYPROC =    0
 TIME STEP =    3500  10.82% COMPLETE     ITERATIONS =   22     TIME =  0.28049940E+06
  ELMAX = -3.2967E-001 AT NODE     5368  SPEEDMAX =  4.0414E-001 AT NODE     5387  ON MYPROC =    0
 TIME STEP =    3600  11.13% COMPLETE     ITERATIONS =   21     TIME =  0.28851367E+06
  ELMAX = -7.0653E-001 AT NODE     5432  SPEEDMAX =  2.6252E-001 AT NODE     3973  ON MYPROC =    0
 TIME STEP =    3700  11.44% COMPLETE     ITERATIONS =   23     TIME =  0.29652794E+06
  ELMAX = -6.7003E-001 AT NODE     5434  SPEEDMAX =  3.9216E-001 AT NODE     5385  ON MYPROC =    0
 TIME STEP =    3800  11.75% COMPLETE     ITERATIONS =   22     TIME =  0.30454221E+06
  ELMAX =  4.1121E-001 AT NODE     5424  SPEEDMAX =  3.8823E-001 AT NODE     5424  ON MYPROC =    0
 TIME STEP =    3900  12.06% COMPLETE     ITERATIONS =   21     TIME =  0.31255648E+06
  ELMAX =  9.0607E-001 AT NODE     5434  SPEEDMAX =  2.5065E-001 AT NODE     3973  ON MYPROC =    0
 TIME STEP =    4000  12.37% COMPLETE     ITERATIONS =   22     TIME =  0.32057074E+06
  ELMAX =  4.1159E-001 AT NODE     5434  SPEEDMAX =  4.7656E-001 AT NODE     5385  ON MYPROC =    0
 TIME STEP =    4100  12.68% COMPLETE     ITERATIONS =   22     TIME =  0.32858501E+06
  ELMAX = -5.4705E-001 AT NODE     5424  SPEEDMAX =  3.6159E-001 AT NODE     5404  ON MYPROC =    0
 TIME STEP =    4200  12.99% COMPLETE     ITERATIONS =   21     TIME =  0.33659928E+06
  ELMAX = -9.2353E-001 AT NODE     5434  SPEEDMAX =  2.7442E-001 AT NODE     5122  ON MYPROC =    0
 TIME STEP =    4300  13.30% COMPLETE     ITERATIONS =   23     TIME =  0.34461355E+06
  ELMAX = -4.0235E-001 AT NODE     5226  SPEEDMAX =  4.8677E-001 AT NODE     5387  ON MYPROC =    0
 TIME STEP =    4400  13.60% COMPLETE     ITERATIONS =   21     TIME =  0.35262782E+06
  ELMAX =  6.9879E-001 AT NODE     5432  SPEEDMAX =  3.5016E-001 AT NODE     5262  ON MYPROC =    0
 TIME STEP =    4500  13.91% COMPLETE     ITERATIONS =   22     TIME =  0.36064209E+06
  ELMAX =  9.4039E-001 AT NODE     5434  SPEEDMAX =  3.5669E-001 AT NODE     5187  ON MYPROC =    0
 TIME STEP =    4600  14.22% COMPLETE     ITERATIONS =   22     TIME =  0.36865636E+06
  ELMAX = -4.1969E-001 AT NODE     5368  SPEEDMAX =  5.1810E-001 AT NODE     5387  ON MYPROC =    0
 TIME STEP =    4700  14.53% COMPLETE     ITERATIONS =   21     TIME =  0.37667062E+06
  ELMAX = -7.6106E-001 AT NODE     5432  SPEEDMAX =  3.1622E-001 AT NODE     3973  ON MYPROC =    0
 TIME STEP =    4800  14.84% COMPLETE     ITERATIONS =   22     TIME =  0.38468489E+06
  ELMAX = -9.5319E-001 AT NODE     5434  SPEEDMAX =  4.4152E-001 AT NODE     5385  ON MYPROC =    0
 TIME STEP =    4900  15.15% COMPLETE     ITERATIONS =   22     TIME =  0.39269916E+06
  ELMAX =  4.8347E-001 AT NODE     5368  SPEEDMAX =  4.8846E-001 AT NODE     5424  ON MYPROC =    0
 TIME STEP =    5000  15.46% COMPLETE     ITERATIONS =   21     TIME =  0.40071343E+06
  ELMAX =  1.0267E+000 AT NODE     5432  SPEEDMAX =  2.8727E-001 AT NODE     3973  ON MYPROC =    0
 TIME STEP =    5100  15.77% COMPLETE     ITERATIONS =   23     TIME =  0.40872770E+06
  ELMAX =  6.4002E-001 AT NODE     5434  SPEEDMAX =  5.3070E-001 AT NODE     5385  ON MYPROC =    0
 TIME STEP =    5200  16.08% COMPLETE     ITERATIONS =   22     TIME =  0.41674197E+06
  ELMAX = -5.7354E-001 AT NODE     5187  SPEEDMAX =  4.5652E-001 AT NODE     5404  ON MYPROC =    0
 TIME STEP =    5300  16.39% COMPLETE     ITERATIONS =   21     TIME =  0.42475624E+06
  ELMAX = -9.9975E-001 AT NODE     5432  SPEEDMAX =  3.2015E-001 AT NODE     5122  ON MYPROC =    0
 TIME STEP =    5400  16.70% COMPLETE     ITERATIONS =   23     TIME =  0.43277050E+06
  ELMAX = -5.4033E-001 AT NODE     5434  SPEEDMAX =  5.4711E-001 AT NODE     5387  ON MYPROC =    0
 TIME STEP =    5500  17.01% COMPLETE     ITERATIONS =   22     TIME =  0.44078477E+06
  ELMAX =  7.1343E-001 AT NODE     5432  SPEEDMAX =  4.0572E-001 AT NODE     5262  ON MYPROC =    0
 TIME STEP =    5600  17.31% COMPLETE     ITERATIONS =   22     TIME =  0.44879904E+06
  ELMAX =  1.1185E+000 AT NODE     5434  SPEEDMAX =  3.7549E-001 AT NODE     5187  ON MYPROC =    0
 TIME STEP =    5700  17.62% COMPLETE     ITERATIONS =   22     TIME =  0.45681331E+06
  ELMAX = -4.8511E-001 AT NODE     5368  SPEEDMAX =  5.9455E-001 AT NODE     5387  ON MYPROC =    0
 TIME STEP =    5800  17.93% COMPLETE     ITERATIONS =   21     TIME =  0.46482758E+06
  ELMAX = -8.1377E-001 AT NODE     5424  SPEEDMAX =  3.5848E-001 AT NODE     5332  ON MYPROC =    0
 TIME STEP =    5900  18.24% COMPLETE     ITERATIONS =   22     TIME =  0.47284185E+06
  ELMAX = -1.1154E+000 AT NODE     5434  SPEEDMAX =  4.7067E-001 AT NODE     5385  ON MYPROC =    0
 TIME STEP =    6000  18.55% COMPLETE     ITERATIONS =   22     TIME =  0.48085612E+06
  ELMAX =  5.3612E-001 AT NODE     5368  SPEEDMAX =  5.5045E-001 AT NODE     5424  ON MYPROC =    0
 TIME STEP =    6100  18.86% COMPLETE     ITERATIONS =   21     TIME =  0.48887038E+06
  ELMAX =  1.0755E+000 AT NODE     5432  SPEEDMAX =  3.3760E-001 AT NODE     5262  ON MYPROC =    0
 TIME STEP =    6200  19.17% COMPLETE     ITERATIONS =   22     TIME =  0.49688465E+06
  ELMAX =  8.0132E-001 AT NODE     5434  SPEEDMAX =  5.5604E-001 AT NODE     5385  ON MYPROC =    0
 TIME STEP =    6300  19.48% COMPLETE     ITERATIONS =   22     TIME =  0.50489892E+06
  ELMAX = -6.1644E-001 AT NODE     5390  SPEEDMAX =  5.1219E-001 AT NODE     5404  ON MYPROC =    0
 TIME STEP =    6400  19.79% COMPLETE     ITERATIONS =   21     TIME =  0.51291319E+06
  ELMAX = -1.0317E+000 AT NODE     5432  SPEEDMAX =  3.4960E-001 AT NODE     5122  ON MYPROC =    0
 TIME STEP =    6500  20.10% COMPLETE     ITERATIONS =   23     TIME =  0.52092746E+06
  ELMAX = -6.9201E-001 AT NODE     5434  SPEEDMAX =  5.8274E-001 AT NODE     5387  ON MYPROC =    0
 TIME STEP =    6600  20.41% COMPLETE     ITERATIONS =   22     TIME =  0.52894173E+06
  ELMAX =  7.3358E-001 AT NODE     5424  SPEEDMAX =  4.4241E-001 AT NODE     5230  ON MYPROC =    0
 TIME STEP =    6700  20.72% COMPLETE     ITERATIONS =   22     TIME =  0.53695600E+06
  ELMAX =  1.2257E+000 AT NODE     5434  SPEEDMAX =  3.8909E-001 AT NODE     5187  ON MYPROC =    0
 TIME STEP =    6800  21.03% COMPLETE     ITERATIONS =   23     TIME =  0.54497026E+06
  ELMAX = -5.2959E-001 AT NODE     5368  SPEEDMAX =  6.4105E-001 AT NODE     5387  ON MYPROC =    0
 TIME STEP =    6900  21.33% COMPLETE     ITERATIONS =   21     TIME =  0.55298453E+06
  ELMAX = -8.5563E-001 AT NODE     5424  SPEEDMAX =  3.9623E-001 AT NODE     5332  ON MYPROC =    0
 TIME STEP =    7000  21.64% COMPLETE     ITERATIONS =   22     TIME =  0.56099880E+06
  ELMAX = -1.2001E+000 AT NODE     5434  SPEEDMAX =  4.8519E-001 AT NODE     5385  ON MYPROC =    0
 TIME STEP =    7100  21.95% COMPLETE     ITERATIONS =   22     TIME =  0.56901307E+06
  ELMAX =  5.5857E-001 AT NODE     5368  SPEEDMAX =  5.8253E-001 AT NODE     5424  ON MYPROC =    0
 TIME STEP =    7200  22.26% COMPLETE     ITERATIONS =   21     TIME =  0.57702734E+06
  ELMAX =  1.0822E+000 AT NODE     5432  SPEEDMAX =  3.7008E-001 AT NODE     5262  ON MYPROC =    0
 TIME STEP =    7300  22.57% COMPLETE     ITERATIONS =   22     TIME =  0.58504161E+06
  ELMAX =  8.8922E-001 AT NODE     5434  SPEEDMAX =  5.6224E-001 AT NODE     5385  ON MYPROC =    0
 TIME STEP =    7400  22.88% COMPLETE     ITERATIONS =   22     TIME =  0.59305588E+06
  ELMAX = -6.3072E-001 AT NODE     5387  SPEEDMAX =  5.3645E-001 AT NODE     5404  ON MYPROC =    0
 TIME STEP =    7500  23.19% COMPLETE     ITERATIONS =   21     TIME =  0.60107015E+06
  ELMAX = -1.0367E+000 AT NODE     5432  SPEEDMAX =  3.6351E-001 AT NODE     5122  ON MYPROC =    0
 TIME STEP =    7600  23.50% COMPLETE     ITERATIONS =   23     TIME =  0.60908441E+06
  ELMAX = -7.4852E-001 AT NODE     5434  SPEEDMAX =  5.9902E-001 AT NODE     5387  ON MYPROC =    0
 TIME STEP =    7700  23.81% COMPLETE     ITERATIONS =   22     TIME =  0.61709868E+06
  ELMAX =  7.6015E-001 AT NODE     5424  SPEEDMAX =  4.6114E-001 AT NODE     5424  ON MYPROC =    0
 TIME STEP =    7800  24.12% COMPLETE     ITERATIONS =   22     TIME =  0.62511295E+06
  ELMAX =  1.2782E+000 AT NODE     5434  SPEEDMAX =  3.9954E-001 AT NODE     5187  ON MYPROC =    0
 TIME STEP =    7900  24.43% COMPLETE     ITERATIONS =   23     TIME =  0.63312722E+06
  ELMAX = -5.5396E-001 AT NODE     5368  SPEEDMAX =  6.6360E-001 AT NODE     5387  ON MYPROC =    0
 TIME STEP =    8000  24.74% COMPLETE     ITERATIONS =   21     TIME =  0.64114149E+06
  ELMAX = -8.7709E-001 AT NODE     5424  SPEEDMAX =  4.1850E-001 AT NODE     5332  ON MYPROC =    0
 TIME STEP =    8100  25.04% COMPLETE     ITERATIONS =   22     TIME =  0.64915576E+06
  ELMAX = -1.2374E+000 AT NODE     5434  SPEEDMAX =  4.8832E-001 AT NODE     5385  ON MYPROC =    0
 TIME STEP =    8200  25.35% COMPLETE     ITERATIONS =   22     TIME =  0.65717003E+06
  ELMAX =  5.5216E-001 AT NODE     5368  SPEEDMAX =  5.9292E-001 AT NODE     5424  ON MYPROC =    0
 TIME STEP =    8300  25.66% COMPLETE     ITERATIONS =   21     TIME =  0.66518429E+06
  ELMAX =  1.0651E+000 AT NODE     5432  SPEEDMAX =  3.8216E-001 AT NODE     5262  ON MYPROC =    0
 TIME STEP =    8400  25.97% COMPLETE     ITERATIONS =   22     TIME =  0.67319856E+06
  ELMAX =  9.1272E-001 AT NODE     5434  SPEEDMAX =  5.5417E-001 AT NODE     5385  ON MYPROC =    0
 TIME STEP =    8500  26.28% COMPLETE     ITERATIONS =   22     TIME =  0.68121283E+06
  ELMAX = -6.1894E-001 AT NODE     5387  SPEEDMAX =  5.3616E-001 AT NODE     5404  ON MYPROC =    0
 TIME STEP =    8600  26.59% COMPLETE     ITERATIONS =   21     TIME =  0.68922710E+06
  ELMAX = -1.0254E+000 AT NODE     5432  SPEEDMAX =  3.8482E-001 AT NODE     4318  ON MYPROC =    0
 TIME STEP =    8700  26.90% COMPLETE     ITERATIONS =   22     TIME =  0.69724137E+06
  ELMAX = -7.2826E-001 AT NODE     5434  SPEEDMAX =  5.9904E-001 AT NODE     5387  ON MYPROC =    0
 TIME STEP =    8800  27.21% COMPLETE     ITERATIONS =   22     TIME =  0.70525564E+06
  ELMAX =  7.7775E-001 AT NODE     5424  SPEEDMAX =  4.5758E-001 AT NODE     5424  ON MYPROC =    0
 TIME STEP =    8900  27.52% COMPLETE     ITERATIONS =   22     TIME =  0.71326991E+06
  ELMAX =  1.2877E+000 AT NODE     5434  SPEEDMAX =  4.0398E-001 AT NODE     5187  ON MYPROC =    0
 TIME STEP =    9000  27.83% COMPLETE     ITERATIONS =   23     TIME =  0.72128417E+06
  ELMAX = -5.5800E-001 AT NODE     5368  SPEEDMAX =  6.6631E-001 AT NODE     5387  ON MYPROC =    0
 TIME STEP =    9100  28.14% COMPLETE     ITERATIONS =   21     TIME =  0.72929844E+06
  ELMAX = -8.8178E-001 AT NODE     5424  SPEEDMAX =  4.2399E-001 AT NODE     5332  ON MYPROC =    0
 TIME STEP =    9200  28.45% COMPLETE     ITERATIONS =   22     TIME =  0.73731271E+06
  ELMAX = -1.2412E+000 AT NODE     5434  SPEEDMAX =  4.8038E-001 AT NODE     5385  ON MYPROC =    0
 TIME STEP =    9300  28.76% COMPLETE     ITERATIONS =   22     TIME =  0.74532698E+06
  ELMAX =  5.2228E-001 AT NODE     5368  SPEEDMAX =  5.8705E-001 AT NODE     5424  ON MYPROC =    0
 TIME STEP =    9400  29.06% COMPLETE     ITERATIONS =   21     TIME =  0.75334125E+06
  ELMAX =  1.0301E+000 AT NODE     5432  SPEEDMAX =  3.7831E-001 AT NODE     5262  ON MYPROC =    0
 TIME STEP =    9500  29.37% COMPLETE     ITERATIONS =   22     TIME =  0.76135552E+06
  ELMAX =  8.8923E-001 AT NODE     5434  SPEEDMAX =  5.3390E-001 AT NODE     5385  ON MYPROC =    0
 TIME STEP =    9600  29.68% COMPLETE     ITERATIONS =   22     TIME =  0.76936979E+06
  ELMAX = -5.8362E-001 AT NODE     5387  SPEEDMAX =  5.1801E-001 AT NODE     5404  ON MYPROC =    0
 TIME STEP =    9700  29.99% COMPLETE     ITERATIONS =   21     TIME =  0.77738405E+06
  ELMAX = -9.9867E-001 AT NODE     5432  SPEEDMAX =  3.9867E-001 AT NODE     4318  ON MYPROC =    0
 TIME STEP =    9800  30.30% COMPLETE     ITERATIONS =   22     TIME =  0.78539832E+06
  ELMAX = -6.5886E-001 AT NODE     5434  SPEEDMAX =  5.8481E-001 AT NODE     5387  ON MYPROC =    0
 TIME STEP =    9900  30.61% COMPLETE     ITERATIONS =   22     TIME =  0.79341259E+06
  ELMAX =  7.8565E-001 AT NODE     5432  SPEEDMAX =  4.4497E-001 AT NODE     5262  ON MYPROC =    0
 TIME STEP =   10000  30.92% COMPLETE     ITERATIONS =   22     TIME =  0.80142686E+06
  ELMAX =  1.2612E+000 AT NODE     5434  SPEEDMAX =  4.0369E-001 AT NODE     5187  ON MYPROC =    0
 TIME STEP =   10100  31.23% COMPLETE     ITERATIONS =   23     TIME =  0.80944113E+06
  ELMAX = -5.4063E-001 AT NODE     5368  SPEEDMAX =  6.5285E-001 AT NODE     5387  ON MYPROC =    0
 TIME STEP =   10200  31.54% COMPLETE     ITERATIONS =   21     TIME =  0.81745540E+06
  ELMAX = -8.6870E-001 AT NODE     5424  SPEEDMAX =  4.1900E-001 AT NODE     5332  ON MYPROC =    0
 TIME STEP =   10300  31.85% COMPLETE     ITERATIONS =   22     TIME =  0.82546967E+06
  ELMAX = -1.2173E+000 AT NODE     5434  SPEEDMAX =  4.6008E-001 AT NODE     5385  ON MYPROC =    0
 TIME STEP =   10400  32.16% COMPLETE     ITERATIONS =   23     TIME =  0.83348393E+06
  ELMAX =  4.7268E-001 AT NODE     5368  SPEEDMAX =  5.6789E-001 AT NODE     5424  ON MYPROC =    0
 TIME STEP =   10500  32.47% COMPLETE     ITERATIONS =   20     TIME =  0.84149820E+06
  ELMAX =  9.7448E-001 AT NODE     5432  SPEEDMAX =  3.6789E-001 AT NODE     5262  ON MYPROC =    0
 TIME STEP =   10600  32.77% COMPLETE     ITERATIONS =   22     TIME =  0.84951247E+06
  ELMAX =  8.4510E-001 AT NODE     5434  SPEEDMAX =  5.0072E-001 AT NODE     5385  ON MYPROC =    0
 TIME STEP =   10700  33.08% COMPLETE     ITERATIONS =   22     TIME =  0.85752674E+06
  ELMAX = -5.2775E-001 AT NODE     5390  SPEEDMAX =  4.8678E-001 AT NODE     5404  ON MYPROC =    0
 TIME STEP =   10800  33.39% COMPLETE     ITERATIONS =   18     TIME =  0.86554101E+06
  ELMAX = -9.5054E-001 AT NODE     5432  SPEEDMAX =  4.0824E-001 AT NODE     4318  ON MYPROC =    0
 TIME STEP =   10900  33.70% COMPLETE     ITERATIONS =   22     TIME =  0.87355528E+06
  ELMAX = -5.7618E-001 AT NODE     5434  SPEEDMAX =  5.5739E-001 AT NODE     5387  ON MYPROC =    0
 TIME STEP =   11000  34.01% COMPLETE     ITERATIONS =   22     TIME =  0.88156955E+06
  ELMAX =  7.8011E-001 AT NODE     5432  SPEEDMAX =  4.2503E-001 AT NODE     5262  ON MYPROC =    0
 TIME STEP =   11100  34.32% COMPLETE     ITERATIONS =   22     TIME =  0.88958381E+06
  ELMAX =  1.2072E+000 AT NODE     5434  SPEEDMAX =  3.9274E-001 AT NODE     5187  ON MYPROC =    0
 TIME STEP =   11200  34.63% COMPLETE     ITERATIONS =   22     TIME =  0.89759808E+06
  ELMAX = -4.9790E-001 AT NODE     5368  SPEEDMAX =  6.2570E-001 AT NODE     5387  ON MYPROC =    0
 TIME STEP =   11300  34.94% COMPLETE     ITERATIONS =   21     TIME =  0.90561235E+06
  ELMAX = -8.3321E-001 AT NODE     5424  SPEEDMAX =  4.0880E-001 AT NODE     5332  ON MYPROC =    0
 TIME STEP =   11400  35.25% COMPLETE     ITERATIONS =   22     TIME =  0.91362662E+06
  ELMAX = -1.1674E+000 AT NODE     5434  SPEEDMAX =  4.2257E-001 AT NODE     5385  ON MYPROC =    0
 TIME STEP =   11500  35.56% COMPLETE     ITERATIONS =   22     TIME =  0.92164089E+06
  ELMAX =  4.1033E-001 AT NODE     5269  SPEEDMAX =  5.3748E-001 AT NODE     5424  ON MYPROC =    0
 TIME STEP =   11600  35.87% COMPLETE     ITERATIONS =   20     TIME =  0.92965516E+06
  ELMAX =  8.9127E-001 AT NODE     5432  SPEEDMAX =  3.5776E-001 AT NODE     3596  ON MYPROC =    0
 TIME STEP =   11700  36.18% COMPLETE     ITERATIONS =   22     TIME =  0.93766943E+06
  ELMAX =  7.9668E-001 AT NODE     5434  SPEEDMAX =  4.4956E-001 AT NODE     5385  ON MYPROC =    0
 TIME STEP =   11800  36.49% COMPLETE     ITERATIONS =   22     TIME =  0.94568369E+06
  ELMAX = -4.5515E-001 AT NODE     5387  SPEEDMAX =  4.5195E-001 AT NODE     5404  ON MYPROC =    0
 TIME STEP =   11900  36.79% COMPLETE     ITERATIONS =   21     TIME =  0.95369796E+06
  ELMAX = -8.7876E-001 AT NODE     5432  SPEEDMAX =  4.0093E-001 AT NODE     3430  ON MYPROC =    0
 TIME STEP =   12000  37.10% COMPLETE     ITERATIONS =   22     TIME =  0.96171223E+06
  ELMAX = -5.1615E-001 AT NODE     5434  SPEEDMAX =  5.1530E-001 AT NODE     5387  ON MYPROC =    0
 TIME STEP =   12100  37.41% COMPLETE     ITERATIONS =   22     TIME =  0.96972650E+06
  ELMAX =  7.3838E-001 AT NODE     5432  SPEEDMAX =  3.9591E-001 AT NODE     5262  ON MYPROC =    0
 TIME STEP =   12200  37.72% COMPLETE     ITERATIONS =   21     TIME =  0.97774077E+06
  ELMAX =  1.1294E+000 AT NODE     5434  SPEEDMAX =  3.6650E-001 AT NODE     5187  ON MYPROC =    0
 TIME STEP =   12300  38.03% COMPLETE     ITERATIONS =   23     TIME =  0.98575504E+06
  ELMAX = -4.2556E-001 AT NODE     5368  SPEEDMAX =  5.8668E-001 AT NODE     5387  ON MYPROC =    0
 TIME STEP =   12400  38.34% COMPLETE     ITERATIONS =   22     TIME =  0.99376931E+06
  ELMAX = -7.6914E-001 AT NODE     5424  SPEEDMAX =  3.9577E-001 AT NODE     5332  ON MYPROC =    0
 TIME STEP =   12500  38.65% COMPLETE     ITERATIONS =   22     TIME =  0.10017836E+07
  ELMAX = -1.0950E+000 AT NODE     5434  SPEEDMAX =  3.6880E-001 AT NODE     5181  ON MYPROC =    0
 TIME STEP =   12600  38.96% COMPLETE     ITERATIONS =   22     TIME =  0.10097978E+07
  ELMAX = -4.0394E-001 AT NODE     5226  SPEEDMAX =  4.9722E-001 AT NODE     5424  ON MYPROC =    0
 TIME STEP =   12700  39.27% COMPLETE     ITERATIONS =   21     TIME =  0.10178121E+07
  ELMAX =  7.7241E-001 AT NODE     5432  SPEEDMAX =  3.4399E-001 AT NODE     3596  ON MYPROC =    0
 TIME STEP =   12800  39.58% COMPLETE     ITERATIONS =   22     TIME =  0.10258264E+07
  ELMAX =  7.6629E-001 AT NODE     5434  SPEEDMAX =  3.7375E-001 AT NODE     5385  ON MYPROC =    0
 TIME STEP =   12900  39.89% COMPLETE     ITERATIONS =   22     TIME =  0.10338406E+07
  ELMAX = -3.6623E-001 AT NODE     5387  SPEEDMAX =  4.1876E-001 AT NODE     5404  ON MYPROC =    0
 TIME STEP =   13000  40.20% COMPLETE     ITERATIONS =   21     TIME =  0.10418549E+07
  ELMAX = -7.7608E-001 AT NODE     5432  SPEEDMAX =  4.0009E-001 AT NODE     3430  ON MYPROC =    0
 TIME STEP =   13100  40.50% COMPLETE     ITERATIONS =   22     TIME =  0.10498692E+07
  ELMAX = -5.1721E-001 AT NODE     5434  SPEEDMAX =  4.5598E-001 AT NODE     5387  ON MYPROC =    0
 TIME STEP =   13200  40.81% COMPLETE     ITERATIONS =   22     TIME =  0.10578835E+07
  ELMAX =  6.4101E-001 AT NODE     5432  SPEEDMAX =  3.6576E-001 AT NODE     5424  ON MYPROC =    0
 TIME STEP =   13300  41.12% COMPLETE     ITERATIONS =   20     TIME =  0.10658977E+07
  ELMAX =  1.0343E+000 AT NODE     5434  SPEEDMAX =  3.7032E-001 AT NODE     3596  ON MYPROC =    0
 TIME STEP =   13400  41.43% COMPLETE     ITERATIONS =   22     TIME =  0.10739120E+07
  ELMAX =  3.6585E-001 AT NODE     5182  SPEEDMAX =  5.3500E-001 AT NODE     5387  ON MYPROC =    0
 TIME STEP =   13500  41.74% COMPLETE     ITERATIONS =   22     TIME =  0.10819263E+07
  ELMAX = -6.6788E-001 AT NODE     5424  SPEEDMAX =  3.8659E-001 AT NODE     5332  ON MYPROC =    0
 TIME STEP =   13600  42.05% COMPLETE     ITERATIONS =   21     TIME =  0.10899405E+07
  ELMAX = -1.0054E+000 AT NODE     5434  SPEEDMAX =  2.9833E-001 AT NODE     5181  ON MYPROC =    0
 TIME STEP =   13700  42.36% COMPLETE     ITERATIONS =   23     TIME =  0.10979548E+07
  ELMAX = -4.5157E-001 AT NODE     5226  SPEEDMAX =  4.6219E-001 AT NODE     5387  ON MYPROC =    0
 TIME STEP =   13800  42.67% COMPLETE     ITERATIONS =   21     TIME =  0.11059691E+07
  ELMAX =  6.0970E-001 AT NODE     5432  SPEEDMAX =  3.3242E-001 AT NODE     5230  ON MYPROC =    0
 TIME STEP =   13900  42.98% COMPLETE     ITERATIONS =   22     TIME =  0.11139833E+07
  ELMAX =  7.6797E-001 AT NODE     5434  SPEEDMAX =  2.8837E-001 AT NODE     4178  ON MYPROC =    0
 TIME STEP =   14000  43.29% COMPLETE     ITERATIONS =   22     TIME =  0.11219976E+07
  ELMAX =  2.9887E-001 AT NODE     4649  SPEEDMAX =  4.0012E-001 AT NODE     5387  ON MYPROC =    0
 TIME STEP =   14100  43.60% COMPLETE     ITERATIONS =   21     TIME =  0.11300119E+07
  ELMAX = -6.3661E-001 AT NODE     5432  SPEEDMAX =  4.0713E-001 AT NODE     3596  ON MYPROC =    0
 TIME STEP =   14200  43.91% COMPLETE     ITERATIONS =   22     TIME =  0.11380261E+07
  ELMAX = -5.9403E-001 AT NODE     5434  SPEEDMAX =  3.7805E-001 AT NODE     5385  ON MYPROC =    0
 TIME STEP =   14300  44.21% COMPLETE     ITERATIONS =   22     TIME =  0.11460404E+07
  ELMAX =  4.5260E-001 AT NODE     5424  SPEEDMAX =  3.7160E-001 AT NODE     5424  ON MYPROC =    0
 TIME STEP =   14400  44.52% COMPLETE     ITERATIONS =   21     TIME =  0.11540547E+07
  ELMAX =  9.2195E-001 AT NODE     5434  SPEEDMAX =  3.8793E-001 AT NODE     3596  ON MYPROC =    0
 TIME STEP =   14500  44.83% COMPLETE     ITERATIONS =   22     TIME =  0.11620689E+07
  ELMAX =  4.5943E-001 AT NODE     5182  SPEEDMAX =  4.6902E-001 AT NODE     5385  ON MYPROC =    0
 TIME STEP =   14600  45.14% COMPLETE     ITERATIONS =   22     TIME =  0.11700832E+07
  ELMAX = -5.5211E-001 AT NODE     5187  SPEEDMAX =  3.8277E-001 AT NODE     5332  ON MYPROC =    0
 TIME STEP =   14700  45.45% COMPLETE     ITERATIONS =   21     TIME =  0.11780975E+07
  ELMAX = -8.9858E-001 AT NODE     5434  SPEEDMAX =  2.9787E-001 AT NODE     4178  ON MYPROC =    0
 TIME STEP =   14800  45.76% COMPLETE     ITERATIONS =   22     TIME =  0.11861118E+07
  ELMAX = -5.5758E-001 AT NODE     5434  SPEEDMAX =  4.2173E-001 AT NODE     5385  ON MYPROC =    0
 TIME STEP =   14900  46.07% COMPLETE     ITERATIONS =   22     TIME =  0.11941260E+07
  ELMAX = -4.3138E-001 AT NODE     4900  SPEEDMAX =  3.7392E-001 AT NODE     5230  ON MYPROC =    0
 TIME STEP =   15000  46.38% COMPLETE     ITERATIONS =   21     TIME =  0.12021403E+07
  ELMAX =  7.8429E-001 AT NODE     5434  SPEEDMAX =  3.1812E-001 AT NODE     4178  ON MYPROC =    0
 TIME STEP =   15100  46.69% COMPLETE     ITERATIONS =   22     TIME =  0.12101546E+07
  ELMAX =  3.4228E-001 AT NODE     5182  SPEEDMAX =  3.9136E-001 AT NODE     5385  ON MYPROC =    0
 TIME STEP =   15200  47.00% COMPLETE     ITERATIONS =   22     TIME =  0.12181688E+07
  ELMAX = -4.5679E-001 AT NODE     5432  SPEEDMAX =  4.0904E-001 AT NODE     3596  ON MYPROC =    0
 TIME STEP =   15300  47.31% COMPLETE     ITERATIONS =   21     TIME =  0.12261831E+07
  ELMAX = -7.0333E-001 AT NODE     5434  SPEEDMAX =  3.2878E-001 AT NODE     4318  ON MYPROC =    0
 TIME STEP =   15400  47.62% COMPLETE     ITERATIONS =   22     TIME =  0.12341974E+07
  ELMAX =  3.4471E-001 AT NODE     5269  SPEEDMAX =  4.0120E-001 AT NODE     5387  ON MYPROC =    0
 TIME STEP =   15500  47.93% COMPLETE     ITERATIONS =   22     TIME =  0.12422116E+07
  ELMAX =  7.7229E-001 AT NODE     5432  SPEEDMAX =  3.9849E-001 AT NODE     3596  ON MYPROC =    0
 TIME STEP =   15600  48.23% COMPLETE     ITERATIONS =   22     TIME =  0.12502259E+07
  ELMAX =  7.5193E-001 AT NODE     5434  SPEEDMAX =  3.8296E-001 AT NODE     5187  ON MYPROC =    0
 TIME STEP =   15700  48.54% COMPLETE     ITERATIONS =   22     TIME =  0.12582402E+07
  ELMAX = -4.1504E-001 AT NODE     5368  SPEEDMAX =  4.6633E-001 AT NODE     5387  ON MYPROC =    0
 TIME STEP =   15800  48.85% COMPLETE     ITERATIONS =   21     TIME =  0.12662544E+07
  ELMAX = -7.7528E-001 AT NODE     5432  SPEEDMAX =  3.1945E-001 AT NODE     4178  ON MYPROC =    0
 TIME STEP =   15900  49.16% COMPLETE     ITERATIONS =   22     TIME =  0.12742687E+07
  ELMAX = -9.0689E-001 AT NODE     5434  SPEEDMAX =  3.6399E-001 AT NODE     5385  ON MYPROC =    0
 TIME STEP =   16000  49.47% COMPLETE     ITERATIONS =   23     TIME =  0.12822830E+07
  ELMAX = -4.5333E-001 AT NODE     4900  SPEEDMAX =  4.4336E-001 AT NODE     5387  ON MYPROC =    0
 TIME STEP =   16100  49.78% COMPLETE     ITERATIONS =   21     TIME =  0.12902972E+07
  ELMAX =  7.7469E-001 AT NODE     5432  SPEEDMAX =  3.4023E-001 AT NODE     4178  ON MYPROC =    0
INFO: writeHotstart:  HOT START OUTPUT WRITTEN TO UNIT 67 AT TIME STEP =     16171 TIME =  0.12959874E+07
 TIME STEP =   16200  50.09% COMPLETE     ITERATIONS =   22     TIME =  0.12983115E+07
  ELMAX =  7.0251E-001 AT NODE     5434  SPEEDMAX =  3.6358E-001 AT NODE     5385  ON MYPROC =    0
 TIME STEP =   16300  50.40% COMPLETE     ITERATIONS =   22     TIME =  0.13063258E+07
  ELMAX =  3.7340E-001 AT NODE     4900  SPEEDMAX =  4.0355E-001 AT NODE     3596  ON MYPROC =    0
 TIME STEP =   16400  50.71% COMPLETE     ITERATIONS =   21     TIME =  0.13143401E+07
  ELMAX = -7.3798E-001 AT NODE     5432  SPEEDMAX =  3.5544E-001 AT NODE     4318  ON MYPROC =    0
 TIME STEP =   16500  51.02% COMPLETE     ITERATIONS =   23     TIME =  0.13223543E+07
  ELMAX = -5.7124E-001 AT NODE     5434  SPEEDMAX =  4.3628E-001 AT NODE     5385  ON MYPROC =    0
 TIME STEP =   16600  51.33% COMPLETE     ITERATIONS =   22     TIME =  0.13303686E+07
  ELMAX =  5.5347E-001 AT NODE     5424  SPEEDMAX =  4.0896E-001 AT NODE     3596  ON MYPROC =    0
 TIME STEP =   16700  51.64% COMPLETE     ITERATIONS =   22     TIME =  0.13383829E+07
  ELMAX =  1.0220E+000 AT NODE     5434  SPEEDMAX =  3.1137E-001 AT NODE     5187  ON MYPROC =    0
 TIME STEP =   16800  51.94% COMPLETE     ITERATIONS =   23     TIME =  0.13463971E+07
  ELMAX = -3.8225E-001 AT NODE     5152  SPEEDMAX =  5.4977E-001 AT NODE     5387  ON MYPROC =    0
 TIME STEP =   16900  52.25% COMPLETE     ITERATIONS =   22     TIME =  0.13544114E+07
  ELMAX = -6.7729E-001 AT NODE     5424  SPEEDMAX =  4.0437E-001 AT NODE     5332  ON MYPROC =    0
 TIME STEP =   17000  52.56% COMPLETE     ITERATIONS =   22     TIME =  0.13624257E+07
  ELMAX = -1.0699E+000 AT NODE     5434  SPEEDMAX =  3.3091E-001 AT NODE     5181  ON MYPROC =    0
 TIME STEP =   17100  52.87% COMPLETE     ITERATIONS =   22     TIME =  0.13704399E+07
  ELMAX = -5.4843E-001 AT NODE     5226  SPEEDMAX =  5.4416E-001 AT NODE     5387  ON MYPROC =    0
 TIME STEP =   17200  53.18% COMPLETE     ITERATIONS =   22     TIME =  0.13784542E+07
  ELMAX =  6.6829E-001 AT NODE     5432  SPEEDMAX =  4.1142E-001 AT NODE     5230  ON MYPROC =    0
 TIME STEP =   17300  53.49% COMPLETE     ITERATIONS =   22     TIME =  0.13864685E+07
  ELMAX =  1.0686E+000 AT NODE     5434  SPEEDMAX =  3.4423E-001 AT NODE     5187  ON MYPROC =    0
 TIME STEP =   17400  53.80% COMPLETE     ITERATIONS =   23     TIME =  0.13944827E+07
  ELMAX =  4.0928E-001 AT NODE     4900  SPEEDMAX =  5.5564E-001 AT NODE     5387  ON MYPROC =    0
 TIME STEP =   17500  54.11% COMPLETE     ITERATIONS =   21     TIME =  0.14024970E+07
  ELMAX = -7.2372E-001 AT NODE     5424  SPEEDMAX =  3.8097E-001 AT NODE     3430  ON MYPROC =    0
 TIME STEP =   17600  54.42% COMPLETE     ITERATIONS =   23     TIME =  0.14105113E+07
  ELMAX = -1.0173E+000 AT NODE     5434  SPEEDMAX =  4.4573E-001 AT NODE     5385  ON MYPROC =    0
 TIME STEP =   17700  54.73% COMPLETE     ITERATIONS =   22     TIME =  0.14185255E+07
  ELMAX =  5.7164E-001 AT NODE     5368  SPEEDMAX =  5.3540E-001 AT NODE     5424  ON MYPROC =    0
 TIME STEP =   17800  55.04% COMPLETE     ITERATIONS =   21     TIME =  0.14265398E+07
  ELMAX =  1.1071E+000 AT NODE     5432  SPEEDMAX =  3.4864E-001 AT NODE     3430  ON MYPROC =    0
 TIME STEP =   17900  55.35% COMPLETE     ITERATIONS =   23     TIME =  0.14345541E+07
  ELMAX =  8.5714E-001 AT NODE     5434  SPEEDMAX =  5.8220E-001 AT NODE     5385  ON MYPROC =    0
 TIME STEP =   18000  55.66% COMPLETE     ITERATIONS =   22     TIME =  0.14425683E+07
  ELMAX = -7.3169E-001 AT NODE     5187  SPEEDMAX =  5.6543E-001 AT NODE     5404  ON MYPROC =    0
 TIME STEP =   18100  55.96% COMPLETE     ITERATIONS =   22     TIME =  0.14505826E+07
  ELMAX = -1.0839E+000 AT NODE     5432  SPEEDMAX =  3.6027E-001 AT NODE     5122  ON MYPROC =    0
 TIME STEP =   18200  56.27% COMPLETE     ITERATIONS =   23     TIME =  0.14585969E+07
  ELMAX = -1.0381E+000 AT NODE     5434  SPEEDMAX =  6.0420E-001 AT NODE     5387  ON MYPROC =    0
 TIME STEP =   18300  56.58% COMPLETE     ITERATIONS =   22     TIME =  0.14666112E+07
  ELMAX =  6.5640E-001 AT NODE     5390  SPEEDMAX =  5.3492E-001 AT NODE     5424  ON MYPROC =    0
 TIME STEP =   18400  56.89% COMPLETE     ITERATIONS =   22     TIME =  0.14746254E+07
  ELMAX =  1.2828E+000 AT NODE     5432  SPEEDMAX =  3.6884E-001 AT NODE     5122  ON MYPROC =    0
 TIME STEP =   18500  57.20% COMPLETE     ITERATIONS =   23     TIME =  0.14826397E+07
  ELMAX =  4.9974E-001 AT NODE     5182  SPEEDMAX =  6.5899E-001 AT NODE     5387  ON MYPROC =    0
 TIME STEP =   18600  57.51% COMPLETE     ITERATIONS =   21     TIME =  0.14906540E+07
  ELMAX = -7.5457E-001 AT NODE     5424  SPEEDMAX =  4.5334E-001 AT NODE     5230  ON MYPROC =    0
 TIME STEP =   18700  57.82% COMPLETE     ITERATIONS =   22     TIME =  0.14986682E+07
  ELMAX = -1.1910E+000 AT NODE     5434  SPEEDMAX =  4.3266E-001 AT NODE     5181  ON MYPROC =    0
 TIME STEP =   18800  58.13% COMPLETE     ITERATIONS =   23     TIME =  0.15066825E+07
  ELMAX =  6.3246E-001 AT NODE     5368  SPEEDMAX =  6.4609E-001 AT NODE     5387  ON MYPROC =    0
 TIME STEP =   18900  58.44% COMPLETE     ITERATIONS =   21     TIME =  0.15146968E+07
  ELMAX =  1.0565E+000 AT NODE     5432  SPEEDMAX =  4.4085E-001 AT NODE     5262  ON MYPROC =    0
 TIME STEP =   19000  58.75% COMPLETE     ITERATIONS =   23     TIME =  0.15227110E+07
  ELMAX =  1.2935E+000 AT NODE     5434  SPEEDMAX =  5.6921E-001 AT NODE     5385  ON MYPROC =    0
 TIME STEP =   19100  59.06% COMPLETE     ITERATIONS =   22     TIME =  0.15307253E+07
  ELMAX = -7.7714E-001 AT NODE     5368  SPEEDMAX =  6.9579E-001 AT NODE     5387  ON MYPROC =    0
 TIME STEP =   19200  59.37% COMPLETE     ITERATIONS =   21     TIME =  0.15387396E+07
  ELMAX = -1.0646E+000 AT NODE     5424  SPEEDMAX =  3.9895E-001 AT NODE     4920  ON MYPROC =    0
 TIME STEP =   19300  59.67% COMPLETE     ITERATIONS =   22     TIME =  0.15467538E+07
  ELMAX = -1.3519E+000 AT NODE     5434  SPEEDMAX =  6.4616E-001 AT NODE     5385  ON MYPROC =    0
 TIME STEP =   19400  59.98% COMPLETE     ITERATIONS =   22     TIME =  0.15547681E+07
  ELMAX =  7.8481E-001 AT NODE     5306  SPEEDMAX =  6.5154E-001 AT NODE     5424  ON MYPROC =    0
 TIME STEP =   19500  60.29% COMPLETE     ITERATIONS =   22     TIME =  0.15627824E+07
  ELMAX =  1.4093E+000 AT NODE     5432  SPEEDMAX =  4.2684E-001 AT NODE     5122  ON MYPROC =    0
 TIME STEP =   19600  60.60% COMPLETE     ITERATIONS =   23     TIME =  0.15707966E+07
  ELMAX =  8.2145E-001 AT NODE     5434  SPEEDMAX =  7.2813E-001 AT NODE     5387  ON MYPROC =    0
 TIME STEP =   19700  60.91% COMPLETE     ITERATIONS =   22     TIME =  0.15788109E+07
  ELMAX = -8.8548E-001 AT NODE     5390  SPEEDMAX =  5.9447E-001 AT NODE     5404  ON MYPROC =    0
 TIME STEP =   19800  61.22% COMPLETE     ITERATIONS =   22     TIME =  0.15868252E+07
  ELMAX = -1.2728E+000 AT NODE     5432  SPEEDMAX =  4.9748E-001 AT NODE     5122  ON MYPROC =    0
 TIME STEP =   19900  61.53% COMPLETE     ITERATIONS =   22     TIME =  0.15948395E+07
  ELMAX = -8.0622E-001 AT NODE     5434  SPEEDMAX =  7.3304E-001 AT NODE     5387  ON MYPROC =    0
 TIME STEP =   20000  61.84% COMPLETE     ITERATIONS =   21     TIME =  0.16028537E+07
  ELMAX =  9.9856E-001 AT NODE     5424  SPEEDMAX =  5.6116E-001 AT NODE     5262  ON MYPROC =    0
 TIME STEP =   20100  62.15% COMPLETE     ITERATIONS =   22     TIME =  0.16108680E+07
  ELMAX =  1.5764E+000 AT NODE     5434  SPEEDMAX =  5.2671E-001 AT NODE     5385  ON MYPROC =    0
 TIME STEP =   20200  62.46% COMPLETE     ITERATIONS =   22     TIME =  0.16188823E+07
  ELMAX = -8.0736E-001 AT NODE     5368  SPEEDMAX =  7.9013E-001 AT NODE     5387  ON MYPROC =    0
 TIME STEP =   20300  62.77% COMPLETE     ITERATIONS =   21     TIME =  0.16268965E+07
  ELMAX = -1.0736E+000 AT NODE     5424  SPEEDMAX =  4.6173E-001 AT NODE     5230  ON MYPROC =    0
 TIME STEP =   20400  63.08% COMPLETE     ITERATIONS =   23     TIME =  0.16349108E+07
  ELMAX = -1.4665E+000 AT NODE     5434  SPEEDMAX =  6.6439E-001 AT NODE     5385  ON MYPROC =    0
 TIME STEP =   20500  63.39% COMPLETE     ITERATIONS =   22     TIME =  0.16429251E+07
  ELMAX =  8.8625E-001 AT NODE     5306  SPEEDMAX =  7.2135E-001 AT NODE     5424  ON MYPROC =    0
 TIME STEP =   20600  63.69% COMPLETE     ITERATIONS =   22     TIME =  0.16509393E+07
  ELMAX =  1.4519E+000 AT NODE     5432  SPEEDMAX =  4.6828E-001 AT NODE     5122  ON MYPROC =    0
 TIME STEP =   20700  64.00% COMPLETE     ITERATIONS =   23     TIME =  0.16589536E+07
  ELMAX =  1.1208E+000 AT NODE     5434  SPEEDMAX =  7.7202E-001 AT NODE     5385  ON MYPROC =    0
 TIME STEP =   20800  64.31% COMPLETE     ITERATIONS =   22     TIME =  0.16669679E+07
  ELMAX = -1.0187E+000 AT NODE     5387  SPEEDMAX =  6.9907E-001 AT NODE     5404  ON MYPROC =    0
 TIME STEP =   20900  64.62% COMPLETE     ITERATIONS =   22     TIME =  0.16749821E+07
  ELMAX = -1.2999E+000 AT NODE     5432  SPEEDMAX =  5.4077E-001 AT NODE     5122  ON MYPROC =    0
 TIME STEP =   21000  64.93% COMPLETE     ITERATIONS =   23     TIME =  0.16829964E+07
  ELMAX = -1.2614E+000 AT NODE     5434  SPEEDMAX =  7.8909E-001 AT NODE     5387  ON MYPROC =    0
 TIME STEP =   21100  65.24% COMPLETE     ITERATIONS =   21     TIME =  0.16910107E+07
  ELMAX =  9.6064E-001 AT NODE     5306  SPEEDMAX =  6.4472E-001 AT NODE     5424  ON MYPROC =    0
 TIME STEP =   21200  65.55% COMPLETE     ITERATIONS =   22     TIME =  0.16990249E+07
  ELMAX =  1.7062E+000 AT NODE     5433  SPEEDMAX =  5.1939E-001 AT NODE     5122  ON MYPROC =    0
 TIME STEP =   21300  65.86% COMPLETE     ITERATIONS =   23     TIME =  0.17070392E+07
  ELMAX = -7.9261E-001 AT NODE     5368  SPEEDMAX =  8.4458E-001 AT NODE     5387  ON MYPROC =    0
 TIME STEP =   21400  66.17% COMPLETE     ITERATIONS =   21     TIME =  0.17150535E+07
  ELMAX = -1.0373E+000 AT NODE     5424  SPEEDMAX =  5.3872E-001 AT NODE     4318  ON MYPROC =    0
 TIME STEP =   21500  66.48% COMPLETE     ITERATIONS =   23     TIME =  0.17230677E+07
  ELMAX = -1.4838E+000 AT NODE     5434  SPEEDMAX =  6.6024E-001 AT NODE     5385  ON MYPROC =    0
 TIME STEP =   21600  66.79% COMPLETE     ITERATIONS =   22     TIME =  0.17310820E+07
  ELMAX =  9.5592E-001 AT NODE     5368  SPEEDMAX =  7.6236E-001 AT NODE     5404  ON MYPROC =    0
 TIME STEP =   21700  67.10% COMPLETE     ITERATIONS =   21     TIME =  0.17390963E+07
  ELMAX =  1.4495E+000 AT NODE     5434  SPEEDMAX =  5.2683E-001 AT NODE     4318  ON MYPROC =    0
 TIME STEP =   21800  67.40% COMPLETE     ITERATIONS =   23     TIME =  0.17471106E+07
  ELMAX =  1.3784E+000 AT NODE     5434  SPEEDMAX =  7.9282E-001 AT NODE     5385  ON MYPROC =    0
 TIME STEP =   21900  67.71% COMPLETE     ITERATIONS =   22     TIME =  0.17551248E+07
  ELMAX = -1.1152E+000 AT NODE     5387  SPEEDMAX =  7.7538E-001 AT NODE     5404  ON MYPROC =    0
 TIME STEP =   22000  68.02% COMPLETE     ITERATIONS =   21     TIME =  0.17631391E+07
  ELMAX = -1.3076E+000 AT NODE     5424  SPEEDMAX =  5.6560E-001 AT NODE     5122  ON MYPROC =    0
 TIME STEP =   22100  68.33% COMPLETE     ITERATIONS =   23     TIME =  0.17711534E+07
  ELMAX = -1.5383E+000 AT NODE     5434  SPEEDMAX =  8.1425E-001 AT NODE     5387  ON MYPROC =    0
 TIME STEP =   22200  68.64% COMPLETE     ITERATIONS =   21     TIME =  0.17791676E+07
  ELMAX =  1.0287E+000 AT NODE     5306  SPEEDMAX =  7.2265E-001 AT NODE     5424  ON MYPROC =    0
 TIME STEP =   22300  68.95% COMPLETE     ITERATIONS =   22     TIME =  0.17871819E+07
  ELMAX =  1.7561E+000 AT NODE     5432  SPEEDMAX =  5.4550E-001 AT NODE     5122  ON MYPROC =    0
 TIME STEP =   22400  69.26% COMPLETE     ITERATIONS =   23     TIME =  0.17951962E+07
  ELMAX = -7.3575E-001 AT NODE     5368  SPEEDMAX =  8.6426E-001 AT NODE     5387  ON MYPROC =    0
 TIME STEP =   22500  69.57% COMPLETE     ITERATIONS =   21     TIME =  0.18032104E+07
  ELMAX = -9.9251E-001 AT NODE     5335  SPEEDMAX =  5.9879E-001 AT NODE     4318  ON MYPROC =    0
 TIME STEP =   22600  69.88% COMPLETE     ITERATIONS =   23     TIME =  0.18112247E+07
  ELMAX = -1.4513E+000 AT NODE     5434  SPEEDMAX =  6.3420E-001 AT NODE     5385  ON MYPROC =    0
 TIME STEP =   22700  70.19% COMPLETE     ITERATIONS =   23     TIME =  0.18192390E+07
  ELMAX =  9.8471E-001 AT NODE     5368  SPEEDMAX =  7.9014E-001 AT NODE     5404  ON MYPROC =    0
 TIME STEP =   22800  70.50% COMPLETE     ITERATIONS =   21     TIME =  0.18272532E+07
  ELMAX =  1.3928E+000 AT NODE     5432  SPEEDMAX =  5.7238E-001 AT NODE     4318  ON MYPROC =    0
 TIME STEP =   22900  70.81% COMPLETE     ITERATIONS =   22     TIME =  0.18352675E+07
  ELMAX =  1.5777E+000 AT NODE     5434  SPEEDMAX =  7.8668E-001 AT NODE     5385  ON MYPROC =    0
 TIME STEP =   23000  71.11% COMPLETE     ITERATIONS =   23     TIME =  0.18432818E+07
  ELMAX = -1.1505E+000 AT NODE     5368  SPEEDMAX =  8.2562E-001 AT NODE     5387  ON MYPROC =    0
 TIME STEP =   23100  71.42% COMPLETE     ITERATIONS =   21     TIME =  0.18512960E+07
  ELMAX = -1.3379E+000 AT NODE     5424  SPEEDMAX =  5.6353E-001 AT NODE     5122  ON MYPROC =    0
 TIME STEP =   23200  71.73% COMPLETE     ITERATIONS =   23     TIME =  0.18593103E+07
  ELMAX = -1.6669E+000 AT NODE     5434  SPEEDMAX =  8.0677E-001 AT NODE     5387  ON MYPROC =    0
 TIME STEP =   23300  72.04% COMPLETE     ITERATIONS =   22     TIME =  0.18673246E+07
  ELMAX =  1.0312E+000 AT NODE     5306  SPEEDMAX =  7.6441E-001 AT NODE     5424  ON MYPROC =    0
 TIME STEP =   23400  72.35% COMPLETE     ITERATIONS =   22     TIME =  0.18753389E+07
  ELMAX =  1.7132E+000 AT NODE     5432  SPEEDMAX =  5.5183E-001 AT NODE     5122  ON MYPROC =    0
 TIME STEP =   23500  72.66% COMPLETE     ITERATIONS =   23     TIME =  0.18833531E+07
  ELMAX =  7.9900E-001 AT NODE     5433  SPEEDMAX =  8.5042E-001 AT NODE     5387  ON MYPROC =    0
 TIME STEP =   23600  72.97% COMPLETE     ITERATIONS =   21     TIME =  0.18913674E+07
  ELMAX = -9.9450E-001 AT NODE     5390  SPEEDMAX =  6.3360E-001 AT NODE     3430  ON MYPROC =    0
 TIME STEP =   23700  73.28% COMPLETE     ITERATIONS =   22     TIME =  0.18993817E+07
  ELMAX = -1.4016E+000 AT NODE     5432  SPEEDMAX =  5.8244E-001 AT NODE     5385  ON MYPROC =    0
 TIME STEP =   23800  73.59% COMPLETE     ITERATIONS =   23     TIME =  0.19073959E+07
  ELMAX =  9.6233E-001 AT NODE     5368  SPEEDMAX =  8.0166E-001 AT NODE     5387  ON MYPROC =    0
 TIME STEP =   23900  73.90% COMPLETE     ITERATIONS =   21     TIME =  0.19154102E+07
  ELMAX =  1.3128E+000 AT NODE     5432  SPEEDMAX =  5.9801E-001 AT NODE     3430  ON MYPROC =    0
 TIME STEP =   24000  74.21% COMPLETE     ITERATIONS =   22     TIME =  0.19234245E+07
  ELMAX =  1.7026E+000 AT NODE     5434  SPEEDMAX =  7.5134E-001 AT NODE     5385  ON MYPROC =    0
 TIME STEP =   24100  74.52% COMPLETE     ITERATIONS =   22     TIME =  0.19314387E+07
  ELMAX = -1.1281E+000 AT NODE     5368  SPEEDMAX =  8.6039E-001 AT NODE     5387  ON MYPROC =    0
 TIME STEP =   24200  74.83% COMPLETE     ITERATIONS =   21     TIME =  0.19394530E+07
  ELMAX = -1.3155E+000 AT NODE     5424  SPEEDMAX =  5.2870E-001 AT NODE     5122  ON MYPROC =    0
 TIME STEP =   24300  75.13% COMPLETE     ITERATIONS =   23     TIME =  0.19474673E+07
  ELMAX = -1.6922E+000 AT NODE     5434  SPEEDMAX =  7.7281E-001 AT NODE     5385  ON MYPROC =    0
 TIME STEP =   24400  75.44% COMPLETE     ITERATIONS =   22     TIME =  0.19554815E+07
  ELMAX =  9.7409E-001 AT NODE     5306  SPEEDMAX =  7.7324E-001 AT NODE     5424  ON MYPROC =    0
 TIME STEP =   24500  75.75% COMPLETE     ITERATIONS =   22     TIME =  0.19634958E+07
  ELMAX =  1.5841E+000 AT NODE     5432  SPEEDMAX =  5.2228E-001 AT NODE     5122  ON MYPROC =    0
 TIME STEP =   24600  76.06% COMPLETE     ITERATIONS =   23     TIME =  0.19715101E+07
  ELMAX =  9.7353E-001 AT NODE     5434  SPEEDMAX =  8.0434E-001 AT NODE     5387  ON MYPROC =    0
 TIME STEP =   24700  76.37% COMPLETE     ITERATIONS =   22     TIME =  0.19795243E+07
  ELMAX = -9.4719E-001 AT NODE     5390  SPEEDMAX =  6.5969E-001 AT NODE     3430  ON MYPROC =    0
 TIME STEP =   24800  76.68% COMPLETE     ITERATIONS =   22     TIME =  0.19875386E+07
  ELMAX = -1.3246E+000 AT NODE     5432  SPEEDMAX =  5.6704E-001 AT NODE     4318  ON MYPROC =    0
 TIME STEP =   24900  76.99% COMPLETE     ITERATIONS =   23     TIME =  0.19955529E+07
  ELMAX =  8.8761E-001 AT NODE     5368  SPEEDMAX =  7.9114E-001 AT NODE     5387  ON MYPROC =    0
 TIME STEP =   25000  77.30% COMPLETE     ITERATIONS =   21     TIME =  0.20035671E+07
  ELMAX =  1.2308E+000 AT NODE     5424  SPEEDMAX =  6.2989E-001 AT NODE     3596  ON MYPROC =    0
 TIME STEP =   25100  77.61% COMPLETE     ITERATIONS =   22     TIME =  0.20115814E+07
  ELMAX =  1.7428E+000 AT NODE     5434  SPEEDMAX =  6.8267E-001 AT NODE     5385  ON MYPROC =    0
 TIME STEP =   25200  77.92% COMPLETE     ITERATIONS =   22     TIME =  0.20195957E+07
  ELMAX = -1.0384E+000 AT NODE     5368  SPEEDMAX =  8.6599E-001 AT NODE     5387  ON MYPROC =    0
 TIME STEP =   25300  78.23% COMPLETE     ITERATIONS =   21     TIME =  0.20276100E+07
  ELMAX = -1.2472E+000 AT NODE     5424  SPEEDMAX =  5.2785E-001 AT NODE     5332  ON MYPROC =    0
 TIME STEP =   25400  78.54% COMPLETE     ITERATIONS =   22     TIME =  0.20356242E+07
  ELMAX = -1.6493E+000 AT NODE     5434  SPEEDMAX =  7.1180E-001 AT NODE     5385  ON MYPROC =    0
 TIME STEP =   25500  78.84% COMPLETE     ITERATIONS =   22     TIME =  0.20436385E+07
  ELMAX =  8.6299E-001 AT NODE     5306  SPEEDMAX =  7.5436E-001 AT NODE     5424  ON MYPROC =    0
 TIME STEP =   25600  79.15% COMPLETE     ITERATIONS =   21     TIME =  0.20516528E+07
  ELMAX =  1.3980E+000 AT NODE     5434  SPEEDMAX =  4.7910E-001 AT NODE     4318  ON MYPROC =    0
 TIME STEP =   25700  79.46% COMPLETE     ITERATIONS =   23     TIME =  0.20596670E+07
  ELMAX =  1.1184E+000 AT NODE     5434  SPEEDMAX =  7.2499E-001 AT NODE     5387  ON MYPROC =    0
 TIME STEP =   25800  79.77% COMPLETE     ITERATIONS =   22     TIME =  0.20676813E+07
  ELMAX = -8.5313E-001 AT NODE     5390  SPEEDMAX =  6.6442E-001 AT NODE     3596  ON MYPROC =    0
 TIME STEP =   25900  80.08% COMPLETE     ITERATIONS =   22     TIME =  0.20756956E+07
  ELMAX = -1.2177E+000 AT NODE     5432  SPEEDMAX =  6.1390E-001 AT NODE     4318  ON MYPROC =    0
 TIME STEP =   26000  80.39% COMPLETE     ITERATIONS =   23     TIME =  0.20837098E+07
  ELMAX = -8.2370E-001 AT NODE     5434  SPEEDMAX =  7.5432E-001 AT NODE     5387  ON MYPROC =    0
 TIME STEP =   26100  80.70% COMPLETE     ITERATIONS =   22     TIME =  0.20917241E+07
  ELMAX =  1.1086E+000 AT NODE     5424  SPEEDMAX =  6.4233E-001 AT NODE     3596  ON MYPROC =    0
 TIME STEP =   26200  81.01% COMPLETE     ITERATIONS =   22     TIME =  0.20997384E+07
  ELMAX =  1.6971E+000 AT NODE     5434  SPEEDMAX =  5.7787E-001 AT NODE     5385  ON MYPROC =    0
 TIME STEP =   26300  81.32% COMPLETE     ITERATIONS =   23     TIME =  0.21077526E+07
  ELMAX = -8.8651E-001 AT NODE     5368  SPEEDMAX =  8.4204E-001 AT NODE     5387  ON MYPROC =    0
 TIME STEP =   26400  81.63% COMPLETE     ITERATIONS =   21     TIME =  0.21157669E+07
  ELMAX = -1.1361E+000 AT NODE     5424  SPEEDMAX =  5.3855E-001 AT NODE     5332  ON MYPROC =    0
 TIME STEP =   26500  81.94% COMPLETE     ITERATIONS =   22     TIME =  0.21237812E+07
  ELMAX = -1.5555E+000 AT NODE     5434  SPEEDMAX =  6.1748E-001 AT NODE     5385  ON MYPROC =    0
 TIME STEP =   26600  82.25% COMPLETE     ITERATIONS =   23     TIME =  0.21317954E+07
  ELMAX =  7.0944E-001 AT NODE     5368  SPEEDMAX =  7.1516E-001 AT NODE     5404  ON MYPROC =    0
 TIME STEP =   26700  82.56% COMPLETE     ITERATIONS =   21     TIME =  0.21398097E+07
  ELMAX =  1.1639E+000 AT NODE     5434  SPEEDMAX =  4.8568E-001 AT NODE     5262  ON MYPROC =    0
 TIME STEP =   26800  82.86% COMPLETE     ITERATIONS =   22     TIME =  0.21478240E+07
  ELMAX =  1.2092E+000 AT NODE     5434  SPEEDMAX =  6.1835E-001 AT NODE     5385  ON MYPROC =    0
 TIME STEP =   26900  83.17% COMPLETE     ITERATIONS =   22     TIME =  0.21558383E+07
  ELMAX = -7.2533E-001 AT NODE     5387  SPEEDMAX =  6.3811E-001 AT NODE     3596  ON MYPROC =    0
 TIME STEP =   27000  83.48% COMPLETE     ITERATIONS =   21     TIME =  0.21638525E+07
  ELMAX = -1.0788E+000 AT NODE     5432  SPEEDMAX =  6.3170E-001 AT NODE     4318  ON MYPROC =    0
 TIME STEP =   27100  83.79% COMPLETE     ITERATIONS =   23     TIME =  0.21718668E+07
  ELMAX = -9.3383E-001 AT NODE     5434  SPEEDMAX =  6.8898E-001 AT NODE     5387  ON MYPROC =    0
 TIME STEP =   27200  84.10% COMPLETE     ITERATIONS =   22     TIME =  0.21798811E+07
  ELMAX =  9.3655E-001 AT NODE     5424  SPEEDMAX =  6.2378E-001 AT NODE     3596  ON MYPROC =    0
 TIME STEP =   27300  84.41% COMPLETE     ITERATIONS =   21     TIME =  0.21878953E+07
  ELMAX =  1.5719E+000 AT NODE     5434  SPEEDMAX =  5.1051E-001 AT NODE     4318  ON MYPROC =    0
 TIME STEP =   27400  84.72% COMPLETE     ITERATIONS =   23     TIME =  0.21959096E+07
  ELMAX = -6.8782E-001 AT NODE     5368  SPEEDMAX =  7.9074E-001 AT NODE     5387  ON MYPROC =    0
 TIME STEP =   27500  85.03% COMPLETE     ITERATIONS =   21     TIME =  0.22039239E+07
  ELMAX = -9.8341E-001 AT NODE     5424  SPEEDMAX =  5.3405E-001 AT NODE     5332  ON MYPROC =    0
 TIME STEP =   27600  85.34% COMPLETE     ITERATIONS =   22     TIME =  0.22119381E+07
  ELMAX = -1.4190E+000 AT NODE     5434  SPEEDMAX =  5.0441E-001 AT NODE     5181  ON MYPROC =    0
 TIME STEP =   27700  85.65% COMPLETE     ITERATIONS =   23     TIME =  0.22199524E+07
  ELMAX = -5.9709E-001 AT NODE     5226  SPEEDMAX =  6.7480E-001 AT NODE     5387  ON MYPROC =    0
 TIME STEP =   27800  85.96% COMPLETE     ITERATIONS =   21     TIME =  0.22279667E+07
  ELMAX =  9.1044E-001 AT NODE     5432  SPEEDMAX =  4.9699E-001 AT NODE     3430  ON MYPROC =    0
 TIME STEP =   27900  86.27% COMPLETE     ITERATIONS =   22     TIME =  0.22359809E+07
  ELMAX =  1.2308E+000 AT NODE     5434  SPEEDMAX =  4.7527E-001 AT NODE     5385  ON MYPROC =    0
 TIME STEP =   28000  86.57% COMPLETE     ITERATIONS =   22     TIME =  0.22439952E+07
  ELMAX = -5.6113E-001 AT NODE     5368  SPEEDMAX =  5.9859E-001 AT NODE     5387  ON MYPROC =    0
 TIME STEP =   28100  86.88% COMPLETE     ITERATIONS =   21     TIME =  0.22520095E+07
  ELMAX = -9.0547E-001 AT NODE     5432  SPEEDMAX =  6.1158E-001 AT NODE     4318  ON MYPROC =    0
 TIME STEP =   28200  87.19% COMPLETE     ITERATIONS =   22     TIME =  0.22600237E+07
  ELMAX = -1.0048E+000 AT NODE     5434  SPEEDMAX =  5.9024E-001 AT NODE     5385  ON MYPROC =    0
 TIME STEP =   28300  87.50% COMPLETE     ITERATIONS =   22     TIME =  0.22680380E+07
  ELMAX =  7.5864E-001 AT NODE     5306  SPEEDMAX =  5.6812E-001 AT NODE     3596  ON MYPROC =    0
 TIME STEP =   28400  87.81% COMPLETE     ITERATIONS =   22     TIME =  0.22760523E+07
  ELMAX =  1.3930E+000 AT NODE     5433  SPEEDMAX =  4.8798E-001 AT NODE     4318  ON MYPROC =    0
 TIME STEP =   28500  88.12% COMPLETE     ITERATIONS =   23     TIME =  0.22840666E+07
  ELMAX =  5.4572E-001 AT NODE     5182  SPEEDMAX =  7.0357E-001 AT NODE     5387  ON MYPROC =    0
 TIME STEP =   28600  88.43% COMPLETE     ITERATIONS =   22     TIME =  0.22920808E+07
  ELMAX = -8.2917E-001 AT NODE     5390  SPEEDMAX =  5.1594E-001 AT NODE     5332  ON MYPROC =    0
 TIME STEP =   28700  88.74% COMPLETE     ITERATIONS =   22     TIME =  0.23000951E+07
  ELMAX = -1.2583E+000 AT NODE     5432  SPEEDMAX =  3.8337E-001 AT NODE     4178  ON MYPROC =    0
 TIME STEP =   28800  89.05% COMPLETE     ITERATIONS =   23     TIME =  0.23081094E+07
  ELMAX = -7.6319E-001 AT NODE     5434  SPEEDMAX =  6.2107E-001 AT NODE     5387  ON MYPROC =    0
 TIME STEP =   28900  89.36% COMPLETE     ITERATIONS =   22     TIME =  0.23161236E+07
  ELMAX =  6.6836E-001 AT NODE     5424  SPEEDMAX =  5.0341E-001 AT NODE     3596  ON MYPROC =    0
 TIME STEP =   29000  89.67% COMPLETE     ITERATIONS =   22     TIME =  0.23241379E+07
  ELMAX =  1.1755E+000 AT NODE     5434  SPEEDMAX =  3.9411E-001 AT NODE     4178  ON MYPROC =    0
 TIME STEP =   29100  89.98% COMPLETE     ITERATIONS =   23     TIME =  0.23321522E+07
  ELMAX =  4.5252E-001 AT NODE     4649  SPEEDMAX =  5.7222E-001 AT NODE     5387  ON MYPROC =    0
 TIME STEP =   29200  90.29% COMPLETE     ITERATIONS =   21     TIME =  0.23401664E+07
  ELMAX = -7.1425E-001 AT NODE     5424  SPEEDMAX =  5.4930E-001 AT NODE     4318  ON MYPROC =    0
 TIME STEP =   29300  90.59% COMPLETE     ITERATIONS =   22     TIME =  0.23481807E+07
  ELMAX = -1.0047E+000 AT NODE     5434  SPEEDMAX =  4.6113E-001 AT NODE     5385  ON MYPROC =    0
 TIME STEP =   29400  90.90% COMPLETE     ITERATIONS =   22     TIME =  0.23561950E+07
  ELMAX =  5.9887E-001 AT NODE     5368  SPEEDMAX =  5.3486E-001 AT NODE     5424  ON MYPROC =    0
 TIME STEP =   29500  91.21% COMPLETE     ITERATIONS =   21     TIME =  0.23642092E+07
  ELMAX =  1.1510E+000 AT NODE     5432  SPEEDMAX =  4.9175E-001 AT NODE     3430  ON MYPROC =    0
 TIME STEP =   29600  91.52% COMPLETE     ITERATIONS =   22     TIME =  0.23722235E+07
  ELMAX =  8.0846E-001 AT NODE     5434  SPEEDMAX =  5.8120E-001 AT NODE     5385  ON MYPROC =    0
 TIME STEP =   29700  91.83% COMPLETE     ITERATIONS =   22     TIME =  0.23802378E+07
  ELMAX = -7.5086E-001 AT NODE     5187  SPEEDMAX =  5.4767E-001 AT NODE     5404  ON MYPROC =    0
 TIME STEP =   29800  92.14% COMPLETE     ITERATIONS =   21     TIME =  0.23882520E+07
  ELMAX = -1.0638E+000 AT NODE     5432  SPEEDMAX =  3.9844E-001 AT NODE     4178  ON MYPROC =    0
 TIME STEP =   29900  92.45% COMPLETE     ITERATIONS =   22     TIME =  0.23962663E+07
  ELMAX = -1.0445E+000 AT NODE     5434  SPEEDMAX =  5.4119E-001 AT NODE     5385  ON MYPROC =    0
 TIME STEP =   30000  92.76% COMPLETE     ITERATIONS =   22     TIME =  0.24042806E+07
  ELMAX = -5.4543E-001 AT NODE     4900  SPEEDMAX =  5.0898E-001 AT NODE     5230  ON MYPROC =    0
 TIME STEP =   30100  93.07% COMPLETE     ITERATIONS =   21     TIME =  0.24122948E+07
  ELMAX =  1.0747E+000 AT NODE     5432  SPEEDMAX =  4.1713E-001 AT NODE     4178  ON MYPROC =    0
 TIME STEP =   30200  93.38% COMPLETE     ITERATIONS =   22     TIME =  0.24203091E+07
  ELMAX =  5.7294E-001 AT NODE     5434  SPEEDMAX =  5.2208E-001 AT NODE     5385  ON MYPROC =    0
 TIME STEP =   30300  93.69% COMPLETE     ITERATIONS =   22     TIME =  0.24283234E+07
  ELMAX = -5.2613E-001 AT NODE     5424  SPEEDMAX =  5.3055E-001 AT NODE     3596  ON MYPROC =    0
 TIME STEP =   30400  94.00% COMPLETE     ITERATIONS =   22     TIME =  0.24363377E+07
  ELMAX = -9.3522E-001 AT NODE     5434  SPEEDMAX =  4.3087E-001 AT NODE     4318  ON MYPROC =    0
 TIME STEP =   30500  94.30% COMPLETE     ITERATIONS =   22     TIME =  0.24443519E+07
  ELMAX =  4.3054E-001 AT NODE     5228  SPEEDMAX =  5.2565E-001 AT NODE     5387  ON MYPROC =    0
 TIME STEP =   30600  94.61% COMPLETE     ITERATIONS =   22     TIME =  0.24523662E+07
  ELMAX =  8.3651E-001 AT NODE     5432  SPEEDMAX =  5.0196E-001 AT NODE     3596  ON MYPROC =    0
 TIME STEP =   30700  94.92% COMPLETE     ITERATIONS =   22     TIME =  0.24603805E+07
  ELMAX =  1.0877E+000 AT NODE     5434  SPEEDMAX =  4.2409E-001 AT NODE     5187  ON MYPROC =    0
 TIME STEP =   30800  95.23% COMPLETE     ITERATIONS =   23     TIME =  0.24683947E+07
  ELMAX = -5.3393E-001 AT NODE     5368  SPEEDMAX =  6.0322E-001 AT NODE     5387  ON MYPROC =    0
 TIME STEP =   30900  95.54% COMPLETE     ITERATIONS =   21     TIME =  0.24764090E+07
  ELMAX = -8.6960E-001 AT NODE     5424  SPEEDMAX =  4.2751E-001 AT NODE     3596  ON MYPROC =    0
 TIME STEP =   31000  95.85% COMPLETE     ITERATIONS =   22     TIME =  0.24844233E+07
  ELMAX = -1.1765E+000 AT NODE     5434  SPEEDMAX =  4.4247E-001 AT NODE     5181  ON MYPROC =    0
 TIME STEP =   31100  96.16% COMPLETE     ITERATIONS =   23     TIME =  0.24924375E+07
  ELMAX = -5.3617E-001 AT NODE     4900  SPEEDMAX =  5.5655E-001 AT NODE     5387  ON MYPROC =    0
 TIME STEP =   31200  96.47% COMPLETE     ITERATIONS =   21     TIME =  0.25004518E+07
  ELMAX =  9.1874E-001 AT NODE     5432  SPEEDMAX =  4.2321E-001 AT NODE     4178  ON MYPROC =    0
 TIME STEP =   31300  96.78% COMPLETE     ITERATIONS =   22     TIME =  0.25084661E+07
  ELMAX =  9.7875E-001 AT NODE     5434  SPEEDMAX =  4.3921E-001 AT NODE     5385  ON MYPROC =    0
 TIME STEP =   31400  97.09% COMPLETE     ITERATIONS =   22     TIME =  0.25164803E+07
  ELMAX =  4.8824E-001 AT NODE     4900  SPEEDMAX =  5.2594E-001 AT NODE     5387  ON MYPROC =    0
 TIME STEP =   31500  97.40% COMPLETE     ITERATIONS =   21     TIME =  0.25244946E+07
  ELMAX = -8.4758E-001 AT NODE     5432  SPEEDMAX =  4.3511E-001 AT NODE     4318  ON MYPROC =    0
 TIME STEP =   31600  97.71% COMPLETE     ITERATIONS =   23     TIME =  0.25325089E+07
  ELMAX = -8.8443E-001 AT NODE     5434  SPEEDMAX =  5.0734E-001 AT NODE     5385  ON MYPROC =    0
 TIME STEP =   31700  98.01% COMPLETE     ITERATIONS =   22     TIME =  0.25405231E+07
  ELMAX =  5.8788E-001 AT NODE     5306  SPEEDMAX =  4.8899E-001 AT NODE     3596  ON MYPROC =    0
 TIME STEP =   31800  98.32% COMPLETE     ITERATIONS =   22     TIME =  0.25485374E+07
  ELMAX =  1.1680E+000 AT NODE     5432  SPEEDMAX =  3.4811E-001 AT NODE     4318  ON MYPROC =    0
 TIME STEP =   31900  98.63% COMPLETE     ITERATIONS =   23     TIME =  0.25565517E+07
  ELMAX =  5.0219E-001 AT NODE     5434  SPEEDMAX =  6.1385E-001 AT NODE     5387  ON MYPROC =    0
 TIME STEP =   32000  98.94% COMPLETE     ITERATIONS =   22     TIME =  0.25645660E+07
  ELMAX = -7.1602E-001 AT NODE     5390  SPEEDMAX =  4.6946E-001 AT NODE     5404  ON MYPROC =    0
 TIME STEP =   32100  99.25% COMPLETE     ITERATIONS =   22     TIME =  0.25725802E+07
  ELMAX = -1.1522E+000 AT NODE     5432  SPEEDMAX =  3.6313E-001 AT NODE     5122  ON MYPROC =    0
 TIME STEP =   32200  99.56% COMPLETE     ITERATIONS =   23     TIME =  0.25805945E+07
  ELMAX = -6.1914E-001 AT NODE     5433  SPEEDMAX =  6.0764E-001 AT NODE     5387  ON MYPROC =    0
 TIME STEP =   32300  99.87% COMPLETE     ITERATIONS =   21     TIME =  0.25886088E+07
  ELMAX =  7.4513E-001 AT NODE     5424  SPEEDMAX =  4.6484E-001 AT NODE     5230  ON MYPROC =    0
INFO: writeHotstart:  HOT START OUTPUT WRITTEN TO UNIT 68 AT TIME STEP =     32342 TIME =  0.25919748E+07
 MPI terminated with Status =            0
