Cold start spinup run with tides ................ 
 INFO: Processing --np
 INFO: Processing --partmesh
 File                                                      fort.14
 WAS FOUND!  Opening & Processing file

 from alloc_main1: 
  
 memory currently allocated =              16927096  bytes
 memory high water mark     =              33028024  bytes
  
  
 memory currently allocated =              19087456  bytes
 memory high water mark     =              33028024  bytes
  
 Global Grid file read successfully.
INFO: This mesh has 0 weir node pairs.
INFO: Maximum number of duals for any weir node is 0.
 maximum co-nodes for any node =           18
 edge count =        89861
 
 Grid Partition Data
 METIS 4.0 will require approximately       140587174750616  bytes
 Total Edges Cut =         7862
INFO: Writing mesh partition to partmesh.txt.
 INFO: METIS has partitioned nodes successfully.
  
 memory currently allocated =              19087456  bytes
 memory high water mark     =              33028024  bytes
  
 INFO: Processing --np
 INFO: Processing --prepall
 File                                                      fort.14
 WAS FOUND!  Opening & Processing file

 File fort.15                                                     
 WAS FOUND!  Opening & Processing file

 INFO: The metControl namelist was not found.
 Elevation Station Locations contained in fort.15
 Velocity Station Locations Contained in fort.15
 NHSTAR =            5
 *****************************************************
 *   Based on input and information extracted from   *
 *   the ADCIRC UNIT 14 and 15 (grid and horiz run   *
 *   info) files the following paramter values will  *
 *   be set:                                         *
 *                                                   *
 *       MNPROC =     6                             *
 *       MNE =    58369      MNP =    31435          *
 *       MNEI =      10                               *
 *       MNOPE =      1      MNETA =    103          *
 *       MNBOU =     59      MNVEL =   4573          *
 *       MNTIF =      8      MNBFR =      8          *
 *       MNSTAE =     1      MNSTAV =     1          *
 *       MNSTAC =     1      MNSTAM =     1          *
 *       MNWP =       1                               *
 *       MNWLAT =     1      MNWLON =     1          *
 *       MNFFR =      1                              *
 *                                                   *
 *   Also, NO wind forcing will be used,             *
 *   means and variance calculation will NOT be made,*
 *   the GWCE matrix will be left in consistent form *
 *   and an iterative solver will be used            *
 *****************************************************

 from alloc_main1: 
  
 memory currently allocated =              16992552  bytes
 memory high water mark     =              33158936  bytes
  
  
 memory currently allocated =              19152912  bytes
 memory high water mark     =              33158936  bytes
  
 Global Grid file read successfully.
 INFO: Opening file partmesh.txt
 INFO: Closed partmesh.txt file.
 INFO: Start reading in fort.15.
 nstae=           0
 Elevation Station Locations contained in fort.15
 Velocity Station Locations Contained in fort.15
  
 memory currently allocated =              19152920  bytes
 memory high water mark     =              33158936  bytes
  
 INFO: Fulldomain fort.15 file read successfully.
 INFO: Initializing the netCDF output files.
  
 Determine the parameters MNPP and MNEP
  Setting MNPP =         5580
  Setting MNEP =        10055
 Allocate arrays dimensioned by MNPP and MNEP
 from alloc_main2: 
  
 memory currently allocated =              20262175  bytes
 memory high water mark     =              33158936  bytes
  
  
 Decomposition of grid begins
 Decomposition Data
 DOMAIN  RES_NODES  GHOST_NODES  TOT_NODES  ELEMENTS
 ------  ---------  -----------  ---------  --------
 GLOBAL                             31435      58369
 PE0000      5336         98         5434      10055
 PE0001      5162        158         5320       9850
 PE0002      5522         58         5580       9947
 PE0003      5246        107         5353      10029
 PE0004      5103         61         5164       9496
 PE0005      5066        182         5248       9638
 Decomposition successful
 Writing Local UNIT 14 (Grid) File for each PE
  
 Boundary Node Decomposition Data
 DOMAIN      NOPE    NETA    NBOU  NVEL    NWEIR
 GLOBAL       1     103      59    4514       0
 PE0000       1      42      21     734       0
 PE0001       0       0       6     649       0
 PE0002       0       0      10    1182       0
 PE0003       0       0      16     615       0
 PE0004       1      52       5     732       0
 PE0005       1      13      13     701       0
 Writing Local UNIT 15 (Run Info) File for each PE
  
 Station Data
 DOMAIN      NSTAE   NSTAV    NSTAC    NSTAM
 GLOBAL       0       0       0       0
 PE0000       0       0       0       0
 PE0001       0       0       0       0
 PE0002       0       0       0       0
 PE0003       0       0       0       0
 PE0004       0       0       0       0
 PE0005       0       0       0       0
 Writing Message-Passing Info Files for each PE
  
 Communication Data
 DOMAIN  COMM_PE  %(SURF/VOL)
 ------  -------  -----------
 PE0000        2      1.84
 PE0001        3      3.06
 PE0002        1      1.05
 PE0003        2      2.04
 PE0004        1      1.20
 PE0005        3      3.59
  
 memory currently allocated =              20262175  bytes
 memory high water mark     =              33158936  bytes
  


 Writing subdomain Nodal Attributes (unit 13)
 file for each PE.
File fort.13 
 WAS FOUND!  Opening & Processing file.

     Finished processing primitive_weighting_in_continuity_equation                                      
 for processor range            1  to            6
     Finished processing mannings_n_at_sea_floor                                                         
 for processor range            1  to            6
  
 memory currently allocated =              20262167  bytes
 memory high water mark     =              33158936  bytes
  
 Writing domain-decomposition file for post-processor
 
 INFO: Finished pre-processing input files.
  
 memory currently allocated =              20262167  bytes
 memory high water mark     =              33158936  bytes
  
 INFO: Searching for ADCIRC subdomain directories:
 INFO: Looking for './PE0000/fort.14' ...
 INFO: File './PE0000/fort.14' was found!
 INFO: The search for the subdomain directory was completed successfully.
 INFO: The ROOTDIR is  '.'.
 INFO: The INPUTDIR is './PE0000'.
 INFO: The GBLINPUTDIR is '.'.
 INFO: The GLOBALDIR is '.'.
 INFO: The LOCALDIR is './PE0000'.
WARNING: read14FindDims: Number of land boundary nodes was set to 734 but 714 were found.

 _______________________________________________________________________________


                   PROGRAM ADCIRC   VERSION v56.0.1-10-g4b5be3a

     AN ADVANCED CIRCULATION MODEL FOR SHELVES, COASTAL SEAS AND ESTUARIES


       -  DEVELOPED BY

          R.A. LUETTICH, JR
            UNIVERSITY OF NORTH CAROLINA AT CHAPEL HILL
            INSTITUTE OF MARINE SCIENCES

          J.J. WESTERINK 
            DEPARTMENT OF CIVIL ENGINEERING AND GEOLOGICAL SCIENCES
            UNIVERSITY OF NOTRE DAME


       -  THE ADCIRC SOURCE CODE IS COPYRIGHTED BY

          R.A. LUETTICH, JR. AND J.J. WESTERINK, 1994-2006

       NO PART OF THIS CODE MAY BE REPRODUCED OR REDISTRIBUTED
          WITHOUT THE WRITTEN PERMISSION OF THE AUTHORS



 _______________________________________________________________________________
INFO: initializeMesh: THE NEIGHBOR TABLE IS BEING COMPUTED.
INFO: initializeMesh: THE NEIGHBOR TABLE IS COMPLETED. THE MINIMUM NUMBER OF NEIGHBORS FOR ANY NODE = 3. 1+THE MAXIMUM NUMBER OF NEIGHBORS FOR ANY NODE = 9. THE PARAMETER MNEI CAN BE SET AS SMALL AS 9.
ADCIRC Version is v56.0.1-10-g4b5be3a                                                             
ADCIRC Commit hash is 4b5be3a451a9867f9a1595e0dcea2b59b553337e                                        

 _______________________________________________________________________________


 LIMITED RUNTIME INFORMATION SECTION 


INFO: ADCIRC_Run: Begin timestepping.
 TIME STEP =     100   0.62% COMPLETE     ITERATIONS =   23     TIME =  0.80142686E+04
  ELMAX =  2.3421E-003 AT NODE     5338  SPEEDMAX =  1.4063E-003 AT NODE     5238  ON MYPROC =    0
 TIME STEP =     200   1.24% COMPLETE     ITERATIONS =   23     TIME =  0.16028537E+05
  ELMAX =  8.9972E-003 AT NODE     5359  SPEEDMAX =  8.7599E-003 AT NODE     5384  ON MYPROC =    0
 TIME STEP =     300   1.86% COMPLETE     ITERATIONS =   22     TIME =  0.24042806E+05
  ELMAX =  1.5750E-002 AT NODE     5269  SPEEDMAX =  1.6581E-002 AT NODE     5223  ON MYPROC =    0
 TIME STEP =     400   2.47% COMPLETE     ITERATIONS =   23     TIME =  0.32057074E+05
  ELMAX =  2.7769E-002 AT NODE     5434  SPEEDMAX =  2.6397E-002 AT NODE     5224  ON MYPROC =    0
 TIME STEP =     500   3.09% COMPLETE     ITERATIONS =   23     TIME =  0.40071343E+05
  ELMAX = -3.1478E-002 AT NODE     5424  SPEEDMAX =  4.0399E-002 AT NODE     3973  ON MYPROC =    0
 TIME STEP =     600   3.71% COMPLETE     ITERATIONS =   21     TIME =  0.48085612E+05
  ELMAX = -7.4329E-002 AT NODE     5434  SPEEDMAX =  4.8434E-002 AT NODE     5227  ON MYPROC =    0
 TIME STEP =     700   4.33% COMPLETE     ITERATIONS =   23     TIME =  0.56099880E+05
  ELMAX =  4.4037E-002 AT NODE     5269  SPEEDMAX =  7.4422E-002 AT NODE     5227  ON MYPROC =    0
 TIME STEP =     800   4.95% COMPLETE     ITERATIONS =   22     TIME =  0.64114149E+05
  ELMAX =  1.4268E-001 AT NODE     5432  SPEEDMAX =  7.6325E-002 AT NODE     3973  ON MYPROC =    0
 TIME STEP =     900   5.57% COMPLETE     ITERATIONS =   22     TIME =  0.72128417E+05
  ELMAX =  1.4837E-001 AT NODE     5434  SPEEDMAX =  1.0267E-001 AT NODE     5187  ON MYPROC =    0
 TIME STEP =    1000   6.18% COMPLETE     ITERATIONS =   23     TIME =  0.80142686E+05
  ELMAX = -9.8140E-002 AT NODE     5424  SPEEDMAX =  1.2171E-001 AT NODE     5401  ON MYPROC =    0
 TIME STEP =    1100   6.80% COMPLETE     ITERATIONS =   21     TIME =  0.88156955E+05
  ELMAX = -2.6495E-001 AT NODE     5432  SPEEDMAX =  7.4617E-002 AT NODE     3973  ON MYPROC =    0
 TIME STEP =    1200   7.42% COMPLETE     ITERATIONS =   23     TIME =  0.96171223E+05
  ELMAX = -1.8698E-001 AT NODE     5434  SPEEDMAX =  1.6092E-001 AT NODE     5227  ON MYPROC =    0
 TIME STEP =    1300   8.04% COMPLETE     ITERATIONS =   22     TIME =  0.10418549E+06
  ELMAX =  1.7656E-001 AT NODE     5432  SPEEDMAX =  1.4243E-001 AT NODE     5424  ON MYPROC =    0
 TIME STEP =    1400   8.66% COMPLETE     ITERATIONS =   21     TIME =  0.11219976E+06
  ELMAX =  3.3309E-001 AT NODE     5434  SPEEDMAX =  8.6606E-002 AT NODE     5262  ON MYPROC =    0
 TIME STEP =    1500   9.28% COMPLETE     ITERATIONS =   23     TIME =  0.12021403E+06
  ELMAX =  1.2327E-001 AT NODE     5182  SPEEDMAX =  1.8760E-001 AT NODE     5187  ON MYPROC =    0
 TIME STEP =    1600   9.89% COMPLETE     ITERATIONS =   22     TIME =  0.12822830E+06
  ELMAX = -2.7379E-001 AT NODE     5432  SPEEDMAX =  1.4712E-001 AT NODE     5227  ON MYPROC =    0
 TIME STEP =    1700  10.51% COMPLETE     ITERATIONS =   22     TIME =  0.13624257E+06
  ELMAX = -3.7441E-001 AT NODE     5434  SPEEDMAX =  1.5231E-001 AT NODE     5227  ON MYPROC =    0
 TIME STEP =    1800  11.13% COMPLETE     ITERATIONS =   23     TIME =  0.14425683E+06
  ELMAX =  1.3731E-001 AT NODE     5269  SPEEDMAX =  2.2860E-001 AT NODE     5401  ON MYPROC =    0
 TIME STEP =    1900  11.75% COMPLETE     ITERATIONS =   22     TIME =  0.15227110E+06
  ELMAX =  4.2981E-001 AT NODE     5432  SPEEDMAX =  1.7103E-001 AT NODE     3973  ON MYPROC =    0
 TIME STEP =    2000  12.37% COMPLETE     ITERATIONS =   22     TIME =  0.16028537E+06
  ELMAX =  3.9736E-001 AT NODE     5434  SPEEDMAX =  2.3974E-001 AT NODE     5187  ON MYPROC =    0
 TIME STEP =    2100  12.99% COMPLETE     ITERATIONS =   22     TIME =  0.16829964E+06
  ELMAX = -1.9754E-001 AT NODE     5368  SPEEDMAX =  2.6688E-001 AT NODE     5387  ON MYPROC =    0
 TIME STEP =    2200  13.60% COMPLETE     ITERATIONS =   21     TIME =  0.17631391E+06
  ELMAX = -5.1462E-001 AT NODE     5432  SPEEDMAX =  1.6325E-001 AT NODE     5332  ON MYPROC =    0
 TIME STEP =    2300  14.22% COMPLETE     ITERATIONS =   22     TIME =  0.18432818E+06
  ELMAX = -4.4467E-001 AT NODE     5434  SPEEDMAX =  2.8326E-001 AT NODE     5227  ON MYPROC =    0
 TIME STEP =    2400  14.84% COMPLETE     ITERATIONS =   23     TIME =  0.19234245E+06
  ELMAX =  2.2578E-001 AT NODE     5424  SPEEDMAX =  2.6889E-001 AT NODE     5387  ON MYPROC =    0
 TIME STEP =    2500  15.46% COMPLETE     ITERATIONS =   21     TIME =  0.20035671E+06
  ELMAX =  5.7617E-001 AT NODE     5434  SPEEDMAX =  1.6178E-001 AT NODE     5262  ON MYPROC =    0
 TIME STEP =    2600  16.08% COMPLETE     ITERATIONS =   22     TIME =  0.20837098E+06
  ELMAX =  3.2181E-001 AT NODE     5434  SPEEDMAX =  2.9751E-001 AT NODE     5385  ON MYPROC =    0
 TIME STEP =    2700  16.70% COMPLETE     ITERATIONS =   22     TIME =  0.21638525E+06
  ELMAX = -3.3601E-001 AT NODE     5424  SPEEDMAX =  2.5335E-001 AT NODE     5229  ON MYPROC =    0
 TIME STEP =    2800  17.31% COMPLETE     ITERATIONS =   21     TIME =  0.22439952E+06
  ELMAX = -6.2446E-001 AT NODE     5434  SPEEDMAX =  1.9543E-001 AT NODE     3430  ON MYPROC =    0
 TIME STEP =    2900  17.93% COMPLETE     ITERATIONS =   23     TIME =  0.23241379E+06
  ELMAX = -2.5060E-001 AT NODE     5226  SPEEDMAX =  3.4603E-001 AT NODE     5387  ON MYPROC =    0
 TIME STEP =    3000  18.55% COMPLETE     ITERATIONS =   22     TIME =  0.24042806E+06
  ELMAX =  5.4541E-001 AT NODE     5432  SPEEDMAX =  2.6416E-001 AT NODE     5262  ON MYPROC =    0
 TIME STEP =    3100  19.17% COMPLETE     ITERATIONS =   22     TIME =  0.24844233E+06
  ELMAX =  7.1645E-001 AT NODE     5434  SPEEDMAX =  2.9071E-001 AT NODE     5187  ON MYPROC =    0
 TIME STEP =    3200  19.79% COMPLETE     ITERATIONS =   22     TIME =  0.25645660E+06
  ELMAX = -2.7445E-001 AT NODE     5368  SPEEDMAX =  4.1096E-001 AT NODE     5387  ON MYPROC =    0
 TIME STEP =    3300  20.41% COMPLETE     ITERATIONS =   21     TIME =  0.26447086E+06
  ELMAX = -6.1205E-001 AT NODE     5432  SPEEDMAX =  2.6522E-001 AT NODE     5332  ON MYPROC =    0
 TIME STEP =    3400  21.03% COMPLETE     ITERATIONS =   22     TIME =  0.27248513E+06
  ELMAX = -7.8255E-001 AT NODE     5434  SPEEDMAX =  3.1107E-001 AT NODE     5227  ON MYPROC =    0
 TIME STEP =    3500  21.64% COMPLETE     ITERATIONS =   22     TIME =  0.28049940E+06
  ELMAX =  2.9157E-001 AT NODE     5368  SPEEDMAX =  4.0055E-001 AT NODE     5387  ON MYPROC =    0
 TIME STEP =    3600  22.26% COMPLETE     ITERATIONS =   21     TIME =  0.28851367E+06
  ELMAX =  7.3988E-001 AT NODE     5432  SPEEDMAX =  2.5038E-001 AT NODE     5262  ON MYPROC =    0
 TIME STEP =    3700  22.88% COMPLETE     ITERATIONS =   22     TIME =  0.29652794E+06
  ELMAX =  6.1452E-001 AT NODE     5434  SPEEDMAX =  3.6983E-001 AT NODE     5385  ON MYPROC =    0
 TIME STEP =    3800  23.50% COMPLETE     ITERATIONS =   22     TIME =  0.30454221E+06
  ELMAX = -3.7329E-001 AT NODE     5387  SPEEDMAX =  3.8794E-001 AT NODE     5404  ON MYPROC =    0
 TIME STEP =    3900  24.12% COMPLETE     ITERATIONS =   21     TIME =  0.31255648E+06
  ELMAX = -7.7476E-001 AT NODE     5432  SPEEDMAX =  2.6324E-001 AT NODE     3596  ON MYPROC =    0
 TIME STEP =    4000  24.74% COMPLETE     ITERATIONS =   22     TIME =  0.32057074E+06
  ELMAX = -5.2768E-001 AT NODE     5434  SPEEDMAX =  4.3445E-001 AT NODE     5385  ON MYPROC =    0
 TIME STEP =    4100  25.35% COMPLETE     ITERATIONS =   22     TIME =  0.32858501E+06
  ELMAX =  5.5073E-001 AT NODE     5432  SPEEDMAX =  3.5933E-001 AT NODE     5424  ON MYPROC =    0
 TIME STEP =    4200  25.97% COMPLETE     ITERATIONS =   21     TIME =  0.33659928E+06
  ELMAX =  9.6163E-001 AT NODE     5434  SPEEDMAX =  2.9628E-001 AT NODE     5187  ON MYPROC =    0
 TIME STEP =    4300  26.59% COMPLETE     ITERATIONS =   23     TIME =  0.34461355E+06
  ELMAX =  3.2832E-001 AT NODE     5182  SPEEDMAX =  5.1429E-001 AT NODE     5387  ON MYPROC =    0
 TIME STEP =    4400  27.21% COMPLETE     ITERATIONS =   22     TIME =  0.35262782E+06
  ELMAX = -6.5772E-001 AT NODE     5424  SPEEDMAX =  3.4834E-001 AT NODE     5332  ON MYPROC =    0
 TIME STEP =    4500  27.83% COMPLETE     ITERATIONS =   22     TIME =  0.36064209E+06
  ELMAX = -9.8774E-001 AT NODE     5434  SPEEDMAX =  3.3106E-001 AT NODE     5181  ON MYPROC =    0
 TIME STEP =    4600  28.45% COMPLETE     ITERATIONS =   23     TIME =  0.36865636E+06
  ELMAX =  3.6737E-001 AT NODE     5368  SPEEDMAX =  4.9547E-001 AT NODE     5387  ON MYPROC =    0
 TIME STEP =    4700  29.06% COMPLETE     ITERATIONS =   21     TIME =  0.37667062E+06
  ELMAX =  8.1481E-001 AT NODE     5432  SPEEDMAX =  3.3977E-001 AT NODE     5262  ON MYPROC =    0
 TIME STEP =    4800  29.68% COMPLETE     ITERATIONS =   22     TIME =  0.38468489E+06
  ELMAX =  8.6229E-001 AT NODE     5434  SPEEDMAX =  4.1044E-001 AT NODE     5385  ON MYPROC =    0
 TIME STEP =    4900  30.30% COMPLETE     ITERATIONS =   22     TIME =  0.39269916E+06
  ELMAX = -4.6876E-001 AT NODE     5368  SPEEDMAX =  4.9238E-001 AT NODE     5387  ON MYPROC =    0
 TIME STEP =    5000  30.92% COMPLETE     ITERATIONS =   21     TIME =  0.40071343E+06
  ELMAX = -8.5135E-001 AT NODE     5432  SPEEDMAX =  3.0342E-001 AT NODE     3596  ON MYPROC =    0
 TIME STEP =    5100  31.54% COMPLETE     ITERATIONS =   23     TIME =  0.40872770E+06
  ELMAX = -8.2620E-001 AT NODE     5434  SPEEDMAX =  4.9322E-001 AT NODE     5385  ON MYPROC =    0
 TIME STEP =    5200  32.16% COMPLETE     ITERATIONS =   22     TIME =  0.41674197E+06
  ELMAX =  5.3932E-001 AT NODE     5424  SPEEDMAX =  4.5780E-001 AT NODE     5424  ON MYPROC =    0
 TIME STEP =    5300  32.77% COMPLETE     ITERATIONS =   21     TIME =  0.42475624E+06
  ELMAX =  1.1068E+000 AT NODE     5433  SPEEDMAX =  2.9896E-001 AT NODE     4920  ON MYPROC =    0
 TIME STEP =    5400  33.39% COMPLETE     ITERATIONS =   23     TIME =  0.43277050E+06
  ELMAX =  4.2380E-001 AT NODE     5182  SPEEDMAX =  5.7739E-001 AT NODE     5387  ON MYPROC =    0
 TIME STEP =    5500  34.01% COMPLETE     ITERATIONS =   22     TIME =  0.44078477E+06
  ELMAX = -6.8215E-001 AT NODE     5424  SPEEDMAX =  4.0355E-001 AT NODE     5230  ON MYPROC =    0
 TIME STEP =    5600  34.63% COMPLETE     ITERATIONS =   22     TIME =  0.44879904E+06
  ELMAX = -1.0828E+000 AT NODE     5434  SPEEDMAX =  3.5202E-001 AT NODE     5181  ON MYPROC =    0
 TIME STEP =    5700  35.25% COMPLETE     ITERATIONS =   22     TIME =  0.45681331E+06
  ELMAX =  4.2878E-001 AT NODE     5368  SPEEDMAX =  5.5693E-001 AT NODE     5387  ON MYPROC =    0
 TIME STEP =    5800  35.87% COMPLETE     ITERATIONS =   21     TIME =  0.46482758E+06
  ELMAX =  8.5232E-001 AT NODE     5432  SPEEDMAX =  3.9324E-001 AT NODE     5262  ON MYPROC =    0
 TIME STEP =    5900  36.49% COMPLETE     ITERATIONS =   22     TIME =  0.47284185E+06
  ELMAX =  1.0381E+000 AT NODE     5434  SPEEDMAX =  4.3767E-001 AT NODE     5385  ON MYPROC =    0
 TIME STEP =    6000  37.10% COMPLETE     ITERATIONS =   22     TIME =  0.48085612E+06
  ELMAX = -5.4446E-001 AT NODE     5368  SPEEDMAX =  5.6572E-001 AT NODE     5387  ON MYPROC =    0
 TIME STEP =    6100  37.72% COMPLETE     ITERATIONS =   21     TIME =  0.48887038E+06
  ELMAX = -8.8896E-001 AT NODE     5432  SPEEDMAX =  3.4315E-001 AT NODE     3596  ON MYPROC =    0
 TIME STEP =    6200  38.34% COMPLETE     ITERATIONS =   23     TIME =  0.49688465E+06
  ELMAX = -1.0171E+000 AT NODE     5434  SPEEDMAX =  5.3066E-001 AT NODE     5385  ON MYPROC =    0
 TIME STEP =    6300  38.96% COMPLETE     ITERATIONS =   22     TIME =  0.50489892E+06
  ELMAX =  5.9065E-001 AT NODE     5390  SPEEDMAX =  5.2118E-001 AT NODE     5424  ON MYPROC =    0
 TIME STEP =    6400  39.58% COMPLETE     ITERATIONS =   21     TIME =  0.51291319E+06
  ELMAX =  1.1861E+000 AT NODE     5432  SPEEDMAX =  3.2980E-001 AT NODE     5122  ON MYPROC =    0
 TIME STEP =    6500  40.20% COMPLETE     ITERATIONS =   23     TIME =  0.52092746E+06
  ELMAX =  5.3010E-001 AT NODE     5434  SPEEDMAX =  6.1060E-001 AT NODE     5387  ON MYPROC =    0
 TIME STEP =    6600  40.81% COMPLETE     ITERATIONS =   22     TIME =  0.52894173E+06
  ELMAX = -6.8584E-001 AT NODE     5424  SPEEDMAX =  4.4771E-001 AT NODE     5404  ON MYPROC =    0
 TIME STEP =    6700  41.43% COMPLETE     ITERATIONS =   22     TIME =  0.53695600E+06
  ELMAX = -1.1212E+000 AT NODE     5434  SPEEDMAX =  3.6835E-001 AT NODE     5122  ON MYPROC =    0
 TIME STEP =    6800  42.05% COMPLETE     ITERATIONS =   22     TIME =  0.54497026E+06
  ELMAX =  4.7546E-001 AT NODE     5368  SPEEDMAX =  5.9200E-001 AT NODE     5387  ON MYPROC =    0
 TIME STEP =    6900  42.67% COMPLETE     ITERATIONS =   21     TIME =  0.55298453E+06
  ELMAX =  8.8189E-001 AT NODE     5432  SPEEDMAX =  4.2447E-001 AT NODE     5262  ON MYPROC =    0
 TIME STEP =    7000  43.29% COMPLETE     ITERATIONS =   22     TIME =  0.56099880E+06
  ELMAX =  1.1431E+000 AT NODE     5434  SPEEDMAX =  4.5975E-001 AT NODE     5385  ON MYPROC =    0
 TIME STEP =    7100  43.91% COMPLETE     ITERATIONS =   22     TIME =  0.56901307E+06
  ELMAX = -5.9566E-001 AT NODE     5368  SPEEDMAX =  6.0878E-001 AT NODE     5387  ON MYPROC =    0
 TIME STEP =    7200  44.52% COMPLETE     ITERATIONS =   21     TIME =  0.57702734E+06
  ELMAX = -9.1152E-001 AT NODE     5432  SPEEDMAX =  3.5855E-001 AT NODE     3596  ON MYPROC =    0
 TIME STEP =    7300  45.14% COMPLETE     ITERATIONS =   23     TIME =  0.58504161E+06
  ELMAX = -1.1212E+000 AT NODE     5434  SPEEDMAX =  5.5077E-001 AT NODE     5385  ON MYPROC =    0
 TIME STEP =    7400  45.76% COMPLETE     ITERATIONS =   22     TIME =  0.59305588E+06
  ELMAX =  6.1101E-001 AT NODE     5390  SPEEDMAX =  5.5447E-001 AT NODE     5424  ON MYPROC =    0
 TIME STEP =    7500  46.38% COMPLETE     ITERATIONS =   21     TIME =  0.60107015E+06
  ELMAX =  1.2157E+000 AT NODE     5432  SPEEDMAX =  3.4619E-001 AT NODE     5122  ON MYPROC =    0
 TIME STEP =    7600  47.00% COMPLETE     ITERATIONS =   22     TIME =  0.60908441E+06
  ELMAX =  5.8961E-001 AT NODE     5434  SPEEDMAX =  6.2225E-001 AT NODE     5387  ON MYPROC =    0
 TIME STEP =    7700  47.62% COMPLETE     ITERATIONS =   22     TIME =  0.61709868E+06
  ELMAX = -6.8238E-001 AT NODE     5424  SPEEDMAX =  4.6716E-001 AT NODE     5404  ON MYPROC =    0
 TIME STEP =    7800  48.23% COMPLETE     ITERATIONS =   22     TIME =  0.62511295E+06
  ELMAX = -1.1308E+000 AT NODE     5434  SPEEDMAX =  3.8270E-001 AT NODE     5122  ON MYPROC =    0
 TIME STEP =    7900  48.85% COMPLETE     ITERATIONS =   22     TIME =  0.63312722E+06
  ELMAX =  5.0859E-001 AT NODE     5368  SPEEDMAX =  6.0651E-001 AT NODE     5387  ON MYPROC =    0
 TIME STEP =    8000  49.47% COMPLETE     ITERATIONS =   21     TIME =  0.64114149E+06
  ELMAX =  9.1183E-001 AT NODE     5432  SPEEDMAX =  4.3691E-001 AT NODE     5262  ON MYPROC =    0
 TIME STEP =    8100  50.09% COMPLETE     ITERATIONS =   22     TIME =  0.64915576E+06
  ELMAX =  1.1877E+000 AT NODE     5434  SPEEDMAX =  4.7775E-001 AT NODE     5385  ON MYPROC =    0
 TIME STEP =    8200  50.71% COMPLETE     ITERATIONS =   22     TIME =  0.65717003E+06
  ELMAX = -6.2310E-001 AT NODE     5368  SPEEDMAX =  6.2779E-001 AT NODE     5387  ON MYPROC =    0
 TIME STEP =    8300  51.33% COMPLETE     ITERATIONS =   21     TIME =  0.66518429E+06
  ELMAX = -9.2849E-001 AT NODE     5424  SPEEDMAX =  3.7633E-001 AT NODE     3596  ON MYPROC =    0
 TIME STEP =    8400  51.94% COMPLETE     ITERATIONS =   23     TIME =  0.67319856E+06
  ELMAX = -1.1653E+000 AT NODE     5434  SPEEDMAX =  5.5632E-001 AT NODE     5385  ON MYPROC =    0
 TIME STEP =    8500  52.56% COMPLETE     ITERATIONS =   22     TIME =  0.68121283E+06
  ELMAX =  6.0334E-001 AT NODE     5390  SPEEDMAX =  5.6486E-001 AT NODE     5424  ON MYPROC =    0
 TIME STEP =    8600  53.18% COMPLETE     ITERATIONS =   21     TIME =  0.68922710E+06
  ELMAX =  1.2080E+000 AT NODE     5432  SPEEDMAX =  3.4484E-001 AT NODE     5122  ON MYPROC =    0
 TIME STEP =    8700  53.80% COMPLETE     ITERATIONS =   23     TIME =  0.69724137E+06
  ELMAX =  5.9943E-001 AT NODE     5434  SPEEDMAX =  6.1657E-001 AT NODE     5387  ON MYPROC =    0
 TIME STEP =    8800  54.42% COMPLETE     ITERATIONS =   22     TIME =  0.70525564E+06
  ELMAX = -6.7356E-001 AT NODE     5424  SPEEDMAX =  4.6318E-001 AT NODE     5404  ON MYPROC =    0
 TIME STEP =    8900  55.04% COMPLETE     ITERATIONS =   21     TIME =  0.71326991E+06
  ELMAX = -1.1208E+000 AT NODE     5434  SPEEDMAX =  3.7776E-001 AT NODE     5122  ON MYPROC =    0
 TIME STEP =    9000  55.66% COMPLETE     ITERATIONS =   22     TIME =  0.72128417E+06
  ELMAX =  5.2522E-001 AT NODE     5368  SPEEDMAX =  6.0421E-001 AT NODE     5387  ON MYPROC =    0
 TIME STEP =    9100  56.27% COMPLETE     ITERATIONS =   22     TIME =  0.72929844E+06
  ELMAX =  9.3774E-001 AT NODE     5432  SPEEDMAX =  4.3524E-001 AT NODE     5262  ON MYPROC =    0
 TIME STEP =    9200  56.89% COMPLETE     ITERATIONS =   22     TIME =  0.73731271E+06
  ELMAX =  1.1853E+000 AT NODE     5434  SPEEDMAX =  4.8857E-001 AT NODE     5385  ON MYPROC =    0
 TIME STEP =    9300  57.51% COMPLETE     ITERATIONS =   22     TIME =  0.74532698E+06
  ELMAX = -6.2719E-001 AT NODE     5368  SPEEDMAX =  6.2774E-001 AT NODE     5387  ON MYPROC =    0
 TIME STEP =    9400  58.13% COMPLETE     ITERATIONS =   21     TIME =  0.75334125E+06
  ELMAX = -9.3328E-001 AT NODE     5424  SPEEDMAX =  3.7528E-001 AT NODE     3973  ON MYPROC =    0
 TIME STEP =    9500  58.75% COMPLETE     ITERATIONS =   22     TIME =  0.76135552E+06
  ELMAX = -1.1671E+000 AT NODE     5434  SPEEDMAX =  5.4843E-001 AT NODE     5385  ON MYPROC =    0
 TIME STEP =    9600  59.37% COMPLETE     ITERATIONS =   22     TIME =  0.76936979E+06
  ELMAX =  5.7132E-001 AT NODE     5390  SPEEDMAX =  5.5777E-001 AT NODE     5424  ON MYPROC =    0
 TIME STEP =    9700  59.98% COMPLETE     ITERATIONS =   22     TIME =  0.77738405E+06
  ELMAX =  1.1696E+000 AT NODE     5432  SPEEDMAX =  3.3594E-001 AT NODE     3596  ON MYPROC =    0
 TIME STEP =    9800  60.60% COMPLETE     ITERATIONS =   22     TIME =  0.78539832E+06
  ELMAX =  5.7903E-001 AT NODE     5434  SPEEDMAX =  5.9593E-001 AT NODE     5387  ON MYPROC =    0
 TIME STEP =    9900  61.22% COMPLETE     ITERATIONS =   22     TIME =  0.79341259E+06
  ELMAX = -6.5508E-001 AT NODE     5424  SPEEDMAX =  4.4373E-001 AT NODE     5404  ON MYPROC =    0
 TIME STEP =   10000  61.84% COMPLETE     ITERATIONS =   21     TIME =  0.80142686E+06
  ELMAX = -1.0911E+000 AT NODE     5434  SPEEDMAX =  3.7840E-001 AT NODE     4318  ON MYPROC =    0
 TIME STEP =   10100  62.46% COMPLETE     ITERATIONS =   22     TIME =  0.80944113E+06
  ELMAX =  5.2401E-001 AT NODE     5368  SPEEDMAX =  5.8842E-001 AT NODE     5387  ON MYPROC =    0
 TIME STEP =   10200  63.08% COMPLETE     ITERATIONS =   21     TIME =  0.81745540E+06
  ELMAX =  9.5012E-001 AT NODE     5432  SPEEDMAX =  4.2698E-001 AT NODE     3596  ON MYPROC =    0
 TIME STEP =   10300  63.69% COMPLETE     ITERATIONS =   22     TIME =  0.82546967E+06
  ELMAX =  1.1478E+000 AT NODE     5434  SPEEDMAX =  4.8721E-001 AT NODE     5385  ON MYPROC =    0
 TIME STEP =   10400  64.31% COMPLETE     ITERATIONS =   22     TIME =  0.83348393E+06
  ELMAX = -6.0754E-001 AT NODE     5368  SPEEDMAX =  6.1364E-001 AT NODE     5387  ON MYPROC =    0
 TIME STEP =   10500  64.93% COMPLETE     ITERATIONS =   21     TIME =  0.84149820E+06
  ELMAX = -9.2564E-001 AT NODE     5432  SPEEDMAX =  3.6271E-001 AT NODE     3973  ON MYPROC =    0
 TIME STEP =   10600  65.55% COMPLETE     ITERATIONS =   22     TIME =  0.84951247E+06
  ELMAX = -1.1385E+000 AT NODE     5434  SPEEDMAX =  5.2648E-001 AT NODE     5385  ON MYPROC =    0
 TIME STEP =   10700  66.17% COMPLETE     ITERATIONS =   22     TIME =  0.85752674E+06
  ELMAX =  5.1830E-001 AT NODE     5390  SPEEDMAX =  5.3814E-001 AT NODE     5424  ON MYPROC =    0
 TIME STEP =   10800  66.79% COMPLETE     ITERATIONS =   21     TIME =  0.86554101E+06
  ELMAX =  1.1022E+000 AT NODE     5432  SPEEDMAX =  3.3660E-001 AT NODE     3430  ON MYPROC =    0
 TIME STEP =   10900  67.40% COMPLETE     ITERATIONS =   23     TIME =  0.87355528E+06
  ELMAX =  5.5023E-001 AT NODE     5434  SPEEDMAX =  5.5981E-001 AT NODE     5387  ON MYPROC =    0
 TIME STEP =   11000  68.02% COMPLETE     ITERATIONS =   22     TIME =  0.88156955E+06
  ELMAX = -6.1883E-001 AT NODE     5424  SPEEDMAX =  4.2839E-001 AT NODE     3596  ON MYPROC =    0
 TIME STEP =   11100  68.64% COMPLETE     ITERATIONS =   21     TIME =  0.88958381E+06
  ELMAX = -1.0381E+000 AT NODE     5434  SPEEDMAX =  3.9316E-001 AT NODE     4318  ON MYPROC =    0
 TIME STEP =   11200  69.26% COMPLETE     ITERATIONS =   22     TIME =  0.89759808E+06
  ELMAX =  4.9913E-001 AT NODE     5368  SPEEDMAX =  5.6136E-001 AT NODE     5387  ON MYPROC =    0
 TIME STEP =   11300  69.88% COMPLETE     ITERATIONS =   22     TIME =  0.90561235E+06
  ELMAX =  9.3507E-001 AT NODE     5432  SPEEDMAX =  4.2022E-001 AT NODE     3596  ON MYPROC =    0
 TIME STEP =   11400  70.50% COMPLETE     ITERATIONS =   22     TIME =  0.91362662E+06
  ELMAX =  1.0917E+000 AT NODE     5434  SPEEDMAX =  4.6673E-001 AT NODE     5385  ON MYPROC =    0
 TIME STEP =   11500  71.11% COMPLETE     ITERATIONS =   22     TIME =  0.92164089E+06
  ELMAX = -5.6232E-001 AT NODE     5368  SPEEDMAX =  5.9000E-001 AT NODE     5387  ON MYPROC =    0
 TIME STEP =   11600  71.73% COMPLETE     ITERATIONS =   20     TIME =  0.92965516E+06
  ELMAX = -8.9447E-001 AT NODE     5432  SPEEDMAX =  3.5603E-001 AT NODE     3973  ON MYPROC =    0
 TIME STEP =   11700  72.35% COMPLETE     ITERATIONS =   22     TIME =  0.93766943E+06
  ELMAX = -1.0904E+000 AT NODE     5434  SPEEDMAX =  4.8693E-001 AT NODE     5385  ON MYPROC =    0
 TIME STEP =   11800  72.97% COMPLETE     ITERATIONS =   23     TIME =  0.94568369E+06
  ELMAX =  4.5311E-001 AT NODE     5306  SPEEDMAX =  5.1006E-001 AT NODE     5424  ON MYPROC =    0
 TIME STEP =   11900  73.59% COMPLETE     ITERATIONS =   22     TIME =  0.95369796E+06
  ELMAX =  1.0044E+000 AT NODE     5432  SPEEDMAX =  3.3820E-001 AT NODE     3596  ON MYPROC =    0
 TIME STEP =   12000  74.21% COMPLETE     ITERATIONS =   22     TIME =  0.96171223E+06
  ELMAX =  5.4054E-001 AT NODE     5434  SPEEDMAX =  5.0661E-001 AT NODE     5385  ON MYPROC =    0
 TIME STEP =   12100  74.83% COMPLETE     ITERATIONS =   22     TIME =  0.96972650E+06
  ELMAX = -5.5278E-001 AT NODE     5424  SPEEDMAX =  4.0912E-001 AT NODE     3973  ON MYPROC =    0
 TIME STEP =   12200  75.44% COMPLETE     ITERATIONS =   21     TIME =  0.97774077E+06
  ELMAX = -9.5307E-001 AT NODE     5434  SPEEDMAX =  3.8619E-001 AT NODE     4318  ON MYPROC =    0
 TIME STEP =   12300  76.06% COMPLETE     ITERATIONS =   22     TIME =  0.98575504E+06
  ELMAX =  4.4639E-001 AT NODE     5368  SPEEDMAX =  5.2380E-001 AT NODE     5387  ON MYPROC =    0
 TIME STEP =   12400  76.68% COMPLETE     ITERATIONS =   22     TIME =  0.99376931E+06
  ELMAX =  8.7647E-001 AT NODE     5432  SPEEDMAX =  3.9993E-001 AT NODE     3596  ON MYPROC =    0
 TIME STEP =   12500  77.30% COMPLETE     ITERATIONS =   22     TIME =  0.10017836E+07
  ELMAX =  1.0358E+000 AT NODE     5434  SPEEDMAX =  4.1832E-001 AT NODE     5385  ON MYPROC =    0
 TIME STEP =   12600  77.92% COMPLETE     ITERATIONS =   22     TIME =  0.10097978E+07
  ELMAX = -4.8797E-001 AT NODE     5368  SPEEDMAX =  5.6045E-001 AT NODE     5387  ON MYPROC =    0
 TIME STEP =   12700  78.54% COMPLETE     ITERATIONS =   21     TIME =  0.10178121E+07
  ELMAX = -8.2791E-001 AT NODE     5432  SPEEDMAX =  3.4843E-001 AT NODE     5332  ON MYPROC =    0
 TIME STEP =   12800  79.15% COMPLETE     ITERATIONS =   22     TIME =  0.10258264E+07
  ELMAX = -1.0344E+000 AT NODE     5434  SPEEDMAX =  4.2450E-001 AT NODE     5385  ON MYPROC =    0
 TIME STEP =   12900  79.77% COMPLETE     ITERATIONS =   22     TIME =  0.10338406E+07
  ELMAX = -3.7478E-001 AT NODE     4900  SPEEDMAX =  4.7684E-001 AT NODE     5424  ON MYPROC =    0
 TIME STEP =   13000  80.39% COMPLETE     ITERATIONS =   21     TIME =  0.10418549E+07
  ELMAX =  8.7126E-001 AT NODE     5432  SPEEDMAX =  3.3187E-001 AT NODE     3596  ON MYPROC =    0
 TIME STEP =   13100  81.01% COMPLETE     ITERATIONS =   22     TIME =  0.10498692E+07
  ELMAX =  5.6906E-001 AT NODE     5434  SPEEDMAX =  4.3311E-001 AT NODE     5385  ON MYPROC =    0
 TIME STEP =   13200  81.63% COMPLETE     ITERATIONS =   22     TIME =  0.10578835E+07
  ELMAX = -4.4665E-001 AT NODE     5424  SPEEDMAX =  3.8476E-001 AT NODE     3973  ON MYPROC =    0
 TIME STEP =   13300  82.25% COMPLETE     ITERATIONS =   21     TIME =  0.10658977E+07
  ELMAX = -8.3967E-001 AT NODE     5434  SPEEDMAX =  3.8315E-001 AT NODE     4318  ON MYPROC =    0
 TIME STEP =   13400  82.86% COMPLETE     ITERATIONS =   22     TIME =  0.10739120E+07
  ELMAX =  3.5719E-001 AT NODE     5228  SPEEDMAX =  4.7305E-001 AT NODE     5387  ON MYPROC =    0
 TIME STEP =   13500  83.48% COMPLETE     ITERATIONS =   22     TIME =  0.10819263E+07
  ELMAX =  7.6191E-001 AT NODE     5432  SPEEDMAX =  3.8206E-001 AT NODE     3596  ON MYPROC =    0
 TIME STEP =   13600  84.10% COMPLETE     ITERATIONS =   21     TIME =  0.10899405E+07
  ELMAX =  9.8688E-001 AT NODE     5434  SPEEDMAX =  3.6342E-001 AT NODE     5187  ON MYPROC =    0
 TIME STEP =   13700  84.72% COMPLETE     ITERATIONS =   22     TIME =  0.10979548E+07
  ELMAX = -3.8029E-001 AT NODE     5368  SPEEDMAX =  5.2713E-001 AT NODE     5387  ON MYPROC =    0
 TIME STEP =   13800  85.34% COMPLETE     ITERATIONS =   22     TIME =  0.11059691E+07
  ELMAX = -7.1973E-001 AT NODE     5424  SPEEDMAX =  3.5533E-001 AT NODE     5332  ON MYPROC =    0
 TIME STEP =   13900  85.96% COMPLETE     ITERATIONS =   22     TIME =  0.11139833E+07
  ELMAX = -9.8056E-001 AT NODE     5434  SPEEDMAX =  3.3682E-001 AT NODE     5181  ON MYPROC =    0
 TIME STEP =   14000  86.57% COMPLETE     ITERATIONS =   23     TIME =  0.11219976E+07
  ELMAX = -4.0227E-001 AT NODE     4900  SPEEDMAX =  4.4367E-001 AT NODE     5387  ON MYPROC =    0
 TIME STEP =   14100  87.19% COMPLETE     ITERATIONS =   21     TIME =  0.11300119E+07
  ELMAX =  6.9659E-001 AT NODE     5432  SPEEDMAX =  3.3338E-001 AT NODE     3596  ON MYPROC =    0
 TIME STEP =   14200  87.81% COMPLETE     ITERATIONS =   22     TIME =  0.11380261E+07
  ELMAX =  6.5402E-001 AT NODE     5434  SPEEDMAX =  3.2508E-001 AT NODE     5401  ON MYPROC =    0
 TIME STEP =   14300  88.43% COMPLETE     ITERATIONS =   22     TIME =  0.11460404E+07
  ELMAX = -2.9815E-001 AT NODE     5387  SPEEDMAX =  3.6735E-001 AT NODE     5404  ON MYPROC =    0
 TIME STEP =   14400  89.05% COMPLETE     ITERATIONS =   21     TIME =  0.11540547E+07
  ELMAX = -6.9403E-001 AT NODE     5432  SPEEDMAX =  3.9827E-001 AT NODE     3430  ON MYPROC =    0
 TIME STEP =   14500  89.67% COMPLETE     ITERATIONS =   22     TIME =  0.11620689E+07
  ELMAX = -4.4125E-001 AT NODE     5434  SPEEDMAX =  4.0515E-001 AT NODE     5385  ON MYPROC =    0
 TIME STEP =   14600  90.29% COMPLETE     ITERATIONS =   22     TIME =  0.11700832E+07
  ELMAX =  5.7184E-001 AT NODE     5432  SPEEDMAX =  3.4444E-001 AT NODE     3596  ON MYPROC =    0
 TIME STEP =   14700  90.90% COMPLETE     ITERATIONS =   21     TIME =  0.11780975E+07
  ELMAX =  9.4092E-001 AT NODE     5434  SPEEDMAX =  3.6771E-001 AT NODE     3596  ON MYPROC =    0
 TIME STEP =   14800  91.52% COMPLETE     ITERATIONS =   22     TIME =  0.11861118E+07
  ELMAX =  3.9086E-001 AT NODE     5182  SPEEDMAX =  4.8426E-001 AT NODE     5385  ON MYPROC =    0
 TIME STEP =   14900  92.14% COMPLETE     ITERATIONS =   22     TIME =  0.11941260E+07
  ELMAX = -5.8017E-001 AT NODE     5424  SPEEDMAX =  3.7430E-001 AT NODE     5332  ON MYPROC =    0
 TIME STEP =   15000  92.76% COMPLETE     ITERATIONS =   21     TIME =  0.12021403E+07
  ELMAX = -9.2534E-001 AT NODE     5434  SPEEDMAX =  3.0211E-001 AT NODE     4178  ON MYPROC =    0
 TIME STEP =   15100  93.38% COMPLETE     ITERATIONS =   22     TIME =  0.12101546E+07
  ELMAX = -5.1804E-001 AT NODE     5226  SPEEDMAX =  4.2979E-001 AT NODE     5387  ON MYPROC =    0
 TIME STEP =   15200  94.00% COMPLETE     ITERATIONS =   22     TIME =  0.12181688E+07
  ELMAX =  4.7344E-001 AT NODE     5432  SPEEDMAX =  3.5320E-001 AT NODE     5230  ON MYPROC =    0
 TIME STEP =   15300  94.61% COMPLETE     ITERATIONS =   22     TIME =  0.12261831E+07
  ELMAX =  7.6901E-001 AT NODE     5434  SPEEDMAX =  3.0780E-001 AT NODE     4178  ON MYPROC =    0
 TIME STEP =   15400  95.23% COMPLETE     ITERATIONS =   23     TIME =  0.12341974E+07
  ELMAX =  3.1780E-001 AT NODE     4649  SPEEDMAX =  3.9587E-001 AT NODE     5387  ON MYPROC =    0
 TIME STEP =   15500  95.85% COMPLETE     ITERATIONS =   22     TIME =  0.12422116E+07
  ELMAX = -5.2798E-001 AT NODE     5432  SPEEDMAX =  4.1626E-001 AT NODE     3596  ON MYPROC =    0
 TIME STEP =   15600  96.47% COMPLETE     ITERATIONS =   22     TIME =  0.12502259E+07
  ELMAX = -6.8855E-001 AT NODE     5434  SPEEDMAX =  3.2933E-001 AT NODE     5227  ON MYPROC =    0
 TIME STEP =   15700  97.09% COMPLETE     ITERATIONS =   22     TIME =  0.12582402E+07
  ELMAX =  4.0230E-001 AT NODE     5269  SPEEDMAX =  4.0158E-001 AT NODE     5404  ON MYPROC =    0
 TIME STEP =   15800  97.71% COMPLETE     ITERATIONS =   22     TIME =  0.12662544E+07
  ELMAX =  8.5789E-001 AT NODE     5432  SPEEDMAX =  3.9447E-001 AT NODE     3596  ON MYPROC =    0
 TIME STEP =   15900  98.32% COMPLETE     ITERATIONS =   22     TIME =  0.12742687E+07
  ELMAX =  6.9379E-001 AT NODE     5434  SPEEDMAX =  4.2182E-001 AT NODE     5385  ON MYPROC =    0
 TIME STEP =   16000  98.94% COMPLETE     ITERATIONS =   22     TIME =  0.12822830E+07
  ELMAX = -4.7466E-001 AT NODE     5187  SPEEDMAX =  4.6025E-001 AT NODE     5387  ON MYPROC =    0
 TIME STEP =   16100  99.56% COMPLETE     ITERATIONS =   19     TIME =  0.12902972E+07
  ELMAX = -8.4621E-001 AT NODE     5432  SPEEDMAX =  3.2771E-001 AT NODE     4178  ON MYPROC =    0
INFO: writeHotstart:  HOT START OUTPUT WRITTEN TO UNIT 67 AT TIME STEP =     16171 TIME =  0.12959874E+07
 MPI terminated with Status =            0
Hot start run for rest ................ 
 INFO: Processing --np
 INFO: Processing --partmesh
 File                                                      fort.14
 WAS FOUND!  Opening & Processing file

 from alloc_main1: 
  
 memory currently allocated =              16927096  bytes
 memory high water mark     =              33028024  bytes
  
  
 memory currently allocated =              19087456  bytes
 memory high water mark     =              33028024  bytes
  
 Global Grid file read successfully.
INFO: This mesh has 0 weir node pairs.
INFO: Maximum number of duals for any weir node is 0.
 maximum co-nodes for any node =           18
 edge count =        89861
 
 Grid Partition Data
 METIS 4.0 will require approximately       139818375604632  bytes
 Total Edges Cut =         7862
INFO: Writing mesh partition to partmesh.txt.
 INFO: METIS has partitioned nodes successfully.
  
 memory currently allocated =              19087456  bytes
 memory high water mark     =              33028024  bytes
  
 INFO: Processing --np
 INFO: Processing --prepall
 File                                                      fort.14
 WAS FOUND!  Opening & Processing file

 File fort.15                                                     
 WAS FOUND!  Opening & Processing file

 INFO: The metControl namelist was not found.
 Elevation Station Locations contained in fort.15
 Velocity Station Locations Contained in fort.15
 NHSTAR =            0
 *****************************************************
 *   Based on input and information extracted from   *
 *   the ADCIRC UNIT 14 and 15 (grid and horiz run   *
 *   info) files the following paramter values will  *
 *   be set:                                         *
 *                                                   *
 *       MNPROC =     6                             *
 *       MNE =    58369      MNP =    31435          *
 *       MNEI =      10                               *
 *       MNOPE =      1      MNETA =    103          *
 *       MNBOU =     59      MNVEL =   4573          *
 *       MNTIF =      8      MNBFR =      8          *
 *       MNSTAE =     1      MNSTAV =     1          *
 *       MNSTAC =     1      MNSTAM =     1          *
 *       MNWP =       1                               *
 *       MNWLAT =     1      MNWLON =     1          *
 *       MNFFR =      1                              *
 *                                                   *
 *   Also, NO wind forcing will be used,             *
 *   means and variance calculation will NOT be made,*
 *   the GWCE matrix will be left in consistent form *
 *   and an iterative solver will be used            *
 *****************************************************

 from alloc_main1: 
  
 memory currently allocated =              16992552  bytes
 memory high water mark     =              33158936  bytes
  
  
 memory currently allocated =              19152912  bytes
 memory high water mark     =              33158936  bytes
  
 Global Grid file read successfully.
 INFO: Opening file partmesh.txt
 INFO: Closed partmesh.txt file.
 INFO: Start reading in fort.15.
 nstae=           0
 Elevation Station Locations contained in fort.15
 Velocity Station Locations Contained in fort.15
  
 memory currently allocated =              19152920  bytes
 memory high water mark     =              33158936  bytes
  
 INFO: Fulldomain fort.15 file read successfully.
 INFO: Initializing the netCDF output files.
  
 Determine the parameters MNPP and MNEP
  Setting MNPP =         5580
  Setting MNEP =        10055
 Allocate arrays dimensioned by MNPP and MNEP
 from alloc_main2: 
  
 memory currently allocated =              20262175  bytes
 memory high water mark     =              33158936  bytes
  
  
 Decomposition of grid begins
 Decomposition Data
 DOMAIN  RES_NODES  GHOST_NODES  TOT_NODES  ELEMENTS
 ------  ---------  -----------  ---------  --------
 GLOBAL                             31435      58369
 PE0000      5336         98         5434      10055
 PE0001      5162        158         5320       9850
 PE0002      5522         58         5580       9947
 PE0003      5246        107         5353      10029
 PE0004      5103         61         5164       9496
 PE0005      5066        182         5248       9638
 Decomposition successful
 Writing Local UNIT 14 (Grid) File for each PE
  
 Boundary Node Decomposition Data
 DOMAIN      NOPE    NETA    NBOU  NVEL    NWEIR
 GLOBAL       1     103      59    4514       0
 PE0000       1      42      21     734       0
 PE0001       0       0       6     649       0
 PE0002       0       0      10    1182       0
 PE0003       0       0      16     615       0
 PE0004       1      52       5     732       0
 PE0005       1      13      13     701       0
 Writing Local UNIT 15 (Run Info) File for each PE
  
 Station Data
 DOMAIN      NSTAE   NSTAV    NSTAC    NSTAM
 GLOBAL       0       0       0       0
 PE0000       0       0       0       0
 PE0001       0       0       0       0
 PE0002       0       0       0       0
 PE0003       0       0       0       0
 PE0004       0       0       0       0
 PE0005       0       0       0       0
 Writing Message-Passing Info Files for each PE
  
 Communication Data
 DOMAIN  COMM_PE  %(SURF/VOL)
 ------  -------  -----------
 PE0000        2      1.84
 PE0001        3      3.06
 PE0002        1      1.05
 PE0003        2      2.04
 PE0004        1      1.20
 PE0005        3      3.59
  
 memory currently allocated =              20262175  bytes
 memory high water mark     =              33158936  bytes
  


 Writing subdomain Nodal Attributes (unit 13)
 file for each PE.
File fort.13 
 WAS FOUND!  Opening & Processing file.

     Finished processing primitive_weighting_in_continuity_equation                                      
 for processor range            1  to            6
     Finished processing mannings_n_at_sea_floor                                                         
 for processor range            1  to            6
  
 memory currently allocated =              20262167  bytes
 memory high water mark     =              33158936  bytes
  
 Writing domain-decomposition file for post-processor
 
 INFO: Finished pre-processing input files.
  
 memory currently allocated =              20262167  bytes
 memory high water mark     =              33158936  bytes
  
 INFO: Searching for ADCIRC subdomain directories:
 INFO: Looking for './PE0000/fort.14' ...
 INFO: File './PE0000/fort.14' was found!
 INFO: The search for the subdomain directory was completed successfully.
 INFO: The ROOTDIR is  '.'.
 INFO: The INPUTDIR is './PE0000'.
 INFO: The GBLINPUTDIR is '.'.
 INFO: The GLOBALDIR is '.'.
 INFO: The LOCALDIR is './PE0000'.
WARNING: read14FindDims: Number of land boundary nodes was set to 734 but 714 were found.

 _______________________________________________________________________________


                   PROGRAM ADCIRC   VERSION v56.0.1-10-g4b5be3a

     AN ADVANCED CIRCULATION MODEL FOR SHELVES, COASTAL SEAS AND ESTUARIES


       -  DEVELOPED BY

          R.A. LUETTICH, JR
            UNIVERSITY OF NORTH CAROLINA AT CHAPEL HILL
            INSTITUTE OF MARINE SCIENCES

          J.J. WESTERINK 
            DEPARTMENT OF CIVIL ENGINEERING AND GEOLOGICAL SCIENCES
            UNIVERSITY OF NOTRE DAME


       -  THE ADCIRC SOURCE CODE IS COPYRIGHTED BY

          R.A. LUETTICH, JR. AND J.J. WESTERINK, 1994-2006

       NO PART OF THIS CODE MAY BE REPRODUCED OR REDISTRIBUTED
          WITHOUT THE WRITTEN PERMISSION OF THE AUTHORS



 _______________________________________________________________________________
INFO: initializeMesh: THE NEIGHBOR TABLE IS BEING COMPUTED.
INFO: initializeMesh: THE NEIGHBOR TABLE IS COMPLETED. THE MINIMUM NUMBER OF NEIGHBORS FOR ANY NODE = 3. 1+THE MAXIMUM NUMBER OF NEIGHBORS FOR ANY NODE = 9. THE PARAMETER MNEI CAN BE SET AS SMALL AS 9.
ADCIRC Version is v56.0.1-10-g4b5be3a                                                             
ADCIRC Commit hash is 4b5be3a451a9867f9a1595e0dcea2b59b553337e                                        
INFO: openFileForRead: The file './maxele.63' was not found.
INFO: readAndMapToSubdomainMaxMin: Values from ./maxele.63 will not reflect the solution prior to this hotstart.
INFO: readAndMapToSubdomainMaxMinNetCDF: The file ./maxele.63.nccontains no data, so the min/max record will be started anew.
INFO: openFileForRead: The file './maxvel.63' was not found.
INFO: readAndMapToSubdomainMaxMin: Values from ./maxvel.63 will not reflect the solution prior to this hotstart.
INFO: readAndMapToSubdomainMaxMinNetCDF: The file ./maxvel.63.nccontains no data, so the min/max record will be started anew.

 _______________________________________________________________________________


 LIMITED RUNTIME INFORMATION SECTION 


INFO: ADCIRC_Run: Begin timestepping.
 TIME STEP =   16200   0.16% COMPLETE     ITERATIONS =   22     TIME =  0.12983115E+07
  ELMAX = -8.9170E-001 AT NODE     5434  SPEEDMAX =  4.0695E-001 AT NODE     5385  ON MYPROC =    0
 TIME STEP =   16300   0.70% COMPLETE     ITERATIONS =   22     TIME =  0.13063258E+07
  ELMAX = -4.5651E-001 AT NODE     4900  SPEEDMAX =  4.3956E-001 AT NODE     5404  ON MYPROC =    0
 TIME STEP =   16400   1.25% COMPLETE     ITERATIONS =   21     TIME =  0.13143401E+07
  ELMAX =  8.3432E-001 AT NODE     5432  SPEEDMAX =  3.3377E-001 AT NODE     4178  ON MYPROC =    0
 TIME STEP =   16500   1.80% COMPLETE     ITERATIONS =   22     TIME =  0.13223543E+07
  ELMAX =  6.2320E-001 AT NODE     5434  SPEEDMAX =  4.0957E-001 AT NODE     5385  ON MYPROC =    0
 TIME STEP =   16600   2.34% COMPLETE     ITERATIONS =   22     TIME =  0.13303686E+07
  ELMAX = -3.8333E-001 AT NODE     5390  SPEEDMAX =  4.3361E-001 AT NODE     3596  ON MYPROC =    0
 TIME STEP =   16700   2.89% COMPLETE     ITERATIONS =   21     TIME =  0.13383829E+07
  ELMAX = -7.9529E-001 AT NODE     5432  SPEEDMAX =  3.5898E-001 AT NODE     4318  ON MYPROC =    0
 TIME STEP =   16800   3.43% COMPLETE     ITERATIONS =   22     TIME =  0.13463971E+07
  ELMAX = -4.2379E-001 AT NODE     5434  SPEEDMAX =  4.7261E-001 AT NODE     5387  ON MYPROC =    0
 TIME STEP =   16900   3.98% COMPLETE     ITERATIONS =   22     TIME =  0.13544114E+07
  ELMAX =  6.8808E-001 AT NODE     5432  SPEEDMAX =  4.2474E-001 AT NODE     3596  ON MYPROC =    0
 TIME STEP =   17000   4.52% COMPLETE     ITERATIONS =   22     TIME =  0.13624257E+07
  ELMAX =  1.0777E+000 AT NODE     5434  SPEEDMAX =  3.7191E-001 AT NODE     5187  ON MYPROC =    0
 TIME STEP =   17100   5.07% COMPLETE     ITERATIONS =   23     TIME =  0.13704399E+07
  ELMAX = -4.2468E-001 AT NODE     5368  SPEEDMAX =  5.8918E-001 AT NODE     5387  ON MYPROC =    0
 TIME STEP =   17200   5.61% COMPLETE     ITERATIONS =   21     TIME =  0.13784542E+07
  ELMAX = -7.7425E-001 AT NODE     5424  SPEEDMAX =  4.0612E-001 AT NODE     5332  ON MYPROC =    0
 TIME STEP =   17300   6.16% COMPLETE     ITERATIONS =   22     TIME =  0.13864685E+07
  ELMAX = -1.1402E+000 AT NODE     5434  SPEEDMAX =  3.8975E-001 AT NODE     5181  ON MYPROC =    0
 TIME STEP =   17400   6.71% COMPLETE     ITERATIONS =   23     TIME =  0.13944827E+07
  ELMAX = -4.9526E-001 AT NODE     4900  SPEEDMAX =  5.6314E-001 AT NODE     5387  ON MYPROC =    0
 TIME STEP =   17500   7.25% COMPLETE     ITERATIONS =   22     TIME =  0.14024970E+07
  ELMAX =  7.7418E-001 AT NODE     5432  SPEEDMAX =  4.0514E-001 AT NODE     5262  ON MYPROC =    0
 TIME STEP =   17600   7.80% COMPLETE     ITERATIONS =   22     TIME =  0.14105113E+07
  ELMAX =  1.0558E+000 AT NODE     5434  SPEEDMAX =  3.8260E-001 AT NODE     5187  ON MYPROC =    0
 TIME STEP =   17700   8.34% COMPLETE     ITERATIONS =   22     TIME =  0.14185255E+07
  ELMAX = -4.6284E-001 AT NODE     5368  SPEEDMAX =  5.5594E-001 AT NODE     5387  ON MYPROC =    0
 TIME STEP =   17800   8.89% COMPLETE     ITERATIONS =   21     TIME =  0.14265398E+07
  ELMAX = -8.0152E-001 AT NODE     5432  SPEEDMAX =  3.9963E-001 AT NODE     4318  ON MYPROC =    0
 TIME STEP =   17900   9.43% COMPLETE     ITERATIONS =   23     TIME =  0.14345541E+07
  ELMAX = -9.9345E-001 AT NODE     5434  SPEEDMAX =  5.1620E-001 AT NODE     5385  ON MYPROC =    0
 TIME STEP =   18000   9.98% COMPLETE     ITERATIONS =   22     TIME =  0.14425683E+07
  ELMAX =  6.5700E-001 AT NODE     5306  SPEEDMAX =  5.3720E-001 AT NODE     5424  ON MYPROC =    0
 TIME STEP =   18100  10.53% COMPLETE     ITERATIONS =   22     TIME =  0.14505826E+07
  ELMAX =  1.2511E+000 AT NODE     5432  SPEEDMAX =  3.5980E-001 AT NODE     4920  ON MYPROC =    0
 TIME STEP =   18200  11.07% COMPLETE     ITERATIONS =   23     TIME =  0.14585969E+07
  ELMAX =  6.9828E-001 AT NODE     5434  SPEEDMAX =  6.5209E-001 AT NODE     5385  ON MYPROC =    0
 TIME STEP =   18300  11.62% COMPLETE     ITERATIONS =   22     TIME =  0.14666112E+07
  ELMAX = -7.9592E-001 AT NODE     5390  SPEEDMAX =  5.4919E-001 AT NODE     5404  ON MYPROC =    0
 TIME STEP =   18400  12.16% COMPLETE     ITERATIONS =   22     TIME =  0.14746254E+07
  ELMAX = -1.1932E+000 AT NODE     5432  SPEEDMAX =  4.0683E-001 AT NODE     5122  ON MYPROC =    0
 TIME STEP =   18500  12.71% COMPLETE     ITERATIONS =   23     TIME =  0.14826397E+07
  ELMAX = -9.1043E-001 AT NODE     5434  SPEEDMAX =  6.4647E-001 AT NODE     5387  ON MYPROC =    0
 TIME STEP =   18600  13.25% COMPLETE     ITERATIONS =   21     TIME =  0.14906540E+07
  ELMAX =  7.2135E-001 AT NODE     5424  SPEEDMAX =  5.0904E-001 AT NODE     5230  ON MYPROC =    0
 TIME STEP =   18700  13.80% COMPLETE     ITERATIONS =   23     TIME =  0.14986682E+07
  ELMAX =  1.3235E+000 AT NODE     5434  SPEEDMAX =  3.9314E-001 AT NODE     5122  ON MYPROC =    0
 TIME STEP =   18800  14.34% COMPLETE     ITERATIONS =   22     TIME =  0.15066825E+07
  ELMAX = -5.3477E-001 AT NODE     5368  SPEEDMAX =  6.8156E-001 AT NODE     5387  ON MYPROC =    0
 TIME STEP =   18900  14.89% COMPLETE     ITERATIONS =   21     TIME =  0.15146968E+07
  ELMAX = -8.5453E-001 AT NODE     5424  SPEEDMAX =  4.3849E-001 AT NODE     4318  ON MYPROC =    0
 TIME STEP =   19000  15.44% COMPLETE     ITERATIONS =   23     TIME =  0.15227110E+07
  ELMAX = -1.2455E+000 AT NODE     5434  SPEEDMAX =  5.3309E-001 AT NODE     5385  ON MYPROC =    0
 TIME STEP =   19100  15.98% COMPLETE     ITERATIONS =   22     TIME =  0.15307253E+07
  ELMAX =  7.5038E-001 AT NODE     5368  SPEEDMAX =  6.4745E-001 AT NODE     5404  ON MYPROC =    0
 TIME STEP =   19200  16.53% COMPLETE     ITERATIONS =   21     TIME =  0.15387396E+07
  ELMAX =  1.2721E+000 AT NODE     5432  SPEEDMAX =  4.1092E-001 AT NODE     4920  ON MYPROC =    0
 TIME STEP =   19300  17.07% COMPLETE     ITERATIONS =   22     TIME =  0.15467538E+07
  ELMAX =  1.1555E+000 AT NODE     5434  SPEEDMAX =  6.7592E-001 AT NODE     5385  ON MYPROC =    0
 TIME STEP =   19400  17.62% COMPLETE     ITERATIONS =   22     TIME =  0.15547681E+07
  ELMAX = -8.8220E-001 AT NODE     5387  SPEEDMAX =  6.7829E-001 AT NODE     5404  ON MYPROC =    0
 TIME STEP =   19500  18.16% COMPLETE     ITERATIONS =   22     TIME =  0.15627824E+07
  ELMAX = -1.1645E+000 AT NODE     5432  SPEEDMAX =  4.5390E-001 AT NODE     5122  ON MYPROC =    0
 TIME STEP =   19600  18.71% COMPLETE     ITERATIONS =   23     TIME =  0.15707966E+07
  ELMAX = -1.3241E+000 AT NODE     5434  SPEEDMAX =  6.9777E-001 AT NODE     5387  ON MYPROC =    0
 TIME STEP =   19700  19.26% COMPLETE     ITERATIONS =   22     TIME =  0.15788109E+07
  ELMAX =  8.1325E-001 AT NODE     5306  SPEEDMAX =  6.3605E-001 AT NODE     5424  ON MYPROC =    0
 TIME STEP =   19800  19.80% COMPLETE     ITERATIONS =   22     TIME =  0.15868252E+07
  ELMAX =  1.4912E+000 AT NODE     5432  SPEEDMAX =  4.5876E-001 AT NODE     5122  ON MYPROC =    0
 TIME STEP =   19900  20.35% COMPLETE     ITERATIONS =   23     TIME =  0.15948395E+07
  ELMAX = -5.7607E-001 AT NODE     5368  SPEEDMAX =  7.6432E-001 AT NODE     5387  ON MYPROC =    0
 TIME STEP =   20000  20.89% COMPLETE     ITERATIONS =   21     TIME =  0.16028537E+07
  ELMAX = -8.8097E-001 AT NODE     5390  SPEEDMAX =  5.2447E-001 AT NODE     5404  ON MYPROC =    0
 TIME STEP =   20100  21.44% COMPLETE     ITERATIONS =   22     TIME =  0.16108680E+07
  ELMAX = -1.3413E+000 AT NODE     5434  SPEEDMAX =  5.2635E-001 AT NODE     5385  ON MYPROC =    0
 TIME STEP =   20200  21.98% COMPLETE     ITERATIONS =   22     TIME =  0.16188823E+07
  ELMAX =  8.0755E-001 AT NODE     5368  SPEEDMAX =  7.3694E-001 AT NODE     5387  ON MYPROC =    0
 TIME STEP =   20300  22.53% COMPLETE     ITERATIONS =   21     TIME =  0.16268965E+07
  ELMAX =  1.1979E+000 AT NODE     5432  SPEEDMAX =  5.1470E-001 AT NODE     5262  ON MYPROC =    0
 TIME STEP =   20400  23.08% COMPLETE     ITERATIONS =   22     TIME =  0.16349108E+07
  ELMAX =  1.5212E+000 AT NODE     5434  SPEEDMAX =  6.6491E-001 AT NODE     5385  ON MYPROC =    0
 TIME STEP =   20500  23.62% COMPLETE     ITERATIONS =   22     TIME =  0.16429251E+07
  ELMAX = -9.3487E-001 AT NODE     5368  SPEEDMAX =  7.7748E-001 AT NODE     5387  ON MYPROC =    0
 TIME STEP =   20600  24.17% COMPLETE     ITERATIONS =   21     TIME =  0.16509393E+07
  ELMAX = -1.1801E+000 AT NODE     5424  SPEEDMAX =  4.8023E-001 AT NODE     5122  ON MYPROC =    0
 TIME STEP =   20700  24.71% COMPLETE     ITERATIONS =   23     TIME =  0.16589536E+07
  ELMAX = -1.5088E+000 AT NODE     5434  SPEEDMAX =  7.2834E-001 AT NODE     5385  ON MYPROC =    0
 TIME STEP =   20800  25.26% COMPLETE     ITERATIONS =   22     TIME =  0.16669679E+07
  ELMAX =  9.3222E-001 AT NODE     5306  SPEEDMAX =  7.1909E-001 AT NODE     5424  ON MYPROC =    0
 TIME STEP =   20900  25.80% COMPLETE     ITERATIONS =   22     TIME =  0.16749821E+07
  ELMAX =  1.5854E+000 AT NODE     5432  SPEEDMAX =  5.0591E-001 AT NODE     5122  ON MYPROC =    0
 TIME STEP =   21000  26.35% COMPLETE     ITERATIONS =   23     TIME =  0.16829964E+07
  ELMAX =  8.2670E-001 AT NODE     5433  SPEEDMAX =  8.2051E-001 AT NODE     5387  ON MYPROC =    0
 TIME STEP =   21100  26.89% COMPLETE     ITERATIONS =   21     TIME =  0.16910107E+07
  ELMAX = -1.0363E+000 AT NODE     5390  SPEEDMAX =  6.3545E-001 AT NODE     5404  ON MYPROC =    0
 TIME STEP =   21200  27.44% COMPLETE     ITERATIONS =   22     TIME =  0.16990249E+07
  ELMAX = -1.3950E+000 AT NODE     5432  SPEEDMAX =  5.5793E-001 AT NODE     5122  ON MYPROC =    0
 TIME STEP =   21300  27.99% COMPLETE     ITERATIONS =   22     TIME =  0.17070392E+07
  ELMAX = -8.4241E-001 AT NODE     5434  SPEEDMAX =  8.0319E-001 AT NODE     5387  ON MYPROC =    0
 TIME STEP =   21400  28.53% COMPLETE     ITERATIONS =   21     TIME =  0.17150535E+07
  ELMAX =  1.1469E+000 AT NODE     5424  SPEEDMAX =  6.1458E-001 AT NODE     5262  ON MYPROC =    0
 TIME STEP =   21500  29.08% COMPLETE     ITERATIONS =   22     TIME =  0.17230677E+07
  ELMAX =  1.7413E+000 AT NODE     5434  SPEEDMAX =  6.2376E-001 AT NODE     5385  ON MYPROC =    0
 TIME STEP =   21600  29.62% COMPLETE     ITERATIONS =   23     TIME =  0.17310820E+07
  ELMAX = -9.4475E-001 AT NODE     5368  SPEEDMAX =  8.4550E-001 AT NODE     5387  ON MYPROC =    0
 TIME STEP =   21700  30.17% COMPLETE     ITERATIONS =   21     TIME =  0.17390963E+07
  ELMAX = -1.1668E+000 AT NODE     5424  SPEEDMAX =  5.3348E-001 AT NODE     4318  ON MYPROC =    0
 TIME STEP =   21800  30.71% COMPLETE     ITERATIONS =   23     TIME =  0.17471106E+07
  ELMAX = -1.5647E+000 AT NODE     5434  SPEEDMAX =  7.3713E-001 AT NODE     5385  ON MYPROC =    0
 TIME STEP =   21900  31.26% COMPLETE     ITERATIONS =   22     TIME =  0.17551248E+07
  ELMAX =  1.0087E+000 AT NODE     5306  SPEEDMAX =  7.6474E-001 AT NODE     5424  ON MYPROC =    0
 TIME STEP =   22000  31.81% COMPLETE     ITERATIONS =   22     TIME =  0.17631391E+07
  ELMAX =  1.6098E+000 AT NODE     5432  SPEEDMAX =  5.3562E-001 AT NODE     5122  ON MYPROC =    0
 TIME STEP =   22100  32.35% COMPLETE     ITERATIONS =   23     TIME =  0.17711534E+07
  ELMAX =  1.0589E+000 AT NODE     5434  SPEEDMAX =  8.4906E-001 AT NODE     5387  ON MYPROC =    0
 TIME STEP =   22200  32.90% COMPLETE     ITERATIONS =   22     TIME =  0.17791676E+07
  ELMAX = -1.1366E+000 AT NODE     5390  SPEEDMAX =  7.1644E-001 AT NODE     5404  ON MYPROC =    0
 TIME STEP =   22300  33.44% COMPLETE     ITERATIONS =   22     TIME =  0.17871819E+07
  ELMAX = -1.4004E+000 AT NODE     5432  SPEEDMAX =  5.8581E-001 AT NODE     5122  ON MYPROC =    0
 TIME STEP =   22400  33.99% COMPLETE     ITERATIONS =   23     TIME =  0.17951962E+07
  ELMAX = -1.2346E+000 AT NODE     5434  SPEEDMAX =  8.3808E-001 AT NODE     5387  ON MYPROC =    0
 TIME STEP =   22500  34.53% COMPLETE     ITERATIONS =   21     TIME =  0.18032104E+07
  ELMAX =  1.0731E+000 AT NODE     5424  SPEEDMAX =  6.6558E-001 AT NODE     5262  ON MYPROC =    0
 TIME STEP =   22600  35.08% COMPLETE     ITERATIONS =   22     TIME =  0.18112247E+07
  ELMAX =  1.8189E+000 AT NODE     5434  SPEEDMAX =  5.6397E-001 AT NODE     5241  ON MYPROC =    0
 TIME STEP =   22700  35.63% COMPLETE     ITERATIONS =   23     TIME =  0.18192390E+07
  ELMAX = -9.0154E-001 AT NODE     5368  SPEEDMAX =  8.7603E-001 AT NODE     5387  ON MYPROC =    0
 TIME STEP =   22800  36.17% COMPLETE     ITERATIONS =   21     TIME =  0.18272532E+07
  ELMAX = -1.1152E+000 AT NODE     5424  SPEEDMAX =  6.0417E-001 AT NODE     4318  ON MYPROC =    0
 TIME STEP =   22900  36.72% COMPLETE     ITERATIONS =   23     TIME =  0.18352675E+07
  ELMAX = -1.5496E+000 AT NODE     5434  SPEEDMAX =  7.2272E-001 AT NODE     5385  ON MYPROC =    0
 TIME STEP =   23000  37.26% COMPLETE     ITERATIONS =   22     TIME =  0.18432818E+07
  ELMAX =  1.0359E+000 AT NODE     5306  SPEEDMAX =  7.8280E-001 AT NODE     5424  ON MYPROC =    0
 TIME STEP =   23100  37.81% COMPLETE     ITERATIONS =   22     TIME =  0.18512960E+07
  ELMAX =  1.5962E+000 AT NODE     5434  SPEEDMAX =  5.7037E-001 AT NODE     4318  ON MYPROC =    0
 TIME STEP =   23200  38.35% COMPLETE     ITERATIONS =   23     TIME =  0.18593103E+07
  ELMAX =  1.2583E+000 AT NODE     5434  SPEEDMAX =  8.4853E-001 AT NODE     5387  ON MYPROC =    0
 TIME STEP =   23300  38.90% COMPLETE     ITERATIONS =   22     TIME =  0.18673246E+07
  ELMAX = -1.1798E+000 AT NODE     5387  SPEEDMAX =  7.6872E-001 AT NODE     5404  ON MYPROC =    0
 TIME STEP =   23400  39.44% COMPLETE     ITERATIONS =   22     TIME =  0.18753389E+07
  ELMAX = -1.3682E+000 AT NODE     5432  SPEEDMAX =  5.8566E-001 AT NODE     5122  ON MYPROC =    0
 TIME STEP =   23500  39.99% COMPLETE     ITERATIONS =   23     TIME =  0.18833531E+07
  ELMAX = -1.4822E+000 AT NODE     5434  SPEEDMAX =  8.4189E-001 AT NODE     5387  ON MYPROC =    0
 TIME STEP =   23600  40.54% COMPLETE     ITERATIONS =   21     TIME =  0.18913674E+07
  ELMAX =  1.0389E+000 AT NODE     5306  SPEEDMAX =  7.0632E-001 AT NODE     5424  ON MYPROC =    0
 TIME STEP =   23700  41.08% COMPLETE     ITERATIONS =   22     TIME =  0.18993817E+07
  ELMAX =  1.7974E+000 AT NODE     5433  SPEEDMAX =  5.4537E-001 AT NODE     5241  ON MYPROC =    0
 TIME STEP =   23800  41.63% COMPLETE     ITERATIONS =   23     TIME =  0.19073959E+07
  ELMAX = -8.1320E-001 AT NODE     5368  SPEEDMAX =  8.7241E-001 AT NODE     5387  ON MYPROC =    0
 TIME STEP =   23900  42.17% COMPLETE     ITERATIONS =   21     TIME =  0.19154102E+07
  ELMAX = -1.0368E+000 AT NODE     5424  SPEEDMAX =  6.4142E-001 AT NODE     4318  ON MYPROC =    0
 TIME STEP =   24000  42.72% COMPLETE     ITERATIONS =   23     TIME =  0.19234245E+07
  ELMAX = -1.4951E+000 AT NODE     5434  SPEEDMAX =  6.8189E-001 AT NODE     5385  ON MYPROC =    0
 TIME STEP =   24100  43.26% COMPLETE     ITERATIONS =   23     TIME =  0.19314387E+07
  ELMAX =  1.0180E+000 AT NODE     5368  SPEEDMAX =  7.7866E-001 AT NODE     5404  ON MYPROC =    0
 TIME STEP =   24200  43.81% COMPLETE     ITERATIONS =   21     TIME =  0.19394530E+07
  ELMAX =  1.5213E+000 AT NODE     5434  SPEEDMAX =  5.9424E-001 AT NODE     4318  ON MYPROC =    0
 TIME STEP =   24300  44.36% COMPLETE     ITERATIONS =   22     TIME =  0.19474673E+07
  ELMAX =  1.4102E+000 AT NODE     5434  SPEEDMAX =  8.2049E-001 AT NODE     5385  ON MYPROC =    0
 TIME STEP =   24400  44.90% COMPLETE     ITERATIONS =   22     TIME =  0.19554815E+07
  ELMAX = -1.1615E+000 AT NODE     5387  SPEEDMAX =  7.9332E-001 AT NODE     5404  ON MYPROC =    0
 TIME STEP =   24500  45.45% COMPLETE     ITERATIONS =   22     TIME =  0.19634958E+07
  ELMAX = -1.3436E+000 AT NODE     5424  SPEEDMAX =  5.6254E-001 AT NODE     5122  ON MYPROC =    0
 TIME STEP =   24600  45.99% COMPLETE     ITERATIONS =   23     TIME =  0.19715101E+07
  ELMAX = -1.5952E+000 AT NODE     5434  SPEEDMAX =  8.1366E-001 AT NODE     5387  ON MYPROC =    0
 TIME STEP =   24700  46.54% COMPLETE     ITERATIONS =   21     TIME =  0.19795243E+07
  ELMAX =  9.9078E-001 AT NODE     5306  SPEEDMAX =  7.2788E-001 AT NODE     5424  ON MYPROC =    0
 TIME STEP =   24800  47.08% COMPLETE     ITERATIONS =   22     TIME =  0.19875386E+07
  ELMAX =  1.7122E+000 AT NODE     5432  SPEEDMAX =  5.2779E-001 AT NODE     5122  ON MYPROC =    0
 TIME STEP =   24900  47.63% COMPLETE     ITERATIONS =   23     TIME =  0.19955529E+07
  ELMAX = -6.8178E-001 AT NODE     5368  SPEEDMAX =  8.3576E-001 AT NODE     5387  ON MYPROC =    0
 TIME STEP =   25000  48.17% COMPLETE     ITERATIONS =   21     TIME =  0.20035671E+07
  ELMAX = -9.3634E-001 AT NODE     5404  SPEEDMAX =  6.4512E-001 AT NODE     4318  ON MYPROC =    0
 TIME STEP =   25100  48.72% COMPLETE     ITERATIONS =   22     TIME =  0.20115814E+07
  ELMAX = -1.4083E+000 AT NODE     5434  SPEEDMAX =  6.1483E-001 AT NODE     5385  ON MYPROC =    0
 TIME STEP =   25200  49.27% COMPLETE     ITERATIONS =   23     TIME =  0.20195957E+07
  ELMAX =  9.5283E-001 AT NODE     5368  SPEEDMAX =  7.6337E-001 AT NODE     5404  ON MYPROC =    0
 TIME STEP =   25300  49.81% COMPLETE     ITERATIONS =   21     TIME =  0.20276100E+07
  ELMAX =  1.3923E+000 AT NODE     5432  SPEEDMAX =  5.9280E-001 AT NODE     3430  ON MYPROC =    0
 TIME STEP =   25400  50.36% COMPLETE     ITERATIONS =   22     TIME =  0.20356242E+07
  ELMAX =  1.5014E+000 AT NODE     5434  SPEEDMAX =  7.6313E-001 AT NODE     5385  ON MYPROC =    0
 TIME STEP =   25500  50.90% COMPLETE     ITERATIONS =   22     TIME =  0.20436385E+07
  ELMAX = -1.0773E+000 AT NODE     5368  SPEEDMAX =  7.9443E-001 AT NODE     5387  ON MYPROC =    0
 TIME STEP =   25600  51.45% COMPLETE     ITERATIONS =   21     TIME =  0.20516528E+07
  ELMAX = -1.2918E+000 AT NODE     5424  SPEEDMAX =  5.1540E-001 AT NODE     4318  ON MYPROC =    0
 TIME STEP =   25700  51.99% COMPLETE     ITERATIONS =   23     TIME =  0.20596670E+07
  ELMAX = -1.6040E+000 AT NODE     5434  SPEEDMAX =  7.5062E-001 AT NODE     5387  ON MYPROC =    0
 TIME STEP =   25800  52.54% COMPLETE     ITERATIONS =   22     TIME =  0.20676813E+07
  ELMAX =  8.8549E-001 AT NODE     5306  SPEEDMAX =  7.2029E-001 AT NODE     5424  ON MYPROC =    0
 TIME STEP =   25900  53.09% COMPLETE     ITERATIONS =   22     TIME =  0.20756956E+07
  ELMAX =  1.5480E+000 AT NODE     5432  SPEEDMAX =  4.7940E-001 AT NODE     5122  ON MYPROC =    0
 TIME STEP =   26000  53.63% COMPLETE     ITERATIONS =   23     TIME =  0.20837098E+07
  ELMAX =  7.4492E-001 AT NODE     5433  SPEEDMAX =  7.6665E-001 AT NODE     5387  ON MYPROC =    0
 TIME STEP =   26100  54.18% COMPLETE     ITERATIONS =   22     TIME =  0.20917241E+07
  ELMAX = -8.3944E-001 AT NODE     5390  SPEEDMAX =  6.5002E-001 AT NODE     3430  ON MYPROC =    0
 TIME STEP =   26200  54.72% COMPLETE     ITERATIONS =   22     TIME =  0.20997384E+07
  ELMAX = -1.2928E+000 AT NODE     5432  SPEEDMAX =  5.5690E-001 AT NODE     4318  ON MYPROC =    0
 TIME STEP =   26300  55.27% COMPLETE     ITERATIONS =   22     TIME =  0.21077526E+07
  ELMAX =  8.3583E-001 AT NODE     5368  SPEEDMAX =  7.3086E-001 AT NODE     5387  ON MYPROC =    0
 TIME STEP =   26400  55.81% COMPLETE     ITERATIONS =   21     TIME =  0.21157669E+07
  ELMAX =  1.2371E+000 AT NODE     5432  SPEEDMAX =  6.1237E-001 AT NODE     3596  ON MYPROC =    0
 TIME STEP =   26500  56.36% COMPLETE     ITERATIONS =   22     TIME =  0.21237812E+07
  ELMAX =  1.5230E+000 AT NODE     5434  SPEEDMAX =  6.7087E-001 AT NODE     5385  ON MYPROC =    0
 TIME STEP =   26600  56.91% COMPLETE     ITERATIONS =   22     TIME =  0.21317954E+07
  ELMAX = -9.3833E-001 AT NODE     5368  SPEEDMAX =  7.8243E-001 AT NODE     5387  ON MYPROC =    0
 TIME STEP =   26700  57.45% COMPLETE     ITERATIONS =   21     TIME =  0.21398097E+07
  ELMAX = -1.1922E+000 AT NODE     5424  SPEEDMAX =  4.9344E-001 AT NODE     3430  ON MYPROC =    0
 TIME STEP =   26800  58.00% COMPLETE     ITERATIONS =   22     TIME =  0.21478240E+07
  ELMAX = -1.5382E+000 AT NODE     5434  SPEEDMAX =  6.6689E-001 AT NODE     5385  ON MYPROC =    0
 TIME STEP =   26900  58.54% COMPLETE     ITERATIONS =   22     TIME =  0.21558383E+07
  ELMAX =  7.4448E-001 AT NODE     5306  SPEEDMAX =  6.8815E-001 AT NODE     5424  ON MYPROC =    0
 TIME STEP =   27000  59.09% COMPLETE     ITERATIONS =   21     TIME =  0.21638525E+07
  ELMAX =  1.3215E+000 AT NODE     5432  SPEEDMAX =  4.5438E-001 AT NODE     4318  ON MYPROC =    0
 TIME STEP =   27100  59.63% COMPLETE     ITERATIONS =   22     TIME =  0.21718668E+07
  ELMAX =  8.7790E-001 AT NODE     5434  SPEEDMAX =  6.6475E-001 AT NODE     5387  ON MYPROC =    0
 TIME STEP =   27200  60.18% COMPLETE     ITERATIONS =   22     TIME =  0.21798811E+07
  ELMAX = -7.2304E-001 AT NODE     5390  SPEEDMAX =  6.3785E-001 AT NODE     3596  ON MYPROC =    0
 TIME STEP =   27300  60.72% COMPLETE     ITERATIONS =   21     TIME =  0.21878953E+07
  ELMAX = -1.1519E+000 AT NODE     5432  SPEEDMAX =  5.9018E-001 AT NODE     4318  ON MYPROC =    0
 TIME STEP =   27400  61.27% COMPLETE     ITERATIONS =   22     TIME =  0.21959096E+07
  ELMAX =  6.7023E-001 AT NODE     5368  SPEEDMAX =  6.7794E-001 AT NODE     5387  ON MYPROC =    0
 TIME STEP =   27500  61.82% COMPLETE     ITERATIONS =   22     TIME =  0.22039239E+07
  ELMAX =  1.0415E+000 AT NODE     5432  SPEEDMAX =  6.0878E-001 AT NODE     3596  ON MYPROC =    0
 TIME STEP =   27600  62.36% COMPLETE     ITERATIONS =   22     TIME =  0.22119381E+07
  ELMAX =  1.4680E+000 AT NODE     5434  SPEEDMAX =  5.3571E-001 AT NODE     5385  ON MYPROC =    0
 TIME STEP =   27700  62.91% COMPLETE     ITERATIONS =   23     TIME =  0.22199524E+07
  ELMAX = -7.5204E-001 AT NODE     5368  SPEEDMAX =  7.4890E-001 AT NODE     5387  ON MYPROC =    0
 TIME STEP =   27800  63.45% COMPLETE     ITERATIONS =   21     TIME =  0.22279667E+07
  ELMAX = -1.0484E+000 AT NODE     5424  SPEEDMAX =  4.9777E-001 AT NODE     3596  ON MYPROC =    0
 TIME STEP =   27900  64.00% COMPLETE     ITERATIONS =   22     TIME =  0.22359809E+07
  ELMAX = -1.4187E+000 AT NODE     5434  SPEEDMAX =  5.4623E-001 AT NODE     5385  ON MYPROC =    0
 TIME STEP =   28000  64.54% COMPLETE     ITERATIONS =   23     TIME =  0.22439952E+07
  ELMAX =  5.5731E-001 AT NODE     5368  SPEEDMAX =  6.3429E-001 AT NODE     5424  ON MYPROC =    0
 TIME STEP =   28100  65.09% COMPLETE     ITERATIONS =   21     TIME =  0.22520095E+07
  ELMAX =  1.0523E+000 AT NODE     5432  SPEEDMAX =  4.5152E-001 AT NODE     3430  ON MYPROC =    0
 TIME STEP =   28200  65.64% COMPLETE     ITERATIONS =   22     TIME =  0.22600237E+07
  ELMAX =  9.9180E-001 AT NODE     5434  SPEEDMAX =  5.3455E-001 AT NODE     5385  ON MYPROC =    0
 TIME STEP =   28300  66.18% COMPLETE     ITERATIONS =   22     TIME =  0.22680380E+07
  ELMAX = -5.6950E-001 AT NODE     5387  SPEEDMAX =  5.9140E-001 AT NODE     3596  ON MYPROC =    0
 TIME STEP =   28400  66.73% COMPLETE     ITERATIONS =   21     TIME =  0.22760523E+07
  ELMAX = -9.7556E-001 AT NODE     5432  SPEEDMAX =  5.8851E-001 AT NODE     4318  ON MYPROC =    0
 TIME STEP =   28500  67.27% COMPLETE     ITERATIONS =   22     TIME =  0.22840666E+07
  ELMAX = -7.1213E-001 AT NODE     5434  SPEEDMAX =  5.9514E-001 AT NODE     5387  ON MYPROC =    0
 TIME STEP =   28600  67.82% COMPLETE     ITERATIONS =   22     TIME =  0.22920808E+07
  ELMAX =  8.1465E-001 AT NODE     5424  SPEEDMAX =  5.7217E-001 AT NODE     3596  ON MYPROC =    0
 TIME STEP =   28700  68.36% COMPLETE     ITERATIONS =   21     TIME =  0.23000951E+07
  ELMAX =  1.3469E+000 AT NODE     5434  SPEEDMAX =  4.5710E-001 AT NODE     4318  ON MYPROC =    0
 TIME STEP =   28800  68.91% COMPLETE     ITERATIONS =   22     TIME =  0.23081094E+07
  ELMAX = -5.2060E-001 AT NODE     5368  SPEEDMAX =  6.8670E-001 AT NODE     5387  ON MYPROC =    0
 TIME STEP =   28900  69.45% COMPLETE     ITERATIONS =   22     TIME =  0.23161236E+07
  ELMAX = -8.5864E-001 AT NODE     5424  SPEEDMAX =  4.8305E-001 AT NODE     3596  ON MYPROC =    0
 TIME STEP =   29000  70.00% COMPLETE     ITERATIONS =   22     TIME =  0.23241379E+07
  ELMAX = -1.2618E+000 AT NODE     5434  SPEEDMAX =  4.2089E-001 AT NODE     5181  ON MYPROC =    0
 TIME STEP =   29100  70.55% COMPLETE     ITERATIONS =   22     TIME =  0.23321522E+07
  ELMAX = -5.9188E-001 AT NODE     5226  SPEEDMAX =  5.9138E-001 AT NODE     5387  ON MYPROC =    0
 TIME STEP =   29200  71.09% COMPLETE     ITERATIONS =   21     TIME =  0.23401664E+07
  ELMAX =  7.5861E-001 AT NODE     5432  SPEEDMAX =  4.6872E-001 AT NODE     3430  ON MYPROC =    0
 TIME STEP =   29300  71.64% COMPLETE     ITERATIONS =   22     TIME =  0.23481807E+07
  ELMAX =  1.0573E+000 AT NODE     5434  SPEEDMAX =  3.6398E-001 AT NODE     4178  ON MYPROC =    0
 TIME STEP =   29400  72.18% COMPLETE     ITERATIONS =   22     TIME =  0.23561950E+07
  ELMAX =  4.5317E-001 AT NODE     4900  SPEEDMAX =  5.2633E-001 AT NODE     5387  ON MYPROC =    0
 TIME STEP =   29500  72.73% COMPLETE     ITERATIONS =   21     TIME =  0.23642092E+07
  ELMAX = -7.6489E-001 AT NODE     5432  SPEEDMAX =  5.4720E-001 AT NODE     4318  ON MYPROC =    0
 TIME STEP =   29600  73.27% COMPLETE     ITERATIONS =   22     TIME =  0.23722235E+07
  ELMAX = -8.8004E-001 AT NODE     5434  SPEEDMAX =  4.8260E-001 AT NODE     5385  ON MYPROC =    0
 TIME STEP =   29700  73.82% COMPLETE     ITERATIONS =   22     TIME =  0.23802378E+07
  ELMAX =  6.0132E-001 AT NODE     5306  SPEEDMAX =  4.9495E-001 AT NODE     3596  ON MYPROC =    0
 TIME STEP =   29800  74.37% COMPLETE     ITERATIONS =   22     TIME =  0.23882520E+07
  ELMAX =  1.1695E+000 AT NODE     5432  SPEEDMAX =  4.5121E-001 AT NODE     3430  ON MYPROC =    0
 TIME STEP =   29900  74.91% COMPLETE     ITERATIONS =   22     TIME =  0.23962663E+07
  ELMAX =  5.9757E-001 AT NODE     5434  SPEEDMAX =  5.9101E-001 AT NODE     5385  ON MYPROC =    0
 TIME STEP =   30000  75.46% COMPLETE     ITERATIONS =   22     TIME =  0.24042806E+07
  ELMAX = -7.4829E-001 AT NODE     5187  SPEEDMAX =  4.8926E-001 AT NODE     5404  ON MYPROC =    0
 TIME STEP =   30100  76.00% COMPLETE     ITERATIONS =   21     TIME =  0.24122948E+07
  ELMAX = -1.0913E+000 AT NODE     5432  SPEEDMAX =  3.8879E-001 AT NODE     4178  ON MYPROC =    0
 TIME STEP =   30200  76.55% COMPLETE     ITERATIONS =   23     TIME =  0.24203091E+07
  ELMAX = -8.4393E-001 AT NODE     5434  SPEEDMAX =  5.3627E-001 AT NODE     5387  ON MYPROC =    0
 TIME STEP =   30300  77.09% COMPLETE     ITERATIONS =   22     TIME =  0.24283234E+07
  ELMAX = -5.2097E-001 AT NODE     4900  SPEEDMAX =  4.7500E-001 AT NODE     5230  ON MYPROC =    0
 TIME STEP =   30400  77.64% COMPLETE     ITERATIONS =   22     TIME =  0.24363377E+07
  ELMAX =  1.0388E+000 AT NODE     5433  SPEEDMAX =  3.9591E-001 AT NODE     4178  ON MYPROC =    0
 TIME STEP =   30500  78.19% COMPLETE     ITERATIONS =   22     TIME =  0.24443519E+07
  ELMAX =  4.5849E-001 AT NODE     5182  SPEEDMAX =  5.1219E-001 AT NODE     5387  ON MYPROC =    0
 TIME STEP =   30600  78.73% COMPLETE     ITERATIONS =   22     TIME =  0.24523662E+07
  ELMAX = -5.6786E-001 AT NODE     5424  SPEEDMAX =  5.1192E-001 AT NODE     3430  ON MYPROC =    0
 TIME STEP =   30700  79.28% COMPLETE     ITERATIONS =   22     TIME =  0.24603805E+07
  ELMAX = -9.2242E-001 AT NODE     5434  SPEEDMAX =  3.9443E-001 AT NODE     4318  ON MYPROC =    0
 TIME STEP =   30800  79.82% COMPLETE     ITERATIONS =   22     TIME =  0.24683947E+07
  ELMAX =  4.6629E-001 AT NODE     5368  SPEEDMAX =  5.0806E-001 AT NODE     5387  ON MYPROC =    0
 TIME STEP =   30900  80.37% COMPLETE     ITERATIONS =   21     TIME =  0.24764090E+07
  ELMAX =  9.1596E-001 AT NODE     5432  SPEEDMAX =  4.7531E-001 AT NODE     3596  ON MYPROC =    0
 TIME STEP =   31000  80.91% COMPLETE     ITERATIONS =   22     TIME =  0.24844233E+07
  ELMAX =  9.8758E-001 AT NODE     5434  SPEEDMAX =  4.5276E-001 AT NODE     5385  ON MYPROC =    0
 TIME STEP =   31100  81.46% COMPLETE     ITERATIONS =   22     TIME =  0.24924375E+07
  ELMAX = -5.6588E-001 AT NODE     5368  SPEEDMAX =  5.7718E-001 AT NODE     5387  ON MYPROC =    0
 TIME STEP =   31200  82.00% COMPLETE     ITERATIONS =   21     TIME =  0.25004518E+07
  ELMAX = -8.9240E-001 AT NODE     5424  SPEEDMAX =  3.9703E-001 AT NODE     4178  ON MYPROC =    0
 TIME STEP =   31300  82.55% COMPLETE     ITERATIONS =   22     TIME =  0.25084661E+07
  ELMAX = -1.1407E+000 AT NODE     5434  SPEEDMAX =  4.6425E-001 AT NODE     5385  ON MYPROC =    0
 TIME STEP =   31400  83.10% COMPLETE     ITERATIONS =   22     TIME =  0.25164803E+07
  ELMAX = -5.3403E-001 AT NODE     4900  SPEEDMAX =  5.3658E-001 AT NODE     5404  ON MYPROC =    0
 TIME STEP =   31500  83.64% COMPLETE     ITERATIONS =   21     TIME =  0.25244946E+07
  ELMAX =  9.6315E-001 AT NODE     5432  SPEEDMAX =  4.0956E-001 AT NODE     4178  ON MYPROC =    0
 TIME STEP =   31600  84.19% COMPLETE     ITERATIONS =   22     TIME =  0.25325089E+07
  ELMAX =  8.6288E-001 AT NODE     5434  SPEEDMAX =  4.6890E-001 AT NODE     5385  ON MYPROC =    0
 TIME STEP =   31700  84.73% COMPLETE     ITERATIONS =   22     TIME =  0.25405231E+07
  ELMAX = -4.8201E-001 AT NODE     5387  SPEEDMAX =  4.9655E-001 AT NODE     3596  ON MYPROC =    0
 TIME STEP =   31800  85.28% COMPLETE     ITERATIONS =   21     TIME =  0.25485374E+07
  ELMAX = -8.8510E-001 AT NODE     5432  SPEEDMAX =  4.1851E-001 AT NODE     4318  ON MYPROC =    0
 TIME STEP =   31900  85.82% COMPLETE     ITERATIONS =   22     TIME =  0.25565517E+07
  ELMAX = -7.2917E-001 AT NODE     5434  SPEEDMAX =  5.2312E-001 AT NODE     5387  ON MYPROC =    0
 TIME STEP =   32000  86.37% COMPLETE     ITERATIONS =   22     TIME =  0.25645660E+07
  ELMAX =  6.5430E-001 AT NODE     5424  SPEEDMAX =  4.8110E-001 AT NODE     3596  ON MYPROC =    0
 TIME STEP =   32100  86.92% COMPLETE     ITERATIONS =   22     TIME =  0.25725802E+07
  ELMAX =  1.1954E+000 AT NODE     5434  SPEEDMAX =  3.6370E-001 AT NODE     5187  ON MYPROC =    0
 TIME STEP =   32200  87.46% COMPLETE     ITERATIONS =   23     TIME =  0.25805945E+07
  ELMAX = -4.4643E-001 AT NODE     5152  SPEEDMAX =  6.3525E-001 AT NODE     5387  ON MYPROC =    0
 TIME STEP =   32300  88.01% COMPLETE     ITERATIONS =   21     TIME =  0.25886088E+07
  ELMAX = -7.8394E-001 AT NODE     5424  SPEEDMAX =  4.4591E-001 AT NODE     5332  ON MYPROC =    0
 TIME STEP =   32400  88.55% COMPLETE     ITERATIONS =   22     TIME =  0.25966230E+07
  ELMAX = -1.1967E+000 AT NODE     5434  SPEEDMAX =  4.1316E-001 AT NODE     5181  ON MYPROC =    0
 TIME STEP =   32500  89.10% COMPLETE     ITERATIONS =   22     TIME =  0.26046373E+07
  ELMAX = -5.2009E-001 AT NODE     5226  SPEEDMAX =  6.0903E-001 AT NODE     5387  ON MYPROC =    0
 TIME STEP =   32600  89.64% COMPLETE     ITERATIONS =   21     TIME =  0.26126516E+07
  ELMAX =  8.1328E-001 AT NODE     5432  SPEEDMAX =  4.4604E-001 AT NODE     5262  ON MYPROC =    0
 TIME STEP =   32700  90.19% COMPLETE     ITERATIONS =   22     TIME =  0.26206658E+07
  ELMAX =  1.1958E+000 AT NODE     5434  SPEEDMAX =  4.0168E-001 AT NODE     5187  ON MYPROC =    0
 TIME STEP =   32800  90.73% COMPLETE     ITERATIONS =   22     TIME =  0.26286801E+07
  ELMAX = -5.1235E-001 AT NODE     5368  SPEEDMAX =  6.1270E-001 AT NODE     5387  ON MYPROC =    0
 TIME STEP =   32900  91.28% COMPLETE     ITERATIONS =   21     TIME =  0.26366944E+07
  ELMAX = -8.3475E-001 AT NODE     5424  SPEEDMAX =  4.1895E-001 AT NODE     4318  ON MYPROC =    0
 TIME STEP =   33000  91.83% COMPLETE     ITERATIONS =   23     TIME =  0.26447086E+07
  ELMAX = -1.1171E+000 AT NODE     5434  SPEEDMAX =  5.2153E-001 AT NODE     5385  ON MYPROC =    0
 TIME STEP =   33100  92.37% COMPLETE     ITERATIONS =   22     TIME =  0.26527229E+07
  ELMAX =  6.4175E-001 AT NODE     5306  SPEEDMAX =  5.7144E-001 AT NODE     5424  ON MYPROC =    0
 TIME STEP =   33200  92.92% COMPLETE     ITERATIONS =   22     TIME =  0.26607372E+07
  ELMAX =  1.2252E+000 AT NODE     5432  SPEEDMAX =  3.6312E-001 AT NODE     4920  ON MYPROC =    0
 TIME STEP =   33300  93.46% COMPLETE     ITERATIONS =   22     TIME =  0.26687514E+07
  ELMAX =  7.8350E-001 AT NODE     5434  SPEEDMAX =  6.3989E-001 AT NODE     5385  ON MYPROC =    0
 TIME STEP =   33400  94.01% COMPLETE     ITERATIONS =   22     TIME =  0.26767657E+07
  ELMAX = -7.7625E-001 AT NODE     5390  SPEEDMAX =  5.6151E-001 AT NODE     5404  ON MYPROC =    0
 TIME STEP =   33500  94.55% COMPLETE     ITERATIONS =   22     TIME =  0.26847800E+07
  ELMAX = -1.1671E+000 AT NODE     5432  SPEEDMAX =  4.0051E-001 AT NODE     5122  ON MYPROC =    0
 TIME STEP =   33600  95.10% COMPLETE     ITERATIONS =   23     TIME =  0.26927942E+07
  ELMAX = -9.0862E-001 AT NODE     5434  SPEEDMAX =  6.4850E-001 AT NODE     5387  ON MYPROC =    0
 TIME STEP =   33700  95.65% COMPLETE     ITERATIONS =   21     TIME =  0.27008085E+07
  ELMAX =  7.4844E-001 AT NODE     5424  SPEEDMAX =  5.1470E-001 AT NODE     5230  ON MYPROC =    0
 TIME STEP =   33800  96.19% COMPLETE     ITERATIONS =   23     TIME =  0.27088228E+07
  ELMAX =  1.3561E+000 AT NODE     5434  SPEEDMAX =  3.9052E-001 AT NODE     5122  ON MYPROC =    0
 TIME STEP =   33900  96.74% COMPLETE     ITERATIONS =   23     TIME =  0.27168371E+07
  ELMAX = -5.3076E-001 AT NODE     5368  SPEEDMAX =  6.9040E-001 AT NODE     5387  ON MYPROC =    0
 TIME STEP =   34000  97.28% COMPLETE     ITERATIONS =   21     TIME =  0.27248513E+07
  ELMAX = -8.5196E-001 AT NODE     5424  SPEEDMAX =  4.3170E-001 AT NODE     3430  ON MYPROC =    0
 TIME STEP =   34100  97.83% COMPLETE     ITERATIONS =   22     TIME =  0.27328656E+07
  ELMAX = -1.2511E+000 AT NODE     5434  SPEEDMAX =  5.0377E-001 AT NODE     5385  ON MYPROC =    0
 TIME STEP =   34200  98.37% COMPLETE     ITERATIONS =   22     TIME =  0.27408799E+07
  ELMAX =  6.6633E-001 AT NODE     5368  SPEEDMAX =  6.3347E-001 AT NODE     5404  ON MYPROC =    0
 TIME STEP =   34300  98.92% COMPLETE     ITERATIONS =   22     TIME =  0.27488941E+07
  ELMAX =  1.1625E+000 AT NODE     5432  SPEEDMAX =  4.1864E-001 AT NODE     5262  ON MYPROC =    0
 TIME STEP =   34400  99.47% COMPLETE     ITERATIONS =   22     TIME =  0.27569084E+07
  ELMAX =  1.1116E+000 AT NODE     5434  SPEEDMAX =  6.2292E-001 AT NODE     5385  ON MYPROC =    0
 MPI terminated with Status =            0
