Starting simulations Tue Jul 15 07:56:07 PM PDT 2025
Starting run for scenario: SSP1_2030 at Tue Jul 15 07:56:07 PM PDT 2025
Scenario SSP1_2030 runtime: 0h 12m 7s
Scenario SSP1_2030 completed successfully at Tue Jul 15 08:08:14 PM PDT 2025
All scenario runs completed at Tue Jul 15 08:08:14 PM PDT 2025
Starting run for scenario: SSP1_2050 at Tue Jul 15 08:08:14 PM PDT 2025
Scenario SSP1_2050 runtime: 0h 19m 45s
Scenario SSP1_2050 completed successfully at Tue Jul 15 08:27:59 PM PDT 2025
All scenario runs completed at Tue Jul 15 08:27:59 PM PDT 2025
Starting run for scenario: SSP1_2070 at Tue Jul 15 08:27:59 PM PDT 2025
Scenario SSP1_2070 runtime: 0h 21m 55s
Scenario SSP1_2070 completed successfully at Tue Jul 15 08:49:54 PM PDT 2025
All scenario runs completed at Tue Jul 15 08:49:54 PM PDT 2025
Starting run for scenario: SSP1_2100 at Tue Jul 15 08:49:54 PM PDT 2025
Scenario SSP1_2100 runtime: 0h 31m 20s
Scenario SSP1_2100 completed successfully at Tue Jul 15 09:21:14 PM PDT 2025
All scenario runs completed at Tue Jul 15 09:21:14 PM PDT 2025
Starting run for scenario: SSP2_2030 at Tue Jul 15 09:21:14 PM PDT 2025
Scenario SSP2_2030 runtime: 0h 26m 50s
Scenario SSP2_2030 completed successfully at Tue Jul 15 09:48:04 PM PDT 2025
All scenario runs completed at Tue Jul 15 09:48:04 PM PDT 2025
Starting run for scenario: SSP2_2050 at Tue Jul 15 09:48:04 PM PDT 2025
Scenario SSP2_2050 runtime: 0h 22m 43s
Scenario SSP2_2050 completed successfully at Tue Jul 15 10:10:47 PM PDT 2025
All scenario runs completed at Tue Jul 15 10:10:47 PM PDT 2025
Starting run for scenario: SSP2_2070 at Tue Jul 15 10:10:47 PM PDT 2025
Scenario SSP2_2070 runtime: 0h 20m 46s
Scenario SSP2_2070 completed successfully at Tue Jul 15 10:31:33 PM PDT 2025
All scenario runs completed at Tue Jul 15 10:31:33 PM PDT 2025
Starting run for scenario: SSP2_2100 at Tue Jul 15 10:31:33 PM PDT 2025
Scenario SSP2_2100 runtime: 0h 20m 48s
Scenario SSP2_2100 completed successfully at Tue Jul 15 10:52:21 PM PDT 2025
All scenario runs completed at Tue Jul 15 10:52:21 PM PDT 2025
Starting run for scenario: SSP3_2030 at Tue Jul 15 10:52:21 PM PDT 2025
Scenario SSP3_2030 runtime: 0h 31m 2s
Scenario SSP3_2030 completed successfully at Tue Jul 15 11:23:23 PM PDT 2025
All scenario runs completed at Tue Jul 15 11:23:23 PM PDT 2025
Starting run for scenario: SSP3_2050 at Tue Jul 15 11:23:23 PM PDT 2025
Scenario SSP3_2050 runtime: 0h 30m 52s
Scenario SSP3_2050 completed successfully at Tue Jul 15 11:54:15 PM PDT 2025
All scenario runs completed at Tue Jul 15 11:54:15 PM PDT 2025
Starting run for scenario: SSP3_2070 at Tue Jul 15 11:54:15 PM PDT 2025
Scenario SSP3_2070 runtime: 0h 19m 49s
Scenario SSP3_2070 completed successfully at Wed Jul 16 12:14:04 AM PDT 2025
All scenario runs completed at Wed Jul 16 12:14:04 AM PDT 2025
Starting run for scenario: SSP3_2100 at Wed Jul 16 12:14:04 AM PDT 2025
Scenario SSP3_2100 runtime: 0h 19m 39s
Scenario SSP3_2100 completed successfully at Wed Jul 16 12:33:43 AM PDT 2025
All scenario runs completed at Wed Jul 16 12:33:43 AM PDT 2025
Starting run for scenario: SSP5_2030 at Wed Jul 16 12:33:43 AM PDT 2025
Scenario SSP5_2030 runtime: 0h 19m 51s
Scenario SSP5_2030 completed successfully at Wed Jul 16 12:53:34 AM PDT 2025
All scenario runs completed at Wed Jul 16 12:53:34 AM PDT 2025
Starting run for scenario: SSP5_2050 at Wed Jul 16 12:53:34 AM PDT 2025
Scenario SSP5_2050 runtime: 0h 19m 49s
Scenario SSP5_2050 completed successfully at Wed Jul 16 01:13:23 AM PDT 2025
All scenario runs completed at Wed Jul 16 01:13:23 AM PDT 2025
Starting run for scenario: SSP5_2070 at Wed Jul 16 01:13:23 AM PDT 2025
Scenario SSP5_2070 runtime: 0h 19m 42s
Scenario SSP5_2070 completed successfully at Wed Jul 16 01:33:05 AM PDT 2025
All scenario runs completed at Wed Jul 16 01:33:05 AM PDT 2025
Starting run for scenario: SSP5_2100 at Wed Jul 16 01:33:05 AM PDT 2025
Scenario SSP5_2100 runtime: 0h 19m 56s
Scenario SSP5_2100 completed successfully at Wed Jul 16 01:53:01 AM PDT 2025
All scenario runs completed at Wed Jul 16 01:53:01 AM PDT 2025
