 INFO: Processing --np
 INFO: Processing --partmesh
 File                                                      fort.14
 WAS FOUND!  Opening & Processing file

 from alloc_main1: 
  
 memory currently allocated =              16927096  bytes
 memory high water mark     =              33028024  bytes
  
  
 memory currently allocated =              19087456  bytes
 memory high water mark     =              33028024  bytes
  
 Global Grid file read successfully.
INFO: This mesh has 0 weir node pairs.
INFO: Maximum number of duals for any weir node is 0.
 maximum co-nodes for any node =           18
 edge count =        89861
 
 Grid Partition Data
 METIS 4.0 will require approximately              10250648  bytes
 Total Edges Cut =         7862
INFO: Writing mesh partition to partmesh.txt.
 INFO: METIS has partitioned nodes successfully.
  
 memory currently allocated =              19087456  bytes
 memory high water mark     =              33028024  bytes
  
 INFO: Processing --np
 INFO: Processing --prepall
 File                                                      fort.14
 WAS FOUND!  Opening & Processing file

 File fort.15                                                     
 WAS FOUND!  Opening & Processing file

 INFO: The metControl namelist was not found.
 Elevation Station Locations contained in fort.15
 Velocity Station Locations Contained in fort.15
 MET Station Locations Contained in fort.15
 NHSTAR =            5
 *****************************************************
 *   Based on input and information extracted from   *
 *   the ADCIRC UNIT 14 and 15 (grid and horiz run   *
 *   info) files the following paramter values will  *
 *   be set:                                         *
 *                                                   *
 *       MNPROC =     6                             *
 *       MNE =    58369      MNP =    31435          *
 *       MNEI =      10                               *
 *       MNOPE =      1      MNETA =    103          *
 *       MNBOU =     59      MNVEL =   4573          *
 *       MNTIF =      8      MNBFR =      8          *
 *       MNSTAE =     1      MNSTAV =     1          *
 *       MNSTAC =     1      MNSTAM =     1          *
 *       MNWP =   31435                               *
 *       MNWLAT =     1      MNWLON =     1          *
 *       MNFFR =      1                              *
 *                                                   *
 *   Also, NWS=+-8 Holland wind forcing is used,     *
 *   means and variance calculation will NOT be made,*
 *   the GWCE matrix will be left in consistent form *
 *   and an iterative solver will be used            *
 *****************************************************

 from alloc_main1: 
  
 memory currently allocated =              16992552  bytes
 memory high water mark     =              33158936  bytes
  
  
 memory currently allocated =              19152912  bytes
 memory high water mark     =              33158936  bytes
  
 Global Grid file read successfully.
 INFO: Opening file partmesh.txt
 INFO: Closed partmesh.txt file.
 INFO: Start reading in fort.15.
 nstae=           0
 Elevation Station Locations contained in fort.15
 Velocity Station Locations Contained in fort.15
 MET Station Locations Contained in fort.15
  
 memory currently allocated =              19152920  bytes
 memory high water mark     =              33158936  bytes
  
 INFO: Fulldomain fort.15 file read successfully.
 INFO: Initializing the netCDF output files.
  
 Determine the parameters MNPP and MNEP
  Setting MNPP =         5580
  Setting MNEP =        10055
 Allocate arrays dimensioned by MNPP and MNEP
 from alloc_main2: 
  
 memory currently allocated =              20262175  bytes
 memory high water mark     =              33158936  bytes
  
  
 Decomposition of grid begins
 Decomposition Data
 DOMAIN  RES_NODES  GHOST_NODES  TOT_NODES  ELEMENTS
 ------  ---------  -----------  ---------  --------
 GLOBAL                             31435      58369
 PE0000      5336         98         5434      10055
 PE0001      5162        158         5320       9850
 PE0002      5522         58         5580       9947
 PE0003      5246        107         5353      10029
 PE0004      5103         61         5164       9496
 PE0005      5066        182         5248       9638
 Decomposition successful
 Writing Local UNIT 14 (Grid) File for each PE
  
 Boundary Node Decomposition Data
 DOMAIN      NOPE    NETA    NBOU  NVEL    NWEIR
 GLOBAL       1     103      59    4514       0
 PE0000       1      42      21     734       0
 PE0001       0       0       6     649       0
 PE0002       0       0      10    1182       0
 PE0003       0       0      16     615       0
 PE0004       1      52       5     732       0
 PE0005       1      13      13     701       0
 Writing Local UNIT 15 (Run Info) File for each PE
  
 Station Data
 DOMAIN      NSTAE   NSTAV    NSTAC    NSTAM
 GLOBAL       0       0       0       0
 PE0000       0       0       0       0
 PE0001       0       0       0       0
 PE0002       0       0       0       0
 PE0003       0       0       0       0
 PE0004       0       0       0       0
 PE0005       0       0       0       0
 Writing Message-Passing Info Files for each PE
  
 Communication Data
 DOMAIN  COMM_PE  %(SURF/VOL)
 ------  -------  -----------
 PE0000        2      1.84
 PE0001        3      3.06
 PE0002        1      1.05
 PE0003        2      2.04
 PE0004        1      1.20
 PE0005        3      3.59
  
 memory currently allocated =              20262175  bytes
 memory high water mark     =              33158936  bytes
  


 Writing subdomain Nodal Attributes (unit 13)
 file for each PE.
File fort.13 
 WAS FOUND!  Opening & Processing file.

     Finished processing primitive_weighting_in_continuity_equation                                      
 for processor range            1  to            6
     Finished processing mannings_n_at_sea_floor                                                         
 for processor range            1  to            6
  
 memory currently allocated =              20262167  bytes
 memory high water mark     =              33158936  bytes
  
 Writing domain-decomposition file for post-processor
 
 INFO: Finished pre-processing input files.
  
 memory currently allocated =              20262167  bytes
 memory high water mark     =              33158936  bytes
  
 INFO: Searching for ADCIRC subdomain directories:
 INFO: Looking for './PE0000/fort.14' ...
 INFO: Searching for ADCIRC subdomain directories:
 INFO: Looking for './PE0000/fort.14' ...
 INFO: Searching for ADCIRC subdomain directories:
 INFO: Looking for './PE0000/fort.14' ...
 INFO: Searching for ADCIRC subdomain directories:
 INFO: Looking for './PE0000/fort.14' ...
 INFO: Searching for ADCIRC subdomain directories:
 INFO: Looking for './PE0000/fort.14' ...
 INFO: Searching for ADCIRC subdomain directories:
 INFO: Looking for './PE0000/fort.14' ...
 INFO: File './PE0000/fort.14' was found!
 INFO: The search for the subdomain directory was completed successfully.
 INFO: The ROOTDIR is  '.'.
 INFO: The INPUTDIR is './PE0000'.
 INFO: The GBLINPUTDIR is '.'.
 INFO: The GLOBALDIR is '.'.
 INFO: The LOCALDIR is './PE0000'.
 INFO: File './PE0000/fort.14' was found!
 INFO: The search for the subdomain directory was completed successfully.
 INFO: File './PE0000/fort.14' was found!
 INFO: The search for the subdomain directory was completed successfully.
 INFO: The ROOTDIR is  '.'.
 INFO: The INPUTDIR is './PE0000'.
 INFO: The GBLINPUTDIR is '.'.
 INFO: The GLOBALDIR is '.'.
 INFO: The LOCALDIR is './PE0000'.
 INFO: File './PE0000/fort.14' was found!
 INFO: The search for the subdomain directory was completed successfully.
 INFO: The ROOTDIR is  '.'.
 INFO: The INPUTDIR is './PE0000'.
 INFO: The GBLINPUTDIR is '.'.
 INFO: The GLOBALDIR is '.'.
 INFO: The LOCALDIR is './PE0000'.
 INFO: File './PE0000/fort.14' was found!
 INFO: The search for the subdomain directory was completed successfully.
 INFO: The ROOTDIR is  '.'.
 INFO: The INPUTDIR is './PE0000'.
 INFO: The GBLINPUTDIR is '.'.
 INFO: The GLOBALDIR is '.'.
 INFO: The LOCALDIR is './PE0000'.
 INFO: File './PE0000/fort.14' was found!
 INFO: The search for the subdomain directory was completed successfully.
 INFO: The ROOTDIR is  '.'.
 INFO: The INPUTDIR is './PE0000'.
 INFO: The GBLINPUTDIR is '.'.
 INFO: The GLOBALDIR is '.'.
 INFO: The LOCALDIR is './PE0000'.
 INFO: The ROOTDIR is  '.'.
 INFO: The INPUTDIR is './PE0000'.
 INFO: The GBLINPUTDIR is '.'.
 INFO: The GLOBALDIR is '.'.
 INFO: The LOCALDIR is './PE0000'.
WARNING: read14FindDims: Number of land boundary nodes was set to 734 but 714 were found.
WARNING: read14FindDims: Number of land boundary nodes was set to 734 but 714 were found.
WARNING: read14FindDims: Number of land boundary nodes was set to 734 but 714 were found.
WARNING: read14FindDims: Number of land boundary nodes was set to 734 but 714 were found.
WARNING: read14FindDims: Number of land boundary nodes was set to 734 but 714 were found.
WARNING: read14FindDims: Number of land boundary nodes was set to 734 but 714 were found.

 _______________________________________________________________________________


                   PROGRAM ADCIRC   VERSION noaa.stofs.2d.glo.v1.1.0r2-64-gaedcbd9

     AN ADVANCED CIRCULATION MODEL FOR SHELVES, COASTAL SEAS AND ESTUARIES


       -  DEVELOPED BY

          R.A. LUETTICH, JR
            UNIVERSITY OF NORTH CAROLINA AT CHAPEL HILL
            INSTITUTE OF MARINE SCIENCES

          J.J. WESTERINK 
            DEPARTMENT OF CIVIL ENGINEERING AND GEOLOGICAL SCIENCES
            UNIVERSITY OF NOTRE DAME


       -  THE ADCIRC SOURCE CODE IS COPYRIGHTED BY

          R.A. LUETTICH, JR. AND J.J. WESTERINK, 1994-2006

       NO PART OF THIS CODE MAY BE REPRODUCED OR REDISTRIBUTED
          WITHOUT THE WRITTEN PERMISSION OF THE AUTHORS



 _______________________________________________________________________________

 _______________________________________________________________________________


                   PROGRAM ADCIRC   VERSION noaa.stofs.2d.glo.v1.1.0r2-64-gaedcbd9

     AN ADVANCED CIRCULATION MODEL FOR SHELVES, COASTAL SEAS AND ESTUARIES


       -  DEVELOPED BY

          R.A. LUETTICH, JR
            UNIVERSITY OF NORTH CAROLINA AT CHAPEL HILL
            INSTITUTE OF MARINE SCIENCES

          J.J. WESTERINK 
            DEPARTMENT OF CIVIL ENGINEERING AND GEOLOGICAL SCIENCES
            UNIVERSITY OF NOTRE DAME


       -  THE ADCIRC SOURCE CODE IS COPYRIGHTED BY

          R.A. LUETTICH, JR. AND J.J. WESTERINK, 1994-2006

       NO PART OF THIS CODE MAY BE REPRODUCED OR REDISTRIBUTED
          WITHOUT THE WRITTEN PERMISSION OF THE AUTHORS



 _______________________________________________________________________________

 _______________________________________________________________________________


                   PROGRAM ADCIRC   VERSION noaa.stofs.2d.glo.v1.1.0r2-64-gaedcbd9

     AN ADVANCED CIRCULATION MODEL FOR SHELVES, COASTAL SEAS AND ESTUARIES


       -  DEVELOPED BY

          R.A. LUETTICH, JR
            UNIVERSITY OF NORTH CAROLINA AT CHAPEL HILL
            INSTITUTE OF MARINE SCIENCES

          J.J. WESTERINK 
            DEPARTMENT OF CIVIL ENGINEERING AND GEOLOGICAL SCIENCES
            UNIVERSITY OF NOTRE DAME


       -  THE ADCIRC SOURCE CODE IS COPYRIGHTED BY

          R.A. LUETTICH, JR. AND J.J. WESTERINK, 1994-2006

       NO PART OF THIS CODE MAY BE REPRODUCED OR REDISTRIBUTED
          WITHOUT THE WRITTEN PERMISSION OF THE AUTHORS



 _______________________________________________________________________________

 _______________________________________________________________________________


                   PROGRAM ADCIRC   VERSION noaa.stofs.2d.glo.v1.1.0r2-64-gaedcbd9

     AN ADVANCED CIRCULATION MODEL FOR SHELVES, COASTAL SEAS AND ESTUARIES


       -  DEVELOPED BY

          R.A. LUETTICH, JR
            UNIVERSITY OF NORTH CAROLINA AT CHAPEL HILL
            INSTITUTE OF MARINE SCIENCES

          J.J. WESTERINK 
            DEPARTMENT OF CIVIL ENGINEERING AND GEOLOGICAL SCIENCES
            UNIVERSITY OF NOTRE DAME


       -  THE ADCIRC SOURCE CODE IS COPYRIGHTED BY

          R.A. LUETTICH, JR. AND J.J. WESTERINK, 1994-2006

       NO PART OF THIS CODE MAY BE REPRODUCED OR REDISTRIBUTED
          WITHOUT THE WRITTEN PERMISSION OF THE AUTHORS



 _______________________________________________________________________________

 _______________________________________________________________________________


                   PROGRAM ADCIRC   VERSION noaa.stofs.2d.glo.v1.1.0r2-64-gaedcbd9

     AN ADVANCED CIRCULATION MODEL FOR SHELVES, COASTAL SEAS AND ESTUARIES


       -  DEVELOPED BY

          R.A. LUETTICH, JR
            UNIVERSITY OF NORTH CAROLINA AT CHAPEL HILL
            INSTITUTE OF MARINE SCIENCES

          J.J. WESTERINK 
            DEPARTMENT OF CIVIL ENGINEERING AND GEOLOGICAL SCIENCES
            UNIVERSITY OF NOTRE DAME


       -  THE ADCIRC SOURCE CODE IS COPYRIGHTED BY

          R.A. LUETTICH, JR. AND J.J. WESTERINK, 1994-2006

       NO PART OF THIS CODE MAY BE REPRODUCED OR REDISTRIBUTED
          WITHOUT THE WRITTEN PERMISSION OF THE AUTHORS



 _______________________________________________________________________________
INFO: initializeMesh: THE NEIGHBOR TABLE IS BEING COMPUTED.
INFO: initializeMesh: THE NEIGHBOR TABLE IS BEING COMPUTED.
INFO: initializeMesh: THE NEIGHBOR TABLE IS BEING COMPUTED.
INFO: initializeMesh: THE NEIGHBOR TABLE IS BEING COMPUTED.
INFO: initializeMesh: THE NEIGHBOR TABLE IS BEING COMPUTED.
INFO: initializeMesh: THE NEIGHBOR TABLE IS COMPLETED. THE MINIMUM NUMBER OF NEIGHBORS FOR ANY NODE = 3. 1+THE MAXIMUM NUMBER OF NEIGHBORS FOR ANY NODE = 9. THE PARAMETER MNEI CAN BE SET AS SMALL AS 9.

 _______________________________________________________________________________


                   PROGRAM ADCIRC   VERSION noaa.stofs.2d.glo.v1.1.0r2-64-gaedcbd9

     AN ADVANCED CIRCULATION MODEL FOR SHELVES, COASTAL SEAS AND ESTUARIES


       -  DEVELOPED BY

          R.A. LUETTICH, JR
            UNIVERSITY OF NORTH CAROLINA AT CHAPEL HILL
            INSTITUTE OF MARINE SCIENCES

          J.J. WESTERINK 
            DEPARTMENT OF CIVIL ENGINEERING AND GEOLOGICAL SCIENCES
            UNIVERSITY OF NOTRE DAME


       -  THE ADCIRC SOURCE CODE IS COPYRIGHTED BY

          R.A. LUETTICH, JR. AND J.J. WESTERINK, 1994-2006

       NO PART OF THIS CODE MAY BE REPRODUCED OR REDISTRIBUTED
          WITHOUT THE WRITTEN PERMISSION OF THE AUTHORS



 _______________________________________________________________________________
INFO: initializeMesh: THE NEIGHBOR TABLE IS COMPLETED. THE MINIMUM NUMBER OF NEIGHBORS FOR ANY NODE = 3. 1+THE MAXIMUM NUMBER OF NEIGHBORS FOR ANY NODE = 9. THE PARAMETER MNEI CAN BE SET AS SMALL AS 9.
INFO: initializeMesh: THE NEIGHBOR TABLE IS COMPLETED. THE MINIMUM NUMBER OF NEIGHBORS FOR ANY NODE = 3. 1+THE MAXIMUM NUMBER OF NEIGHBORS FOR ANY NODE = 9. THE PARAMETER MNEI CAN BE SET AS SMALL AS 9.
INFO: initializeMesh: THE NEIGHBOR TABLE IS COMPLETED. THE MINIMUM NUMBER OF NEIGHBORS FOR ANY NODE = 3. 1+THE MAXIMUM NUMBER OF NEIGHBORS FOR ANY NODE = 9. THE PARAMETER MNEI CAN BE SET AS SMALL AS 9.
INFO: initializeMesh: THE NEIGHBOR TABLE IS BEING COMPUTED.
INFO: initializeMesh: THE NEIGHBOR TABLE IS COMPLETED. THE MINIMUM NUMBER OF NEIGHBORS FOR ANY NODE = 3. 1+THE MAXIMUM NUMBER OF NEIGHBORS FOR ANY NODE = 9. THE PARAMETER MNEI CAN BE SET AS SMALL AS 9.
INFO: initializeMesh: THE NEIGHBOR TABLE IS COMPLETED. THE MINIMUM NUMBER OF NEIGHBORS FOR ANY NODE = 3. 1+THE MAXIMUM NUMBER OF NEIGHBORS FOR ANY NODE = 9. THE PARAMETER MNEI CAN BE SET AS SMALL AS 9.
ADCIRC Version is noaa.stofs.2d.glo.v1.1.0r2-64-gaedcbd9                                          
ADCIRC Version is noaa.stofs.2d.glo.v1.1.0r2-64-gaedcbd9                                          
ADCIRC Version is noaa.stofs.2d.glo.v1.1.0r2-64-gaedcbd9                                          
ADCIRC Version is noaa.stofs.2d.glo.v1.1.0r2-64-gaedcbd9                                          

 _______________________________________________________________________________

 WIND (AND PRESSURE) INFORMATION READ.


 _______________________________________________________________________________

 WIND (AND PRESSURE) INFORMATION READ.


 _______________________________________________________________________________

 WIND (AND PRESSURE) INFORMATION READ.


 _______________________________________________________________________________

 WIND (AND PRESSURE) INFORMATION READ.

ERROR: createNetCDFOutputFile: The NetCDF output file './PE0000/fort.63.nc' was not found. It should have been created by adcprep.
ERROR: initOutput2D: There was an issue with NetCDF file initialization.
INFO: terminate: ADCIRC Terminating.
ERROR: createNetCDFOutputFile: The NetCDF output file './PE0000/fort.63.nc' was not found. It should have been created by adcprep.
ERROR: initOutput2D: There was an issue with NetCDF file initialization.
INFO: terminate: ADCIRC Terminating.
ERROR: createNetCDFOutputFile: The NetCDF output file './PE0000/fort.63.nc' was not found. It should have been created by adcprep.
ERROR: initOutput2D: There was an issue with NetCDF file initialization.
INFO: terminate: ADCIRC Terminating.
ERROR: createNetCDFOutputFile: The NetCDF output file './PE0000/fort.63.nc' was not found. It should have been created by adcprep.
ERROR: initOutput2D: There was an issue with NetCDF file initialization.
INFO: terminate: ADCIRC Terminating.
ADCIRC Version is noaa.stofs.2d.glo.v1.1.0r2-64-gaedcbd9                                          

 _______________________________________________________________________________

 WIND (AND PRESSURE) INFORMATION READ.

ADCIRC Version is noaa.stofs.2d.glo.v1.1.0r2-64-gaedcbd9                                          
ERROR: createNetCDFOutputFile: The NetCDF output file './PE0000/fort.63.nc' was not found. It should have been created by adcprep.
ERROR: initOutput2D: There was an issue with NetCDF file initialization.
INFO: terminate: ADCIRC Terminating.

 _______________________________________________________________________________

 WIND (AND PRESSURE) INFORMATION READ.

ERROR: createNetCDFOutputFile: The NetCDF output file './PE0000/fort.63.nc' was not found. It should have been created by adcprep.
ERROR: initOutput2D: There was an issue with NetCDF file initialization.
INFO: terminate: ADCIRC Terminating.
